2026-07-05 02:30:16,638 [INFO] ======================================================================
2026-07-05 02:30:16,638 [INFO]   SLT BILL GENERATOR
2026-07-05 02:30:16,638 [INFO] ======================================================================
2026-07-05 02:30:16,638 [INFO]   Inbound folder:  D:\SmartAI_Bill\data\inbound
2026-07-05 02:30:16,638 [INFO]   Files found:     4
2026-07-05 02:30:16,639 [INFO]   Workers:         7
2026-07-05 02:30:16,639 [INFO]   ZIP batch size:  1500 (fixed)
2026-07-05 02:30:16,639 [INFO]   Log file:        D:\SmartAI_Bill\logs\slt_bills_20260705_023016.log
2026-07-05 02:30:16,639 [INFO] ======================================================================
2026-07-05 02:30:20,413 [INFO] Filtering files for template: subscription_ref_grouping
2026-07-05 02:30:20,415 [INFO]   Matched: 1 | Skipped: 3 | Errors: 0
2026-07-05 02:30:20,415 [INFO] 
  >> Generating 1 'subscription_ref_grouping' bills

2026-07-05 02:30:20,417 [INFO]   Temp PDF dir: C:\Users\acer\AppData\Local\Temp\slt_bills_kt4rd9de

2026-07-05 02:30:20,417 [INFO] Starting: 1 files, 7 workers
2026-07-05 02:30:20,939 [INFO]     Progress: 1/1 (100%)
2026-07-05 02:30:20,970 [INFO] Batch complete: 1 success, 0 failed in 0.6s (6509/hr)
2026-07-05 02:30:20,971 [INFO] 
======================================================================
2026-07-05 02:30:20,971 [INFO] PROCESSING SUMMARY
2026-07-05 02:30:20,971 [INFO] ======================================================================
2026-07-05 02:30:20,971 [INFO] Total files:      1
2026-07-05 02:30:20,971 [INFO] Successful:       1
2026-07-05 02:30:20,971 [INFO] Failed:           0
2026-07-05 02:30:20,971 [INFO] Success rate:     100.0%
2026-07-05 02:30:20,971 [INFO] Total duration:   0.55s
2026-07-05 02:30:20,971 [INFO] Rate:             1.81 files/sec
2026-07-05 02:30:20,971 [INFO]                   6,504 files/hour
2026-07-05 02:30:20,971 [INFO] Target:           40,000 files/hour
2026-07-05 02:30:20,971 [INFO] Target met:       NO
2026-07-05 02:30:20,971 [INFO] 
By template:
2026-07-05 02:30:20,971 [INFO]   subscription_ref_grouping: 1/1 (avg 83.24ms)
2026-07-05 02:30:20,971 [INFO] ======================================================================

2026-07-05 02:30:20,973 [INFO]   Detailed report: D:\SmartAI_Bill\logs\stats_20260705_023020.json
2026-07-05 02:30:20,973 [INFO] 
======================================================================
2026-07-05 02:30:20,973 [INFO]   CREATING ZIP BATCHES
2026-07-05 02:30:20,973 [INFO] ======================================================================
2026-07-05 02:30:20,973 [INFO] 
Zipping 1 PDFs for 'subscription_ref_grouping' (batches of 1500)
2026-07-05 02:30:21,046 [INFO]   OK: SLT_BILLS_subscription_ref_grouping_0001_20260705_023020.zip (1 PDFs, 0.2 MB)
2026-07-05 02:30:21,047 [INFO] 
  Total ZIPs created: 1
2026-07-05 02:30:21,047 [INFO]     subscription_ref_grouping: 1 ZIPs
2026-07-05 02:30:21,047 [INFO] 
  ZIP output folder: D:\SmartAI_Bill\output\zips
2026-07-05 02:30:21,047 [INFO] 
  Processing complete

