2026-07-06 16:14:21,031 [INFO] ======================================================================
2026-07-06 16:14:21,031 [INFO]   SLT BILL GENERATOR
2026-07-06 16:14:21,031 [INFO] ======================================================================
2026-07-06 16:14:21,032 [INFO]   Inbound folder:  D:\SmartAI_Bill\data\inbound
2026-07-06 16:14:21,032 [INFO]   Files found:     1
2026-07-06 16:14:21,032 [INFO]   Workers:         7
2026-07-06 16:14:21,032 [INFO]   ZIP batch size:  1500 (fixed)
2026-07-06 16:14:21,032 [INFO]   Log file:        D:\SmartAI_Bill\logs\slt_bills_20260706_161421.log
2026-07-06 16:14:21,032 [INFO] ======================================================================
2026-07-06 16:14:26,206 [INFO] Filtering files for template: invoice_of_summary
2026-07-06 16:14:26,207 [INFO]   Matched: 1 | Skipped: 0 | Errors: 0
2026-07-06 16:14:26,207 [INFO] 
  >> Generating 1 'invoice_of_summary' bills

2026-07-06 16:14:26,208 [INFO]   Temp PDF dir: C:\Users\acer\AppData\Local\Temp\slt_bills_pd1jkv1p

2026-07-06 16:14:26,209 [INFO] Starting: 1 files, 7 workers
2026-07-06 16:14:27,375 [INFO]     Progress: 1/1 (100%)
2026-07-06 16:14:27,407 [INFO] Batch complete: 1 success, 0 failed in 1.2s (3005/hr)
2026-07-06 16:14:27,407 [INFO] 
======================================================================
2026-07-06 16:14:27,407 [INFO] PROCESSING SUMMARY
2026-07-06 16:14:27,407 [INFO] ======================================================================
2026-07-06 16:14:27,407 [INFO] Total files:      1
2026-07-06 16:14:27,407 [INFO] Successful:       1
2026-07-06 16:14:27,407 [INFO] Failed:           0
2026-07-06 16:14:27,408 [INFO] Success rate:     100.0%
2026-07-06 16:14:27,408 [INFO] Total duration:   1.2s
2026-07-06 16:14:27,408 [INFO] Rate:             0.83 files/sec
2026-07-06 16:14:27,408 [INFO]                   3,004 files/hour
2026-07-06 16:14:27,408 [INFO] Target:           40,000 files/hour
2026-07-06 16:14:27,408 [INFO] Target met:       NO
2026-07-06 16:14:27,408 [INFO] 
By template:
2026-07-06 16:14:27,408 [INFO]   invoice_of_summary: 1/1 (avg 726.53ms)
2026-07-06 16:14:27,408 [INFO] ======================================================================

2026-07-06 16:14:27,432 [INFO]   Detailed report: D:\SmartAI_Bill\logs\stats_20260706_161427.json
2026-07-06 16:14:27,434 [INFO] 
======================================================================
2026-07-06 16:14:27,434 [INFO]   CREATING ZIP BATCHES
2026-07-06 16:14:27,434 [INFO] ======================================================================
2026-07-06 16:14:27,435 [INFO] 
Zipping 1 PDFs for 'invoice_of_summary' (batches of 1500)
2026-07-06 16:14:27,523 [INFO]   OK: SLT_BILLS_invoice_of_summary_0001_20260706_161427.zip (1 PDFs, 0.3 MB)
2026-07-06 16:14:27,525 [INFO] 
  Total ZIPs created: 1
2026-07-06 16:14:27,525 [INFO]     invoice_of_summary: 1 ZIPs
2026-07-06 16:14:27,525 [INFO] 
  ZIP output folder: D:\SmartAI_Bill\output\zips
2026-07-06 16:14:27,525 [INFO] 
  Processing complete

