2026-07-06 12:27:37,581 [INFO] ======================================================================
2026-07-06 12:27:37,582 [INFO]   SLT BILL GENERATOR
2026-07-06 12:27:37,582 [INFO] ======================================================================
2026-07-06 12:27:37,582 [INFO]   Inbound folder:  D:\SmartAI_Bill\data\inbound
2026-07-06 12:27:37,582 [INFO]   Files found:     2
2026-07-06 12:27:37,582 [INFO]   Workers:         7
2026-07-06 12:27:37,582 [INFO]   ZIP batch size:  1500 (fixed)
2026-07-06 12:27:37,583 [INFO]   Log file:        D:\SmartAI_Bill\logs\slt_bills_20260706_122737.log
2026-07-06 12:27:37,583 [INFO] ======================================================================
2026-07-06 12:27:40,523 [INFO] Filtering files for template: product_label_grouping
2026-07-06 12:27:40,524 [INFO]   Matched: 1 | Skipped: 1 | Errors: 0
2026-07-06 12:27:40,525 [INFO] 
  >> Generating 1 'product_label_grouping' bills

2026-07-06 12:27:40,526 [INFO]   Temp PDF dir: C:\Users\acer\AppData\Local\Temp\slt_bills_9ez3ng9u

2026-07-06 12:27:40,527 [INFO] Starting: 1 files, 7 workers
2026-07-06 12:27:41,012 [INFO]     Progress: 1/1 (100%)
2026-07-06 12:27:41,041 [INFO] Batch complete: 1 success, 0 failed in 0.5s (7005/hr)
2026-07-06 12:27:41,041 [INFO] 
======================================================================
2026-07-06 12:27:41,041 [INFO] PROCESSING SUMMARY
2026-07-06 12:27:41,041 [INFO] ======================================================================
2026-07-06 12:27:41,041 [INFO] Total files:      1
2026-07-06 12:27:41,041 [INFO] Successful:       1
2026-07-06 12:27:41,041 [INFO] Failed:           0
2026-07-06 12:27:41,041 [INFO] Success rate:     100.0%
2026-07-06 12:27:41,041 [INFO] Total duration:   0.51s
2026-07-06 12:27:41,041 [INFO] Rate:             1.94 files/sec
2026-07-06 12:27:41,041 [INFO]                   6,999 files/hour
2026-07-06 12:27:41,042 [INFO] Target:           40,000 files/hour
2026-07-06 12:27:41,042 [INFO] Target met:       NO
2026-07-06 12:27:41,042 [INFO] 
By template:
2026-07-06 12:27:41,042 [INFO]   product_label_grouping: 1/1 (avg 87.32ms)
2026-07-06 12:27:41,042 [INFO] ======================================================================

2026-07-06 12:27:41,079 [INFO]   Detailed report: D:\SmartAI_Bill\logs\stats_20260706_122741.json
2026-07-06 12:27:41,079 [INFO] 
======================================================================
2026-07-06 12:27:41,080 [INFO]   CREATING ZIP BATCHES
2026-07-06 12:27:41,080 [INFO] ======================================================================
2026-07-06 12:27:41,082 [INFO] 
Zipping 1 PDFs for 'product_label_grouping' (batches of 1500)
2026-07-06 12:27:41,146 [INFO]   OK: SLT_BILLS_product_label_grouping_0001_20260706_122741.zip (1 PDFs, 0.2 MB)
2026-07-06 12:27:41,148 [INFO] 
  Total ZIPs created: 1
2026-07-06 12:27:41,148 [INFO]     product_label_grouping: 1 ZIPs
2026-07-06 12:27:41,148 [INFO] 
  ZIP output folder: D:\SmartAI_Bill\output\zips
2026-07-06 12:27:41,149 [INFO] 
  Processing complete

