2026-07-06 15:51:23,847 [INFO] ======================================================================
2026-07-06 15:51:23,847 [INFO]   SLT BILL GENERATOR
2026-07-06 15:51:23,847 [INFO] ======================================================================
2026-07-06 15:51:23,847 [INFO]   Inbound folder:  D:\SmartAI_Bill\data\inbound
2026-07-06 15:51:23,848 [INFO]   Files found:     1
2026-07-06 15:51:23,848 [INFO]   Workers:         7
2026-07-06 15:51:23,848 [INFO]   ZIP batch size:  1500 (fixed)
2026-07-06 15:51:23,848 [INFO]   Log file:        D:\SmartAI_Bill\logs\slt_bills_20260706_155123.log
2026-07-06 15:51:23,848 [INFO] ======================================================================
2026-07-06 15:51:28,057 [INFO] Filtering files for template: invoice_of_summary
2026-07-06 15:51:28,059 [INFO]   Matched: 1 | Skipped: 0 | Errors: 0
2026-07-06 15:51:28,059 [INFO] 
  >> Generating 1 'invoice_of_summary' bills

2026-07-06 15:51:28,061 [INFO]   Temp PDF dir: C:\Users\acer\AppData\Local\Temp\slt_bills_x74p5ad2

2026-07-06 15:51:28,061 [INFO] Starting: 1 files, 7 workers
2026-07-06 15:51:29,305 [INFO]     Progress: 1/1 (100%)
2026-07-06 15:51:29,341 [INFO] Batch complete: 1 success, 0 failed in 1.3s (2811/hr)
2026-07-06 15:51:29,341 [INFO] 
======================================================================
2026-07-06 15:51:29,341 [INFO] PROCESSING SUMMARY
2026-07-06 15:51:29,342 [INFO] ======================================================================
2026-07-06 15:51:29,342 [INFO] Total files:      1
2026-07-06 15:51:29,342 [INFO] Successful:       1
2026-07-06 15:51:29,342 [INFO] Failed:           0
2026-07-06 15:51:29,342 [INFO] Success rate:     100.0%
2026-07-06 15:51:29,342 [INFO] Total duration:   1.28s
2026-07-06 15:51:29,342 [INFO] Rate:             0.78 files/sec
2026-07-06 15:51:29,342 [INFO]                   2,810 files/hour
2026-07-06 15:51:29,342 [INFO] Target:           40,000 files/hour
2026-07-06 15:51:29,342 [INFO] Target met:       NO
2026-07-06 15:51:29,342 [INFO] 
By template:
2026-07-06 15:51:29,342 [INFO]   invoice_of_summary: 1/1 (avg 796.88ms)
2026-07-06 15:51:29,342 [INFO] ======================================================================

2026-07-06 15:51:29,343 [INFO]   Detailed report: D:\SmartAI_Bill\logs\stats_20260706_155129.json
2026-07-06 15:51:29,343 [INFO] 
======================================================================
2026-07-06 15:51:29,343 [INFO]   CREATING ZIP BATCHES
2026-07-06 15:51:29,343 [INFO] ======================================================================
2026-07-06 15:51:29,344 [INFO] 
Zipping 1 PDFs for 'invoice_of_summary' (batches of 1500)
2026-07-06 15:51:29,450 [INFO]   OK: SLT_BILLS_invoice_of_summary_0001_20260706_155129.zip (1 PDFs, 0.3 MB)
2026-07-06 15:51:29,452 [INFO] 
  Total ZIPs created: 1
2026-07-06 15:51:29,452 [INFO]     invoice_of_summary: 1 ZIPs
2026-07-06 15:51:29,452 [INFO] 
  ZIP output folder: D:\SmartAI_Bill\output\zips
2026-07-06 15:51:29,452 [INFO] 
  Processing complete

