2026-07-05 01:39:31,933 [INFO] ======================================================================
2026-07-05 01:39:31,933 [INFO]   SLT BILL GENERATOR
2026-07-05 01:39:31,933 [INFO] ======================================================================
2026-07-05 01:39:31,934 [INFO]   Inbound folder:  D:\SmartAI_Bill\data\inbound
2026-07-05 01:39:31,934 [INFO]   Files found:     4
2026-07-05 01:39:31,934 [INFO]   Workers:         7
2026-07-05 01:39:31,934 [INFO]   ZIP batch size:  1500 (fixed)
2026-07-05 01:39:31,934 [INFO]   Log file:        D:\SmartAI_Bill\logs\slt_bills_20260705_013931.log
2026-07-05 01:39:31,934 [INFO] ======================================================================
2026-07-05 01:39:38,863 [INFO] Filtering files for template: subscription_ref_grouping
2026-07-05 01:39:38,866 [INFO]   Matched: 1 | Skipped: 3 | Errors: 0
2026-07-05 01:39:38,866 [INFO] 
  >> Generating 1 'subscription_ref_grouping' bills

2026-07-05 01:39:38,868 [INFO]   Temp PDF dir: C:\Users\acer\AppData\Local\Temp\slt_bills_kd6jv_ll

2026-07-05 01:39:38,868 [INFO] Starting: 1 files, 7 workers
2026-07-05 01:39:39,340 [INFO]     Progress: 1/1 (100%)
2026-07-05 01:39:39,370 [INFO] Batch complete: 0 success, 1 failed in 0.5s (7175/hr)
2026-07-05 01:39:39,371 [INFO] 
======================================================================
2026-07-05 01:39:39,371 [INFO] PROCESSING SUMMARY
2026-07-05 01:39:39,371 [INFO] ======================================================================
2026-07-05 01:39:39,371 [INFO] Total files:      1
2026-07-05 01:39:39,371 [INFO] Successful:       0
2026-07-05 01:39:39,371 [INFO] Failed:           1
2026-07-05 01:39:39,371 [INFO] Success rate:     0.0%
2026-07-05 01:39:39,371 [INFO] Total duration:   0.5s
2026-07-05 01:39:39,371 [INFO] Rate:             1.99 files/sec
2026-07-05 01:39:39,371 [INFO]                   7,169 files/hour
2026-07-05 01:39:39,371 [INFO] Target:           40,000 files/hour
2026-07-05 01:39:39,371 [INFO] Target met:       NO
2026-07-05 01:39:39,371 [INFO] 
By template:
2026-07-05 01:39:39,371 [INFO]   subscription_ref_grouping: 0/1 (avg 1.67ms)
2026-07-05 01:39:39,371 [INFO] ======================================================================

2026-07-05 01:39:39,372 [INFO]   Detailed report: D:\SmartAI_Bill\logs\stats_20260705_013939.json
2026-07-05 01:39:39,373 [INFO] 
======================================================================
2026-07-05 01:39:39,373 [INFO]   CREATING ZIP BATCHES
2026-07-05 01:39:39,373 [INFO] ======================================================================
2026-07-05 01:39:39,374 [INFO] 
  Total ZIPs created: 0
2026-07-05 01:39:39,374 [INFO] 
  ZIP output folder: D:\SmartAI_Bill\output\zips
2026-07-05 01:39:39,374 [INFO] 
  Processing complete

