2026-07-06 12:08:43,207 [INFO] ======================================================================
2026-07-06 12:08:43,207 [INFO]   SLT BILL GENERATOR
2026-07-06 12:08:43,207 [INFO] ======================================================================
2026-07-06 12:08:43,208 [INFO]   Inbound folder:  D:\SmartAI_Bill\data\inbound
2026-07-06 12:08:43,208 [INFO]   Files found:     2
2026-07-06 12:08:43,208 [INFO]   Workers:         7
2026-07-06 12:08:43,208 [INFO]   ZIP batch size:  1500 (fixed)
2026-07-06 12:08:43,208 [INFO]   Log file:        D:\SmartAI_Bill\logs\slt_bills_20260706_120843.log
2026-07-06 12:08:43,208 [INFO] ======================================================================
2026-07-06 12:08:48,042 [INFO] Filtering files for template: product_label_grouping
2026-07-06 12:08:48,043 [INFO]   Matched: 1 | Skipped: 1 | Errors: 0
2026-07-06 12:08:48,043 [INFO] 
  >> Generating 1 'product_label_grouping' bills

2026-07-06 12:08:48,045 [INFO]   Temp PDF dir: C:\Users\acer\AppData\Local\Temp\slt_bills_3ev31rnm

2026-07-06 12:08:48,045 [INFO] Starting: 1 files, 7 workers
2026-07-06 12:08:48,556 [INFO]     Progress: 1/1 (100%)
2026-07-06 12:08:48,591 [INFO] Batch complete: 1 success, 0 failed in 0.5s (6583/hr)
2026-07-06 12:08:48,591 [INFO] 
======================================================================
2026-07-06 12:08:48,591 [INFO] PROCESSING SUMMARY
2026-07-06 12:08:48,591 [INFO] ======================================================================
2026-07-06 12:08:48,592 [INFO] Total files:      1
2026-07-06 12:08:48,592 [INFO] Successful:       1
2026-07-06 12:08:48,592 [INFO] Failed:           0
2026-07-06 12:08:48,592 [INFO] Success rate:     100.0%
2026-07-06 12:08:48,592 [INFO] Total duration:   0.55s
2026-07-06 12:08:48,592 [INFO] Rate:             1.83 files/sec
2026-07-06 12:08:48,592 [INFO]                   6,578 files/hour
2026-07-06 12:08:48,592 [INFO] Target:           40,000 files/hour
2026-07-06 12:08:48,592 [INFO] Target met:       NO
2026-07-06 12:08:48,592 [INFO] 
By template:
2026-07-06 12:08:48,592 [INFO]   product_label_grouping: 1/1 (avg 86.75ms)
2026-07-06 12:08:48,592 [INFO] ======================================================================

2026-07-06 12:08:48,593 [INFO]   Detailed report: D:\SmartAI_Bill\logs\stats_20260706_120848.json
2026-07-06 12:08:48,593 [INFO] 
======================================================================
2026-07-06 12:08:48,593 [INFO]   CREATING ZIP BATCHES
2026-07-06 12:08:48,594 [INFO] ======================================================================
2026-07-06 12:08:48,594 [INFO] 
Zipping 1 PDFs for 'product_label_grouping' (batches of 1500)
2026-07-06 12:08:48,701 [INFO]   OK: SLT_BILLS_product_label_grouping_0001_20260706_120848.zip (1 PDFs, 0.2 MB)
2026-07-06 12:08:48,704 [INFO] 
  Total ZIPs created: 1
2026-07-06 12:08:48,704 [INFO]     product_label_grouping: 1 ZIPs
2026-07-06 12:08:48,704 [INFO] 
  ZIP output folder: D:\SmartAI_Bill\output\zips
2026-07-06 12:08:48,704 [INFO] 
  Processing complete

