2026-07-04 14:42:45,387 [INFO] ======================================================================
2026-07-04 14:42:45,388 [INFO]   SLT BILL GENERATOR
2026-07-04 14:42:45,388 [INFO] ======================================================================
2026-07-04 14:42:45,388 [INFO]   Inbound folder:  D:\SmartAI_Bill\data\inbound
2026-07-04 14:42:45,388 [INFO]   Files found:     2
2026-07-04 14:42:45,388 [INFO]   Workers:         7
2026-07-04 14:42:45,388 [INFO]   ZIP batch size:  1500 (fixed)
2026-07-04 14:42:45,388 [INFO]   Log file:        D:\SmartAI_Bill\logs\slt_bills_20260704_144245.log
2026-07-04 14:42:45,388 [INFO] ======================================================================
2026-07-04 14:42:54,841 [INFO] 
  >> Generating ALL 2 bills (auto-detect)

2026-07-04 14:42:54,843 [INFO]   Temp PDF dir: C:\Users\acer\AppData\Local\Temp\slt_bills__lcwyo11

2026-07-04 14:42:54,843 [INFO] Starting: 2 files, 7 workers
2026-07-04 14:42:55,250 [INFO]     Progress: 1/2 (50%)
2026-07-04 14:42:57,220 [INFO]     Progress: 2/2 (100%)
2026-07-04 14:42:57,251 [INFO] Batch complete: 1 success, 1 failed in 2.4s (2990/hr)
2026-07-04 14:42:57,251 [INFO] 
======================================================================
2026-07-04 14:42:57,251 [INFO] PROCESSING SUMMARY
2026-07-04 14:42:57,251 [INFO] ======================================================================
2026-07-04 14:42:57,251 [INFO] Total files:      2
2026-07-04 14:42:57,251 [INFO] Successful:       1
2026-07-04 14:42:57,251 [INFO] Failed:           1
2026-07-04 14:42:57,251 [INFO] Success rate:     50.0%
2026-07-04 14:42:57,251 [INFO] Total duration:   2.41s
2026-07-04 14:42:57,251 [INFO] Rate:             0.83 files/sec
2026-07-04 14:42:57,251 [INFO]                   2,990 files/hour
2026-07-04 14:42:57,251 [INFO] Target:           40,000 files/hour
2026-07-04 14:42:57,251 [INFO] Target met:       NO
2026-07-04 14:42:57,251 [INFO] 
By template:
2026-07-04 14:42:57,251 [INFO]   nonvat_enterprise: 0/1 (avg 2.06ms)
2026-07-04 14:42:57,251 [INFO]   summary_statement: 1/1 (avg 1973.31ms)
2026-07-04 14:42:57,251 [INFO] ======================================================================

2026-07-04 14:42:57,252 [INFO]   Detailed report: D:\SmartAI_Bill\logs\stats_20260704_144257.json
2026-07-04 14:42:57,252 [INFO] 
======================================================================
2026-07-04 14:42:57,252 [INFO]   CREATING ZIP BATCHES
2026-07-04 14:42:57,252 [INFO] ======================================================================
2026-07-04 14:42:57,253 [INFO] 
Zipping 1 PDFs for 'summary_statement' (batches of 1500)
2026-07-04 14:42:57,272 [INFO]   OK: SLT_BILLS_summary_statement_0001_20260704_144257.zip (1 PDFs, 0.1 MB)
2026-07-04 14:42:57,274 [INFO] 
  Total ZIPs created: 1
2026-07-04 14:42:57,274 [INFO]     summary_statement: 1 ZIPs
2026-07-04 14:42:57,274 [INFO] 
  ZIP output folder: D:\SmartAI_Bill\output\zips
2026-07-04 14:42:57,274 [INFO] 
  Processing complete

