2026-07-06 10:40:00,296 [INFO] ======================================================================
2026-07-06 10:40:00,296 [INFO]   SLT BILL GENERATOR
2026-07-06 10:40:00,296 [INFO] ======================================================================
2026-07-06 10:40:00,297 [INFO]   Inbound folder:  D:\SmartAI_Bill\data\inbound
2026-07-06 10:40:00,297 [INFO]   Files found:     2
2026-07-06 10:40:00,297 [INFO]   Workers:         7
2026-07-06 10:40:00,297 [INFO]   ZIP batch size:  1500 (fixed)
2026-07-06 10:40:00,297 [INFO]   Log file:        D:\SmartAI_Bill\logs\slt_bills_20260706_104000.log
2026-07-06 10:40:00,297 [INFO] ======================================================================
2026-07-06 10:40:06,583 [INFO] Filtering files for template: nonvat_enterprise
2026-07-06 10:40:06,584 [INFO]   Matched: 1 | Skipped: 1 | Errors: 0
2026-07-06 10:40:06,585 [INFO] 
  >> Generating 1 'nonvat_enterprise' bills

2026-07-06 10:40:06,587 [INFO]   Temp PDF dir: C:\Users\acer\AppData\Local\Temp\slt_bills_03bksb53

2026-07-06 10:40:06,587 [INFO] Starting: 1 files, 7 workers
2026-07-06 10:40:07,101 [INFO]     Progress: 1/1 (100%)
2026-07-06 10:40:07,134 [INFO] Batch complete: 1 success, 0 failed in 0.5s (6585/hr)
2026-07-06 10:40:07,134 [INFO] 
======================================================================
2026-07-06 10:40:07,134 [INFO] PROCESSING SUMMARY
2026-07-06 10:40:07,134 [INFO] ======================================================================
2026-07-06 10:40:07,134 [INFO] Total files:      1
2026-07-06 10:40:07,134 [INFO] Successful:       1
2026-07-06 10:40:07,134 [INFO] Failed:           0
2026-07-06 10:40:07,134 [INFO] Success rate:     100.0%
2026-07-06 10:40:07,134 [INFO] Total duration:   0.55s
2026-07-06 10:40:07,134 [INFO] Rate:             1.83 files/sec
2026-07-06 10:40:07,134 [INFO]                   6,580 files/hour
2026-07-06 10:40:07,134 [INFO] Target:           40,000 files/hour
2026-07-06 10:40:07,134 [INFO] Target met:       NO
2026-07-06 10:40:07,135 [INFO] 
By template:
2026-07-06 10:40:07,135 [INFO]   nonvat_enterprise: 1/1 (avg 98.99ms)
2026-07-06 10:40:07,135 [INFO] ======================================================================

2026-07-06 10:40:07,136 [INFO]   Detailed report: D:\SmartAI_Bill\logs\stats_20260706_104007.json
2026-07-06 10:40:07,136 [INFO] 
======================================================================
2026-07-06 10:40:07,136 [INFO]   CREATING ZIP BATCHES
2026-07-06 10:40:07,136 [INFO] ======================================================================
2026-07-06 10:40:07,137 [INFO] 
Zipping 1 PDFs for 'nonvat_enterprise' (batches of 1500)
2026-07-06 10:40:07,202 [INFO]   OK: SLT_BILLS_nonvat_enterprise_0001_20260706_104007.zip (1 PDFs, 0.3 MB)
2026-07-06 10:40:07,203 [INFO] 
  Total ZIPs created: 1
2026-07-06 10:40:07,203 [INFO]     nonvat_enterprise: 1 ZIPs
2026-07-06 10:40:07,203 [INFO] 
  ZIP output folder: D:\SmartAI_Bill\output\zips
2026-07-06 10:40:07,203 [INFO] 
  Processing complete

