2026-07-06 12:38:20,431 [INFO] ======================================================================
2026-07-06 12:38:20,431 [INFO]   SLT BILL GENERATOR
2026-07-06 12:38:20,431 [INFO] ======================================================================
2026-07-06 12:38:20,433 [INFO]   Inbound folder:  D:\SmartAI_Bill\data\inbound
2026-07-06 12:38:20,433 [INFO]   Files found:     1
2026-07-06 12:38:20,433 [INFO]   Workers:         7
2026-07-06 12:38:20,433 [INFO]   ZIP batch size:  1500 (fixed)
2026-07-06 12:38:20,433 [INFO]   Log file:        D:\SmartAI_Bill\logs\slt_bills_20260706_123820.log
2026-07-06 12:38:20,433 [INFO] ======================================================================
2026-07-06 12:38:24,294 [INFO] Filtering files for template: invoice_of_summary
2026-07-06 12:38:24,295 [INFO]   Matched: 1 | Skipped: 0 | Errors: 0
2026-07-06 12:38:24,296 [INFO] 
  >> Generating 1 'invoice_of_summary' bills

2026-07-06 12:38:24,298 [INFO]   Temp PDF dir: C:\Users\acer\AppData\Local\Temp\slt_bills_pqcwm3qn

2026-07-06 12:38:24,298 [INFO] Starting: 1 files, 7 workers
2026-07-06 12:38:24,907 [INFO]     Progress: 1/1 (100%)
2026-07-06 12:38:24,937 [INFO] Batch complete: 0 success, 1 failed in 0.6s (5636/hr)
2026-07-06 12:38:24,937 [INFO] 
======================================================================
2026-07-06 12:38:24,937 [INFO] PROCESSING SUMMARY
2026-07-06 12:38:24,937 [INFO] ======================================================================
2026-07-06 12:38:24,937 [INFO] Total files:      1
2026-07-06 12:38:24,937 [INFO] Successful:       0
2026-07-06 12:38:24,937 [INFO] Failed:           1
2026-07-06 12:38:24,937 [INFO] Success rate:     0.0%
2026-07-06 12:38:24,937 [INFO] Total duration:   0.64s
2026-07-06 12:38:24,937 [INFO] Rate:             1.56 files/sec
2026-07-06 12:38:24,937 [INFO]                   5,633 files/hour
2026-07-06 12:38:24,937 [INFO] Target:           40,000 files/hour
2026-07-06 12:38:24,937 [INFO] Target met:       NO
2026-07-06 12:38:24,938 [INFO] 
By template:
2026-07-06 12:38:24,938 [INFO]   invoice_of_summary: 0/1 (avg 86.08ms)
2026-07-06 12:38:24,938 [INFO] ======================================================================

2026-07-06 12:38:24,939 [INFO]   Detailed report: D:\SmartAI_Bill\logs\stats_20260706_123824.json
2026-07-06 12:38:24,939 [INFO] 
======================================================================
2026-07-06 12:38:24,939 [INFO]   CREATING ZIP BATCHES
2026-07-06 12:38:24,939 [INFO] ======================================================================
2026-07-06 12:38:24,940 [INFO] 
  Total ZIPs created: 0
2026-07-06 12:38:24,940 [INFO] 
  ZIP output folder: D:\SmartAI_Bill\output\zips
2026-07-06 12:38:24,940 [INFO] 
  Processing complete

