2026-07-06 00:30:22,856 [INFO] ======================================================================
2026-07-06 00:30:22,856 [INFO]   SLT BILL GENERATOR
2026-07-06 00:30:22,856 [INFO] ======================================================================
2026-07-06 00:30:22,857 [INFO]   Inbound folder:  D:\SmartAI_Bill\data\inbound
2026-07-06 00:30:22,857 [INFO]   Files found:     3
2026-07-06 00:30:22,857 [INFO]   Workers:         7
2026-07-06 00:30:22,857 [INFO]   ZIP batch size:  1500 (fixed)
2026-07-06 00:30:22,857 [INFO]   Log file:        D:\SmartAI_Bill\logs\slt_bills_20260706_003022.log
2026-07-06 00:30:22,857 [INFO] ======================================================================
2026-07-06 00:30:28,117 [INFO] Filtering files for template: nonvat_home
2026-07-06 00:30:28,119 [INFO]   Matched: 1 | Skipped: 2 | Errors: 0
2026-07-06 00:30:28,119 [INFO] 
  >> Generating 1 'nonvat_home' bills

2026-07-06 00:30:28,121 [INFO]   Temp PDF dir: C:\Users\acer\AppData\Local\Temp\slt_bills_76_2wrpn

2026-07-06 00:30:28,121 [INFO] Starting: 1 files, 7 workers
2026-07-06 00:30:28,742 [INFO]     Progress: 1/1 (100%)
2026-07-06 00:30:28,773 [INFO] Batch complete: 1 success, 0 failed in 0.7s (5528/hr)
2026-07-06 00:30:28,773 [INFO] 
======================================================================
2026-07-06 00:30:28,773 [INFO] PROCESSING SUMMARY
2026-07-06 00:30:28,773 [INFO] ======================================================================
2026-07-06 00:30:28,773 [INFO] Total files:      1
2026-07-06 00:30:28,773 [INFO] Successful:       1
2026-07-06 00:30:28,773 [INFO] Failed:           0
2026-07-06 00:30:28,773 [INFO] Success rate:     100.0%
2026-07-06 00:30:28,773 [INFO] Total duration:   0.65s
2026-07-06 00:30:28,773 [INFO] Rate:             1.53 files/sec
2026-07-06 00:30:28,773 [INFO]                   5,525 files/hour
2026-07-06 00:30:28,773 [INFO] Target:           40,000 files/hour
2026-07-06 00:30:28,774 [INFO] Target met:       NO
2026-07-06 00:30:28,774 [INFO] 
By template:
2026-07-06 00:30:28,774 [INFO]   nonvat_home: 1/1 (avg 161.35ms)
2026-07-06 00:30:28,774 [INFO] ======================================================================

2026-07-06 00:30:28,775 [INFO]   Detailed report: D:\SmartAI_Bill\logs\stats_20260706_003028.json
2026-07-06 00:30:28,775 [INFO] 
======================================================================
2026-07-06 00:30:28,775 [INFO]   CREATING ZIP BATCHES
2026-07-06 00:30:28,775 [INFO] ======================================================================
2026-07-06 00:30:28,775 [INFO] 
Zipping 1 PDFs for 'nonvat_home' (batches of 1500)
2026-07-06 00:30:28,821 [INFO]   OK: SLT_BILLS_nonvat_home_0001_20260706_003028.zip (1 PDFs, 0.3 MB)
2026-07-06 00:30:28,822 [INFO] 
  Total ZIPs created: 1
2026-07-06 00:30:28,822 [INFO]     nonvat_home: 1 ZIPs
2026-07-06 00:30:28,823 [INFO] 
  ZIP output folder: D:\SmartAI_Bill\output\zips
2026-07-06 00:30:28,823 [INFO] 
  Processing complete

