2026-07-05 02:43:00,711 [INFO] ======================================================================
2026-07-05 02:43:00,711 [INFO]   SLT BILL GENERATOR
2026-07-05 02:43:00,711 [INFO] ======================================================================
2026-07-05 02:43:00,712 [INFO]   Inbound folder:  D:\SmartAI_Bill\data\inbound
2026-07-05 02:43:00,712 [INFO]   Files found:     4
2026-07-05 02:43:00,712 [INFO]   Workers:         7
2026-07-05 02:43:00,712 [INFO]   ZIP batch size:  1500 (fixed)
2026-07-05 02:43:00,712 [INFO]   Log file:        D:\SmartAI_Bill\logs\slt_bills_20260705_024300.log
2026-07-05 02:43:00,712 [INFO] ======================================================================
2026-07-05 02:43:03,697 [INFO] Filtering files for template: subscription_ref_grouping
2026-07-05 02:43:03,700 [INFO]   Matched: 1 | Skipped: 3 | Errors: 0
2026-07-05 02:43:03,700 [INFO] 
  >> Generating 1 'subscription_ref_grouping' bills

2026-07-05 02:43:03,702 [INFO]   Temp PDF dir: C:\Users\acer\AppData\Local\Temp\slt_bills_tk9jtzfe

2026-07-05 02:43:03,702 [INFO] Starting: 1 files, 7 workers
2026-07-05 02:43:04,262 [INFO]     Progress: 1/1 (100%)
2026-07-05 02:43:04,297 [INFO] Batch complete: 1 success, 0 failed in 0.6s (6043/hr)
2026-07-05 02:43:04,298 [INFO] 
======================================================================
2026-07-05 02:43:04,298 [INFO] PROCESSING SUMMARY
2026-07-05 02:43:04,298 [INFO] ======================================================================
2026-07-05 02:43:04,298 [INFO] Total files:      1
2026-07-05 02:43:04,298 [INFO] Successful:       1
2026-07-05 02:43:04,298 [INFO] Failed:           0
2026-07-05 02:43:04,298 [INFO] Success rate:     100.0%
2026-07-05 02:43:04,298 [INFO] Total duration:   0.6s
2026-07-05 02:43:04,298 [INFO] Rate:             1.68 files/sec
2026-07-05 02:43:04,298 [INFO]                   6,039 files/hour
2026-07-05 02:43:04,298 [INFO] Target:           40,000 files/hour
2026-07-05 02:43:04,298 [INFO] Target met:       NO
2026-07-05 02:43:04,298 [INFO] 
By template:
2026-07-05 02:43:04,298 [INFO]   subscription_ref_grouping: 1/1 (avg 107.48ms)
2026-07-05 02:43:04,298 [INFO] ======================================================================

2026-07-05 02:43:04,300 [INFO]   Detailed report: D:\SmartAI_Bill\logs\stats_20260705_024304.json
2026-07-05 02:43:04,300 [INFO] 
======================================================================
2026-07-05 02:43:04,300 [INFO]   CREATING ZIP BATCHES
2026-07-05 02:43:04,300 [INFO] ======================================================================
2026-07-05 02:43:04,301 [INFO] 
Zipping 1 PDFs for 'subscription_ref_grouping' (batches of 1500)
2026-07-05 02:43:04,376 [INFO]   OK: SLT_BILLS_subscription_ref_grouping_0001_20260705_024304.zip (1 PDFs, 0.2 MB)
2026-07-05 02:43:04,377 [INFO] 
  Total ZIPs created: 1
2026-07-05 02:43:04,377 [INFO]     subscription_ref_grouping: 1 ZIPs
2026-07-05 02:43:04,377 [INFO] 
  ZIP output folder: D:\SmartAI_Bill\output\zips
2026-07-05 02:43:04,377 [INFO] 
  Processing complete

