2026-07-05 02:48:54,790 [INFO] ======================================================================
2026-07-05 02:48:54,790 [INFO]   SLT BILL GENERATOR
2026-07-05 02:48:54,790 [INFO] ======================================================================
2026-07-05 02:48:54,791 [INFO]   Inbound folder:  D:\SmartAI_Bill\data\inbound
2026-07-05 02:48:54,791 [INFO]   Files found:     4
2026-07-05 02:48:54,791 [INFO]   Workers:         7
2026-07-05 02:48:54,791 [INFO]   ZIP batch size:  1500 (fixed)
2026-07-05 02:48:54,791 [INFO]   Log file:        D:\SmartAI_Bill\logs\slt_bills_20260705_024854.log
2026-07-05 02:48:54,791 [INFO] ======================================================================
2026-07-05 02:48:59,340 [INFO] Filtering files for template: subscription_ref_grouping
2026-07-05 02:48:59,342 [INFO]   Matched: 1 | Skipped: 3 | Errors: 0
2026-07-05 02:48:59,343 [INFO] 
  >> Generating 1 'subscription_ref_grouping' bills

2026-07-05 02:48:59,346 [INFO]   Temp PDF dir: C:\Users\acer\AppData\Local\Temp\slt_bills_6a0hn3ge

2026-07-05 02:48:59,346 [INFO] Starting: 1 files, 7 workers
2026-07-05 02:48:59,876 [INFO]     Progress: 1/1 (100%)
2026-07-05 02:48:59,907 [INFO] Batch complete: 1 success, 0 failed in 0.6s (6414/hr)
2026-07-05 02:48:59,907 [INFO] 
======================================================================
2026-07-05 02:48:59,907 [INFO] PROCESSING SUMMARY
2026-07-05 02:48:59,907 [INFO] ======================================================================
2026-07-05 02:48:59,907 [INFO] Total files:      1
2026-07-05 02:48:59,907 [INFO] Successful:       1
2026-07-05 02:48:59,907 [INFO] Failed:           0
2026-07-05 02:48:59,907 [INFO] Success rate:     100.0%
2026-07-05 02:48:59,907 [INFO] Total duration:   0.56s
2026-07-05 02:48:59,907 [INFO] Rate:             1.78 files/sec
2026-07-05 02:48:59,907 [INFO]                   6,410 files/hour
2026-07-05 02:48:59,907 [INFO] Target:           40,000 files/hour
2026-07-05 02:48:59,907 [INFO] Target met:       NO
2026-07-05 02:48:59,907 [INFO] 
By template:
2026-07-05 02:48:59,907 [INFO]   subscription_ref_grouping: 1/1 (avg 88.49ms)
2026-07-05 02:48:59,907 [INFO] ======================================================================

2026-07-05 02:48:59,908 [INFO]   Detailed report: D:\SmartAI_Bill\logs\stats_20260705_024859.json
2026-07-05 02:48:59,908 [INFO] 
======================================================================
2026-07-05 02:48:59,909 [INFO]   CREATING ZIP BATCHES
2026-07-05 02:48:59,909 [INFO] ======================================================================
2026-07-05 02:48:59,909 [INFO] 
Zipping 1 PDFs for 'subscription_ref_grouping' (batches of 1500)
2026-07-05 02:48:59,985 [INFO]   OK: SLT_BILLS_subscription_ref_grouping_0001_20260705_024859.zip (1 PDFs, 0.2 MB)
2026-07-05 02:48:59,986 [INFO] 
  Total ZIPs created: 1
2026-07-05 02:48:59,986 [INFO]     subscription_ref_grouping: 1 ZIPs
2026-07-05 02:48:59,986 [INFO] 
  ZIP output folder: D:\SmartAI_Bill\output\zips
2026-07-05 02:48:59,986 [INFO] 
  Processing complete

