2026-07-06 21:54:56,519 [INFO] ======================================================================
2026-07-06 21:54:56,520 [INFO]   SLT BILL GENERATOR
2026-07-06 21:54:56,520 [INFO] ======================================================================
2026-07-06 21:54:56,521 [INFO]   Inbound folder:  D:\SmartAI_Bill\data\inbound
2026-07-06 21:54:56,521 [INFO]   Files found:     6
2026-07-06 21:54:56,521 [INFO]   Workers:         7
2026-07-06 21:54:56,521 [INFO]   ZIP batch size:  1500 (fixed)
2026-07-06 21:54:56,521 [INFO]   Log file:        D:\SmartAI_Bill\logs\slt_bills_20260706_215456.log
2026-07-06 21:54:56,521 [INFO] ======================================================================
2026-07-06 21:55:00,503 [INFO] 
  >> Generating ALL 6 bills (auto-detect)

2026-07-06 21:55:00,505 [INFO]   Temp PDF dir: C:\Users\acer\AppData\Local\Temp\slt_bills_dz15atw0

2026-07-06 21:55:00,506 [INFO] Starting: 6 files, 7 workers
2026-07-06 21:55:01,726 [INFO]     Progress: 3/6 (50%)
2026-07-06 21:55:04,452 [INFO]     Progress: 6/6 (100%)
2026-07-06 21:55:04,531 [INFO] Batch complete: 6 success, 0 failed in 4.0s (5366/hr)
2026-07-06 21:55:04,531 [INFO] 
======================================================================
2026-07-06 21:55:04,531 [INFO] PROCESSING SUMMARY
2026-07-06 21:55:04,531 [INFO] ======================================================================
2026-07-06 21:55:04,531 [INFO] Total files:      6
2026-07-06 21:55:04,531 [INFO] Successful:       6
2026-07-06 21:55:04,531 [INFO] Failed:           0
2026-07-06 21:55:04,531 [INFO] Success rate:     100.0%
2026-07-06 21:55:04,532 [INFO] Total duration:   4.03s
2026-07-06 21:55:04,532 [INFO] Rate:             1.49 files/sec
2026-07-06 21:55:04,532 [INFO]                   5,365 files/hour
2026-07-06 21:55:04,532 [INFO] Target:           40,000 files/hour
2026-07-06 21:55:04,532 [INFO] Target met:       NO
2026-07-06 21:55:04,532 [INFO] 
By template:
2026-07-06 21:55:04,532 [INFO]   subscription_ref_grouping: 1/1 (avg 430.34ms)
2026-07-06 21:55:04,532 [INFO]   product_label_grouping: 1/1 (avg 439.25ms)
2026-07-06 21:55:04,532 [INFO]   nonvat_enterprise: 1/1 (avg 430.44ms)
2026-07-06 21:55:04,532 [INFO]   nonvat_home: 1/1 (avg 479.06ms)
2026-07-06 21:55:04,532 [INFO]   invoice_of_summary: 1/1 (avg 1156.76ms)
2026-07-06 21:55:04,532 [INFO]   summary_statement: 1/1 (avg 3148.64ms)
2026-07-06 21:55:04,532 [INFO] ======================================================================

2026-07-06 21:55:04,553 [INFO]   Detailed report: D:\SmartAI_Bill\logs\stats_20260706_215504.json
2026-07-06 21:55:04,553 [INFO] 
======================================================================
2026-07-06 21:55:04,553 [INFO]   CREATING ZIP BATCHES
2026-07-06 21:55:04,553 [INFO] ======================================================================
2026-07-06 21:55:04,554 [INFO] 
Zipping 1 PDFs for 'invoice_of_summary' (batches of 1500)
2026-07-06 21:55:04,671 [INFO]   OK: SLT_BILLS_invoice_of_summary_0001_20260706_215504.zip (1 PDFs, 0.3 MB)
2026-07-06 21:55:04,672 [INFO] 
Zipping 1 PDFs for 'nonvat_enterprise' (batches of 1500)
2026-07-06 21:55:04,723 [INFO]   OK: SLT_BILLS_nonvat_enterprise_0001_20260706_215504.zip (1 PDFs, 0.3 MB)
2026-07-06 21:55:04,724 [INFO] 
Zipping 1 PDFs for 'nonvat_home' (batches of 1500)
2026-07-06 21:55:04,799 [INFO]   OK: SLT_BILLS_nonvat_home_0001_20260706_215504.zip (1 PDFs, 0.3 MB)
2026-07-06 21:55:04,800 [INFO] 
Zipping 1 PDFs for 'product_label_grouping' (batches of 1500)
2026-07-06 21:55:04,864 [INFO]   OK: SLT_BILLS_product_label_grouping_0001_20260706_215504.zip (1 PDFs, 0.2 MB)
2026-07-06 21:55:04,865 [INFO] 
Zipping 1 PDFs for 'subscription_ref_grouping' (batches of 1500)
2026-07-06 21:55:04,912 [INFO]   OK: SLT_BILLS_subscription_ref_grouping_0001_20260706_215504.zip (1 PDFs, 0.3 MB)
2026-07-06 21:55:04,914 [INFO] 
Zipping 1 PDFs for 'summary_statement' (batches of 1500)
2026-07-06 21:55:04,944 [INFO]   OK: SLT_BILLS_summary_statement_0001_20260706_215504.zip (1 PDFs, 0.1 MB)
2026-07-06 21:55:04,947 [INFO] 
  Total ZIPs created: 6
2026-07-06 21:55:04,947 [INFO]     invoice_of_summary: 1 ZIPs
2026-07-06 21:55:04,947 [INFO]     nonvat_enterprise: 1 ZIPs
2026-07-06 21:55:04,948 [INFO]     nonvat_home: 1 ZIPs
2026-07-06 21:55:04,948 [INFO]     product_label_grouping: 1 ZIPs
2026-07-06 21:55:04,948 [INFO]     subscription_ref_grouping: 1 ZIPs
2026-07-06 21:55:04,948 [INFO]     summary_statement: 1 ZIPs
2026-07-06 21:55:04,948 [INFO] 
  ZIP output folder: D:\SmartAI_Bill\output\zips
2026-07-06 21:55:04,948 [INFO] 
  Processing complete

