2026-07-05 00:29:11,583 [INFO] ======================================================================
2026-07-05 00:29:11,584 [INFO]   SLT BILL GENERATOR
2026-07-05 00:29:11,584 [INFO] ======================================================================
2026-07-05 00:29:11,585 [INFO]   Inbound folder:  D:\SmartAI_Bill\data\inbound
2026-07-05 00:29:11,585 [INFO]   Files found:     5
2026-07-05 00:29:11,585 [INFO]   Workers:         7
2026-07-05 00:29:11,585 [INFO]   ZIP batch size:  1500 (fixed)
2026-07-05 00:29:11,585 [INFO]   Log file:        D:\SmartAI_Bill\logs\slt_bills_20260705_002911.log
2026-07-05 00:29:11,585 [INFO] ======================================================================
2026-07-05 00:29:14,691 [INFO] 
  >> Generating ALL 5 bills (auto-detect)

2026-07-05 00:29:14,694 [INFO]   Temp PDF dir: C:\Users\acer\AppData\Local\Temp\slt_bills_ycrh8c4r

2026-07-05 00:29:14,694 [INFO] Starting: 5 files, 7 workers
2026-07-05 00:29:15,538 [INFO]     Progress: 1/5 (20%)
2026-07-05 00:29:15,539 [INFO]     Progress: 2/5 (40%)
2026-07-05 00:29:15,541 [INFO]     Progress: 3/5 (60%)
2026-07-05 00:29:15,577 [INFO]     Progress: 4/5 (80%)
2026-07-05 00:29:17,941 [INFO]     Progress: 5/5 (100%)
2026-07-05 00:29:18,020 [INFO] Batch complete: 2 success, 3 failed in 3.3s (5412/hr)
2026-07-05 00:29:18,021 [INFO] 
======================================================================
2026-07-05 00:29:18,021 [INFO] PROCESSING SUMMARY
2026-07-05 00:29:18,021 [INFO] ======================================================================
2026-07-05 00:29:18,021 [INFO] Total files:      5
2026-07-05 00:29:18,021 [INFO] Successful:       2
2026-07-05 00:29:18,021 [INFO] Failed:           3
2026-07-05 00:29:18,021 [INFO] Success rate:     40.0%
2026-07-05 00:29:18,021 [INFO] Total duration:   3.33s
2026-07-05 00:29:18,021 [INFO] Rate:             1.5 files/sec
2026-07-05 00:29:18,021 [INFO]                   5,412 files/hour
2026-07-05 00:29:18,021 [INFO] Target:           40,000 files/hour
2026-07-05 00:29:18,021 [INFO] Target met:       NO
2026-07-05 00:29:18,021 [INFO] 
By template:
2026-07-05 00:29:18,021 [INFO]   nonvat_home: 0/1 (avg 255.19ms)
2026-07-05 00:29:18,021 [INFO]   product_label_grouping: 0/1 (avg 262.4ms)
2026-07-05 00:29:18,021 [INFO]   subscription_ref_grouping: 0/1 (avg 264.16ms)
2026-07-05 00:29:18,021 [INFO]   nonvat_enterprise: 1/1 (avg 294.67ms)
2026-07-05 00:29:18,021 [INFO]   summary_statement: 1/1 (avg 2645.71ms)
2026-07-05 00:29:18,021 [INFO] ======================================================================

2026-07-05 00:29:18,022 [INFO]   Detailed report: D:\SmartAI_Bill\logs\stats_20260705_002918.json
2026-07-05 00:29:18,023 [INFO] 
======================================================================
2026-07-05 00:29:18,023 [INFO]   CREATING ZIP BATCHES
2026-07-05 00:29:18,023 [INFO] ======================================================================
2026-07-05 00:29:18,023 [INFO] 
Zipping 1 PDFs for 'nonvat_enterprise' (batches of 1500)
2026-07-05 00:29:18,064 [INFO]   OK: SLT_BILLS_nonvat_enterprise_0001_20260705_002918.zip (1 PDFs, 0.3 MB)
2026-07-05 00:29:18,065 [INFO] 
Zipping 1 PDFs for 'summary_statement' (batches of 1500)
2026-07-05 00:29:18,085 [INFO]   OK: SLT_BILLS_summary_statement_0001_20260705_002918.zip (1 PDFs, 0.1 MB)
2026-07-05 00:29:18,086 [INFO] 
  Total ZIPs created: 2
2026-07-05 00:29:18,086 [INFO]     nonvat_enterprise: 1 ZIPs
2026-07-05 00:29:18,086 [INFO]     summary_statement: 1 ZIPs
2026-07-05 00:29:18,086 [INFO] 
  ZIP output folder: D:\SmartAI_Bill\output\zips
2026-07-05 00:29:18,086 [INFO] 
  Processing complete

