2026-07-06 10:42:41,543 [INFO] ======================================================================
2026-07-06 10:42:41,543 [INFO]   SLT BILL GENERATOR
2026-07-06 10:42:41,543 [INFO] ======================================================================
2026-07-06 10:42:41,543 [INFO]   Inbound folder:  D:\SmartAI_Bill\data\inbound
2026-07-06 10:42:41,543 [INFO]   Files found:     2
2026-07-06 10:42:41,543 [INFO]   Workers:         7
2026-07-06 10:42:41,543 [INFO]   ZIP batch size:  1500 (fixed)
2026-07-06 10:42:41,543 [INFO]   Log file:        D:\SmartAI_Bill\logs\slt_bills_20260706_104241.log
2026-07-06 10:42:41,544 [INFO] ======================================================================
2026-07-06 10:42:44,172 [INFO] Filtering files for template: nonvat_enterprise
2026-07-06 10:42:44,173 [INFO]   Matched: 1 | Skipped: 1 | Errors: 0
2026-07-06 10:42:44,173 [INFO] 
  >> Generating 1 'nonvat_enterprise' bills

2026-07-06 10:42:44,175 [INFO]   Temp PDF dir: C:\Users\acer\AppData\Local\Temp\slt_bills_pg3b3_1s

2026-07-06 10:42:44,175 [INFO] Starting: 1 files, 7 workers
2026-07-06 10:42:44,777 [INFO]     Progress: 1/1 (100%)
2026-07-06 10:42:44,805 [INFO] Batch complete: 1 success, 0 failed in 0.6s (5724/hr)
2026-07-06 10:42:44,805 [INFO] 
======================================================================
2026-07-06 10:42:44,805 [INFO] PROCESSING SUMMARY
2026-07-06 10:42:44,805 [INFO] ======================================================================
2026-07-06 10:42:44,805 [INFO] Total files:      1
2026-07-06 10:42:44,805 [INFO] Successful:       1
2026-07-06 10:42:44,805 [INFO] Failed:           0
2026-07-06 10:42:44,805 [INFO] Success rate:     100.0%
2026-07-06 10:42:44,805 [INFO] Total duration:   0.63s
2026-07-06 10:42:44,805 [INFO] Rate:             1.59 files/sec
2026-07-06 10:42:44,805 [INFO]                   5,721 files/hour
2026-07-06 10:42:44,805 [INFO] Target:           40,000 files/hour
2026-07-06 10:42:44,805 [INFO] Target met:       NO
2026-07-06 10:42:44,805 [INFO] 
By template:
2026-07-06 10:42:44,805 [INFO]   nonvat_enterprise: 1/1 (avg 110.17ms)
2026-07-06 10:42:44,805 [INFO] ======================================================================

2026-07-06 10:42:44,806 [INFO]   Detailed report: D:\SmartAI_Bill\logs\stats_20260706_104244.json
2026-07-06 10:42:44,806 [INFO] 
======================================================================
2026-07-06 10:42:44,806 [INFO]   CREATING ZIP BATCHES
2026-07-06 10:42:44,807 [INFO] ======================================================================
2026-07-06 10:42:44,807 [INFO] 
Zipping 1 PDFs for 'nonvat_enterprise' (batches of 1500)
2026-07-06 10:42:44,875 [INFO]   OK: SLT_BILLS_nonvat_enterprise_0001_20260706_104244.zip (1 PDFs, 0.3 MB)
2026-07-06 10:42:44,876 [INFO] 
  Total ZIPs created: 1
2026-07-06 10:42:44,876 [INFO]     nonvat_enterprise: 1 ZIPs
2026-07-06 10:42:44,876 [INFO] 
  ZIP output folder: D:\SmartAI_Bill\output\zips
2026-07-06 10:42:44,876 [INFO] 
  Processing complete

