2026-07-05 23:40:21,081 [INFO] ======================================================================
2026-07-05 23:40:21,081 [INFO]   SLT BILL GENERATOR
2026-07-05 23:40:21,081 [INFO] ======================================================================
2026-07-05 23:40:21,081 [INFO]   Inbound folder:  D:\SmartAI_Bill\data\inbound
2026-07-05 23:40:21,081 [INFO]   Files found:     3
2026-07-05 23:40:21,081 [INFO]   Workers:         7
2026-07-05 23:40:21,082 [INFO]   ZIP batch size:  1500 (fixed)
2026-07-05 23:40:21,082 [INFO]   Log file:        D:\SmartAI_Bill\logs\slt_bills_20260705_234021.log
2026-07-05 23:40:21,082 [INFO] ======================================================================
2026-07-05 23:40:24,081 [INFO] Filtering files for template: nonvat_home
2026-07-05 23:40:24,083 [INFO]   Matched: 1 | Skipped: 2 | Errors: 0
2026-07-05 23:40:24,083 [INFO] 
  >> Generating 1 'nonvat_home' bills

2026-07-05 23:40:24,085 [INFO]   Temp PDF dir: C:\Users\acer\AppData\Local\Temp\slt_bills_2l5aqz9k

2026-07-05 23:40:24,085 [INFO] Starting: 1 files, 7 workers
2026-07-05 23:40:24,668 [INFO]     Progress: 1/1 (100%)
2026-07-05 23:40:24,701 [INFO] Batch complete: 1 success, 0 failed in 0.6s (5843/hr)
2026-07-05 23:40:24,702 [INFO] 
======================================================================
2026-07-05 23:40:24,702 [INFO] PROCESSING SUMMARY
2026-07-05 23:40:24,702 [INFO] ======================================================================
2026-07-05 23:40:24,702 [INFO] Total files:      1
2026-07-05 23:40:24,702 [INFO] Successful:       1
2026-07-05 23:40:24,702 [INFO] Failed:           0
2026-07-05 23:40:24,702 [INFO] Success rate:     100.0%
2026-07-05 23:40:24,702 [INFO] Total duration:   0.62s
2026-07-05 23:40:24,702 [INFO] Rate:             1.62 files/sec
2026-07-05 23:40:24,702 [INFO]                   5,839 files/hour
2026-07-05 23:40:24,702 [INFO] Target:           40,000 files/hour
2026-07-05 23:40:24,702 [INFO] Target met:       NO
2026-07-05 23:40:24,702 [INFO] 
By template:
2026-07-05 23:40:24,702 [INFO]   nonvat_home: 1/1 (avg 117.62ms)
2026-07-05 23:40:24,702 [INFO] ======================================================================

2026-07-05 23:40:24,703 [INFO]   Detailed report: D:\SmartAI_Bill\logs\stats_20260705_234024.json
2026-07-05 23:40:24,703 [INFO] 
======================================================================
2026-07-05 23:40:24,703 [INFO]   CREATING ZIP BATCHES
2026-07-05 23:40:24,703 [INFO] ======================================================================
2026-07-05 23:40:24,704 [INFO] 
Zipping 1 PDFs for 'nonvat_home' (batches of 1500)
2026-07-05 23:40:24,789 [INFO]   OK: SLT_BILLS_nonvat_home_0001_20260705_234024.zip (1 PDFs, 0.3 MB)
2026-07-05 23:40:24,790 [INFO] 
  Total ZIPs created: 1
2026-07-05 23:40:24,790 [INFO]     nonvat_home: 1 ZIPs
2026-07-05 23:40:24,790 [INFO] 
  ZIP output folder: D:\SmartAI_Bill\output\zips
2026-07-05 23:40:24,790 [INFO] 
  Processing complete

