2026-07-06 23:28:36,355 [INFO]                                                                       
2026-07-06 23:28:36,355 [INFO]   SLT BILL GENERATOR
2026-07-06 23:28:36,356 [INFO]                                                                       
2026-07-06 23:28:36,356 [INFO]   Inbound folder:  D:\SmartAI_Bill\data\inbound
2026-07-06 23:28:36,356 [INFO]   Files found:     6
2026-07-06 23:28:36,356 [INFO]   Workers:         7
2026-07-06 23:28:36,356 [INFO]   ZIP batch size:  1500
2026-07-06 23:28:36,356 [INFO]   Log file:        D:\SmartAI_Bill\logs\slt_bills_20260706_232836.log
2026-07-06 23:28:36,356 [INFO]                                                                       
2026-07-06 23:28:40,366 [INFO] 
  Generating ALL 6 bills

2026-07-06 23:28:40,368 [INFO]   Temp PDF dir: C:\Users\acer\AppData\Local\Temp\slt_bills_h0apjuij

2026-07-06 23:28:40,369 [INFO] Starting: 6 files, 7 workers
2026-07-06 23:28:41,361 [INFO]     Progress: 3/6 (50%)
2026-07-06 23:28:43,442 [INFO]     Progress: 6/6 (100%)
2026-07-06 23:28:43,518 [INFO]   Round 1: 6 success, 0 failed in 3.1s (6861/hr)
2026-07-06 23:28:43,519 [INFO] 
Batch complete: 6 success, 0 failed in 3.1s (6857/hr)
2026-07-06 23:28:43,519 [INFO] 
======================================================================
2026-07-06 23:28:43,519 [INFO] PROCESSING SUMMARY
2026-07-06 23:28:43,520 [INFO] ======================================================================
2026-07-06 23:28:43,520 [INFO] Total files:      6
2026-07-06 23:28:43,520 [INFO] Successful:       6
2026-07-06 23:28:43,520 [INFO] Failed:           0
2026-07-06 23:28:43,520 [INFO] Success rate:     100.0%
2026-07-06 23:28:43,520 [INFO] Total duration:   3.15s
2026-07-06 23:28:43,520 [INFO] Rate:             1.9 files/sec
2026-07-06 23:28:43,520 [INFO]                   6,857 files/hour
2026-07-06 23:28:43,520 [INFO] Target:           40,000 files/hour
2026-07-06 23:28:43,520 [INFO] Target met:       NO
2026-07-06 23:28:43,520 [INFO] 
By template:
2026-07-06 23:28:43,520 [INFO]   product_label_grouping: 1/1 (avg 284.49ms)
2026-07-06 23:28:43,520 [INFO]   nonvat_home: 1/1 (avg 340.89ms)
2026-07-06 23:28:43,520 [INFO]   nonvat_enterprise: 1/1 (avg 346.35ms)
2026-07-06 23:28:43,520 [INFO]   subscription_ref_grouping: 1/1 (avg 368.6ms)
2026-07-06 23:28:43,520 [INFO]   invoice_of_summary: 1/1 (avg 909.51ms)
2026-07-06 23:28:43,520 [INFO]   summary_statement: 1/1 (avg 2414.97ms)
2026-07-06 23:28:43,520 [INFO] ======================================================================

2026-07-06 23:28:43,521 [INFO]   Detailed report: D:\SmartAI_Bill\logs\stats_20260706_232843.json
2026-07-06 23:28:43,521 [INFO] 

2026-07-06 23:28:43,521 [INFO]   CREATING OUTPUT ZIP
2026-07-06 23:28:43,521 [INFO]                                                                       
2026-07-06 23:28:43,522 [INFO] 
Zipping 6 PDFs in batches of 1500
2026-07-06 23:28:43,730 [INFO]   OK: SLT_BILLS_all_0001_20260706_232843.zip (6 PDFs, 1.5 MB)
2026-07-06 23:28:43,731 [INFO] Created 1 ZIP file(s)
2026-07-06 23:28:43,731 [INFO] 
  Total ZIPs created: 1
2026-07-06 23:28:43,733 [INFO]   ZIP output folder: D:\SmartAI_Bill\output\zips
2026-07-06 23:28:43,733 [INFO] 
  Processing complete

