2026-07-04 14:59:50,757 [INFO] ======================================================================
2026-07-04 14:59:50,757 [INFO]   SLT BILL GENERATOR
2026-07-04 14:59:50,757 [INFO] ======================================================================
2026-07-04 14:59:50,757 [INFO]   Inbound folder:  D:\SmartAI_Bill\data\inbound
2026-07-04 14:59:50,758 [INFO]   Files found:     3
2026-07-04 14:59:50,758 [INFO]   Workers:         7
2026-07-04 14:59:50,758 [INFO]   ZIP batch size:  1500 (fixed)
2026-07-04 14:59:50,758 [INFO]   Log file:        D:\SmartAI_Bill\logs\slt_bills_20260704_145950.log
2026-07-04 14:59:50,758 [INFO] ======================================================================
2026-07-04 15:00:03,599 [INFO] 
  >> Generating ALL 3 bills (auto-detect)

2026-07-04 15:00:03,602 [INFO]   Temp PDF dir: C:\Users\acer\AppData\Local\Temp\slt_bills_d13zl_35

2026-07-04 15:00:03,602 [INFO] Starting: 3 files, 7 workers
2026-07-04 15:00:07,313 [INFO]     Progress: 3/3 (100%)
2026-07-04 15:00:07,360 [INFO] Batch complete: 3 success, 0 failed in 3.8s (2874/hr)
2026-07-04 15:00:07,360 [INFO] 
======================================================================
2026-07-04 15:00:07,360 [INFO] PROCESSING SUMMARY
2026-07-04 15:00:07,360 [INFO] ======================================================================
2026-07-04 15:00:07,360 [INFO] Total files:      3
2026-07-04 15:00:07,360 [INFO] Successful:       3
2026-07-04 15:00:07,360 [INFO] Failed:           0
2026-07-04 15:00:07,360 [INFO] Success rate:     100.0%
2026-07-04 15:00:07,360 [INFO] Total duration:   3.76s
2026-07-04 15:00:07,360 [INFO] Rate:             0.8 files/sec
2026-07-04 15:00:07,360 [INFO]                   2,874 files/hour
2026-07-04 15:00:07,360 [INFO] Target:           40,000 files/hour
2026-07-04 15:00:07,360 [INFO] Target met:       NO
2026-07-04 15:00:07,360 [INFO] 
By template:
2026-07-04 15:00:07,361 [INFO]   nonvat_enterprise: 2/2 (avg 229.38ms)
2026-07-04 15:00:07,361 [INFO]   summary_statement: 1/1 (avg 3177.59ms)
2026-07-04 15:00:07,361 [INFO] ======================================================================

2026-07-04 15:00:07,362 [INFO]   Detailed report: D:\SmartAI_Bill\logs\stats_20260704_150007.json
2026-07-04 15:00:07,362 [INFO] 
======================================================================
2026-07-04 15:00:07,362 [INFO]   CREATING ZIP BATCHES
2026-07-04 15:00:07,362 [INFO] ======================================================================
2026-07-04 15:00:07,362 [INFO] 
Zipping 2 PDFs for 'nonvat_enterprise' (batches of 1500)
2026-07-04 15:00:07,449 [INFO]   OK: SLT_BILLS_nonvat_enterprise_0001_20260704_150007.zip (2 PDFs, 0.6 MB)
2026-07-04 15:00:07,451 [INFO] 
Zipping 1 PDFs for 'summary_statement' (batches of 1500)
2026-07-04 15:00:07,491 [INFO]   OK: SLT_BILLS_summary_statement_0001_20260704_150007.zip (1 PDFs, 0.1 MB)
2026-07-04 15:00:07,493 [INFO] 
  Total ZIPs created: 2
2026-07-04 15:00:07,494 [INFO]     nonvat_enterprise: 1 ZIPs
2026-07-04 15:00:07,494 [INFO]     summary_statement: 1 ZIPs
2026-07-04 15:00:07,494 [INFO] 
  ZIP output folder: D:\SmartAI_Bill\output\zips
2026-07-04 15:00:07,494 [INFO] 
  Processing complete

