2026-07-06 19:16:25,550 [INFO] ======================================================================
2026-07-06 19:16:25,550 [INFO]   SLT BILL GENERATOR
2026-07-06 19:16:25,550 [INFO] ======================================================================
2026-07-06 19:16:25,550 [INFO]   Inbound folder:  D:\SmartAI_Bill\data\inbound
2026-07-06 19:16:25,550 [INFO]   Files found:     1
2026-07-06 19:16:25,550 [INFO]   Workers:         7
2026-07-06 19:16:25,551 [INFO]   ZIP batch size:  1500 (fixed)
2026-07-06 19:16:25,551 [INFO]   Log file:        D:\SmartAI_Bill\logs\slt_bills_20260706_191625.log
2026-07-06 19:16:25,551 [INFO] ======================================================================
2026-07-06 19:16:30,509 [INFO] Filtering files for template: invoice_of_summary
2026-07-06 19:16:30,510 [INFO]   Matched: 1 | Skipped: 0 | Errors: 0
2026-07-06 19:16:30,510 [INFO] 
  >> Generating 1 'invoice_of_summary' bills

2026-07-06 19:16:30,512 [INFO]   Temp PDF dir: C:\Users\acer\AppData\Local\Temp\slt_bills_4rlec14q

2026-07-06 19:16:30,512 [INFO] Starting: 1 files, 7 workers
2026-07-06 19:16:31,896 [INFO]     Progress: 1/1 (100%)
2026-07-06 19:16:31,929 [INFO] Batch complete: 1 success, 0 failed in 1.4s (2542/hr)
2026-07-06 19:16:31,929 [INFO] 
======================================================================
2026-07-06 19:16:31,929 [INFO] PROCESSING SUMMARY
2026-07-06 19:16:31,929 [INFO] ======================================================================
2026-07-06 19:16:31,929 [INFO] Total files:      1
2026-07-06 19:16:31,929 [INFO] Successful:       1
2026-07-06 19:16:31,929 [INFO] Failed:           0
2026-07-06 19:16:31,929 [INFO] Success rate:     100.0%
2026-07-06 19:16:31,929 [INFO] Total duration:   1.42s
2026-07-06 19:16:31,929 [INFO] Rate:             0.71 files/sec
2026-07-06 19:16:31,930 [INFO]                   2,541 files/hour
2026-07-06 19:16:31,930 [INFO] Target:           40,000 files/hour
2026-07-06 19:16:31,930 [INFO] Target met:       NO
2026-07-06 19:16:31,930 [INFO] 
By template:
2026-07-06 19:16:31,930 [INFO]   invoice_of_summary: 1/1 (avg 889.03ms)
2026-07-06 19:16:31,930 [INFO] ======================================================================

2026-07-06 19:16:31,973 [INFO]   Detailed report: D:\SmartAI_Bill\logs\stats_20260706_191631.json
2026-07-06 19:16:31,973 [INFO] 
======================================================================
2026-07-06 19:16:31,974 [INFO]   CREATING ZIP BATCHES
2026-07-06 19:16:31,975 [INFO] ======================================================================
2026-07-06 19:16:31,976 [INFO] 
Zipping 1 PDFs for 'invoice_of_summary' (batches of 1500)
2026-07-06 19:16:32,071 [INFO]   OK: SLT_BILLS_invoice_of_summary_0001_20260706_191631.zip (1 PDFs, 0.3 MB)
2026-07-06 19:16:32,073 [INFO] 
  Total ZIPs created: 1
2026-07-06 19:16:32,073 [INFO]     invoice_of_summary: 1 ZIPs
2026-07-06 19:16:32,073 [INFO] 
  ZIP output folder: D:\SmartAI_Bill\output\zips
2026-07-06 19:16:32,073 [INFO] 
  Processing complete

