2026-07-04 22:07:39,282 [INFO] ======================================================================
2026-07-04 22:07:39,282 [INFO]   SLT BILL GENERATOR
2026-07-04 22:07:39,282 [INFO] ======================================================================
2026-07-04 22:07:39,282 [INFO]   Inbound folder:  D:\SmartAI_Bill\data\inbound
2026-07-04 22:07:39,282 [INFO]   Files found:     5
2026-07-04 22:07:39,282 [INFO]   Workers:         7
2026-07-04 22:07:39,282 [INFO]   ZIP batch size:  1500 (fixed)
2026-07-04 22:07:39,282 [INFO]   Log file:        D:\SmartAI_Bill\logs\slt_bills_20260704_220739.log
2026-07-04 22:07:39,282 [INFO] ======================================================================
2026-07-04 22:07:42,321 [INFO] 
  >> Generating ALL 5 bills (auto-detect)

2026-07-04 22:07:42,322 [INFO]   Temp PDF dir: C:\Users\acer\AppData\Local\Temp\slt_bills_m5t54n65

2026-07-04 22:07:42,322 [INFO] Starting: 5 files, 7 workers
2026-07-04 22:07:42,809 [INFO]     Progress: 1/5 (20%)
2026-07-04 22:07:42,833 [INFO]     Progress: 2/5 (40%)
2026-07-04 22:07:42,840 [INFO]     Progress: 3/5 (60%)
2026-07-04 22:07:42,874 [INFO]     Progress: 4/5 (80%)
2026-07-04 22:07:44,624 [INFO]     Progress: 5/5 (100%)
2026-07-04 22:07:44,688 [INFO] Batch complete: 5 success, 0 failed in 2.4s (7609/hr)
2026-07-04 22:07:44,689 [INFO] 
======================================================================
2026-07-04 22:07:44,689 [INFO] PROCESSING SUMMARY
2026-07-04 22:07:44,689 [INFO] ======================================================================
2026-07-04 22:07:44,689 [INFO] Total files:      5
2026-07-04 22:07:44,689 [INFO] Successful:       5
2026-07-04 22:07:44,689 [INFO] Failed:           0
2026-07-04 22:07:44,689 [INFO] Success rate:     100.0%
2026-07-04 22:07:44,689 [INFO] Total duration:   2.37s
2026-07-04 22:07:44,689 [INFO] Rate:             2.11 files/sec
2026-07-04 22:07:44,689 [INFO]                   7,608 files/hour
2026-07-04 22:07:44,689 [INFO] Target:           40,000 files/hour
2026-07-04 22:07:44,689 [INFO] Target met:       NO
2026-07-04 22:07:44,689 [INFO] 
By template:
2026-07-04 22:07:44,689 [INFO]   product_label_grouping: 1/1 (avg 72.62ms)
2026-07-04 22:07:44,689 [INFO]   subscription_ref_grouping: 1/1 (avg 87.56ms)
2026-07-04 22:07:44,689 [INFO]   nonvat_enterprise: 1/1 (avg 86.24ms)
2026-07-04 22:07:44,689 [INFO]   nonvat_home: 1/1 (avg 128.5ms)
2026-07-04 22:07:44,689 [INFO]   summary_statement: 1/1 (avg 1866.88ms)
2026-07-04 22:07:44,689 [INFO] ======================================================================

2026-07-04 22:07:44,690 [INFO]   Detailed report: D:\SmartAI_Bill\logs\stats_20260704_220744.json
2026-07-04 22:07:44,690 [INFO] 
======================================================================
2026-07-04 22:07:44,690 [INFO]   CREATING ZIP BATCHES
2026-07-04 22:07:44,690 [INFO] ======================================================================
2026-07-04 22:07:44,690 [INFO] 
Zipping 1 PDFs for 'nonvat_enterprise' (batches of 1500)
2026-07-04 22:07:44,712 [INFO]   OK: SLT_BILLS_nonvat_enterprise_0001_20260704_220744.zip (1 PDFs, 0.3 MB)
2026-07-04 22:07:44,713 [INFO] 
Zipping 1 PDFs for 'nonvat_home' (batches of 1500)
2026-07-04 22:07:44,740 [INFO]   OK: SLT_BILLS_nonvat_home_0001_20260704_220744.zip (1 PDFs, 0.3 MB)
2026-07-04 22:07:44,741 [INFO] 
Zipping 1 PDFs for 'product_label_grouping' (batches of 1500)
2026-07-04 22:07:44,760 [INFO]   OK: SLT_BILLS_product_label_grouping_0001_20260704_220744.zip (1 PDFs, 0.2 MB)
2026-07-04 22:07:44,760 [INFO] 
Zipping 1 PDFs for 'subscription_ref_grouping' (batches of 1500)
2026-07-04 22:07:44,786 [INFO]   OK: SLT_BILLS_subscription_ref_grouping_0001_20260704_220744.zip (1 PDFs, 0.2 MB)
2026-07-04 22:07:44,787 [INFO] 
Zipping 1 PDFs for 'summary_statement' (batches of 1500)
2026-07-04 22:07:44,809 [INFO]   OK: SLT_BILLS_summary_statement_0001_20260704_220744.zip (1 PDFs, 0.1 MB)
2026-07-04 22:07:44,810 [INFO] 
  Total ZIPs created: 5
2026-07-04 22:07:44,810 [INFO]     nonvat_enterprise: 1 ZIPs
2026-07-04 22:07:44,810 [INFO]     nonvat_home: 1 ZIPs
2026-07-04 22:07:44,810 [INFO]     product_label_grouping: 1 ZIPs
2026-07-04 22:07:44,810 [INFO]     subscription_ref_grouping: 1 ZIPs
2026-07-04 22:07:44,810 [INFO]     summary_statement: 1 ZIPs
2026-07-04 22:07:44,810 [INFO] 
  ZIP output folder: D:\SmartAI_Bill\output\zips
2026-07-04 22:07:44,810 [INFO] 
  Processing complete

