2026-07-06 13:53:59,012 [INFO] ======================================================================
2026-07-06 13:53:59,012 [INFO]   SLT BILL GENERATOR
2026-07-06 13:53:59,012 [INFO] ======================================================================
2026-07-06 13:53:59,012 [INFO]   Inbound folder:  D:\SmartAI_Bill\data\inbound
2026-07-06 13:53:59,013 [INFO]   Files found:     1
2026-07-06 13:53:59,013 [INFO]   Workers:         7
2026-07-06 13:53:59,013 [INFO]   ZIP batch size:  1500 (fixed)
2026-07-06 13:53:59,013 [INFO]   Log file:        D:\SmartAI_Bill\logs\slt_bills_20260706_135359.log
2026-07-06 13:53:59,013 [INFO] ======================================================================
2026-07-06 13:54:05,312 [INFO] Filtering files for template: invoice_of_summary
2026-07-06 13:54:05,312 [INFO]   Matched: 1 | Skipped: 0 | Errors: 0
2026-07-06 13:54:05,312 [INFO] 
  >> Generating 1 'invoice_of_summary' bills

2026-07-06 13:54:05,313 [INFO]   Temp PDF dir: C:\Users\acer\AppData\Local\Temp\slt_bills_ahj9nbj9

2026-07-06 13:54:05,313 [INFO] Starting: 1 files, 7 workers
2026-07-06 13:54:05,685 [INFO]     Progress: 1/1 (100%)
2026-07-06 13:54:05,707 [INFO] Batch complete: 1 success, 0 failed in 0.4s (9162/hr)
2026-07-06 13:54:05,707 [INFO] 
======================================================================
2026-07-06 13:54:05,707 [INFO] PROCESSING SUMMARY
2026-07-06 13:54:05,708 [INFO] ======================================================================
2026-07-06 13:54:05,708 [INFO] Total files:      1
2026-07-06 13:54:05,708 [INFO] Successful:       1
2026-07-06 13:54:05,708 [INFO] Failed:           0
2026-07-06 13:54:05,708 [INFO] Success rate:     100.0%
2026-07-06 13:54:05,708 [INFO] Total duration:   0.39s
2026-07-06 13:54:05,708 [INFO] Rate:             2.54 files/sec
2026-07-06 13:54:05,708 [INFO]                   9,157 files/hour
2026-07-06 13:54:05,708 [INFO] Target:           40,000 files/hour
2026-07-06 13:54:05,708 [INFO] Target met:       NO
2026-07-06 13:54:05,708 [INFO] 
By template:
2026-07-06 13:54:05,708 [INFO]   invoice_of_summary: 1/1 (avg 73.45ms)
2026-07-06 13:54:05,708 [INFO] ======================================================================

2026-07-06 13:54:05,709 [INFO]   Detailed report: D:\SmartAI_Bill\logs\stats_20260706_135405.json
2026-07-06 13:54:05,709 [INFO] 
======================================================================
2026-07-06 13:54:05,709 [INFO]   CREATING ZIP BATCHES
2026-07-06 13:54:05,709 [INFO] ======================================================================
2026-07-06 13:54:05,709 [INFO] 
Zipping 1 PDFs for 'invoice_of_summary' (batches of 1500)
2026-07-06 13:54:05,741 [INFO]   OK: SLT_BILLS_invoice_of_summary_0001_20260706_135405.zip (1 PDFs, 0.3 MB)
2026-07-06 13:54:05,742 [INFO] 
  Total ZIPs created: 1
2026-07-06 13:54:05,742 [INFO]     invoice_of_summary: 1 ZIPs
2026-07-06 13:54:05,742 [INFO] 
  ZIP output folder: D:\SmartAI_Bill\output\zips
2026-07-06 13:54:05,742 [INFO] 
  Processing complete

