2026-07-05 00:41:57,776 [INFO] ======================================================================
2026-07-05 00:41:57,776 [INFO]   SLT BILL GENERATOR
2026-07-05 00:41:57,776 [INFO] ======================================================================
2026-07-05 00:41:57,776 [INFO]   Inbound folder:  D:\SmartAI_Bill\data\inbound
2026-07-05 00:41:57,776 [INFO]   Files found:     5
2026-07-05 00:41:57,776 [INFO]   Workers:         7
2026-07-05 00:41:57,776 [INFO]   ZIP batch size:  1500 (fixed)
2026-07-05 00:41:57,776 [INFO]   Log file:        D:\SmartAI_Bill\logs\slt_bills_20260705_004157.log
2026-07-05 00:41:57,777 [INFO] ======================================================================
2026-07-05 00:42:05,324 [INFO] 
  >> Generating ALL 5 bills (auto-detect)

2026-07-05 00:42:05,327 [INFO]   Temp PDF dir: C:\Users\acer\AppData\Local\Temp\slt_bills_87wuut23

2026-07-05 00:42:05,327 [INFO] Starting: 5 files, 7 workers
2026-07-05 00:42:06,034 [INFO]     Progress: 1/5 (20%)
2026-07-05 00:42:06,062 [INFO]     Progress: 2/5 (40%)
2026-07-05 00:42:06,064 [INFO]     Progress: 3/5 (60%)
2026-07-05 00:42:06,141 [INFO]     Progress: 4/5 (80%)
2026-07-05 00:42:08,728 [INFO]     Progress: 5/5 (100%)
2026-07-05 00:42:08,805 [INFO] Batch complete: 5 success, 0 failed in 3.5s (5175/hr)
2026-07-05 00:42:08,805 [INFO] 
======================================================================
2026-07-05 00:42:08,806 [INFO] PROCESSING SUMMARY
2026-07-05 00:42:08,806 [INFO] ======================================================================
2026-07-05 00:42:08,806 [INFO] Total files:      5
2026-07-05 00:42:08,806 [INFO] Successful:       5
2026-07-05 00:42:08,806 [INFO] Failed:           0
2026-07-05 00:42:08,806 [INFO] Success rate:     100.0%
2026-07-05 00:42:08,806 [INFO] Total duration:   3.48s
2026-07-05 00:42:08,806 [INFO] Rate:             1.44 files/sec
2026-07-05 00:42:08,806 [INFO]                   5,174 files/hour
2026-07-05 00:42:08,806 [INFO] Target:           40,000 files/hour
2026-07-05 00:42:08,806 [INFO] Target met:       NO
2026-07-05 00:42:08,806 [INFO] 
By template:
2026-07-05 00:42:08,806 [INFO]   subscription_ref_grouping: 1/1 (avg 98.34ms)
2026-07-05 00:42:08,806 [INFO]   nonvat_enterprise: 1/1 (avg 126.09ms)
2026-07-05 00:42:08,806 [INFO]   product_label_grouping: 1/1 (avg 132.07ms)
2026-07-05 00:42:08,806 [INFO]   nonvat_home: 1/1 (avg 205.46ms)
2026-07-05 00:42:08,806 [INFO]   summary_statement: 1/1 (avg 2777.27ms)
2026-07-05 00:42:08,806 [INFO] ======================================================================

2026-07-05 00:42:08,807 [INFO]   Detailed report: D:\SmartAI_Bill\logs\stats_20260705_004208.json
2026-07-05 00:42:08,807 [INFO] 
======================================================================
2026-07-05 00:42:08,808 [INFO]   CREATING ZIP BATCHES
2026-07-05 00:42:08,808 [INFO] ======================================================================
2026-07-05 00:42:08,808 [INFO] 
Zipping 1 PDFs for 'nonvat_enterprise' (batches of 1500)
2026-07-05 00:42:08,877 [INFO]   OK: SLT_BILLS_nonvat_enterprise_0001_20260705_004208.zip (1 PDFs, 0.3 MB)
2026-07-05 00:42:08,878 [INFO] 
Zipping 1 PDFs for 'nonvat_home' (batches of 1500)
2026-07-05 00:42:08,971 [INFO]   OK: SLT_BILLS_nonvat_home_0001_20260705_004208.zip (1 PDFs, 0.3 MB)
2026-07-05 00:42:08,973 [INFO] 
Zipping 1 PDFs for 'product_label_grouping' (batches of 1500)
2026-07-05 00:42:09,029 [INFO]   OK: SLT_BILLS_product_label_grouping_0001_20260705_004208.zip (1 PDFs, 0.2 MB)
2026-07-05 00:42:09,031 [INFO] 
Zipping 1 PDFs for 'subscription_ref_grouping' (batches of 1500)
2026-07-05 00:42:09,104 [INFO]   OK: SLT_BILLS_subscription_ref_grouping_0001_20260705_004208.zip (1 PDFs, 0.2 MB)
2026-07-05 00:42:09,105 [INFO] 
Zipping 1 PDFs for 'summary_statement' (batches of 1500)
2026-07-05 00:42:09,151 [INFO]   OK: SLT_BILLS_summary_statement_0001_20260705_004208.zip (1 PDFs, 0.1 MB)
2026-07-05 00:42:09,152 [INFO] 
  Total ZIPs created: 5
2026-07-05 00:42:09,153 [INFO]     nonvat_enterprise: 1 ZIPs
2026-07-05 00:42:09,153 [INFO]     nonvat_home: 1 ZIPs
2026-07-05 00:42:09,153 [INFO]     product_label_grouping: 1 ZIPs
2026-07-05 00:42:09,153 [INFO]     subscription_ref_grouping: 1 ZIPs
2026-07-05 00:42:09,153 [INFO]     summary_statement: 1 ZIPs
2026-07-05 00:42:09,153 [INFO] 
  ZIP output folder: D:\SmartAI_Bill\output\zips
2026-07-05 00:42:09,153 [INFO] 
  Processing complete

