2026-07-05 01:02:57,709 [INFO] ======================================================================
2026-07-05 01:02:57,709 [INFO]   SLT BILL GENERATOR
2026-07-05 01:02:57,709 [INFO] ======================================================================
2026-07-05 01:02:57,710 [INFO]   Inbound folder:  D:\SmartAI_Bill\data\inbound
2026-07-05 01:02:57,710 [INFO]   Files found:     4
2026-07-05 01:02:57,710 [INFO]   Workers:         7
2026-07-05 01:02:57,710 [INFO]   ZIP batch size:  1500 (fixed)
2026-07-05 01:02:57,710 [INFO]   Log file:        D:\SmartAI_Bill\logs\slt_bills_20260705_010257.log
2026-07-05 01:02:57,710 [INFO] ======================================================================
2026-07-05 01:03:35,827 [INFO] Filtering files for template: subscription_ref_grouping
2026-07-05 01:03:35,830 [INFO]   Matched: 1 | Skipped: 3 | Errors: 0
2026-07-05 01:03:35,830 [INFO] 
  >> Generating 1 'subscription_ref_grouping' bills

2026-07-05 01:03:35,832 [INFO]   Temp PDF dir: C:\Users\acer\AppData\Local\Temp\slt_bills__til8any

2026-07-05 01:03:35,832 [INFO] Starting: 1 files, 7 workers
2026-07-05 01:03:36,359 [INFO]     Progress: 1/1 (100%)
2026-07-05 01:03:36,401 [INFO] Batch complete: 1 success, 0 failed in 0.6s (6337/hr)
2026-07-05 01:03:36,401 [INFO] 
======================================================================
2026-07-05 01:03:36,401 [INFO] PROCESSING SUMMARY
2026-07-05 01:03:36,401 [INFO] ======================================================================
2026-07-05 01:03:36,401 [INFO] Total files:      1
2026-07-05 01:03:36,401 [INFO] Successful:       1
2026-07-05 01:03:36,401 [INFO] Failed:           0
2026-07-05 01:03:36,401 [INFO] Success rate:     100.0%
2026-07-05 01:03:36,401 [INFO] Total duration:   0.57s
2026-07-05 01:03:36,401 [INFO] Rate:             1.76 files/sec
2026-07-05 01:03:36,402 [INFO]                   6,333 files/hour
2026-07-05 01:03:36,402 [INFO] Target:           40,000 files/hour
2026-07-05 01:03:36,402 [INFO] Target met:       NO
2026-07-05 01:03:36,402 [INFO] 
By template:
2026-07-05 01:03:36,402 [INFO]   subscription_ref_grouping: 1/1 (avg 81.62ms)
2026-07-05 01:03:36,402 [INFO] ======================================================================

2026-07-05 01:03:36,403 [INFO]   Detailed report: D:\SmartAI_Bill\logs\stats_20260705_010336.json
2026-07-05 01:03:36,403 [INFO] 
======================================================================
2026-07-05 01:03:36,403 [INFO]   CREATING ZIP BATCHES
2026-07-05 01:03:36,403 [INFO] ======================================================================
2026-07-05 01:03:36,404 [INFO] 
Zipping 1 PDFs for 'subscription_ref_grouping' (batches of 1500)
2026-07-05 01:03:36,470 [INFO]   OK: SLT_BILLS_subscription_ref_grouping_0001_20260705_010336.zip (1 PDFs, 0.2 MB)
2026-07-05 01:03:36,471 [INFO] 
  Total ZIPs created: 1
2026-07-05 01:03:36,471 [INFO]     subscription_ref_grouping: 1 ZIPs
2026-07-05 01:03:36,471 [INFO] 
  ZIP output folder: D:\SmartAI_Bill\output\zips
2026-07-05 01:03:36,471 [INFO] 
  Processing complete

