2026-07-06 15:57:44,860 [INFO] ======================================================================
2026-07-06 15:57:44,860 [INFO]   SLT BILL GENERATOR
2026-07-06 15:57:44,860 [INFO] ======================================================================
2026-07-06 15:57:44,862 [INFO]   Inbound folder:  D:\SmartAI_Bill\data\inbound
2026-07-06 15:57:44,862 [INFO]   Files found:     1
2026-07-06 15:57:44,862 [INFO]   Workers:         7
2026-07-06 15:57:44,862 [INFO]   ZIP batch size:  1500 (fixed)
2026-07-06 15:57:44,862 [INFO]   Log file:        D:\SmartAI_Bill\logs\slt_bills_20260706_155744.log
2026-07-06 15:57:44,862 [INFO] ======================================================================
2026-07-06 15:57:50,329 [INFO] Filtering files for template: invoice_of_summary
2026-07-06 15:57:50,330 [INFO]   Matched: 1 | Skipped: 0 | Errors: 0
2026-07-06 15:57:50,330 [INFO] 
  >> Generating 1 'invoice_of_summary' bills

2026-07-06 15:57:50,332 [INFO]   Temp PDF dir: C:\Users\acer\AppData\Local\Temp\slt_bills_ui5aicce

2026-07-06 15:57:50,332 [INFO] Starting: 1 files, 7 workers
2026-07-06 15:57:51,526 [INFO]     Progress: 1/1 (100%)
2026-07-06 15:57:51,574 [INFO] Batch complete: 1 success, 0 failed in 1.2s (2899/hr)
2026-07-06 15:57:51,574 [INFO] 
======================================================================
2026-07-06 15:57:51,574 [INFO] PROCESSING SUMMARY
2026-07-06 15:57:51,574 [INFO] ======================================================================
2026-07-06 15:57:51,574 [INFO] Total files:      1
2026-07-06 15:57:51,575 [INFO] Successful:       1
2026-07-06 15:57:51,575 [INFO] Failed:           0
2026-07-06 15:57:51,575 [INFO] Success rate:     100.0%
2026-07-06 15:57:51,575 [INFO] Total duration:   1.24s
2026-07-06 15:57:51,575 [INFO] Rate:             0.81 files/sec
2026-07-06 15:57:51,575 [INFO]                   2,898 files/hour
2026-07-06 15:57:51,575 [INFO] Target:           40,000 files/hour
2026-07-06 15:57:51,575 [INFO] Target met:       NO
2026-07-06 15:57:51,575 [INFO] 
By template:
2026-07-06 15:57:51,575 [INFO]   invoice_of_summary: 1/1 (avg 772.28ms)
2026-07-06 15:57:51,575 [INFO] ======================================================================

2026-07-06 15:57:51,620 [INFO]   Detailed report: D:\SmartAI_Bill\logs\stats_20260706_155751.json
2026-07-06 15:57:51,620 [INFO] 
======================================================================
2026-07-06 15:57:51,620 [INFO]   CREATING ZIP BATCHES
2026-07-06 15:57:51,620 [INFO] ======================================================================
2026-07-06 15:57:51,621 [INFO] 
Zipping 1 PDFs for 'invoice_of_summary' (batches of 1500)
2026-07-06 15:57:51,706 [INFO]   OK: SLT_BILLS_invoice_of_summary_0001_20260706_155751.zip (1 PDFs, 0.3 MB)
2026-07-06 15:57:51,708 [INFO] 
  Total ZIPs created: 1
2026-07-06 15:57:51,708 [INFO]     invoice_of_summary: 1 ZIPs
2026-07-06 15:57:51,708 [INFO] 
  ZIP output folder: D:\SmartAI_Bill\output\zips
2026-07-06 15:57:51,708 [INFO] 
  Processing complete

