2026-07-06 12:45:53,374 [INFO] ======================================================================
2026-07-06 12:45:53,374 [INFO]   SLT BILL GENERATOR
2026-07-06 12:45:53,374 [INFO] ======================================================================
2026-07-06 12:45:53,375 [INFO]   Inbound folder:  D:\SmartAI_Bill\data\inbound
2026-07-06 12:45:53,375 [INFO]   Files found:     5
2026-07-06 12:45:53,375 [INFO]   Workers:         7
2026-07-06 12:45:53,375 [INFO]   ZIP batch size:  1500 (fixed)
2026-07-06 12:45:53,375 [INFO]   Log file:        D:\SmartAI_Bill\logs\slt_bills_20260706_124553.log
2026-07-06 12:45:53,375 [INFO] ======================================================================
2026-07-06 12:45:54,919 [INFO] Filtering files for template: nonvat_enterprise
2026-07-06 12:45:54,921 [INFO]   Matched: 1 | Skipped: 4 | Errors: 0
2026-07-06 12:45:54,921 [INFO] 
  >> Generating 1 'nonvat_enterprise' bills

2026-07-06 12:45:54,923 [INFO]   Temp PDF dir: C:\Users\acer\AppData\Local\Temp\slt_bills_g11lp32h

2026-07-06 12:45:54,923 [INFO] Starting: 1 files, 7 workers
2026-07-06 12:45:55,669 [INFO]     Progress: 1/1 (100%)
2026-07-06 12:45:55,700 [INFO] Batch complete: 1 success, 0 failed in 0.8s (4636/hr)
2026-07-06 12:45:55,700 [INFO] 
======================================================================
2026-07-06 12:45:55,700 [INFO] PROCESSING SUMMARY
2026-07-06 12:45:55,700 [INFO] ======================================================================
2026-07-06 12:45:55,700 [INFO] Total files:      1
2026-07-06 12:45:55,700 [INFO] Successful:       1
2026-07-06 12:45:55,700 [INFO] Failed:           0
2026-07-06 12:45:55,700 [INFO] Success rate:     100.0%
2026-07-06 12:45:55,700 [INFO] Total duration:   0.78s
2026-07-06 12:45:55,700 [INFO] Rate:             1.29 files/sec
2026-07-06 12:45:55,700 [INFO]                   4,634 files/hour
2026-07-06 12:45:55,700 [INFO] Target:           40,000 files/hour
2026-07-06 12:45:55,700 [INFO] Target met:       NO
2026-07-06 12:45:55,700 [INFO] 
By template:
2026-07-06 12:45:55,701 [INFO]   nonvat_enterprise: 1/1 (avg 283.35ms)
2026-07-06 12:45:55,701 [INFO] ======================================================================

2026-07-06 12:45:55,701 [INFO]   Detailed report: D:\SmartAI_Bill\logs\stats_20260706_124555.json
2026-07-06 12:45:55,702 [INFO] 
======================================================================
2026-07-06 12:45:55,702 [INFO]   CREATING ZIP BATCHES
2026-07-06 12:45:55,702 [INFO] ======================================================================
2026-07-06 12:45:55,702 [INFO] 
Zipping 1 PDFs for 'nonvat_enterprise' (batches of 1500)
2026-07-06 12:45:55,739 [INFO]   OK: SLT_BILLS_nonvat_enterprise_0001_20260706_124555.zip (1 PDFs, 0.3 MB)
2026-07-06 12:45:55,741 [INFO] 
  Total ZIPs created: 1
2026-07-06 12:45:55,741 [INFO]     nonvat_enterprise: 1 ZIPs
2026-07-06 12:45:55,741 [INFO] 
  ZIP output folder: D:\SmartAI_Bill\output\zips
2026-07-06 12:45:55,741 [INFO] 
  Processing complete

