2026-07-05 00:33:42,963 [INFO] ======================================================================
2026-07-05 00:33:42,963 [INFO]   SLT BILL GENERATOR
2026-07-05 00:33:42,963 [INFO] ======================================================================
2026-07-05 00:33:42,964 [INFO]   Inbound folder:  D:\SmartAI_Bill\data\inbound
2026-07-05 00:33:42,964 [INFO]   Files found:     5
2026-07-05 00:33:42,964 [INFO]   Workers:         7
2026-07-05 00:33:42,964 [INFO]   ZIP batch size:  1500 (fixed)
2026-07-05 00:33:42,964 [INFO]   Log file:        D:\SmartAI_Bill\logs\slt_bills_20260705_003342.log
2026-07-05 00:33:42,964 [INFO] ======================================================================
2026-07-05 00:33:45,572 [INFO] 
  >> Generating ALL 5 bills (auto-detect)

2026-07-05 00:33:45,575 [INFO]   Temp PDF dir: C:\Users\acer\AppData\Local\Temp\slt_bills_y29k04u2

2026-07-05 00:33:45,575 [INFO] Starting: 5 files, 7 workers
2026-07-05 00:33:46,221 [INFO]     Progress: 1/5 (20%)
2026-07-05 00:33:46,233 [INFO]     Progress: 2/5 (40%)
2026-07-05 00:33:46,240 [INFO]     Progress: 3/5 (60%)
2026-07-05 00:33:46,289 [INFO]     Progress: 4/5 (80%)
2026-07-05 00:33:48,902 [INFO]     Progress: 5/5 (100%)
2026-07-05 00:33:48,981 [INFO] Batch complete: 2 success, 3 failed in 3.4s (5285/hr)
2026-07-05 00:33:48,982 [INFO] 
======================================================================
2026-07-05 00:33:48,982 [INFO] PROCESSING SUMMARY
2026-07-05 00:33:48,982 [INFO] ======================================================================
2026-07-05 00:33:48,982 [INFO] Total files:      5
2026-07-05 00:33:48,982 [INFO] Successful:       2
2026-07-05 00:33:48,982 [INFO] Failed:           3
2026-07-05 00:33:48,982 [INFO] Success rate:     40.0%
2026-07-05 00:33:48,982 [INFO] Total duration:   3.41s
2026-07-05 00:33:48,982 [INFO] Rate:             1.47 files/sec
2026-07-05 00:33:48,982 [INFO]                   5,284 files/hour
2026-07-05 00:33:48,982 [INFO] Target:           40,000 files/hour
2026-07-05 00:33:48,982 [INFO] Target met:       NO
2026-07-05 00:33:48,982 [INFO] 
By template:
2026-07-05 00:33:48,982 [INFO]   product_label_grouping: 0/1 (avg 71.13ms)
2026-07-05 00:33:48,982 [INFO]   nonvat_home: 0/1 (avg 72.68ms)
2026-07-05 00:33:48,982 [INFO]   subscription_ref_grouping: 0/1 (avg 90.49ms)
2026-07-05 00:33:48,982 [INFO]   nonvat_enterprise: 1/1 (avg 124.71ms)
2026-07-05 00:33:48,982 [INFO]   summary_statement: 1/1 (avg 2732.83ms)
2026-07-05 00:33:48,982 [INFO] ======================================================================

2026-07-05 00:33:48,984 [INFO]   Detailed report: D:\SmartAI_Bill\logs\stats_20260705_003348.json
2026-07-05 00:33:48,984 [INFO] 
======================================================================
2026-07-05 00:33:48,984 [INFO]   CREATING ZIP BATCHES
2026-07-05 00:33:48,984 [INFO] ======================================================================
2026-07-05 00:33:48,984 [INFO] 
Zipping 1 PDFs for 'nonvat_enterprise' (batches of 1500)
2026-07-05 00:33:49,058 [INFO]   OK: SLT_BILLS_nonvat_enterprise_0001_20260705_003348.zip (1 PDFs, 0.3 MB)
2026-07-05 00:33:49,060 [INFO] 
Zipping 1 PDFs for 'summary_statement' (batches of 1500)
2026-07-05 00:33:49,099 [INFO]   OK: SLT_BILLS_summary_statement_0001_20260705_003348.zip (1 PDFs, 0.1 MB)
2026-07-05 00:33:49,101 [INFO] 
  Total ZIPs created: 2
2026-07-05 00:33:49,101 [INFO]     nonvat_enterprise: 1 ZIPs
2026-07-05 00:33:49,101 [INFO]     summary_statement: 1 ZIPs
2026-07-05 00:33:49,101 [INFO] 
  ZIP output folder: D:\SmartAI_Bill\output\zips
2026-07-05 00:33:49,101 [INFO] 
  Processing complete

