2026-07-04 14:52:49,624 [INFO] ======================================================================
2026-07-04 14:52:49,625 [INFO]   SLT BILL GENERATOR
2026-07-04 14:52:49,625 [INFO] ======================================================================
2026-07-04 14:52:49,625 [INFO]   Inbound folder:  D:\SmartAI_Bill\data\inbound
2026-07-04 14:52:49,625 [INFO]   Files found:     2
2026-07-04 14:52:49,625 [INFO]   Workers:         7
2026-07-04 14:52:49,625 [INFO]   ZIP batch size:  1500 (fixed)
2026-07-04 14:52:49,625 [INFO]   Log file:        D:\SmartAI_Bill\logs\slt_bills_20260704_145249.log
2026-07-04 14:52:49,625 [INFO] ======================================================================
2026-07-04 14:52:55,121 [INFO] 
  >> Generating ALL 2 bills (auto-detect)

2026-07-04 14:52:55,123 [INFO]   Temp PDF dir: C:\Users\acer\AppData\Local\Temp\slt_bills_th14bonh

2026-07-04 14:52:55,123 [INFO] Starting: 2 files, 7 workers
2026-07-04 14:52:55,456 [INFO]     Progress: 1/2 (50%)
2026-07-04 14:52:57,204 [INFO]     Progress: 2/2 (100%)
2026-07-04 14:52:57,232 [INFO] Batch complete: 1 success, 1 failed in 2.1s (3413/hr)
2026-07-04 14:52:57,232 [INFO] 
======================================================================
2026-07-04 14:52:57,232 [INFO] PROCESSING SUMMARY
2026-07-04 14:52:57,232 [INFO] ======================================================================
2026-07-04 14:52:57,232 [INFO] Total files:      2
2026-07-04 14:52:57,232 [INFO] Successful:       1
2026-07-04 14:52:57,233 [INFO] Failed:           1
2026-07-04 14:52:57,233 [INFO] Success rate:     50.0%
2026-07-04 14:52:57,233 [INFO] Total duration:   2.11s
2026-07-04 14:52:57,233 [INFO] Rate:             0.95 files/sec
2026-07-04 14:52:57,233 [INFO]                   3,413 files/hour
2026-07-04 14:52:57,233 [INFO] Target:           40,000 files/hour
2026-07-04 14:52:57,233 [INFO] Target met:       NO
2026-07-04 14:52:57,233 [INFO] 
By template:
2026-07-04 14:52:57,233 [INFO]   nonvat_enterprise: 0/1 (avg 0.51ms)
2026-07-04 14:52:57,233 [INFO]   summary_statement: 1/1 (avg 1748.94ms)
2026-07-04 14:52:57,233 [INFO] ======================================================================

2026-07-04 14:52:57,234 [INFO]   Detailed report: D:\SmartAI_Bill\logs\stats_20260704_145257.json
2026-07-04 14:52:57,234 [INFO] 
======================================================================
2026-07-04 14:52:57,234 [INFO]   CREATING ZIP BATCHES
2026-07-04 14:52:57,234 [INFO] ======================================================================
2026-07-04 14:52:57,234 [INFO] 
Zipping 1 PDFs for 'summary_statement' (batches of 1500)
2026-07-04 14:52:57,253 [INFO]   OK: SLT_BILLS_summary_statement_0001_20260704_145257.zip (1 PDFs, 0.1 MB)
2026-07-04 14:52:57,253 [INFO] 
  Total ZIPs created: 1
2026-07-04 14:52:57,254 [INFO]     summary_statement: 1 ZIPs
2026-07-04 14:52:57,254 [INFO] 
  ZIP output folder: D:\SmartAI_Bill\output\zips
2026-07-04 14:52:57,254 [INFO] 
  Processing complete

