2026-07-06 09:45:55,102 [INFO] ======================================================================
2026-07-06 09:45:55,102 [INFO]   SLT BILL GENERATOR
2026-07-06 09:45:55,102 [INFO] ======================================================================
2026-07-06 09:45:55,102 [INFO]   Inbound folder:  D:\SmartAI_Bill\data\inbound
2026-07-06 09:45:55,102 [INFO]   Files found:     2
2026-07-06 09:45:55,102 [INFO]   Workers:         7
2026-07-06 09:45:55,102 [INFO]   ZIP batch size:  1500 (fixed)
2026-07-06 09:45:55,102 [INFO]   Log file:        D:\SmartAI_Bill\logs\slt_bills_20260706_094555.log
2026-07-06 09:45:55,102 [INFO] ======================================================================
2026-07-06 09:45:58,417 [INFO] Filtering files for template: nonvat_enterprise
2026-07-06 09:45:58,418 [INFO]   Matched: 1 | Skipped: 1 | Errors: 0
2026-07-06 09:45:58,419 [INFO] 
  >> Generating 1 'nonvat_enterprise' bills

2026-07-06 09:45:58,420 [INFO]   Temp PDF dir: C:\Users\acer\AppData\Local\Temp\slt_bills_gn09fqh9

2026-07-06 09:45:58,421 [INFO] Starting: 1 files, 7 workers
2026-07-06 09:45:58,732 [INFO]     Progress: 1/1 (100%)
2026-07-06 09:45:58,754 [INFO] Batch complete: 1 success, 0 failed in 0.3s (10820/hr)
2026-07-06 09:45:58,754 [INFO] 
======================================================================
2026-07-06 09:45:58,754 [INFO] PROCESSING SUMMARY
2026-07-06 09:45:58,754 [INFO] ======================================================================
2026-07-06 09:45:58,754 [INFO] Total files:      1
2026-07-06 09:45:58,754 [INFO] Successful:       1
2026-07-06 09:45:58,754 [INFO] Failed:           0
2026-07-06 09:45:58,754 [INFO] Success rate:     100.0%
2026-07-06 09:45:58,754 [INFO] Total duration:   0.33s
2026-07-06 09:45:58,754 [INFO] Rate:             3.0 files/sec
2026-07-06 09:45:58,754 [INFO]                   10,812 files/hour
2026-07-06 09:45:58,754 [INFO] Target:           40,000 files/hour
2026-07-06 09:45:58,754 [INFO] Target met:       NO
2026-07-06 09:45:58,754 [INFO] 
By template:
2026-07-06 09:45:58,754 [INFO]   nonvat_enterprise: 1/1 (avg 61.24ms)
2026-07-06 09:45:58,754 [INFO] ======================================================================

2026-07-06 09:45:58,755 [INFO]   Detailed report: D:\SmartAI_Bill\logs\stats_20260706_094558.json
2026-07-06 09:45:58,755 [INFO] 
======================================================================
2026-07-06 09:45:58,755 [INFO]   CREATING ZIP BATCHES
2026-07-06 09:45:58,755 [INFO] ======================================================================
2026-07-06 09:45:58,755 [INFO] 
Zipping 1 PDFs for 'nonvat_enterprise' (batches of 1500)
2026-07-06 09:45:58,781 [INFO]   OK: SLT_BILLS_nonvat_enterprise_0001_20260706_094558.zip (1 PDFs, 0.3 MB)
2026-07-06 09:45:58,782 [INFO] 
  Total ZIPs created: 1
2026-07-06 09:45:58,783 [INFO]     nonvat_enterprise: 1 ZIPs
2026-07-06 09:45:58,783 [INFO] 
  ZIP output folder: D:\SmartAI_Bill\output\zips
2026-07-06 09:45:58,783 [INFO] 
  Processing complete

