2026-07-06 01:26:18,497 [INFO] ======================================================================
2026-07-06 01:26:18,497 [INFO]   SLT BILL GENERATOR
2026-07-06 01:26:18,497 [INFO] ======================================================================
2026-07-06 01:26:18,497 [INFO]   Inbound folder:  D:\SmartAI_Bill\data\inbound
2026-07-06 01:26:18,497 [INFO]   Files found:     3
2026-07-06 01:26:18,497 [INFO]   Workers:         7
2026-07-06 01:26:18,497 [INFO]   ZIP batch size:  1500 (fixed)
2026-07-06 01:26:18,497 [INFO]   Log file:        D:\SmartAI_Bill\logs\slt_bills_20260706_012618.log
2026-07-06 01:26:18,497 [INFO] ======================================================================
2026-07-06 01:26:21,936 [INFO] Filtering files for template: nonvat_home
2026-07-06 01:26:21,938 [INFO]   Matched: 1 | Skipped: 2 | Errors: 0
2026-07-06 01:26:21,938 [INFO] 
  >> Generating 1 'nonvat_home' bills

2026-07-06 01:26:21,941 [INFO]   Temp PDF dir: C:\Users\acer\AppData\Local\Temp\slt_bills_cc6poimc

2026-07-06 01:26:21,941 [INFO] Starting: 1 files, 7 workers
2026-07-06 01:26:22,537 [INFO]     Progress: 1/1 (100%)
2026-07-06 01:26:22,568 [INFO] Batch complete: 1 success, 0 failed in 0.6s (5742/hr)
2026-07-06 01:26:22,568 [INFO] 
======================================================================
2026-07-06 01:26:22,568 [INFO] PROCESSING SUMMARY
2026-07-06 01:26:22,568 [INFO] ======================================================================
2026-07-06 01:26:22,568 [INFO] Total files:      1
2026-07-06 01:26:22,568 [INFO] Successful:       1
2026-07-06 01:26:22,568 [INFO] Failed:           0
2026-07-06 01:26:22,568 [INFO] Success rate:     100.0%
2026-07-06 01:26:22,568 [INFO] Total duration:   0.63s
2026-07-06 01:26:22,568 [INFO] Rate:             1.59 files/sec
2026-07-06 01:26:22,568 [INFO]                   5,739 files/hour
2026-07-06 01:26:22,568 [INFO] Target:           40,000 files/hour
2026-07-06 01:26:22,568 [INFO] Target met:       NO
2026-07-06 01:26:22,568 [INFO] 
By template:
2026-07-06 01:26:22,569 [INFO]   nonvat_home: 1/1 (avg 132.77ms)
2026-07-06 01:26:22,569 [INFO] ======================================================================

2026-07-06 01:26:22,570 [INFO]   Detailed report: D:\SmartAI_Bill\logs\stats_20260706_012622.json
2026-07-06 01:26:22,570 [INFO] 
======================================================================
2026-07-06 01:26:22,570 [INFO]   CREATING ZIP BATCHES
2026-07-06 01:26:22,570 [INFO] ======================================================================
2026-07-06 01:26:22,571 [INFO] 
Zipping 1 PDFs for 'nonvat_home' (batches of 1500)
2026-07-06 01:26:22,667 [INFO]   OK: SLT_BILLS_nonvat_home_0001_20260706_012622.zip (1 PDFs, 0.3 MB)
2026-07-06 01:26:22,670 [INFO] 
  Total ZIPs created: 1
2026-07-06 01:26:22,671 [INFO]     nonvat_home: 1 ZIPs
2026-07-06 01:26:22,671 [INFO] 
  ZIP output folder: D:\SmartAI_Bill\output\zips
2026-07-06 01:26:22,671 [INFO] 
  Processing complete

