2026-07-05 01:40:51,140 [INFO] ======================================================================
2026-07-05 01:40:51,140 [INFO]   SLT BILL GENERATOR
2026-07-05 01:40:51,140 [INFO] ======================================================================
2026-07-05 01:40:51,141 [INFO]   Inbound folder:  D:\SmartAI_Bill\data\inbound
2026-07-05 01:40:51,141 [INFO]   Files found:     4
2026-07-05 01:40:51,141 [INFO]   Workers:         7
2026-07-05 01:40:51,141 [INFO]   ZIP batch size:  1500 (fixed)
2026-07-05 01:40:51,141 [INFO]   Log file:        D:\SmartAI_Bill\logs\slt_bills_20260705_014051.log
2026-07-05 01:40:51,141 [INFO] ======================================================================
2026-07-05 01:40:54,586 [INFO] Filtering files for template: subscription_ref_grouping
2026-07-05 01:40:54,589 [INFO]   Matched: 1 | Skipped: 3 | Errors: 0
2026-07-05 01:40:54,589 [INFO] 
  >> Generating 1 'subscription_ref_grouping' bills

2026-07-05 01:40:54,591 [INFO]   Temp PDF dir: C:\Users\acer\AppData\Local\Temp\slt_bills__zw5z93_

2026-07-05 01:40:54,591 [INFO] Starting: 1 files, 7 workers
2026-07-05 01:40:55,057 [INFO]     Progress: 1/1 (100%)
2026-07-05 01:40:55,086 [INFO] Batch complete: 0 success, 1 failed in 0.5s (7264/hr)
2026-07-05 01:40:55,086 [INFO] 
======================================================================
2026-07-05 01:40:55,086 [INFO] PROCESSING SUMMARY
2026-07-05 01:40:55,086 [INFO] ======================================================================
2026-07-05 01:40:55,086 [INFO] Total files:      1
2026-07-05 01:40:55,086 [INFO] Successful:       0
2026-07-05 01:40:55,087 [INFO] Failed:           1
2026-07-05 01:40:55,087 [INFO] Success rate:     0.0%
2026-07-05 01:40:55,087 [INFO] Total duration:   0.5s
2026-07-05 01:40:55,087 [INFO] Rate:             2.02 files/sec
2026-07-05 01:40:55,087 [INFO]                   7,259 files/hour
2026-07-05 01:40:55,087 [INFO] Target:           40,000 files/hour
2026-07-05 01:40:55,087 [INFO] Target met:       NO
2026-07-05 01:40:55,087 [INFO] 
By template:
2026-07-05 01:40:55,087 [INFO]   subscription_ref_grouping: 0/1 (avg 1.68ms)
2026-07-05 01:40:55,087 [INFO] ======================================================================

2026-07-05 01:40:55,088 [INFO]   Detailed report: D:\SmartAI_Bill\logs\stats_20260705_014055.json
2026-07-05 01:40:55,088 [INFO] 
======================================================================
2026-07-05 01:40:55,088 [INFO]   CREATING ZIP BATCHES
2026-07-05 01:40:55,088 [INFO] ======================================================================
2026-07-05 01:40:55,089 [INFO] 
  Total ZIPs created: 0
2026-07-05 01:40:55,089 [INFO] 
  ZIP output folder: D:\SmartAI_Bill\output\zips
2026-07-05 01:40:55,089 [INFO] 
  Processing complete

