2026-07-05 00:57:56,457 [INFO] ======================================================================
2026-07-05 00:57:56,457 [INFO]   SLT BILL GENERATOR
2026-07-05 00:57:56,457 [INFO] ======================================================================
2026-07-05 00:57:56,458 [INFO]   Inbound folder:  D:\SmartAI_Bill\data\inbound
2026-07-05 00:57:56,458 [INFO]   Files found:     5
2026-07-05 00:57:56,458 [INFO]   Workers:         7
2026-07-05 00:57:56,458 [INFO]   ZIP batch size:  1500 (fixed)
2026-07-05 00:57:56,458 [INFO]   Log file:        D:\SmartAI_Bill\logs\slt_bills_20260705_005756.log
2026-07-05 00:57:56,458 [INFO] ======================================================================
2026-07-05 00:58:01,821 [INFO] Filtering files for template: summary_statement
2026-07-05 00:58:01,823 [INFO]   Matched: 1 | Skipped: 4 | Errors: 0
2026-07-05 00:58:01,823 [INFO] 
  >> Generating 1 'summary_statement' bills

2026-07-05 00:58:01,826 [INFO]   Temp PDF dir: C:\Users\acer\AppData\Local\Temp\slt_bills__lbg26gv

2026-07-05 00:58:01,826 [INFO] Starting: 1 files, 7 workers
2026-07-05 00:58:04,743 [INFO]     Progress: 1/1 (100%)
2026-07-05 00:58:04,776 [INFO] Batch complete: 1 success, 0 failed in 3.0s (1220/hr)
2026-07-05 00:58:04,776 [INFO] 
======================================================================
2026-07-05 00:58:04,776 [INFO] PROCESSING SUMMARY
2026-07-05 00:58:04,777 [INFO] ======================================================================
2026-07-05 00:58:04,777 [INFO] Total files:      1
2026-07-05 00:58:04,777 [INFO] Successful:       1
2026-07-05 00:58:04,777 [INFO] Failed:           0
2026-07-05 00:58:04,777 [INFO] Success rate:     100.0%
2026-07-05 00:58:04,777 [INFO] Total duration:   2.95s
2026-07-05 00:58:04,777 [INFO] Rate:             0.34 files/sec
2026-07-05 00:58:04,777 [INFO]                   1,220 files/hour
2026-07-05 00:58:04,777 [INFO] Target:           40,000 files/hour
2026-07-05 00:58:04,777 [INFO] Target met:       NO
2026-07-05 00:58:04,777 [INFO] 
By template:
2026-07-05 00:58:04,777 [INFO]   summary_statement: 1/1 (avg 2449.16ms)
2026-07-05 00:58:04,777 [INFO] ======================================================================

2026-07-05 00:58:04,778 [INFO]   Detailed report: D:\SmartAI_Bill\logs\stats_20260705_005804.json
2026-07-05 00:58:04,779 [INFO] 
======================================================================
2026-07-05 00:58:04,779 [INFO]   CREATING ZIP BATCHES
2026-07-05 00:58:04,779 [INFO] ======================================================================
2026-07-05 00:58:04,779 [INFO] 
Zipping 1 PDFs for 'summary_statement' (batches of 1500)
2026-07-05 00:58:04,826 [INFO]   OK: SLT_BILLS_summary_statement_0001_20260705_005804.zip (1 PDFs, 0.1 MB)
2026-07-05 00:58:04,828 [INFO] 
  Total ZIPs created: 1
2026-07-05 00:58:04,828 [INFO]     summary_statement: 1 ZIPs
2026-07-05 00:58:04,828 [INFO] 
  ZIP output folder: D:\SmartAI_Bill\output\zips
2026-07-05 00:58:04,828 [INFO] 
  Processing complete

