2026-07-06 10:18:40,573 [INFO] ======================================================================
2026-07-06 10:18:40,573 [INFO]   SLT BILL GENERATOR
2026-07-06 10:18:40,573 [INFO] ======================================================================
2026-07-06 10:18:40,573 [INFO]   Inbound folder:  D:\SmartAI_Bill\data\inbound
2026-07-06 10:18:40,573 [INFO]   Files found:     2
2026-07-06 10:18:40,573 [INFO]   Workers:         7
2026-07-06 10:18:40,573 [INFO]   ZIP batch size:  1500 (fixed)
2026-07-06 10:18:40,573 [INFO]   Log file:        D:\SmartAI_Bill\logs\slt_bills_20260706_101840.log
2026-07-06 10:18:40,573 [INFO] ======================================================================
2026-07-06 10:18:43,811 [INFO] Filtering files for template: nonvat_enterprise
2026-07-06 10:18:43,813 [INFO]   Matched: 1 | Skipped: 1 | Errors: 0
2026-07-06 10:18:43,813 [INFO] 
  >> Generating 1 'nonvat_enterprise' bills

2026-07-06 10:18:43,815 [INFO]   Temp PDF dir: C:\Users\acer\AppData\Local\Temp\slt_bills_1iw52_r5

2026-07-06 10:18:43,815 [INFO] Starting: 1 files, 7 workers
2026-07-06 10:18:44,163 [INFO]     Progress: 1/1 (100%)
2026-07-06 10:18:44,183 [INFO] Batch complete: 1 success, 0 failed in 0.4s (9764/hr)
2026-07-06 10:18:44,184 [INFO] 
======================================================================
2026-07-06 10:18:44,184 [INFO] PROCESSING SUMMARY
2026-07-06 10:18:44,184 [INFO] ======================================================================
2026-07-06 10:18:44,184 [INFO] Total files:      1
2026-07-06 10:18:44,184 [INFO] Successful:       1
2026-07-06 10:18:44,184 [INFO] Failed:           0
2026-07-06 10:18:44,184 [INFO] Success rate:     100.0%
2026-07-06 10:18:44,184 [INFO] Total duration:   0.37s
2026-07-06 10:18:44,184 [INFO] Rate:             2.71 files/sec
2026-07-06 10:18:44,184 [INFO]                   9,758 files/hour
2026-07-06 10:18:44,184 [INFO] Target:           40,000 files/hour
2026-07-06 10:18:44,184 [INFO] Target met:       NO
2026-07-06 10:18:44,184 [INFO] 
By template:
2026-07-06 10:18:44,184 [INFO]   nonvat_enterprise: 1/1 (avg 81.71ms)
2026-07-06 10:18:44,184 [INFO] ======================================================================

2026-07-06 10:18:44,185 [INFO]   Detailed report: D:\SmartAI_Bill\logs\stats_20260706_101844.json
2026-07-06 10:18:44,185 [INFO] 
======================================================================
2026-07-06 10:18:44,185 [INFO]   CREATING ZIP BATCHES
2026-07-06 10:18:44,185 [INFO] ======================================================================
2026-07-06 10:18:44,185 [INFO] 
Zipping 1 PDFs for 'nonvat_enterprise' (batches of 1500)
2026-07-06 10:18:44,220 [INFO]   OK: SLT_BILLS_nonvat_enterprise_0001_20260706_101844.zip (1 PDFs, 0.3 MB)
2026-07-06 10:18:44,220 [INFO] 
  Total ZIPs created: 1
2026-07-06 10:18:44,221 [INFO]     nonvat_enterprise: 1 ZIPs
2026-07-06 10:18:44,221 [INFO] 
  ZIP output folder: D:\SmartAI_Bill\output\zips
2026-07-06 10:18:44,221 [INFO] 
  Processing complete

