2026-07-06 09:44:07,791 [INFO] ======================================================================
2026-07-06 09:44:07,791 [INFO]   SLT BILL GENERATOR
2026-07-06 09:44:07,791 [INFO] ======================================================================
2026-07-06 09:44:07,791 [INFO]   Inbound folder:  D:\SmartAI_Bill\data\inbound
2026-07-06 09:44:07,791 [INFO]   Files found:     3
2026-07-06 09:44:07,791 [INFO]   Workers:         7
2026-07-06 09:44:07,791 [INFO]   ZIP batch size:  1500 (fixed)
2026-07-06 09:44:07,791 [INFO]   Log file:        D:\SmartAI_Bill\logs\slt_bills_20260706_094407.log
2026-07-06 09:44:07,791 [INFO] ======================================================================
2026-07-06 09:44:17,501 [INFO] Filtering files for template: nonvat_home
2026-07-06 09:44:17,502 [INFO]   Matched: 1 | Skipped: 2 | Errors: 0
2026-07-06 09:44:17,502 [INFO] 
  >> Generating 1 'nonvat_home' bills

2026-07-06 09:44:17,504 [INFO]   Temp PDF dir: C:\Users\acer\AppData\Local\Temp\slt_bills_bqurp2np

2026-07-06 09:44:17,504 [INFO] Starting: 1 files, 7 workers
2026-07-06 09:44:17,861 [INFO]     Progress: 1/1 (100%)
2026-07-06 09:44:17,884 [INFO] Batch complete: 1 success, 0 failed in 0.4s (9491/hr)
2026-07-06 09:44:17,884 [INFO] 
======================================================================
2026-07-06 09:44:17,884 [INFO] PROCESSING SUMMARY
2026-07-06 09:44:17,884 [INFO] ======================================================================
2026-07-06 09:44:17,884 [INFO] Total files:      1
2026-07-06 09:44:17,884 [INFO] Successful:       1
2026-07-06 09:44:17,884 [INFO] Failed:           0
2026-07-06 09:44:17,884 [INFO] Success rate:     100.0%
2026-07-06 09:44:17,884 [INFO] Total duration:   0.38s
2026-07-06 09:44:17,884 [INFO] Rate:             2.63 files/sec
2026-07-06 09:44:17,884 [INFO]                   9,485 files/hour
2026-07-06 09:44:17,884 [INFO] Target:           40,000 files/hour
2026-07-06 09:44:17,884 [INFO] Target met:       NO
2026-07-06 09:44:17,884 [INFO] 
By template:
2026-07-06 09:44:17,884 [INFO]   nonvat_home: 1/1 (avg 112.99ms)
2026-07-06 09:44:17,884 [INFO] ======================================================================

2026-07-06 09:44:17,885 [INFO]   Detailed report: D:\SmartAI_Bill\logs\stats_20260706_094417.json
2026-07-06 09:44:17,885 [INFO] 
======================================================================
2026-07-06 09:44:17,885 [INFO]   CREATING ZIP BATCHES
2026-07-06 09:44:17,885 [INFO] ======================================================================
2026-07-06 09:44:17,885 [INFO] 
Zipping 1 PDFs for 'nonvat_home' (batches of 1500)
2026-07-06 09:44:17,915 [INFO]   OK: SLT_BILLS_nonvat_home_0001_20260706_094417.zip (1 PDFs, 0.3 MB)
2026-07-06 09:44:17,916 [INFO] 
  Total ZIPs created: 1
2026-07-06 09:44:17,917 [INFO]     nonvat_home: 1 ZIPs
2026-07-06 09:44:17,917 [INFO] 
  ZIP output folder: D:\SmartAI_Bill\output\zips
2026-07-06 09:44:17,917 [INFO] 
  Processing complete

