2026-07-06 09:15:18,963 [INFO] ======================================================================
2026-07-06 09:15:18,963 [INFO]   SLT BILL GENERATOR
2026-07-06 09:15:18,963 [INFO] ======================================================================
2026-07-06 09:15:18,964 [INFO]   Inbound folder:  D:\SmartAI_Bill\data\inbound
2026-07-06 09:15:18,964 [INFO]   Files found:     3
2026-07-06 09:15:18,964 [INFO]   Workers:         7
2026-07-06 09:15:18,964 [INFO]   ZIP batch size:  1500 (fixed)
2026-07-06 09:15:18,964 [INFO]   Log file:        D:\SmartAI_Bill\logs\slt_bills_20260706_091518.log
2026-07-06 09:15:18,964 [INFO] ======================================================================
2026-07-06 09:15:21,664 [INFO] Filtering files for template: nonvat_home
2026-07-06 09:15:21,665 [INFO]   Matched: 1 | Skipped: 2 | Errors: 0
2026-07-06 09:15:21,665 [INFO] 
  >> Generating 1 'nonvat_home' bills

2026-07-06 09:15:21,667 [INFO]   Temp PDF dir: C:\Users\acer\AppData\Local\Temp\slt_bills_uor3vbge

2026-07-06 09:15:21,667 [INFO] Starting: 1 files, 7 workers
2026-07-06 09:15:22,046 [INFO]     Progress: 1/1 (100%)
2026-07-06 09:15:22,071 [INFO] Batch complete: 1 success, 0 failed in 0.4s (8914/hr)
2026-07-06 09:15:22,071 [INFO] 
======================================================================
2026-07-06 09:15:22,071 [INFO] PROCESSING SUMMARY
2026-07-06 09:15:22,071 [INFO] ======================================================================
2026-07-06 09:15:22,071 [INFO] Total files:      1
2026-07-06 09:15:22,071 [INFO] Successful:       1
2026-07-06 09:15:22,071 [INFO] Failed:           0
2026-07-06 09:15:22,071 [INFO] Success rate:     100.0%
2026-07-06 09:15:22,071 [INFO] Total duration:   0.4s
2026-07-06 09:15:22,071 [INFO] Rate:             2.47 files/sec
2026-07-06 09:15:22,071 [INFO]                   8,908 files/hour
2026-07-06 09:15:22,071 [INFO] Target:           40,000 files/hour
2026-07-06 09:15:22,071 [INFO] Target met:       NO
2026-07-06 09:15:22,071 [INFO] 
By template:
2026-07-06 09:15:22,071 [INFO]   nonvat_home: 1/1 (avg 118.3ms)
2026-07-06 09:15:22,071 [INFO] ======================================================================

2026-07-06 09:15:22,072 [INFO]   Detailed report: D:\SmartAI_Bill\logs\stats_20260706_091522.json
2026-07-06 09:15:22,073 [INFO] 
======================================================================
2026-07-06 09:15:22,073 [INFO]   CREATING ZIP BATCHES
2026-07-06 09:15:22,073 [INFO] ======================================================================
2026-07-06 09:15:22,073 [INFO] 
Zipping 1 PDFs for 'nonvat_home' (batches of 1500)
2026-07-06 09:15:22,132 [INFO]   OK: SLT_BILLS_nonvat_home_0001_20260706_091522.zip (1 PDFs, 0.3 MB)
2026-07-06 09:15:22,133 [INFO] 
  Total ZIPs created: 1
2026-07-06 09:15:22,133 [INFO]     nonvat_home: 1 ZIPs
2026-07-06 09:15:22,134 [INFO] 
  ZIP output folder: D:\SmartAI_Bill\output\zips
2026-07-06 09:15:22,134 [INFO] 
  Processing complete

