2026-07-06 14:04:56,580 [INFO] ======================================================================
2026-07-06 14:04:56,580 [INFO]   SLT BILL GENERATOR
2026-07-06 14:04:56,581 [INFO] ======================================================================
2026-07-06 14:04:56,581 [INFO]   Inbound folder:  D:\SmartAI_Bill\data\inbound
2026-07-06 14:04:56,581 [INFO]   Files found:     1
2026-07-06 14:04:56,581 [INFO]   Workers:         7
2026-07-06 14:04:56,581 [INFO]   ZIP batch size:  1500 (fixed)
2026-07-06 14:04:56,581 [INFO]   Log file:        D:\SmartAI_Bill\logs\slt_bills_20260706_140456.log
2026-07-06 14:04:56,581 [INFO] ======================================================================
2026-07-06 14:05:03,266 [INFO] Filtering files for template: invoice_of_summary
2026-07-06 14:05:03,267 [INFO]   Matched: 1 | Skipped: 0 | Errors: 0
2026-07-06 14:05:03,267 [INFO] 
  >> Generating 1 'invoice_of_summary' bills

2026-07-06 14:05:03,269 [INFO]   Temp PDF dir: C:\Users\acer\AppData\Local\Temp\slt_bills_4drf3vpx

2026-07-06 14:05:03,269 [INFO] Starting: 1 files, 7 workers
2026-07-06 14:05:03,723 [INFO]     Progress: 1/1 (100%)
2026-07-06 14:05:03,747 [INFO] Batch complete: 1 success, 0 failed in 0.5s (7529/hr)
2026-07-06 14:05:03,747 [INFO] 
======================================================================
2026-07-06 14:05:03,748 [INFO] PROCESSING SUMMARY
2026-07-06 14:05:03,748 [INFO] ======================================================================
2026-07-06 14:05:03,748 [INFO] Total files:      1
2026-07-06 14:05:03,748 [INFO] Successful:       1
2026-07-06 14:05:03,748 [INFO] Failed:           0
2026-07-06 14:05:03,748 [INFO] Success rate:     100.0%
2026-07-06 14:05:03,748 [INFO] Total duration:   0.48s
2026-07-06 14:05:03,748 [INFO] Rate:             2.09 files/sec
2026-07-06 14:05:03,748 [INFO]                   7,524 files/hour
2026-07-06 14:05:03,748 [INFO] Target:           40,000 files/hour
2026-07-06 14:05:03,748 [INFO] Target met:       NO
2026-07-06 14:05:03,748 [INFO] 
By template:
2026-07-06 14:05:03,748 [INFO]   invoice_of_summary: 1/1 (avg 92.3ms)
2026-07-06 14:05:03,748 [INFO] ======================================================================

2026-07-06 14:05:03,748 [INFO]   Detailed report: D:\SmartAI_Bill\logs\stats_20260706_140503.json
2026-07-06 14:05:03,748 [INFO] 
======================================================================
2026-07-06 14:05:03,748 [INFO]   CREATING ZIP BATCHES
2026-07-06 14:05:03,748 [INFO] ======================================================================
2026-07-06 14:05:03,748 [INFO] 
Zipping 1 PDFs for 'invoice_of_summary' (batches of 1500)
2026-07-06 14:05:03,797 [INFO]   OK: SLT_BILLS_invoice_of_summary_0001_20260706_140503.zip (1 PDFs, 0.3 MB)
2026-07-06 14:05:03,798 [INFO] 
  Total ZIPs created: 1
2026-07-06 14:05:03,798 [INFO]     invoice_of_summary: 1 ZIPs
2026-07-06 14:05:03,798 [INFO] 
  ZIP output folder: D:\SmartAI_Bill\output\zips
2026-07-06 14:05:03,798 [INFO] 
  Processing complete

