2026-07-05 00:52:35,500 [INFO] ======================================================================
2026-07-05 00:52:35,500 [INFO]   SLT BILL GENERATOR
2026-07-05 00:52:35,500 [INFO] ======================================================================
2026-07-05 00:52:35,501 [INFO]   Inbound folder:  D:\SmartAI_Bill\data\inbound
2026-07-05 00:52:35,501 [INFO]   Files found:     5
2026-07-05 00:52:35,501 [INFO]   Workers:         7
2026-07-05 00:52:35,501 [INFO]   ZIP batch size:  1500 (fixed)
2026-07-05 00:52:35,501 [INFO]   Log file:        D:\SmartAI_Bill\logs\slt_bills_20260705_005235.log
2026-07-05 00:52:35,501 [INFO] ======================================================================
2026-07-05 00:52:39,776 [INFO] Filtering files for template: summary_statement
2026-07-05 00:52:39,792 [INFO]   Matched: 1 | Skipped: 4 | Errors: 0
2026-07-05 00:52:39,792 [INFO] 
  >> Generating 1 'summary_statement' bills

2026-07-05 00:52:39,794 [INFO]   Temp PDF dir: C:\Users\acer\AppData\Local\Temp\slt_bills_qp6v7032

2026-07-05 00:52:39,794 [INFO] Starting: 1 files, 7 workers
2026-07-05 00:52:43,027 [INFO]     Progress: 1/1 (100%)
2026-07-05 00:52:43,064 [INFO] Batch complete: 1 success, 0 failed in 3.3s (1101/hr)
2026-07-05 00:52:43,064 [INFO] 
======================================================================
2026-07-05 00:52:43,064 [INFO] PROCESSING SUMMARY
2026-07-05 00:52:43,064 [INFO] ======================================================================
2026-07-05 00:52:43,065 [INFO] Total files:      1
2026-07-05 00:52:43,065 [INFO] Successful:       1
2026-07-05 00:52:43,065 [INFO] Failed:           0
2026-07-05 00:52:43,065 [INFO] Success rate:     100.0%
2026-07-05 00:52:43,065 [INFO] Total duration:   3.27s
2026-07-05 00:52:43,065 [INFO] Rate:             0.31 files/sec
2026-07-05 00:52:43,065 [INFO]                   1,101 files/hour
2026-07-05 00:52:43,065 [INFO] Target:           40,000 files/hour
2026-07-05 00:52:43,065 [INFO] Target met:       NO
2026-07-05 00:52:43,065 [INFO] 
By template:
2026-07-05 00:52:43,066 [INFO]   summary_statement: 1/1 (avg 2775.47ms)
2026-07-05 00:52:43,066 [INFO] ======================================================================

2026-07-05 00:52:43,067 [INFO]   Detailed report: D:\SmartAI_Bill\logs\stats_20260705_005243.json
2026-07-05 00:52:43,068 [INFO] 
======================================================================
2026-07-05 00:52:43,068 [INFO]   CREATING ZIP BATCHES
2026-07-05 00:52:43,068 [INFO] ======================================================================
2026-07-05 00:52:43,069 [INFO] 
Zipping 1 PDFs for 'summary_statement' (batches of 1500)
2026-07-05 00:52:43,111 [INFO]   OK: SLT_BILLS_summary_statement_0001_20260705_005243.zip (1 PDFs, 0.1 MB)
2026-07-05 00:52:43,113 [INFO] 
  Total ZIPs created: 1
2026-07-05 00:52:43,113 [INFO]     summary_statement: 1 ZIPs
2026-07-05 00:52:43,114 [INFO] 
  ZIP output folder: D:\SmartAI_Bill\output\zips
2026-07-05 00:52:43,114 [INFO] 
  Processing complete

