2026-07-06 12:46:03,220 [INFO] ======================================================================
2026-07-06 12:46:03,220 [INFO]   SLT BILL GENERATOR
2026-07-06 12:46:03,220 [INFO] ======================================================================
2026-07-06 12:46:03,220 [INFO]   Inbound folder:  D:\SmartAI_Bill\data\inbound
2026-07-06 12:46:03,220 [INFO]   Files found:     3
2026-07-06 12:46:03,220 [INFO]   Workers:         7
2026-07-06 12:46:03,221 [INFO]   ZIP batch size:  1500 (fixed)
2026-07-06 12:46:03,221 [INFO]   Log file:        D:\SmartAI_Bill\logs\slt_bills_20260706_124603.log
2026-07-06 12:46:03,221 [INFO] ======================================================================
2026-07-06 12:46:04,408 [INFO] Filtering files for template: subscription_ref_grouping
2026-07-06 12:46:04,410 [INFO]   Matched: 1 | Skipped: 2 | Errors: 0
2026-07-06 12:46:04,411 [INFO] 
  >> Generating 1 'subscription_ref_grouping' bills

2026-07-06 12:46:04,413 [INFO]   Temp PDF dir: C:\Users\acer\AppData\Local\Temp\slt_bills__c0w6ogu

2026-07-06 12:46:04,413 [INFO] Starting: 1 files, 7 workers
2026-07-06 12:46:05,111 [INFO]     Progress: 1/1 (100%)
2026-07-06 12:46:05,151 [INFO] Batch complete: 1 success, 0 failed in 0.7s (4874/hr)
2026-07-06 12:46:05,152 [INFO] 
======================================================================
2026-07-06 12:46:05,152 [INFO] PROCESSING SUMMARY
2026-07-06 12:46:05,152 [INFO] ======================================================================
2026-07-06 12:46:05,152 [INFO] Total files:      1
2026-07-06 12:46:05,152 [INFO] Successful:       1
2026-07-06 12:46:05,152 [INFO] Failed:           0
2026-07-06 12:46:05,152 [INFO] Success rate:     100.0%
2026-07-06 12:46:05,152 [INFO] Total duration:   0.74s
2026-07-06 12:46:05,152 [INFO] Rate:             1.35 files/sec
2026-07-06 12:46:05,152 [INFO]                   4,871 files/hour
2026-07-06 12:46:05,153 [INFO] Target:           40,000 files/hour
2026-07-06 12:46:05,153 [INFO] Target met:       NO
2026-07-06 12:46:05,153 [INFO] 
By template:
2026-07-06 12:46:05,153 [INFO]   subscription_ref_grouping: 1/1 (avg 271.25ms)
2026-07-06 12:46:05,153 [INFO] ======================================================================

2026-07-06 12:46:05,154 [INFO]   Detailed report: D:\SmartAI_Bill\logs\stats_20260706_124605.json
2026-07-06 12:46:05,154 [INFO] 
======================================================================
2026-07-06 12:46:05,155 [INFO]   CREATING ZIP BATCHES
2026-07-06 12:46:05,155 [INFO] ======================================================================
2026-07-06 12:46:05,156 [INFO] 
Zipping 1 PDFs for 'subscription_ref_grouping' (batches of 1500)
2026-07-06 12:46:05,229 [INFO]   OK: SLT_BILLS_subscription_ref_grouping_0001_20260706_124605.zip (1 PDFs, 0.2 MB)
2026-07-06 12:46:05,230 [INFO] 
  Total ZIPs created: 1
2026-07-06 12:46:05,230 [INFO]     subscription_ref_grouping: 1 ZIPs
2026-07-06 12:46:05,230 [INFO] 
  ZIP output folder: D:\SmartAI_Bill\output\zips
2026-07-06 12:46:05,230 [INFO] 
  Processing complete

