2026-07-06 12:20:17,064 [INFO] ======================================================================
2026-07-06 12:20:17,064 [INFO]   SLT BILL GENERATOR
2026-07-06 12:20:17,065 [INFO] ======================================================================
2026-07-06 12:20:17,065 [INFO]   Inbound folder:  D:\SmartAI_Bill\data\inbound
2026-07-06 12:20:17,065 [INFO]   Files found:     2
2026-07-06 12:20:17,065 [INFO]   Workers:         7
2026-07-06 12:20:17,065 [INFO]   ZIP batch size:  1500 (fixed)
2026-07-06 12:20:17,065 [INFO]   Log file:        D:\SmartAI_Bill\logs\slt_bills_20260706_122017.log
2026-07-06 12:20:17,065 [INFO] ======================================================================
2026-07-06 12:20:25,820 [INFO] Filtering files for template: product_label_grouping
2026-07-06 12:20:25,823 [INFO]   Matched: 1 | Skipped: 1 | Errors: 0
2026-07-06 12:20:25,823 [INFO] 
  >> Generating 1 'product_label_grouping' bills

2026-07-06 12:20:25,825 [INFO]   Temp PDF dir: C:\Users\acer\AppData\Local\Temp\slt_bills_j_rl4_z5

2026-07-06 12:20:25,825 [INFO] Starting: 1 files, 7 workers
2026-07-06 12:20:26,384 [INFO]     Progress: 1/1 (100%)
2026-07-06 12:20:26,414 [INFO] Batch complete: 1 success, 0 failed in 0.6s (6112/hr)
2026-07-06 12:20:26,414 [INFO] 
======================================================================
2026-07-06 12:20:26,414 [INFO] PROCESSING SUMMARY
2026-07-06 12:20:26,415 [INFO] ======================================================================
2026-07-06 12:20:26,415 [INFO] Total files:      1
2026-07-06 12:20:26,415 [INFO] Successful:       1
2026-07-06 12:20:26,415 [INFO] Failed:           0
2026-07-06 12:20:26,415 [INFO] Success rate:     100.0%
2026-07-06 12:20:26,415 [INFO] Total duration:   0.59s
2026-07-06 12:20:26,415 [INFO] Rate:             1.7 files/sec
2026-07-06 12:20:26,415 [INFO]                   6,108 files/hour
2026-07-06 12:20:26,415 [INFO] Target:           40,000 files/hour
2026-07-06 12:20:26,415 [INFO] Target met:       NO
2026-07-06 12:20:26,415 [INFO] 
By template:
2026-07-06 12:20:26,415 [INFO]   product_label_grouping: 1/1 (avg 104.77ms)
2026-07-06 12:20:26,415 [INFO] ======================================================================

2026-07-06 12:20:26,416 [INFO]   Detailed report: D:\SmartAI_Bill\logs\stats_20260706_122026.json
2026-07-06 12:20:26,416 [INFO] 
======================================================================
2026-07-06 12:20:26,416 [INFO]   CREATING ZIP BATCHES
2026-07-06 12:20:26,416 [INFO] ======================================================================
2026-07-06 12:20:26,417 [INFO] 
Zipping 1 PDFs for 'product_label_grouping' (batches of 1500)
2026-07-06 12:20:26,462 [INFO]   OK: SLT_BILLS_product_label_grouping_0001_20260706_122026.zip (1 PDFs, 0.2 MB)
2026-07-06 12:20:26,464 [INFO] 
  Total ZIPs created: 1
2026-07-06 12:20:26,464 [INFO]     product_label_grouping: 1 ZIPs
2026-07-06 12:20:26,465 [INFO] 
  ZIP output folder: D:\SmartAI_Bill\output\zips
2026-07-06 12:20:26,465 [INFO] 
  Processing complete

