2026-07-05 02:46:57,173 [INFO] ======================================================================
2026-07-05 02:46:57,173 [INFO]   SLT BILL GENERATOR
2026-07-05 02:46:57,173 [INFO] ======================================================================
2026-07-05 02:46:57,174 [INFO]   Inbound folder:  D:\SmartAI_Bill\data\inbound
2026-07-05 02:46:57,174 [INFO]   Files found:     4
2026-07-05 02:46:57,174 [INFO]   Workers:         7
2026-07-05 02:46:57,174 [INFO]   ZIP batch size:  1500 (fixed)
2026-07-05 02:46:57,174 [INFO]   Log file:        D:\SmartAI_Bill\logs\slt_bills_20260705_024657.log
2026-07-05 02:46:57,174 [INFO] ======================================================================
2026-07-05 02:47:00,013 [INFO] Filtering files for template: subscription_ref_grouping
2026-07-05 02:47:00,015 [INFO]   Matched: 1 | Skipped: 3 | Errors: 0
2026-07-05 02:47:00,015 [INFO] 
  >> Generating 1 'subscription_ref_grouping' bills

2026-07-05 02:47:00,017 [INFO]   Temp PDF dir: C:\Users\acer\AppData\Local\Temp\slt_bills_0caut96x

2026-07-05 02:47:00,017 [INFO] Starting: 1 files, 7 workers
2026-07-05 02:47:00,590 [INFO]     Progress: 1/1 (100%)
2026-07-05 02:47:00,623 [INFO] Batch complete: 1 success, 0 failed in 0.6s (5952/hr)
2026-07-05 02:47:00,623 [INFO] 
======================================================================
2026-07-05 02:47:00,623 [INFO] PROCESSING SUMMARY
2026-07-05 02:47:00,623 [INFO] ======================================================================
2026-07-05 02:47:00,623 [INFO] Total files:      1
2026-07-05 02:47:00,623 [INFO] Successful:       1
2026-07-05 02:47:00,623 [INFO] Failed:           0
2026-07-05 02:47:00,623 [INFO] Success rate:     100.0%
2026-07-05 02:47:00,623 [INFO] Total duration:   0.61s
2026-07-05 02:47:00,623 [INFO] Rate:             1.65 files/sec
2026-07-05 02:47:00,623 [INFO]                   5,949 files/hour
2026-07-05 02:47:00,624 [INFO] Target:           40,000 files/hour
2026-07-05 02:47:00,624 [INFO] Target met:       NO
2026-07-05 02:47:00,624 [INFO] 
By template:
2026-07-05 02:47:00,624 [INFO]   subscription_ref_grouping: 1/1 (avg 113.89ms)
2026-07-05 02:47:00,624 [INFO] ======================================================================

2026-07-05 02:47:00,625 [INFO]   Detailed report: D:\SmartAI_Bill\logs\stats_20260705_024700.json
2026-07-05 02:47:00,626 [INFO] 
======================================================================
2026-07-05 02:47:00,626 [INFO]   CREATING ZIP BATCHES
2026-07-05 02:47:00,626 [INFO] ======================================================================
2026-07-05 02:47:00,626 [INFO] 
Zipping 1 PDFs for 'subscription_ref_grouping' (batches of 1500)
2026-07-05 02:47:00,701 [INFO]   OK: SLT_BILLS_subscription_ref_grouping_0001_20260705_024700.zip (1 PDFs, 0.2 MB)
2026-07-05 02:47:00,704 [INFO] 
  Total ZIPs created: 1
2026-07-05 02:47:00,704 [INFO]     subscription_ref_grouping: 1 ZIPs
2026-07-05 02:47:00,704 [INFO] 
  ZIP output folder: D:\SmartAI_Bill\output\zips
2026-07-05 02:47:00,704 [INFO] 
  Processing complete

