2026-07-06 12:45:43,884 [INFO] ======================================================================
2026-07-06 12:45:43,885 [INFO]   SLT BILL GENERATOR
2026-07-06 12:45:43,885 [INFO] ======================================================================
2026-07-06 12:45:43,885 [INFO]   Inbound folder:  D:\SmartAI_Bill\data\inbound
2026-07-06 12:45:43,885 [INFO]   Files found:     6
2026-07-06 12:45:43,885 [INFO]   Workers:         7
2026-07-06 12:45:43,886 [INFO]   ZIP batch size:  1500 (fixed)
2026-07-06 12:45:43,886 [INFO]   Log file:        D:\SmartAI_Bill\logs\slt_bills_20260706_124543.log
2026-07-06 12:45:43,886 [INFO] ======================================================================
2026-07-06 12:45:46,399 [INFO] Filtering files for template: nonvat_home
2026-07-06 12:45:46,475 [INFO]   Matched: 1 | Skipped: 5 | Errors: 0
2026-07-06 12:45:46,475 [INFO] 
  >> Generating 1 'nonvat_home' bills

2026-07-06 12:45:46,478 [INFO]   Temp PDF dir: C:\Users\acer\AppData\Local\Temp\slt_bills_h35621k4

2026-07-06 12:45:46,478 [INFO] Starting: 1 files, 7 workers
2026-07-06 12:45:47,218 [INFO]     Progress: 1/1 (100%)
2026-07-06 12:45:47,258 [INFO] Batch complete: 1 success, 0 failed in 0.8s (4616/hr)
2026-07-06 12:45:47,258 [INFO] 
======================================================================
2026-07-06 12:45:47,258 [INFO] PROCESSING SUMMARY
2026-07-06 12:45:47,258 [INFO] ======================================================================
2026-07-06 12:45:47,258 [INFO] Total files:      1
2026-07-06 12:45:47,259 [INFO] Successful:       1
2026-07-06 12:45:47,259 [INFO] Failed:           0
2026-07-06 12:45:47,259 [INFO] Success rate:     100.0%
2026-07-06 12:45:47,259 [INFO] Total duration:   0.78s
2026-07-06 12:45:47,259 [INFO] Rate:             1.28 files/sec
2026-07-06 12:45:47,259 [INFO]                   4,613 files/hour
2026-07-06 12:45:47,259 [INFO] Target:           40,000 files/hour
2026-07-06 12:45:47,259 [INFO] Target met:       NO
2026-07-06 12:45:47,260 [INFO] 
By template:
2026-07-06 12:45:47,260 [INFO]   nonvat_home: 1/1 (avg 309.04ms)
2026-07-06 12:45:47,260 [INFO] ======================================================================

2026-07-06 12:45:47,262 [INFO]   Detailed report: D:\SmartAI_Bill\logs\stats_20260706_124547.json
2026-07-06 12:45:47,262 [INFO] 
======================================================================
2026-07-06 12:45:47,262 [INFO]   CREATING ZIP BATCHES
2026-07-06 12:45:47,262 [INFO] ======================================================================
2026-07-06 12:45:47,264 [INFO] 
Zipping 1 PDFs for 'nonvat_home' (batches of 1500)
2026-07-06 12:45:47,356 [INFO]   OK: SLT_BILLS_nonvat_home_0001_20260706_124547.zip (1 PDFs, 0.3 MB)
2026-07-06 12:45:47,358 [INFO] 
  Total ZIPs created: 1
2026-07-06 12:45:47,358 [INFO]     nonvat_home: 1 ZIPs
2026-07-06 12:45:47,359 [INFO] 
  ZIP output folder: D:\SmartAI_Bill\output\zips
2026-07-06 12:45:47,359 [INFO] 
  Processing complete

