2026-07-06 10:37:40,033 [INFO] ======================================================================
2026-07-06 10:37:40,033 [INFO]   SLT BILL GENERATOR
2026-07-06 10:37:40,033 [INFO] ======================================================================
2026-07-06 10:37:40,033 [INFO]   Inbound folder:  D:\SmartAI_Bill\data\inbound
2026-07-06 10:37:40,034 [INFO]   Files found:     2
2026-07-06 10:37:40,034 [INFO]   Workers:         7
2026-07-06 10:37:40,034 [INFO]   ZIP batch size:  1500 (fixed)
2026-07-06 10:37:40,034 [INFO]   Log file:        D:\SmartAI_Bill\logs\slt_bills_20260706_103740.log
2026-07-06 10:37:40,034 [INFO] ======================================================================
2026-07-06 10:37:42,922 [INFO] Filtering files for template: nonvat_enterprise
2026-07-06 10:37:42,924 [INFO]   Matched: 1 | Skipped: 1 | Errors: 0
2026-07-06 10:37:42,924 [INFO] 
  >> Generating 1 'nonvat_enterprise' bills

2026-07-06 10:37:42,926 [INFO]   Temp PDF dir: C:\Users\acer\AppData\Local\Temp\slt_bills_0hc9ig_8

2026-07-06 10:37:42,926 [INFO] Starting: 1 files, 7 workers
2026-07-06 10:37:43,435 [INFO]     Progress: 1/1 (100%)
2026-07-06 10:37:43,463 [INFO] Batch complete: 1 success, 0 failed in 0.5s (6710/hr)
2026-07-06 10:37:43,463 [INFO] 
======================================================================
2026-07-06 10:37:43,463 [INFO] PROCESSING SUMMARY
2026-07-06 10:37:43,463 [INFO] ======================================================================
2026-07-06 10:37:43,463 [INFO] Total files:      1
2026-07-06 10:37:43,463 [INFO] Successful:       1
2026-07-06 10:37:43,463 [INFO] Failed:           0
2026-07-06 10:37:43,464 [INFO] Success rate:     100.0%
2026-07-06 10:37:43,464 [INFO] Total duration:   0.54s
2026-07-06 10:37:43,464 [INFO] Rate:             1.86 files/sec
2026-07-06 10:37:43,464 [INFO]                   6,706 files/hour
2026-07-06 10:37:43,464 [INFO] Target:           40,000 files/hour
2026-07-06 10:37:43,464 [INFO] Target met:       NO
2026-07-06 10:37:43,464 [INFO] 
By template:
2026-07-06 10:37:43,464 [INFO]   nonvat_enterprise: 1/1 (avg 79.66ms)
2026-07-06 10:37:43,464 [INFO] ======================================================================

2026-07-06 10:37:43,465 [INFO]   Detailed report: D:\SmartAI_Bill\logs\stats_20260706_103743.json
2026-07-06 10:37:43,465 [INFO] 
======================================================================
2026-07-06 10:37:43,465 [INFO]   CREATING ZIP BATCHES
2026-07-06 10:37:43,465 [INFO] ======================================================================
2026-07-06 10:37:43,466 [INFO] 
Zipping 1 PDFs for 'nonvat_enterprise' (batches of 1500)
2026-07-06 10:37:43,536 [INFO]   OK: SLT_BILLS_nonvat_enterprise_0001_20260706_103743.zip (1 PDFs, 0.3 MB)
2026-07-06 10:37:43,537 [INFO] 
  Total ZIPs created: 1
2026-07-06 10:37:43,538 [INFO]     nonvat_enterprise: 1 ZIPs
2026-07-06 10:37:43,538 [INFO] 
  ZIP output folder: D:\SmartAI_Bill\output\zips
2026-07-06 10:37:43,538 [INFO] 
  Processing complete

