2026-07-06 01:29:12,716 [INFO] ======================================================================
2026-07-06 01:29:12,717 [INFO]   SLT BILL GENERATOR
2026-07-06 01:29:12,717 [INFO] ======================================================================
2026-07-06 01:29:12,717 [INFO]   Inbound folder:  D:\SmartAI_Bill\data\inbound
2026-07-06 01:29:12,717 [INFO]   Files found:     3
2026-07-06 01:29:12,717 [INFO]   Workers:         7
2026-07-06 01:29:12,717 [INFO]   ZIP batch size:  1500 (fixed)
2026-07-06 01:29:12,717 [INFO]   Log file:        D:\SmartAI_Bill\logs\slt_bills_20260706_012912.log
2026-07-06 01:29:12,717 [INFO] ======================================================================
2026-07-06 01:29:15,821 [INFO] Filtering files for template: nonvat_home
2026-07-06 01:29:15,823 [INFO]   Matched: 1 | Skipped: 2 | Errors: 0
2026-07-06 01:29:15,823 [INFO] 
  >> Generating 1 'nonvat_home' bills

2026-07-06 01:29:15,825 [INFO]   Temp PDF dir: C:\Users\acer\AppData\Local\Temp\slt_bills_i0w0pmz6

2026-07-06 01:29:15,825 [INFO] Starting: 1 files, 7 workers
2026-07-06 01:29:16,451 [INFO]     Progress: 1/1 (100%)
2026-07-06 01:29:16,483 [INFO] Batch complete: 1 success, 0 failed in 0.7s (5471/hr)
2026-07-06 01:29:16,483 [INFO] 
======================================================================
2026-07-06 01:29:16,483 [INFO] PROCESSING SUMMARY
2026-07-06 01:29:16,484 [INFO] ======================================================================
2026-07-06 01:29:16,484 [INFO] Total files:      1
2026-07-06 01:29:16,484 [INFO] Successful:       1
2026-07-06 01:29:16,484 [INFO] Failed:           0
2026-07-06 01:29:16,484 [INFO] Success rate:     100.0%
2026-07-06 01:29:16,484 [INFO] Total duration:   0.66s
2026-07-06 01:29:16,484 [INFO] Rate:             1.52 files/sec
2026-07-06 01:29:16,484 [INFO]                   5,468 files/hour
2026-07-06 01:29:16,485 [INFO] Target:           40,000 files/hour
2026-07-06 01:29:16,485 [INFO] Target met:       NO
2026-07-06 01:29:16,485 [INFO] 
By template:
2026-07-06 01:29:16,485 [INFO]   nonvat_home: 1/1 (avg 146.24ms)
2026-07-06 01:29:16,485 [INFO] ======================================================================

2026-07-06 01:29:16,486 [INFO]   Detailed report: D:\SmartAI_Bill\logs\stats_20260706_012916.json
2026-07-06 01:29:16,486 [INFO] 
======================================================================
2026-07-06 01:29:16,486 [INFO]   CREATING ZIP BATCHES
2026-07-06 01:29:16,486 [INFO] ======================================================================
2026-07-06 01:29:16,487 [INFO] 
Zipping 1 PDFs for 'nonvat_home' (batches of 1500)
2026-07-06 01:29:16,558 [INFO]   OK: SLT_BILLS_nonvat_home_0001_20260706_012916.zip (1 PDFs, 0.3 MB)
2026-07-06 01:29:16,560 [INFO] 
  Total ZIPs created: 1
2026-07-06 01:29:16,560 [INFO]     nonvat_home: 1 ZIPs
2026-07-06 01:29:16,560 [INFO] 
  ZIP output folder: D:\SmartAI_Bill\output\zips
2026-07-06 01:29:16,560 [INFO] 
  Processing complete

