2026-07-06 12:46:08,033 [INFO] ======================================================================
2026-07-06 12:46:08,034 [INFO]   SLT BILL GENERATOR
2026-07-06 12:46:08,034 [INFO] ======================================================================
2026-07-06 12:46:08,034 [INFO]   Inbound folder:  D:\SmartAI_Bill\data\inbound
2026-07-06 12:46:08,034 [INFO]   Files found:     2
2026-07-06 12:46:08,034 [INFO]   Workers:         7
2026-07-06 12:46:08,034 [INFO]   ZIP batch size:  1500 (fixed)
2026-07-06 12:46:08,034 [INFO]   Log file:        D:\SmartAI_Bill\logs\slt_bills_20260706_124608.log
2026-07-06 12:46:08,034 [INFO] ======================================================================
2026-07-06 12:46:09,989 [INFO] Filtering files for template: summary_statement
2026-07-06 12:46:09,990 [INFO]   Matched: 1 | Skipped: 1 | Errors: 0
2026-07-06 12:46:09,991 [INFO] 
  >> Generating 1 'summary_statement' bills

2026-07-06 12:46:09,993 [INFO]   Temp PDF dir: C:\Users\acer\AppData\Local\Temp\slt_bills_7j3b4ovb

2026-07-06 12:46:09,993 [INFO] Starting: 1 files, 7 workers
2026-07-06 12:46:13,522 [INFO]     Progress: 1/1 (100%)
2026-07-06 12:46:13,558 [INFO] Batch complete: 1 success, 0 failed in 3.6s (1010/hr)
2026-07-06 12:46:13,558 [INFO] 
======================================================================
2026-07-06 12:46:13,558 [INFO] PROCESSING SUMMARY
2026-07-06 12:46:13,558 [INFO] ======================================================================
2026-07-06 12:46:13,558 [INFO] Total files:      1
2026-07-06 12:46:13,558 [INFO] Successful:       1
2026-07-06 12:46:13,558 [INFO] Failed:           0
2026-07-06 12:46:13,559 [INFO] Success rate:     100.0%
2026-07-06 12:46:13,559 [INFO] Total duration:   3.56s
2026-07-06 12:46:13,559 [INFO] Rate:             0.28 files/sec
2026-07-06 12:46:13,559 [INFO]                   1,010 files/hour
2026-07-06 12:46:13,559 [INFO] Target:           40,000 files/hour
2026-07-06 12:46:13,559 [INFO] Target met:       NO
2026-07-06 12:46:13,559 [INFO] 
By template:
2026-07-06 12:46:13,559 [INFO]   summary_statement: 1/1 (avg 3116.29ms)
2026-07-06 12:46:13,559 [INFO] ======================================================================

2026-07-06 12:46:13,560 [INFO]   Detailed report: D:\SmartAI_Bill\logs\stats_20260706_124613.json
2026-07-06 12:46:13,561 [INFO] 
======================================================================
2026-07-06 12:46:13,561 [INFO]   CREATING ZIP BATCHES
2026-07-06 12:46:13,561 [INFO] ======================================================================
2026-07-06 12:46:13,562 [INFO] 
Zipping 1 PDFs for 'summary_statement' (batches of 1500)
2026-07-06 12:46:13,601 [INFO]   OK: SLT_BILLS_summary_statement_0001_20260706_124613.zip (1 PDFs, 0.1 MB)
2026-07-06 12:46:13,603 [INFO] 
  Total ZIPs created: 1
2026-07-06 12:46:13,603 [INFO]     summary_statement: 1 ZIPs
2026-07-06 12:46:13,603 [INFO] 
  ZIP output folder: D:\SmartAI_Bill\output\zips
2026-07-06 12:46:13,603 [INFO] 
  Processing complete

