2026-07-06 16:23:37,784 [INFO] ======================================================================
2026-07-06 16:23:37,784 [INFO]   SLT BILL GENERATOR
2026-07-06 16:23:37,784 [INFO] ======================================================================
2026-07-06 16:23:37,785 [INFO]   Inbound folder:  D:\SmartAI_Bill\data\inbound
2026-07-06 16:23:37,785 [INFO]   Files found:     1
2026-07-06 16:23:37,785 [INFO]   Workers:         7
2026-07-06 16:23:37,785 [INFO]   ZIP batch size:  1500 (fixed)
2026-07-06 16:23:37,785 [INFO]   Log file:        D:\SmartAI_Bill\logs\slt_bills_20260706_162337.log
2026-07-06 16:23:37,785 [INFO] ======================================================================
2026-07-06 16:23:43,622 [INFO] Filtering files for template: invoice_of_summary
2026-07-06 16:23:43,623 [INFO]   Matched: 1 | Skipped: 0 | Errors: 0
2026-07-06 16:23:43,623 [INFO] 
  >> Generating 1 'invoice_of_summary' bills

2026-07-06 16:23:43,625 [INFO]   Temp PDF dir: C:\Users\acer\AppData\Local\Temp\slt_bills_0nvhqgiz

2026-07-06 16:23:43,625 [INFO] Starting: 1 files, 7 workers
2026-07-06 16:23:44,931 [INFO]     Progress: 1/1 (100%)
2026-07-06 16:23:44,966 [INFO] Batch complete: 1 success, 0 failed in 1.3s (2685/hr)
2026-07-06 16:23:44,967 [INFO] 
======================================================================
2026-07-06 16:23:44,967 [INFO] PROCESSING SUMMARY
2026-07-06 16:23:44,967 [INFO] ======================================================================
2026-07-06 16:23:44,967 [INFO] Total files:      1
2026-07-06 16:23:44,967 [INFO] Successful:       1
2026-07-06 16:23:44,967 [INFO] Failed:           0
2026-07-06 16:23:44,967 [INFO] Success rate:     100.0%
2026-07-06 16:23:44,967 [INFO] Total duration:   1.34s
2026-07-06 16:23:44,967 [INFO] Rate:             0.75 files/sec
2026-07-06 16:23:44,967 [INFO]                   2,684 files/hour
2026-07-06 16:23:44,967 [INFO] Target:           40,000 files/hour
2026-07-06 16:23:44,967 [INFO] Target met:       NO
2026-07-06 16:23:44,967 [INFO] 
By template:
2026-07-06 16:23:44,968 [INFO]   invoice_of_summary: 1/1 (avg 855.39ms)
2026-07-06 16:23:44,968 [INFO] ======================================================================

2026-07-06 16:23:45,007 [INFO]   Detailed report: D:\SmartAI_Bill\logs\stats_20260706_162344.json
2026-07-06 16:23:45,007 [INFO] 
======================================================================
2026-07-06 16:23:45,007 [INFO]   CREATING ZIP BATCHES
2026-07-06 16:23:45,007 [INFO] ======================================================================
2026-07-06 16:23:45,008 [INFO] 
Zipping 1 PDFs for 'invoice_of_summary' (batches of 1500)
2026-07-06 16:23:45,127 [INFO]   OK: SLT_BILLS_invoice_of_summary_0001_20260706_162345.zip (1 PDFs, 0.3 MB)
2026-07-06 16:23:45,129 [INFO] 
  Total ZIPs created: 1
2026-07-06 16:23:45,129 [INFO]     invoice_of_summary: 1 ZIPs
2026-07-06 16:23:45,129 [INFO] 
  ZIP output folder: D:\SmartAI_Bill\output\zips
2026-07-06 16:23:45,130 [INFO] 
  Processing complete

