2026-07-06 19:02:09,051 [INFO] ======================================================================
2026-07-06 19:02:09,052 [INFO]   SLT BILL GENERATOR
2026-07-06 19:02:09,052 [INFO] ======================================================================
2026-07-06 19:02:09,052 [INFO]   Inbound folder:  D:\SmartAI_Bill\data\inbound
2026-07-06 19:02:09,052 [INFO]   Files found:     1
2026-07-06 19:02:09,052 [INFO]   Workers:         7
2026-07-06 19:02:09,052 [INFO]   ZIP batch size:  1500 (fixed)
2026-07-06 19:02:09,052 [INFO]   Log file:        D:\SmartAI_Bill\logs\slt_bills_20260706_190209.log
2026-07-06 19:02:09,052 [INFO] ======================================================================
2026-07-06 19:02:16,874 [INFO] Filtering files for template: invoice_of_summary
2026-07-06 19:02:16,875 [INFO]   Matched: 1 | Skipped: 0 | Errors: 0
2026-07-06 19:02:16,876 [INFO] 
  >> Generating 1 'invoice_of_summary' bills

2026-07-06 19:02:16,877 [INFO]   Temp PDF dir: C:\Users\acer\AppData\Local\Temp\slt_bills_x_bgv_ps

2026-07-06 19:02:16,878 [INFO] Starting: 1 files, 7 workers
2026-07-06 19:02:18,166 [INFO]     Progress: 1/1 (100%)
2026-07-06 19:02:18,196 [INFO] Batch complete: 1 success, 0 failed in 1.3s (2730/hr)
2026-07-06 19:02:18,196 [INFO] 
======================================================================
2026-07-06 19:02:18,196 [INFO] PROCESSING SUMMARY
2026-07-06 19:02:18,196 [INFO] ======================================================================
2026-07-06 19:02:18,197 [INFO] Total files:      1
2026-07-06 19:02:18,197 [INFO] Successful:       1
2026-07-06 19:02:18,197 [INFO] Failed:           0
2026-07-06 19:02:18,197 [INFO] Success rate:     100.0%
2026-07-06 19:02:18,197 [INFO] Total duration:   1.32s
2026-07-06 19:02:18,197 [INFO] Rate:             0.76 files/sec
2026-07-06 19:02:18,197 [INFO]                   2,730 files/hour
2026-07-06 19:02:18,197 [INFO] Target:           40,000 files/hour
2026-07-06 19:02:18,197 [INFO] Target met:       NO
2026-07-06 19:02:18,197 [INFO] 
By template:
2026-07-06 19:02:18,197 [INFO]   invoice_of_summary: 1/1 (avg 840.33ms)
2026-07-06 19:02:18,197 [INFO] ======================================================================

2026-07-06 19:02:18,198 [INFO]   Detailed report: D:\SmartAI_Bill\logs\stats_20260706_190218.json
2026-07-06 19:02:18,198 [INFO] 
======================================================================
2026-07-06 19:02:18,198 [INFO]   CREATING ZIP BATCHES
2026-07-06 19:02:18,198 [INFO] ======================================================================
2026-07-06 19:02:18,199 [INFO] 
Zipping 1 PDFs for 'invoice_of_summary' (batches of 1500)
2026-07-06 19:02:18,330 [INFO]   OK: SLT_BILLS_invoice_of_summary_0001_20260706_190218.zip (1 PDFs, 0.3 MB)
2026-07-06 19:02:18,331 [INFO] 
  Total ZIPs created: 1
2026-07-06 19:02:18,331 [INFO]     invoice_of_summary: 1 ZIPs
2026-07-06 19:02:18,331 [INFO] 
  ZIP output folder: D:\SmartAI_Bill\output\zips
2026-07-06 19:02:18,331 [INFO] 
  Processing complete

