2026-07-06 19:32:20,569 [INFO] ======================================================================
2026-07-06 19:32:20,570 [INFO]   SLT BILL GENERATOR
2026-07-06 19:32:20,570 [INFO] ======================================================================
2026-07-06 19:32:20,570 [INFO]   Inbound folder:  D:\SmartAI_Bill\data\inbound
2026-07-06 19:32:20,570 [INFO]   Files found:     1
2026-07-06 19:32:20,570 [INFO]   Workers:         7
2026-07-06 19:32:20,570 [INFO]   ZIP batch size:  1500 (fixed)
2026-07-06 19:32:20,570 [INFO]   Log file:        D:\SmartAI_Bill\logs\slt_bills_20260706_193220.log
2026-07-06 19:32:20,570 [INFO] ======================================================================
2026-07-06 19:32:25,457 [INFO] Filtering files for template: invoice_of_summary
2026-07-06 19:32:25,458 [INFO]   Matched: 1 | Skipped: 0 | Errors: 0
2026-07-06 19:32:25,458 [INFO] 
  >> Generating 1 'invoice_of_summary' bills

2026-07-06 19:32:25,459 [INFO]   Temp PDF dir: C:\Users\acer\AppData\Local\Temp\slt_bills_0mpbhrzk

2026-07-06 19:32:25,460 [INFO] Starting: 1 files, 7 workers
2026-07-06 19:32:26,637 [INFO]     Progress: 1/1 (100%)
2026-07-06 19:32:26,667 [INFO] Batch complete: 1 success, 0 failed in 1.2s (2982/hr)
2026-07-06 19:32:26,667 [INFO] 
======================================================================
2026-07-06 19:32:26,667 [INFO] PROCESSING SUMMARY
2026-07-06 19:32:26,667 [INFO] ======================================================================
2026-07-06 19:32:26,667 [INFO] Total files:      1
2026-07-06 19:32:26,667 [INFO] Successful:       1
2026-07-06 19:32:26,667 [INFO] Failed:           0
2026-07-06 19:32:26,667 [INFO] Success rate:     100.0%
2026-07-06 19:32:26,667 [INFO] Total duration:   1.21s
2026-07-06 19:32:26,667 [INFO] Rate:             0.83 files/sec
2026-07-06 19:32:26,667 [INFO]                   2,981 files/hour
2026-07-06 19:32:26,668 [INFO] Target:           40,000 files/hour
2026-07-06 19:32:26,668 [INFO] Target met:       NO
2026-07-06 19:32:26,668 [INFO] 
By template:
2026-07-06 19:32:26,668 [INFO]   invoice_of_summary: 1/1 (avg 748.29ms)
2026-07-06 19:32:26,668 [INFO] ======================================================================

2026-07-06 19:32:26,669 [INFO]   Detailed report: D:\SmartAI_Bill\logs\stats_20260706_193226.json
2026-07-06 19:32:26,669 [INFO] 
======================================================================
2026-07-06 19:32:26,669 [INFO]   CREATING ZIP BATCHES
2026-07-06 19:32:26,669 [INFO] ======================================================================
2026-07-06 19:32:26,670 [INFO] 
Zipping 1 PDFs for 'invoice_of_summary' (batches of 1500)
2026-07-06 19:32:26,804 [INFO]   OK: SLT_BILLS_invoice_of_summary_0001_20260706_193226.zip (1 PDFs, 0.3 MB)
2026-07-06 19:32:26,807 [INFO] 
  Total ZIPs created: 1
2026-07-06 19:32:26,807 [INFO]     invoice_of_summary: 1 ZIPs
2026-07-06 19:32:26,807 [INFO] 
  ZIP output folder: D:\SmartAI_Bill\output\zips
2026-07-06 19:32:26,807 [INFO] 
  Processing complete

