2026-07-06 13:21:07,936 [INFO] ======================================================================
2026-07-06 13:21:07,936 [INFO]   SLT BILL GENERATOR
2026-07-06 13:21:07,936 [INFO] ======================================================================
2026-07-06 13:21:07,937 [INFO]   Inbound folder:  D:\SmartAI_Bill\data\inbound
2026-07-06 13:21:07,937 [INFO]   Files found:     1
2026-07-06 13:21:07,937 [INFO]   Workers:         7
2026-07-06 13:21:07,937 [INFO]   ZIP batch size:  1500 (fixed)
2026-07-06 13:21:07,937 [INFO]   Log file:        D:\SmartAI_Bill\logs\slt_bills_20260706_132107.log
2026-07-06 13:21:07,937 [INFO] ======================================================================
2026-07-06 13:21:12,634 [INFO] Filtering files for template: invoice_of_summary
2026-07-06 13:21:12,636 [INFO]   Matched: 1 | Skipped: 0 | Errors: 0
2026-07-06 13:21:12,636 [INFO] 
  >> Generating 1 'invoice_of_summary' bills

2026-07-06 13:21:12,638 [INFO]   Temp PDF dir: C:\Users\acer\AppData\Local\Temp\slt_bills_mu1m25jf

2026-07-06 13:21:12,638 [INFO] Starting: 1 files, 7 workers
2026-07-06 13:21:13,199 [INFO]     Progress: 1/1 (100%)
2026-07-06 13:21:13,229 [INFO] Batch complete: 1 success, 0 failed in 0.6s (6088/hr)
2026-07-06 13:21:13,229 [INFO] 
======================================================================
2026-07-06 13:21:13,229 [INFO] PROCESSING SUMMARY
2026-07-06 13:21:13,229 [INFO] ======================================================================
2026-07-06 13:21:13,230 [INFO] Total files:      1
2026-07-06 13:21:13,230 [INFO] Successful:       1
2026-07-06 13:21:13,230 [INFO] Failed:           0
2026-07-06 13:21:13,230 [INFO] Success rate:     100.0%
2026-07-06 13:21:13,230 [INFO] Total duration:   0.59s
2026-07-06 13:21:13,230 [INFO] Rate:             1.69 files/sec
2026-07-06 13:21:13,230 [INFO]                   6,084 files/hour
2026-07-06 13:21:13,230 [INFO] Target:           40,000 files/hour
2026-07-06 13:21:13,230 [INFO] Target met:       NO
2026-07-06 13:21:13,230 [INFO] 
By template:
2026-07-06 13:21:13,230 [INFO]   invoice_of_summary: 1/1 (avg 131.09ms)
2026-07-06 13:21:13,230 [INFO] ======================================================================

2026-07-06 13:21:13,231 [INFO]   Detailed report: D:\SmartAI_Bill\logs\stats_20260706_132113.json
2026-07-06 13:21:13,231 [INFO] 
======================================================================
2026-07-06 13:21:13,231 [INFO]   CREATING ZIP BATCHES
2026-07-06 13:21:13,231 [INFO] ======================================================================
2026-07-06 13:21:13,233 [INFO] 
Zipping 1 PDFs for 'invoice_of_summary' (batches of 1500)
2026-07-06 13:21:13,350 [INFO]   OK: SLT_BILLS_invoice_of_summary_0001_20260706_132113.zip (1 PDFs, 0.3 MB)
2026-07-06 13:21:13,351 [INFO] 
  Total ZIPs created: 1
2026-07-06 13:21:13,352 [INFO]     invoice_of_summary: 1 ZIPs
2026-07-06 13:21:13,352 [INFO] 
  ZIP output folder: D:\SmartAI_Bill\output\zips
2026-07-06 13:21:13,352 [INFO] 
  Processing complete

