2026-07-06 09:55:38,859 [INFO] ======================================================================
2026-07-06 09:55:38,859 [INFO]   SLT BILL GENERATOR
2026-07-06 09:55:38,859 [INFO] ======================================================================
2026-07-06 09:55:38,859 [INFO]   Inbound folder:  D:\SmartAI_Bill\data\inbound
2026-07-06 09:55:38,859 [INFO]   Files found:     2
2026-07-06 09:55:38,859 [INFO]   Workers:         7
2026-07-06 09:55:38,860 [INFO]   ZIP batch size:  1500 (fixed)
2026-07-06 09:55:38,860 [INFO]   Log file:        D:\SmartAI_Bill\logs\slt_bills_20260706_095538.log
2026-07-06 09:55:38,860 [INFO] ======================================================================
2026-07-06 09:55:41,553 [INFO] Filtering files for template: nonvat_enterprise
2026-07-06 09:55:41,554 [INFO]   Matched: 1 | Skipped: 1 | Errors: 0
2026-07-06 09:55:41,554 [INFO] 
  >> Generating 1 'nonvat_enterprise' bills

2026-07-06 09:55:41,556 [INFO]   Temp PDF dir: C:\Users\acer\AppData\Local\Temp\slt_bills_kbzhuv4t

2026-07-06 09:55:41,556 [INFO] Starting: 1 files, 7 workers
2026-07-06 09:55:41,822 [INFO]     Progress: 1/1 (100%)
2026-07-06 09:55:41,851 [INFO] Batch complete: 0 success, 1 failed in 0.3s (12217/hr)
2026-07-06 09:55:41,851 [INFO] 
======================================================================
2026-07-06 09:55:41,851 [INFO] PROCESSING SUMMARY
2026-07-06 09:55:41,851 [INFO] ======================================================================
2026-07-06 09:55:41,851 [INFO] Total files:      1
2026-07-06 09:55:41,851 [INFO] Successful:       0
2026-07-06 09:55:41,851 [INFO] Failed:           1
2026-07-06 09:55:41,851 [INFO] Success rate:     0.0%
2026-07-06 09:55:41,851 [INFO] Total duration:   0.3s
2026-07-06 09:55:41,851 [INFO] Rate:             3.39 files/sec
2026-07-06 09:55:41,852 [INFO]                   12,197 files/hour
2026-07-06 09:55:41,852 [INFO] Target:           40,000 files/hour
2026-07-06 09:55:41,852 [INFO] Target met:       NO
2026-07-06 09:55:41,852 [INFO] 
By template:
2026-07-06 09:55:41,852 [INFO]   nonvat_enterprise: 0/1 (avg 7.4ms)
2026-07-06 09:55:41,852 [INFO] ======================================================================

2026-07-06 09:55:41,853 [INFO]   Detailed report: D:\SmartAI_Bill\logs\stats_20260706_095541.json
2026-07-06 09:55:41,853 [INFO] 
======================================================================
2026-07-06 09:55:41,853 [INFO]   CREATING ZIP BATCHES
2026-07-06 09:55:41,853 [INFO] ======================================================================
2026-07-06 09:55:41,854 [INFO] 
  Total ZIPs created: 0
2026-07-06 09:55:41,854 [INFO] 
  ZIP output folder: D:\SmartAI_Bill\output\zips
2026-07-06 09:55:41,854 [INFO] 
  Processing complete

