2026-07-06 19:27:04,928 [INFO] ======================================================================
2026-07-06 19:27:04,928 [INFO]   SLT BILL GENERATOR
2026-07-06 19:27:04,928 [INFO] ======================================================================
2026-07-06 19:27:04,928 [INFO]   Inbound folder:  D:\SmartAI_Bill\data\inbound
2026-07-06 19:27:04,928 [INFO]   Files found:     1
2026-07-06 19:27:04,928 [INFO]   Workers:         7
2026-07-06 19:27:04,928 [INFO]   ZIP batch size:  1500 (fixed)
2026-07-06 19:27:04,928 [INFO]   Log file:        D:\SmartAI_Bill\logs\slt_bills_20260706_192704.log
2026-07-06 19:27:04,928 [INFO] ======================================================================
2026-07-06 19:27:10,537 [INFO] Filtering files for template: invoice_of_summary
2026-07-06 19:27:10,538 [INFO]   Matched: 1 | Skipped: 0 | Errors: 0
2026-07-06 19:27:10,539 [INFO] 
  >> Generating 1 'invoice_of_summary' bills

2026-07-06 19:27:10,540 [INFO]   Temp PDF dir: C:\Users\acer\AppData\Local\Temp\slt_bills_s80nnicc

2026-07-06 19:27:10,541 [INFO] Starting: 1 files, 7 workers
2026-07-06 19:27:11,681 [INFO]     Progress: 1/1 (100%)
2026-07-06 19:27:11,717 [INFO] Batch complete: 1 success, 0 failed in 1.2s (3061/hr)
2026-07-06 19:27:11,717 [INFO] 
======================================================================
2026-07-06 19:27:11,717 [INFO] PROCESSING SUMMARY
2026-07-06 19:27:11,717 [INFO] ======================================================================
2026-07-06 19:27:11,718 [INFO] Total files:      1
2026-07-06 19:27:11,718 [INFO] Successful:       1
2026-07-06 19:27:11,718 [INFO] Failed:           0
2026-07-06 19:27:11,718 [INFO] Success rate:     100.0%
2026-07-06 19:27:11,718 [INFO] Total duration:   1.18s
2026-07-06 19:27:11,718 [INFO] Rate:             0.85 files/sec
2026-07-06 19:27:11,718 [INFO]                   3,060 files/hour
2026-07-06 19:27:11,718 [INFO] Target:           40,000 files/hour
2026-07-06 19:27:11,718 [INFO] Target met:       NO
2026-07-06 19:27:11,718 [INFO] 
By template:
2026-07-06 19:27:11,718 [INFO]   invoice_of_summary: 1/1 (avg 735.87ms)
2026-07-06 19:27:11,718 [INFO] ======================================================================

2026-07-06 19:27:11,719 [INFO]   Detailed report: D:\SmartAI_Bill\logs\stats_20260706_192711.json
2026-07-06 19:27:11,719 [INFO] 
======================================================================
2026-07-06 19:27:11,720 [INFO]   CREATING ZIP BATCHES
2026-07-06 19:27:11,720 [INFO] ======================================================================
2026-07-06 19:27:11,720 [INFO] 
Zipping 1 PDFs for 'invoice_of_summary' (batches of 1500)
2026-07-06 19:27:11,869 [INFO]   OK: SLT_BILLS_invoice_of_summary_0001_20260706_192711.zip (1 PDFs, 0.3 MB)
2026-07-06 19:27:11,870 [INFO] 
  Total ZIPs created: 1
2026-07-06 19:27:11,870 [INFO]     invoice_of_summary: 1 ZIPs
2026-07-06 19:27:11,870 [INFO] 
  ZIP output folder: D:\SmartAI_Bill\output\zips
2026-07-06 19:27:11,870 [INFO] 
  Processing complete

