2026-07-06 14:40:35,539 [INFO] ======================================================================
2026-07-06 14:40:35,539 [INFO]   SLT BILL GENERATOR
2026-07-06 14:40:35,539 [INFO] ======================================================================
2026-07-06 14:40:35,539 [INFO]   Inbound folder:  D:\SmartAI_Bill\data\inbound
2026-07-06 14:40:35,539 [INFO]   Files found:     1
2026-07-06 14:40:35,539 [INFO]   Workers:         7
2026-07-06 14:40:35,539 [INFO]   ZIP batch size:  1500 (fixed)
2026-07-06 14:40:35,539 [INFO]   Log file:        D:\SmartAI_Bill\logs\slt_bills_20260706_144035.log
2026-07-06 14:40:35,539 [INFO] ======================================================================
2026-07-06 14:40:42,098 [INFO] Filtering files for template: invoice_of_summary
2026-07-06 14:40:42,099 [INFO]   Matched: 1 | Skipped: 0 | Errors: 0
2026-07-06 14:40:42,099 [INFO] 
  >> Generating 1 'invoice_of_summary' bills

2026-07-06 14:40:42,101 [INFO]   Temp PDF dir: C:\Users\acer\AppData\Local\Temp\slt_bills_s5zobl2m

2026-07-06 14:40:42,101 [INFO] Starting: 1 files, 7 workers
2026-07-06 14:40:43,165 [INFO]     Progress: 1/1 (100%)
2026-07-06 14:40:43,190 [INFO] Batch complete: 1 success, 0 failed in 1.1s (3304/hr)
2026-07-06 14:40:43,190 [INFO] 
======================================================================
2026-07-06 14:40:43,190 [INFO] PROCESSING SUMMARY
2026-07-06 14:40:43,190 [INFO] ======================================================================
2026-07-06 14:40:43,190 [INFO] Total files:      1
2026-07-06 14:40:43,190 [INFO] Successful:       1
2026-07-06 14:40:43,190 [INFO] Failed:           0
2026-07-06 14:40:43,190 [INFO] Success rate:     100.0%
2026-07-06 14:40:43,190 [INFO] Total duration:   1.09s
2026-07-06 14:40:43,190 [INFO] Rate:             0.92 files/sec
2026-07-06 14:40:43,190 [INFO]                   3,303 files/hour
2026-07-06 14:40:43,190 [INFO] Target:           40,000 files/hour
2026-07-06 14:40:43,190 [INFO] Target met:       NO
2026-07-06 14:40:43,190 [INFO] 
By template:
2026-07-06 14:40:43,190 [INFO]   invoice_of_summary: 1/1 (avg 713.81ms)
2026-07-06 14:40:43,192 [INFO] ======================================================================

2026-07-06 14:40:43,192 [INFO]   Detailed report: D:\SmartAI_Bill\logs\stats_20260706_144043.json
2026-07-06 14:40:43,192 [INFO] 
======================================================================
2026-07-06 14:40:43,192 [INFO]   CREATING ZIP BATCHES
2026-07-06 14:40:43,192 [INFO] ======================================================================
2026-07-06 14:40:43,192 [INFO] 
Zipping 1 PDFs for 'invoice_of_summary' (batches of 1500)
2026-07-06 14:40:43,252 [INFO]   OK: SLT_BILLS_invoice_of_summary_0001_20260706_144043.zip (1 PDFs, 0.3 MB)
2026-07-06 14:40:43,253 [INFO] 
  Total ZIPs created: 1
2026-07-06 14:40:43,253 [INFO]     invoice_of_summary: 1 ZIPs
2026-07-06 14:40:43,253 [INFO] 
  ZIP output folder: D:\SmartAI_Bill\output\zips
2026-07-06 14:40:43,253 [INFO] 
  Processing complete

