2026-07-06 09:56:42,160 [INFO] ======================================================================
2026-07-06 09:56:42,161 [INFO]   SLT BILL GENERATOR
2026-07-06 09:56:42,161 [INFO] ======================================================================
2026-07-06 09:56:42,161 [INFO]   Inbound folder:  D:\SmartAI_Bill\data\inbound
2026-07-06 09:56:42,161 [INFO]   Files found:     2
2026-07-06 09:56:42,161 [INFO]   Workers:         7
2026-07-06 09:56:42,161 [INFO]   ZIP batch size:  1500 (fixed)
2026-07-06 09:56:42,161 [INFO]   Log file:        D:\SmartAI_Bill\logs\slt_bills_20260706_095642.log
2026-07-06 09:56:42,161 [INFO] ======================================================================
2026-07-06 09:56:45,279 [INFO] Filtering files for template: nonvat_enterprise
2026-07-06 09:56:45,280 [INFO]   Matched: 1 | Skipped: 1 | Errors: 0
2026-07-06 09:56:45,280 [INFO] 
  >> Generating 1 'nonvat_enterprise' bills

2026-07-06 09:56:45,282 [INFO]   Temp PDF dir: C:\Users\acer\AppData\Local\Temp\slt_bills_64tdpub8

2026-07-06 09:56:45,282 [INFO] Starting: 1 files, 7 workers
2026-07-06 09:56:45,542 [INFO]     Progress: 1/1 (100%)
2026-07-06 09:56:45,570 [INFO] Batch complete: 0 success, 1 failed in 0.3s (12499/hr)
2026-07-06 09:56:45,570 [INFO] 
======================================================================
2026-07-06 09:56:45,570 [INFO] PROCESSING SUMMARY
2026-07-06 09:56:45,570 [INFO] ======================================================================
2026-07-06 09:56:45,571 [INFO] Total files:      1
2026-07-06 09:56:45,571 [INFO] Successful:       0
2026-07-06 09:56:45,571 [INFO] Failed:           1
2026-07-06 09:56:45,571 [INFO] Success rate:     0.0%
2026-07-06 09:56:45,571 [INFO] Total duration:   0.29s
2026-07-06 09:56:45,571 [INFO] Rate:             3.47 files/sec
2026-07-06 09:56:45,571 [INFO]                   12,489 files/hour
2026-07-06 09:56:45,571 [INFO] Target:           40,000 files/hour
2026-07-06 09:56:45,571 [INFO] Target met:       NO
2026-07-06 09:56:45,571 [INFO] 
By template:
2026-07-06 09:56:45,571 [INFO]   nonvat_enterprise: 0/1 (avg 6.68ms)
2026-07-06 09:56:45,571 [INFO] ======================================================================

2026-07-06 09:56:45,572 [INFO]   Detailed report: D:\SmartAI_Bill\logs\stats_20260706_095645.json
2026-07-06 09:56:45,572 [INFO] 
======================================================================
2026-07-06 09:56:45,572 [INFO]   CREATING ZIP BATCHES
2026-07-06 09:56:45,572 [INFO] ======================================================================
2026-07-06 09:56:45,573 [INFO] 
  Total ZIPs created: 0
2026-07-06 09:56:45,573 [INFO] 
  ZIP output folder: D:\SmartAI_Bill\output\zips
2026-07-06 09:56:45,573 [INFO] 
  Processing complete

