2026-07-06 00:13:44,414 [INFO] ======================================================================
2026-07-06 00:13:44,414 [INFO]   SLT BILL GENERATOR
2026-07-06 00:13:44,414 [INFO] ======================================================================
2026-07-06 00:13:44,414 [INFO]   Inbound folder:  D:\SmartAI_Bill\data\inbound
2026-07-06 00:13:44,414 [INFO]   Files found:     3
2026-07-06 00:13:44,414 [INFO]   Workers:         7
2026-07-06 00:13:44,414 [INFO]   ZIP batch size:  1500 (fixed)
2026-07-06 00:13:44,414 [INFO]   Log file:        D:\SmartAI_Bill\logs\slt_bills_20260706_001344.log
2026-07-06 00:13:44,415 [INFO] ======================================================================
2026-07-06 00:13:48,315 [INFO] Filtering files for template: nonvat_home
2026-07-06 00:13:48,317 [INFO]   Matched: 1 | Skipped: 2 | Errors: 0
2026-07-06 00:13:48,317 [INFO] 
  >> Generating 1 'nonvat_home' bills

2026-07-06 00:13:48,319 [INFO]   Temp PDF dir: C:\Users\acer\AppData\Local\Temp\slt_bills__udv4jk9

2026-07-06 00:13:48,319 [INFO] Starting: 1 files, 7 workers
2026-07-06 00:13:48,906 [INFO]     Progress: 1/1 (100%)
2026-07-06 00:13:48,941 [INFO] Batch complete: 1 success, 0 failed in 0.6s (5788/hr)
2026-07-06 00:13:48,941 [INFO] 
======================================================================
2026-07-06 00:13:48,941 [INFO] PROCESSING SUMMARY
2026-07-06 00:13:48,941 [INFO] ======================================================================
2026-07-06 00:13:48,941 [INFO] Total files:      1
2026-07-06 00:13:48,941 [INFO] Successful:       1
2026-07-06 00:13:48,942 [INFO] Failed:           0
2026-07-06 00:13:48,942 [INFO] Success rate:     100.0%
2026-07-06 00:13:48,942 [INFO] Total duration:   0.62s
2026-07-06 00:13:48,942 [INFO] Rate:             1.61 files/sec
2026-07-06 00:13:48,942 [INFO]                   5,786 files/hour
2026-07-06 00:13:48,942 [INFO] Target:           40,000 files/hour
2026-07-06 00:13:48,942 [INFO] Target met:       NO
2026-07-06 00:13:48,942 [INFO] 
By template:
2026-07-06 00:13:48,942 [INFO]   nonvat_home: 1/1 (avg 140.62ms)
2026-07-06 00:13:48,942 [INFO] ======================================================================

2026-07-06 00:13:48,944 [INFO]   Detailed report: D:\SmartAI_Bill\logs\stats_20260706_001348.json
2026-07-06 00:13:48,945 [INFO] 
======================================================================
2026-07-06 00:13:48,945 [INFO]   CREATING ZIP BATCHES
2026-07-06 00:13:48,945 [INFO] ======================================================================
2026-07-06 00:13:48,945 [INFO] 
Zipping 1 PDFs for 'nonvat_home' (batches of 1500)
2026-07-06 00:13:49,040 [INFO]   OK: SLT_BILLS_nonvat_home_0001_20260706_001348.zip (1 PDFs, 0.3 MB)
2026-07-06 00:13:49,041 [INFO] 
  Total ZIPs created: 1
2026-07-06 00:13:49,041 [INFO]     nonvat_home: 1 ZIPs
2026-07-06 00:13:49,041 [INFO] 
  ZIP output folder: D:\SmartAI_Bill\output\zips
2026-07-06 00:13:49,041 [INFO] 
  Processing complete

