2026-07-05 02:45:21,227 [INFO] ======================================================================
2026-07-05 02:45:21,227 [INFO]   SLT BILL GENERATOR
2026-07-05 02:45:21,228 [INFO] ======================================================================
2026-07-05 02:45:21,228 [INFO]   Inbound folder:  D:\SmartAI_Bill\data\inbound
2026-07-05 02:45:21,228 [INFO]   Files found:     4
2026-07-05 02:45:21,228 [INFO]   Workers:         7
2026-07-05 02:45:21,228 [INFO]   ZIP batch size:  1500 (fixed)
2026-07-05 02:45:21,228 [INFO]   Log file:        D:\SmartAI_Bill\logs\slt_bills_20260705_024521.log
2026-07-05 02:45:21,228 [INFO] ======================================================================
2026-07-05 02:45:23,837 [INFO] Filtering files for template: subscription_ref_grouping
2026-07-05 02:45:23,839 [INFO]   Matched: 1 | Skipped: 3 | Errors: 0
2026-07-05 02:45:23,839 [INFO] 
  >> Generating 1 'subscription_ref_grouping' bills

2026-07-05 02:45:23,841 [INFO]   Temp PDF dir: C:\Users\acer\AppData\Local\Temp\slt_bills_ixklpjeq

2026-07-05 02:45:23,841 [INFO] Starting: 1 files, 7 workers
2026-07-05 02:45:24,374 [INFO]     Progress: 1/1 (100%)
2026-07-05 02:45:24,407 [INFO] Batch complete: 1 success, 0 failed in 0.6s (6352/hr)
2026-07-05 02:45:24,408 [INFO] 
======================================================================
2026-07-05 02:45:24,408 [INFO] PROCESSING SUMMARY
2026-07-05 02:45:24,408 [INFO] ======================================================================
2026-07-05 02:45:24,408 [INFO] Total files:      1
2026-07-05 02:45:24,408 [INFO] Successful:       1
2026-07-05 02:45:24,408 [INFO] Failed:           0
2026-07-05 02:45:24,408 [INFO] Success rate:     100.0%
2026-07-05 02:45:24,408 [INFO] Total duration:   0.57s
2026-07-05 02:45:24,408 [INFO] Rate:             1.76 files/sec
2026-07-05 02:45:24,408 [INFO]                   6,347 files/hour
2026-07-05 02:45:24,408 [INFO] Target:           40,000 files/hour
2026-07-05 02:45:24,409 [INFO] Target met:       NO
2026-07-05 02:45:24,409 [INFO] 
By template:
2026-07-05 02:45:24,409 [INFO]   subscription_ref_grouping: 1/1 (avg 99.5ms)
2026-07-05 02:45:24,409 [INFO] ======================================================================

2026-07-05 02:45:24,410 [INFO]   Detailed report: D:\SmartAI_Bill\logs\stats_20260705_024524.json
2026-07-05 02:45:24,410 [INFO] 
======================================================================
2026-07-05 02:45:24,410 [INFO]   CREATING ZIP BATCHES
2026-07-05 02:45:24,411 [INFO] ======================================================================
2026-07-05 02:45:24,411 [INFO] 
Zipping 1 PDFs for 'subscription_ref_grouping' (batches of 1500)
2026-07-05 02:45:24,487 [INFO]   OK: SLT_BILLS_subscription_ref_grouping_0001_20260705_024524.zip (1 PDFs, 0.2 MB)
2026-07-05 02:45:24,489 [INFO] 
  Total ZIPs created: 1
2026-07-05 02:45:24,489 [INFO]     subscription_ref_grouping: 1 ZIPs
2026-07-05 02:45:24,489 [INFO] 
  ZIP output folder: D:\SmartAI_Bill\output\zips
2026-07-05 02:45:24,489 [INFO] 
  Processing complete

