2026-07-06 12:14:10,991 [INFO] ======================================================================
2026-07-06 12:14:10,992 [INFO]   SLT BILL GENERATOR
2026-07-06 12:14:10,992 [INFO] ======================================================================
2026-07-06 12:14:10,992 [INFO]   Inbound folder:  D:\SmartAI_Bill\data\inbound
2026-07-06 12:14:10,992 [INFO]   Files found:     2
2026-07-06 12:14:10,992 [INFO]   Workers:         7
2026-07-06 12:14:10,992 [INFO]   ZIP batch size:  1500 (fixed)
2026-07-06 12:14:10,992 [INFO]   Log file:        D:\SmartAI_Bill\logs\slt_bills_20260706_121410.log
2026-07-06 12:14:10,992 [INFO] ======================================================================
2026-07-06 12:14:14,473 [INFO] Filtering files for template: product_label_grouping
2026-07-06 12:14:14,474 [INFO]   Matched: 1 | Skipped: 1 | Errors: 0
2026-07-06 12:14:14,475 [INFO] 
  >> Generating 1 'product_label_grouping' bills

2026-07-06 12:14:14,476 [INFO]   Temp PDF dir: C:\Users\acer\AppData\Local\Temp\slt_bills_u3fz5ev2

2026-07-06 12:14:14,476 [INFO] Starting: 1 files, 7 workers
2026-07-06 12:14:14,953 [INFO]     Progress: 1/1 (100%)
2026-07-06 12:14:14,981 [INFO] Batch complete: 1 success, 0 failed in 0.5s (7124/hr)
2026-07-06 12:14:14,982 [INFO] 
======================================================================
2026-07-06 12:14:14,982 [INFO] PROCESSING SUMMARY
2026-07-06 12:14:14,982 [INFO] ======================================================================
2026-07-06 12:14:14,982 [INFO] Total files:      1
2026-07-06 12:14:14,982 [INFO] Successful:       1
2026-07-06 12:14:14,982 [INFO] Failed:           0
2026-07-06 12:14:14,982 [INFO] Success rate:     100.0%
2026-07-06 12:14:14,982 [INFO] Total duration:   0.51s
2026-07-06 12:14:14,982 [INFO] Rate:             1.98 files/sec
2026-07-06 12:14:14,982 [INFO]                   7,119 files/hour
2026-07-06 12:14:14,982 [INFO] Target:           40,000 files/hour
2026-07-06 12:14:14,982 [INFO] Target met:       NO
2026-07-06 12:14:14,982 [INFO] 
By template:
2026-07-06 12:14:14,982 [INFO]   product_label_grouping: 1/1 (avg 87.2ms)
2026-07-06 12:14:14,982 [INFO] ======================================================================

2026-07-06 12:14:14,984 [INFO]   Detailed report: D:\SmartAI_Bill\logs\stats_20260706_121414.json
2026-07-06 12:14:14,984 [INFO] 
======================================================================
2026-07-06 12:14:14,984 [INFO]   CREATING ZIP BATCHES
2026-07-06 12:14:14,984 [INFO] ======================================================================
2026-07-06 12:14:14,985 [INFO] 
Zipping 1 PDFs for 'product_label_grouping' (batches of 1500)
2026-07-06 12:14:15,025 [INFO]   OK: SLT_BILLS_product_label_grouping_0001_20260706_121414.zip (1 PDFs, 0.2 MB)
2026-07-06 12:14:15,026 [INFO] 
  Total ZIPs created: 1
2026-07-06 12:14:15,026 [INFO]     product_label_grouping: 1 ZIPs
2026-07-06 12:14:15,026 [INFO] 
  ZIP output folder: D:\SmartAI_Bill\output\zips
2026-07-06 12:14:15,026 [INFO] 
  Processing complete

