2026-07-06 19:28:45,176 [INFO] ======================================================================
2026-07-06 19:28:45,177 [INFO]   SLT BILL GENERATOR
2026-07-06 19:28:45,177 [INFO] ======================================================================
2026-07-06 19:28:45,177 [INFO]   Inbound folder:  D:\SmartAI_Bill\data\inbound
2026-07-06 19:28:45,177 [INFO]   Files found:     1
2026-07-06 19:28:45,178 [INFO]   Workers:         7
2026-07-06 19:28:45,178 [INFO]   ZIP batch size:  1500 (fixed)
2026-07-06 19:28:45,178 [INFO]   Log file:        D:\SmartAI_Bill\logs\slt_bills_20260706_192845.log
2026-07-06 19:28:45,178 [INFO] ======================================================================
2026-07-06 19:28:51,012 [INFO] Filtering files for template: invoice_of_summary
2026-07-06 19:28:51,013 [INFO]   Matched: 1 | Skipped: 0 | Errors: 0
2026-07-06 19:28:51,013 [INFO] 
  >> Generating 1 'invoice_of_summary' bills

2026-07-06 19:28:51,016 [INFO]   Temp PDF dir: C:\Users\acer\AppData\Local\Temp\slt_bills_hu2y5uez

2026-07-06 19:28:51,016 [INFO] Starting: 1 files, 7 workers
2026-07-06 19:28:52,184 [INFO]     Progress: 1/1 (100%)
2026-07-06 19:28:52,221 [INFO] Batch complete: 1 success, 0 failed in 1.2s (2987/hr)
2026-07-06 19:28:52,221 [INFO] 
======================================================================
2026-07-06 19:28:52,221 [INFO] PROCESSING SUMMARY
2026-07-06 19:28:52,221 [INFO] ======================================================================
2026-07-06 19:28:52,221 [INFO] Total files:      1
2026-07-06 19:28:52,221 [INFO] Successful:       1
2026-07-06 19:28:52,222 [INFO] Failed:           0
2026-07-06 19:28:52,222 [INFO] Success rate:     100.0%
2026-07-06 19:28:52,222 [INFO] Total duration:   1.21s
2026-07-06 19:28:52,222 [INFO] Rate:             0.83 files/sec
2026-07-06 19:28:52,222 [INFO]                   2,986 files/hour
2026-07-06 19:28:52,222 [INFO] Target:           40,000 files/hour
2026-07-06 19:28:52,222 [INFO] Target met:       NO
2026-07-06 19:28:52,222 [INFO] 
By template:
2026-07-06 19:28:52,222 [INFO]   invoice_of_summary: 1/1 (avg 722.67ms)
2026-07-06 19:28:52,222 [INFO] ======================================================================

2026-07-06 19:28:52,223 [INFO]   Detailed report: D:\SmartAI_Bill\logs\stats_20260706_192852.json
2026-07-06 19:28:52,223 [INFO] 
======================================================================
2026-07-06 19:28:52,223 [INFO]   CREATING ZIP BATCHES
2026-07-06 19:28:52,223 [INFO] ======================================================================
2026-07-06 19:28:52,224 [INFO] 
Zipping 1 PDFs for 'invoice_of_summary' (batches of 1500)
2026-07-06 19:28:52,319 [INFO]   OK: SLT_BILLS_invoice_of_summary_0001_20260706_192852.zip (1 PDFs, 0.3 MB)
2026-07-06 19:28:52,321 [INFO] 
  Total ZIPs created: 1
2026-07-06 19:28:52,321 [INFO]     invoice_of_summary: 1 ZIPs
2026-07-06 19:28:52,321 [INFO] 
  ZIP output folder: D:\SmartAI_Bill\output\zips
2026-07-06 19:28:52,321 [INFO] 
  Processing complete

