2026-07-06 09:34:40,402 [INFO] ======================================================================
2026-07-06 09:34:40,402 [INFO]   SLT BILL GENERATOR
2026-07-06 09:34:40,402 [INFO] ======================================================================
2026-07-06 09:34:40,402 [INFO]   Inbound folder:  D:\SmartAI_Bill\data\inbound
2026-07-06 09:34:40,402 [INFO]   Files found:     3
2026-07-06 09:34:40,402 [INFO]   Workers:         7
2026-07-06 09:34:40,402 [INFO]   ZIP batch size:  1500 (fixed)
2026-07-06 09:34:40,402 [INFO]   Log file:        D:\SmartAI_Bill\logs\slt_bills_20260706_093440.log
2026-07-06 09:34:40,402 [INFO] ======================================================================
2026-07-06 09:34:44,334 [INFO] Filtering files for template: nonvat_home
2026-07-06 09:34:44,335 [INFO]   Matched: 1 | Skipped: 2 | Errors: 0
2026-07-06 09:34:44,335 [INFO] 
  >> Generating 1 'nonvat_home' bills

2026-07-06 09:34:44,336 [INFO]   Temp PDF dir: C:\Users\acer\AppData\Local\Temp\slt_bills__rn2ow1u

2026-07-06 09:34:44,336 [INFO] Starting: 1 files, 7 workers
2026-07-06 09:34:44,653 [INFO]     Progress: 1/1 (100%)
2026-07-06 09:34:44,673 [INFO] Batch complete: 0 success, 1 failed in 0.3s (10703/hr)
2026-07-06 09:34:44,673 [INFO] 
======================================================================
2026-07-06 09:34:44,673 [INFO] PROCESSING SUMMARY
2026-07-06 09:34:44,673 [INFO] ======================================================================
2026-07-06 09:34:44,673 [INFO] Total files:      1
2026-07-06 09:34:44,673 [INFO] Successful:       0
2026-07-06 09:34:44,673 [INFO] Failed:           1
2026-07-06 09:34:44,673 [INFO] Success rate:     0.0%
2026-07-06 09:34:44,673 [INFO] Total duration:   0.34s
2026-07-06 09:34:44,673 [INFO] Rate:             2.97 files/sec
2026-07-06 09:34:44,673 [INFO]                   10,696 files/hour
2026-07-06 09:34:44,673 [INFO] Target:           40,000 files/hour
2026-07-06 09:34:44,673 [INFO] Target met:       NO
2026-07-06 09:34:44,673 [INFO] 
By template:
2026-07-06 09:34:44,673 [INFO]   nonvat_home: 0/1 (avg 56.36ms)
2026-07-06 09:34:44,673 [INFO] ======================================================================

2026-07-06 09:34:44,674 [INFO]   Detailed report: D:\SmartAI_Bill\logs\stats_20260706_093444.json
2026-07-06 09:34:44,674 [INFO] 
======================================================================
2026-07-06 09:34:44,674 [INFO]   CREATING ZIP BATCHES
2026-07-06 09:34:44,674 [INFO] ======================================================================
2026-07-06 09:34:44,675 [INFO] 
  Total ZIPs created: 0
2026-07-06 09:34:44,675 [INFO] 
  ZIP output folder: D:\SmartAI_Bill\output\zips
2026-07-06 09:34:44,675 [INFO] 
  Processing complete

