2026-07-04 19:57:53,487 [INFO] ======================================================================
2026-07-04 19:57:53,487 [INFO]   SLT BILL GENERATOR
2026-07-04 19:57:53,487 [INFO] ======================================================================
2026-07-04 19:57:53,487 [INFO]   Inbound folder:  D:\SmartAI_Bill\data\inbound
2026-07-04 19:57:53,487 [INFO]   Files found:     5
2026-07-04 19:57:53,487 [INFO]   Workers:         7
2026-07-04 19:57:53,487 [INFO]   ZIP batch size:  1500 (fixed)
2026-07-04 19:57:53,487 [INFO]   Log file:        D:\SmartAI_Bill\logs\slt_bills_20260704_195753.log
2026-07-04 19:57:53,487 [INFO] ======================================================================
2026-07-04 19:58:02,870 [INFO] 
  >> Generating ALL 5 bills (auto-detect)

2026-07-04 19:58:02,872 [INFO]   Temp PDF dir: C:\Users\acer\AppData\Local\Temp\slt_bills_xapin8gp

2026-07-04 19:58:02,872 [INFO] Starting: 5 files, 7 workers
2026-07-04 19:58:03,666 [INFO]     Progress: 1/5 (20%)
2026-07-04 19:58:03,679 [INFO]     Progress: 2/5 (40%)
2026-07-04 19:58:03,679 [INFO]     Progress: 3/5 (60%)
2026-07-04 19:58:03,683 [INFO]     Progress: 4/5 (80%)
2026-07-04 19:58:05,564 [INFO]     Progress: 5/5 (100%)
2026-07-04 19:58:05,631 [INFO] Batch complete: 5 success, 0 failed in 2.8s (6525/hr)
2026-07-04 19:58:05,631 [INFO] 
======================================================================
2026-07-04 19:58:05,631 [INFO] PROCESSING SUMMARY
2026-07-04 19:58:05,631 [INFO] ======================================================================
2026-07-04 19:58:05,632 [INFO] Total files:      5
2026-07-04 19:58:05,632 [INFO] Successful:       5
2026-07-04 19:58:05,632 [INFO] Failed:           0
2026-07-04 19:58:05,632 [INFO] Success rate:     100.0%
2026-07-04 19:58:05,632 [INFO] Total duration:   2.76s
2026-07-04 19:58:05,632 [INFO] Rate:             1.81 files/sec
2026-07-04 19:58:05,632 [INFO]                   6,524 files/hour
2026-07-04 19:58:05,632 [INFO] Target:           40,000 files/hour
2026-07-04 19:58:05,632 [INFO] Target met:       NO
2026-07-04 19:58:05,632 [INFO] 
By template:
2026-07-04 19:58:05,632 [INFO]   product_label_grouping: 1/1 (avg 294.86ms)
2026-07-04 19:58:05,632 [INFO]   nonvat_home: 1/1 (avg 304.75ms)
2026-07-04 19:58:05,632 [INFO]   nonvat_enterprise: 1/1 (avg 299.2ms)
2026-07-04 19:58:05,632 [INFO]   subscription_ref_grouping: 1/1 (avg 312.09ms)
2026-07-04 19:58:05,632 [INFO]   summary_statement: 1/1 (avg 2181.38ms)
2026-07-04 19:58:05,632 [INFO] ======================================================================

2026-07-04 19:58:05,633 [INFO]   Detailed report: D:\SmartAI_Bill\logs\stats_20260704_195805.json
2026-07-04 19:58:05,633 [INFO] 
======================================================================
2026-07-04 19:58:05,633 [INFO]   CREATING ZIP BATCHES
2026-07-04 19:58:05,633 [INFO] ======================================================================
2026-07-04 19:58:05,633 [INFO] 
Zipping 1 PDFs for 'nonvat_enterprise' (batches of 1500)
2026-07-04 19:58:05,656 [INFO]   OK: SLT_BILLS_nonvat_enterprise_0001_20260704_195805.zip (1 PDFs, 0.3 MB)
2026-07-04 19:58:05,657 [INFO] 
Zipping 1 PDFs for 'nonvat_home' (batches of 1500)
2026-07-04 19:58:05,682 [INFO]   OK: SLT_BILLS_nonvat_home_0001_20260704_195805.zip (1 PDFs, 0.2 MB)
2026-07-04 19:58:05,683 [INFO] 
Zipping 1 PDFs for 'product_label_grouping' (batches of 1500)
2026-07-04 19:58:05,700 [INFO]   OK: SLT_BILLS_product_label_grouping_0001_20260704_195805.zip (1 PDFs, 0.2 MB)
2026-07-04 19:58:05,701 [INFO] 
Zipping 1 PDFs for 'subscription_ref_grouping' (batches of 1500)
2026-07-04 19:58:05,720 [INFO]   OK: SLT_BILLS_subscription_ref_grouping_0001_20260704_195805.zip (1 PDFs, 0.3 MB)
2026-07-04 19:58:05,721 [INFO] 
Zipping 1 PDFs for 'summary_statement' (batches of 1500)
2026-07-04 19:58:05,735 [INFO]   OK: SLT_BILLS_summary_statement_0001_20260704_195805.zip (1 PDFs, 0.1 MB)
2026-07-04 19:58:05,736 [INFO] 
  Total ZIPs created: 5
2026-07-04 19:58:05,737 [INFO]     nonvat_enterprise: 1 ZIPs
2026-07-04 19:58:05,737 [INFO]     nonvat_home: 1 ZIPs
2026-07-04 19:58:05,737 [INFO]     product_label_grouping: 1 ZIPs
2026-07-04 19:58:05,737 [INFO]     subscription_ref_grouping: 1 ZIPs
2026-07-04 19:58:05,737 [INFO]     summary_statement: 1 ZIPs
2026-07-04 19:58:05,737 [INFO] 
  ZIP output folder: D:\SmartAI_Bill\output\zips
2026-07-04 19:58:05,737 [INFO] 
  Processing complete

