2026-07-04 14:22:32,875 [INFO] ======================================================================
2026-07-04 14:22:32,875 [INFO]   SLT BILL GENERATOR
2026-07-04 14:22:32,875 [INFO] ======================================================================
2026-07-04 14:22:32,875 [INFO]   Inbound folder:  D:\SmartAI_Bill\data\inbound
2026-07-04 14:22:32,875 [INFO]   Files found:     1
2026-07-04 14:22:32,875 [INFO]   Workers:         7
2026-07-04 14:22:32,875 [INFO]   ZIP batch size:  1500 (fixed)
2026-07-04 14:22:32,875 [INFO]   Log file:        D:\SmartAI_Bill\logs\slt_bills_20260704_142232.log
2026-07-04 14:22:32,875 [INFO] ======================================================================
2026-07-04 14:22:37,438 [INFO] Filtering files for template: summary_statement
2026-07-04 14:22:37,438 [INFO]   Matched: 1 | Skipped: 0 | Errors: 0
2026-07-04 14:22:37,441 [INFO]   Temp PDF dir: C:\Users\acer\AppData\Local\Temp\slt_bills_6v9q8m8d

2026-07-04 14:22:37,441 [INFO] Starting: 1 files, 7 workers
2026-07-04 14:22:39,621 [INFO]     Progress: 1/1 (100%)
2026-07-04 14:22:39,642 [INFO] Batch complete: 1 success, 0 failed in 2.2s (1636/hr)
2026-07-04 14:22:39,642 [INFO] 
======================================================================
2026-07-04 14:22:39,642 [INFO] PROCESSING SUMMARY
2026-07-04 14:22:39,642 [INFO] ======================================================================
2026-07-04 14:22:39,642 [INFO] Total files:      1
2026-07-04 14:22:39,642 [INFO] Successful:       1
2026-07-04 14:22:39,642 [INFO] Failed:           0
2026-07-04 14:22:39,642 [INFO] Success rate:     100.0%
2026-07-04 14:22:39,642 [INFO] Total duration:   2.2s
2026-07-04 14:22:39,642 [INFO] Rate:             0.45 files/sec
2026-07-04 14:22:39,642 [INFO]                   1,636 files/hour
2026-07-04 14:22:39,642 [INFO] Target:           40,000 files/hour
2026-07-04 14:22:39,644 [INFO] 
By template:
2026-07-04 14:22:39,644 [INFO]   summary_statement: 1/1 (avg 1858.03ms)
2026-07-04 14:22:39,644 [INFO] ======================================================================

2026-07-04 14:22:39,645 [INFO]   Detailed report: D:\SmartAI_Bill\logs\stats_20260704_142239.json
2026-07-04 14:22:39,645 [INFO] 
======================================================================
2026-07-04 14:22:39,645 [INFO]   CREATING ZIP BATCHES
2026-07-04 14:22:39,645 [INFO] ======================================================================
2026-07-04 14:22:39,645 [INFO] 
Zipping 1 PDFs for 'summary_statement' (batches of 1500)
2026-07-04 14:22:39,669 [INFO] 
  Total ZIPs created: 1
2026-07-04 14:22:39,669 [INFO]     summary_statement: 1 ZIPs
2026-07-04 14:22:39,669 [INFO] 
  ZIP output folder: D:\SmartAI_Bill\output\zips
