2026-07-06 12:12:29,752 [INFO] ======================================================================
2026-07-06 12:12:29,753 [INFO]   SLT BILL GENERATOR
2026-07-06 12:12:29,753 [INFO] ======================================================================
2026-07-06 12:12:29,753 [INFO]   Inbound folder:  D:\SmartAI_Bill\data\inbound
2026-07-06 12:12:29,753 [INFO]   Files found:     2
2026-07-06 12:12:29,753 [INFO]   Workers:         7
2026-07-06 12:12:29,753 [INFO]   ZIP batch size:  1500 (fixed)
2026-07-06 12:12:29,753 [INFO]   Log file:        D:\SmartAI_Bill\logs\slt_bills_20260706_121229.log
2026-07-06 12:12:29,753 [INFO] ======================================================================
2026-07-06 12:12:33,558 [INFO] Filtering files for template: product_label_grouping
2026-07-06 12:12:33,559 [INFO]   Matched: 1 | Skipped: 1 | Errors: 0
2026-07-06 12:12:33,559 [INFO] 
  >> Generating 1 'product_label_grouping' bills

2026-07-06 12:12:33,560 [INFO]   Temp PDF dir: C:\Users\acer\AppData\Local\Temp\slt_bills_mnqnn45x

2026-07-06 12:12:33,562 [INFO] Starting: 1 files, 7 workers
2026-07-06 12:12:34,057 [INFO]     Progress: 1/1 (100%)
2026-07-06 12:12:34,087 [INFO] Batch complete: 1 success, 0 failed in 0.5s (6861/hr)
2026-07-06 12:12:34,087 [INFO] 
======================================================================
2026-07-06 12:12:34,087 [INFO] PROCESSING SUMMARY
2026-07-06 12:12:34,087 [INFO] ======================================================================
2026-07-06 12:12:34,087 [INFO] Total files:      1
2026-07-06 12:12:34,087 [INFO] Successful:       1
2026-07-06 12:12:34,087 [INFO] Failed:           0
2026-07-06 12:12:34,087 [INFO] Success rate:     100.0%
2026-07-06 12:12:34,087 [INFO] Total duration:   0.53s
2026-07-06 12:12:34,087 [INFO] Rate:             1.9 files/sec
2026-07-06 12:12:34,087 [INFO]                   6,857 files/hour
2026-07-06 12:12:34,088 [INFO] Target:           40,000 files/hour
2026-07-06 12:12:34,088 [INFO] Target met:       NO
2026-07-06 12:12:34,088 [INFO] 
By template:
2026-07-06 12:12:34,088 [INFO]   product_label_grouping: 1/1 (avg 95.27ms)
2026-07-06 12:12:34,088 [INFO] ======================================================================

2026-07-06 12:12:34,089 [INFO]   Detailed report: D:\SmartAI_Bill\logs\stats_20260706_121234.json
2026-07-06 12:12:34,089 [INFO] 
======================================================================
2026-07-06 12:12:34,089 [INFO]   CREATING ZIP BATCHES
2026-07-06 12:12:34,089 [INFO] ======================================================================
2026-07-06 12:12:34,090 [INFO] 
Zipping 1 PDFs for 'product_label_grouping' (batches of 1500)
2026-07-06 12:12:34,138 [INFO]   OK: SLT_BILLS_product_label_grouping_0001_20260706_121234.zip (1 PDFs, 0.2 MB)
2026-07-06 12:12:34,139 [INFO] 
  Total ZIPs created: 1
2026-07-06 12:12:34,140 [INFO]     product_label_grouping: 1 ZIPs
2026-07-06 12:12:34,140 [INFO] 
  ZIP output folder: D:\SmartAI_Bill\output\zips
2026-07-06 12:12:34,140 [INFO] 
  Processing complete

