2026-07-04 17:02:53,113 [INFO] ======================================================================
2026-07-04 17:02:53,113 [INFO]   SLT BILL GENERATOR
2026-07-04 17:02:53,113 [INFO] ======================================================================
2026-07-04 17:02:53,113 [INFO]   Inbound folder:  D:\SmartAI_Bill\data\inbound
2026-07-04 17:02:53,113 [INFO]   Files found:     4
2026-07-04 17:02:53,113 [INFO]   Workers:         7
2026-07-04 17:02:53,113 [INFO]   ZIP batch size:  1500 (fixed)
2026-07-04 17:02:53,113 [INFO]   Log file:        D:\SmartAI_Bill\logs\slt_bills_20260704_170253.log
2026-07-04 17:02:53,113 [INFO] ======================================================================
2026-07-04 17:02:57,735 [INFO] 
  >> Generating ALL 4 bills (auto-detect)

2026-07-04 17:02:57,737 [INFO]   Temp PDF dir: C:\Users\acer\AppData\Local\Temp\slt_bills_ruvwy2_w

2026-07-04 17:02:57,737 [INFO] Starting: 4 files, 7 workers
2026-07-04 17:02:58,385 [INFO]     Progress: 2/4 (50%)
2026-07-04 17:03:01,035 [INFO]     Progress: 4/4 (100%)
2026-07-04 17:03:01,092 [INFO] Batch complete: 4 success, 0 failed in 3.4s (4293/hr)
2026-07-04 17:03:01,092 [INFO] 
======================================================================
2026-07-04 17:03:01,092 [INFO] PROCESSING SUMMARY
2026-07-04 17:03:01,092 [INFO] ======================================================================
2026-07-04 17:03:01,092 [INFO] Total files:      4
2026-07-04 17:03:01,092 [INFO] Successful:       4
2026-07-04 17:03:01,092 [INFO] Failed:           0
2026-07-04 17:03:01,092 [INFO] Success rate:     100.0%
2026-07-04 17:03:01,092 [INFO] Total duration:   3.35s
2026-07-04 17:03:01,092 [INFO] Rate:             1.19 files/sec
2026-07-04 17:03:01,092 [INFO]                   4,292 files/hour
2026-07-04 17:03:01,092 [INFO] Target:           40,000 files/hour
2026-07-04 17:03:01,092 [INFO] Target met:       NO
2026-07-04 17:03:01,092 [INFO] 
By template:
2026-07-04 17:03:01,092 [INFO]   product_label_grouping: 1/1 (avg 110.89ms)
2026-07-04 17:03:01,092 [INFO]   nonvat_home: 1/1 (avg 111.0ms)
2026-07-04 17:03:01,092 [INFO]   nonvat_enterprise: 1/1 (avg 103.31ms)
2026-07-04 17:03:01,092 [INFO]   summary_statement: 1/1 (avg 2737.05ms)
2026-07-04 17:03:01,092 [INFO] ======================================================================

2026-07-04 17:03:01,094 [INFO]   Detailed report: D:\SmartAI_Bill\logs\stats_20260704_170301.json
2026-07-04 17:03:01,094 [INFO] 
======================================================================
2026-07-04 17:03:01,094 [INFO]   CREATING ZIP BATCHES
2026-07-04 17:03:01,094 [INFO] ======================================================================
2026-07-04 17:03:01,095 [INFO] 
Zipping 1 PDFs for 'nonvat_enterprise' (batches of 1500)
2026-07-04 17:03:01,153 [INFO]   OK: SLT_BILLS_nonvat_enterprise_0001_20260704_170301.zip (1 PDFs, 0.3 MB)
2026-07-04 17:03:01,154 [INFO] 
Zipping 1 PDFs for 'nonvat_home' (batches of 1500)
2026-07-04 17:03:01,226 [INFO]   OK: SLT_BILLS_nonvat_home_0001_20260704_170301.zip (1 PDFs, 0.2 MB)
2026-07-04 17:03:01,228 [INFO] 
Zipping 1 PDFs for 'product_label_grouping' (batches of 1500)
2026-07-04 17:03:01,270 [INFO]   OK: SLT_BILLS_product_label_grouping_0001_20260704_170301.zip (1 PDFs, 0.2 MB)
2026-07-04 17:03:01,272 [INFO] 
Zipping 1 PDFs for 'summary_statement' (batches of 1500)
2026-07-04 17:03:01,309 [INFO]   OK: SLT_BILLS_summary_statement_0001_20260704_170301.zip (1 PDFs, 0.1 MB)
2026-07-04 17:03:01,311 [INFO] 
  Total ZIPs created: 4
2026-07-04 17:03:01,311 [INFO]     nonvat_enterprise: 1 ZIPs
2026-07-04 17:03:01,311 [INFO]     nonvat_home: 1 ZIPs
2026-07-04 17:03:01,311 [INFO]     product_label_grouping: 1 ZIPs
2026-07-04 17:03:01,311 [INFO]     summary_statement: 1 ZIPs
2026-07-04 17:03:01,311 [INFO] 
  ZIP output folder: D:\SmartAI_Bill\output\zips
2026-07-04 17:03:01,312 [INFO] 
  Processing complete

