2026-07-05 22:37:04,545 [INFO] ======================================================================
2026-07-05 22:37:04,545 [INFO]   SLT BILL GENERATOR
2026-07-05 22:37:04,545 [INFO] ======================================================================
2026-07-05 22:37:04,545 [INFO]   Inbound folder:  D:\SmartAI_Bill\data\inbound
2026-07-05 22:37:04,545 [INFO]   Files found:     3
2026-07-05 22:37:04,546 [INFO]   Workers:         7
2026-07-05 22:37:04,546 [INFO]   ZIP batch size:  1500 (fixed)
2026-07-05 22:37:04,546 [INFO]   Log file:        D:\SmartAI_Bill\logs\slt_bills_20260705_223704.log
2026-07-05 22:37:04,546 [INFO] ======================================================================
2026-07-05 22:37:08,902 [INFO] Filtering files for template: nonvat_home
2026-07-05 22:37:08,904 [INFO]   Matched: 1 | Skipped: 2 | Errors: 0
2026-07-05 22:37:08,905 [INFO] 
  >> Generating 1 'nonvat_home' bills

2026-07-05 22:37:08,906 [INFO]   Temp PDF dir: C:\Users\acer\AppData\Local\Temp\slt_bills_973ro353

2026-07-05 22:37:08,907 [INFO] Starting: 1 files, 7 workers
2026-07-05 22:37:09,462 [INFO]     Progress: 1/1 (100%)
2026-07-05 22:37:09,489 [INFO] Batch complete: 1 success, 0 failed in 0.6s (6174/hr)
2026-07-05 22:37:09,490 [INFO] 
======================================================================
2026-07-05 22:37:09,490 [INFO] PROCESSING SUMMARY
2026-07-05 22:37:09,490 [INFO] ======================================================================
2026-07-05 22:37:09,490 [INFO] Total files:      1
2026-07-05 22:37:09,490 [INFO] Successful:       1
2026-07-05 22:37:09,490 [INFO] Failed:           0
2026-07-05 22:37:09,490 [INFO] Success rate:     100.0%
2026-07-05 22:37:09,490 [INFO] Total duration:   0.58s
2026-07-05 22:37:09,490 [INFO] Rate:             1.71 files/sec
2026-07-05 22:37:09,490 [INFO]                   6,171 files/hour
2026-07-05 22:37:09,490 [INFO] Target:           40,000 files/hour
2026-07-05 22:37:09,490 [INFO] Target met:       NO
2026-07-05 22:37:09,490 [INFO] 
By template:
2026-07-05 22:37:09,490 [INFO]   nonvat_home: 1/1 (avg 108.42ms)
2026-07-05 22:37:09,490 [INFO] ======================================================================

2026-07-05 22:37:09,492 [INFO]   Detailed report: D:\SmartAI_Bill\logs\stats_20260705_223709.json
2026-07-05 22:37:09,492 [INFO] 
======================================================================
2026-07-05 22:37:09,492 [INFO]   CREATING ZIP BATCHES
2026-07-05 22:37:09,492 [INFO] ======================================================================
2026-07-05 22:37:09,493 [INFO] 
Zipping 1 PDFs for 'nonvat_home' (batches of 1500)
2026-07-05 22:37:09,573 [INFO]   OK: SLT_BILLS_nonvat_home_0001_20260705_223709.zip (1 PDFs, 0.3 MB)
2026-07-05 22:37:09,574 [INFO] 
  Total ZIPs created: 1
2026-07-05 22:37:09,574 [INFO]     nonvat_home: 1 ZIPs
2026-07-05 22:37:09,574 [INFO] 
  ZIP output folder: D:\SmartAI_Bill\output\zips
2026-07-05 22:37:09,574 [INFO] 
  Processing complete

