2026-07-06 19:04:38,488 [INFO] ======================================================================
2026-07-06 19:04:38,488 [INFO]   SLT BILL GENERATOR
2026-07-06 19:04:38,488 [INFO] ======================================================================
2026-07-06 19:04:38,489 [INFO]   Inbound folder:  D:\SmartAI_Bill\data\inbound
2026-07-06 19:04:38,489 [INFO]   Files found:     1
2026-07-06 19:04:38,489 [INFO]   Workers:         7
2026-07-06 19:04:38,489 [INFO]   ZIP batch size:  1500 (fixed)
2026-07-06 19:04:38,489 [INFO]   Log file:        D:\SmartAI_Bill\logs\slt_bills_20260706_190438.log
2026-07-06 19:04:38,489 [INFO] ======================================================================
2026-07-06 19:04:42,906 [INFO] Filtering files for template: invoice_of_summary
2026-07-06 19:04:42,907 [INFO]   Matched: 1 | Skipped: 0 | Errors: 0
2026-07-06 19:04:42,907 [INFO] 
  >> Generating 1 'invoice_of_summary' bills

2026-07-06 19:04:42,909 [INFO]   Temp PDF dir: C:\Users\acer\AppData\Local\Temp\slt_bills_4n125e1z

2026-07-06 19:04:42,909 [INFO] Starting: 1 files, 7 workers
2026-07-06 19:04:44,127 [INFO]     Progress: 1/1 (100%)
2026-07-06 19:04:44,167 [INFO] Batch complete: 1 success, 0 failed in 1.3s (2863/hr)
2026-07-06 19:04:44,168 [INFO] 
======================================================================
2026-07-06 19:04:44,168 [INFO] PROCESSING SUMMARY
2026-07-06 19:04:44,168 [INFO] ======================================================================
2026-07-06 19:04:44,168 [INFO] Total files:      1
2026-07-06 19:04:44,168 [INFO] Successful:       1
2026-07-06 19:04:44,168 [INFO] Failed:           0
2026-07-06 19:04:44,168 [INFO] Success rate:     100.0%
2026-07-06 19:04:44,169 [INFO] Total duration:   1.26s
2026-07-06 19:04:44,169 [INFO] Rate:             0.79 files/sec
2026-07-06 19:04:44,169 [INFO]                   2,862 files/hour
2026-07-06 19:04:44,169 [INFO] Target:           40,000 files/hour
2026-07-06 19:04:44,169 [INFO] Target met:       NO
2026-07-06 19:04:44,169 [INFO] 
By template:
2026-07-06 19:04:44,170 [INFO]   invoice_of_summary: 1/1 (avg 819.92ms)
2026-07-06 19:04:44,170 [INFO] ======================================================================

2026-07-06 19:04:44,171 [INFO]   Detailed report: D:\SmartAI_Bill\logs\stats_20260706_190444.json
2026-07-06 19:04:44,171 [INFO] 
======================================================================
2026-07-06 19:04:44,171 [INFO]   CREATING ZIP BATCHES
2026-07-06 19:04:44,171 [INFO] ======================================================================
2026-07-06 19:04:44,172 [INFO] 
Zipping 1 PDFs for 'invoice_of_summary' (batches of 1500)
2026-07-06 19:04:44,320 [INFO]   OK: SLT_BILLS_invoice_of_summary_0001_20260706_190444.zip (1 PDFs, 0.3 MB)
2026-07-06 19:04:44,321 [INFO] 
  Total ZIPs created: 1
2026-07-06 19:04:44,321 [INFO]     invoice_of_summary: 1 ZIPs
2026-07-06 19:04:44,322 [INFO] 
  ZIP output folder: D:\SmartAI_Bill\output\zips
2026-07-06 19:04:44,322 [INFO] 
  Processing complete

