2026-07-06 00:53:24,307 [INFO] ======================================================================
2026-07-06 00:53:24,308 [INFO]   SLT BILL GENERATOR
2026-07-06 00:53:24,308 [INFO] ======================================================================
2026-07-06 00:53:24,308 [INFO]   Inbound folder:  D:\SmartAI_Bill\data\inbound
2026-07-06 00:53:24,309 [INFO]   Files found:     3
2026-07-06 00:53:24,309 [INFO]   Workers:         7
2026-07-06 00:53:24,309 [INFO]   ZIP batch size:  1500 (fixed)
2026-07-06 00:53:24,309 [INFO]   Log file:        D:\SmartAI_Bill\logs\slt_bills_20260706_005324.log
2026-07-06 00:53:24,309 [INFO] ======================================================================
2026-07-06 00:53:27,025 [INFO] Filtering files for template: nonvat_home
2026-07-06 00:53:27,026 [INFO]   Matched: 1 | Skipped: 2 | Errors: 0
2026-07-06 00:53:27,028 [INFO] 
  >> Generating 1 'nonvat_home' bills

2026-07-06 00:53:27,029 [INFO]   Temp PDF dir: C:\Users\acer\AppData\Local\Temp\slt_bills_wnq1yr4b

2026-07-06 00:53:27,029 [INFO] Starting: 1 files, 7 workers
2026-07-06 00:53:27,685 [INFO]     Progress: 1/1 (100%)
2026-07-06 00:53:27,718 [INFO] Batch complete: 1 success, 0 failed in 0.7s (5231/hr)
2026-07-06 00:53:27,718 [INFO] 
======================================================================
2026-07-06 00:53:27,718 [INFO] PROCESSING SUMMARY
2026-07-06 00:53:27,718 [INFO] ======================================================================
2026-07-06 00:53:27,718 [INFO] Total files:      1
2026-07-06 00:53:27,718 [INFO] Successful:       1
2026-07-06 00:53:27,718 [INFO] Failed:           0
2026-07-06 00:53:27,718 [INFO] Success rate:     100.0%
2026-07-06 00:53:27,718 [INFO] Total duration:   0.69s
2026-07-06 00:53:27,718 [INFO] Rate:             1.45 files/sec
2026-07-06 00:53:27,718 [INFO]                   5,229 files/hour
2026-07-06 00:53:27,718 [INFO] Target:           40,000 files/hour
2026-07-06 00:53:27,719 [INFO] Target met:       NO
2026-07-06 00:53:27,719 [INFO] 
By template:
2026-07-06 00:53:27,719 [INFO]   nonvat_home: 1/1 (avg 204.55ms)
2026-07-06 00:53:27,719 [INFO] ======================================================================

2026-07-06 00:53:27,719 [INFO]   Detailed report: D:\SmartAI_Bill\logs\stats_20260706_005327.json
2026-07-06 00:53:27,719 [INFO] 
======================================================================
2026-07-06 00:53:27,719 [INFO]   CREATING ZIP BATCHES
2026-07-06 00:53:27,719 [INFO] ======================================================================
2026-07-06 00:53:27,720 [INFO] 
Zipping 1 PDFs for 'nonvat_home' (batches of 1500)
2026-07-06 00:53:27,818 [INFO]   OK: SLT_BILLS_nonvat_home_0001_20260706_005327.zip (1 PDFs, 0.3 MB)
2026-07-06 00:53:27,821 [INFO] 
  Total ZIPs created: 1
2026-07-06 00:53:27,821 [INFO]     nonvat_home: 1 ZIPs
2026-07-06 00:53:27,821 [INFO] 
  ZIP output folder: D:\SmartAI_Bill\output\zips
2026-07-06 00:53:27,821 [INFO] 
  Processing complete

