2026-07-04 16:45:22,780 [INFO] ======================================================================
2026-07-04 16:45:22,780 [INFO]   SLT BILL GENERATOR
2026-07-04 16:45:22,780 [INFO] ======================================================================
2026-07-04 16:45:22,781 [INFO]   Inbound folder:  D:\SmartAI_Bill\data\inbound
2026-07-04 16:45:22,781 [INFO]   Files found:     3
2026-07-04 16:45:22,781 [INFO]   Workers:         7
2026-07-04 16:45:22,781 [INFO]   ZIP batch size:  1500 (fixed)
2026-07-04 16:45:22,781 [INFO]   Log file:        D:\SmartAI_Bill\logs\slt_bills_20260704_164522.log
2026-07-04 16:45:22,781 [INFO] ======================================================================
2026-07-04 16:45:27,271 [INFO] 
  >> Generating ALL 3 bills (auto-detect)

2026-07-04 16:45:27,275 [INFO]   Temp PDF dir: C:\Users\acer\AppData\Local\Temp\slt_bills_txxixg76

2026-07-04 16:45:27,275 [INFO] Starting: 3 files, 7 workers
2026-07-04 16:45:30,744 [INFO]     Progress: 3/3 (100%)
2026-07-04 16:45:30,792 [INFO] Batch complete: 3 success, 0 failed in 3.5s (3071/hr)
2026-07-04 16:45:30,792 [INFO] 
======================================================================
2026-07-04 16:45:30,792 [INFO] PROCESSING SUMMARY
2026-07-04 16:45:30,792 [INFO] ======================================================================
2026-07-04 16:45:30,792 [INFO] Total files:      3
2026-07-04 16:45:30,792 [INFO] Successful:       3
2026-07-04 16:45:30,792 [INFO] Failed:           0
2026-07-04 16:45:30,793 [INFO] Success rate:     100.0%
2026-07-04 16:45:30,793 [INFO] Total duration:   3.52s
2026-07-04 16:45:30,793 [INFO] Rate:             0.85 files/sec
2026-07-04 16:45:30,793 [INFO]                   3,071 files/hour
2026-07-04 16:45:30,793 [INFO] Target:           40,000 files/hour
2026-07-04 16:45:30,793 [INFO] Target met:       NO
2026-07-04 16:45:30,793 [INFO] 
By template:
2026-07-04 16:45:30,793 [INFO]   nonvat_enterprise: 1/1 (avg 140.31ms)
2026-07-04 16:45:30,793 [INFO]   nonvat_home: 1/1 (avg 156.83ms)
2026-07-04 16:45:30,793 [INFO]   summary_statement: 1/1 (avg 2858.01ms)
2026-07-04 16:45:30,793 [INFO] ======================================================================

2026-07-04 16:45:30,795 [INFO]   Detailed report: D:\SmartAI_Bill\logs\stats_20260704_164530.json
2026-07-04 16:45:30,795 [INFO] 
======================================================================
2026-07-04 16:45:30,795 [INFO]   CREATING ZIP BATCHES
2026-07-04 16:45:30,795 [INFO] ======================================================================
2026-07-04 16:45:30,796 [INFO] 
Zipping 1 PDFs for 'nonvat_enterprise' (batches of 1500)
2026-07-04 16:45:30,847 [INFO]   OK: SLT_BILLS_nonvat_enterprise_0001_20260704_164530.zip (1 PDFs, 0.3 MB)
2026-07-04 16:45:30,848 [INFO] 
Zipping 1 PDFs for 'nonvat_home' (batches of 1500)
2026-07-04 16:45:30,918 [INFO]   OK: SLT_BILLS_nonvat_home_0001_20260704_164530.zip (1 PDFs, 0.3 MB)
2026-07-04 16:45:30,919 [INFO] 
Zipping 1 PDFs for 'summary_statement' (batches of 1500)
2026-07-04 16:45:30,943 [INFO]   OK: SLT_BILLS_summary_statement_0001_20260704_164530.zip (1 PDFs, 0.1 MB)
2026-07-04 16:45:30,944 [INFO] 
  Total ZIPs created: 3
2026-07-04 16:45:30,944 [INFO]     nonvat_enterprise: 1 ZIPs
2026-07-04 16:45:30,944 [INFO]     nonvat_home: 1 ZIPs
2026-07-04 16:45:30,945 [INFO]     summary_statement: 1 ZIPs
2026-07-04 16:45:30,945 [INFO] 
  ZIP output folder: D:\SmartAI_Bill\output\zips
2026-07-04 16:45:30,945 [INFO] 
  Processing complete

