2026-07-05 23:22:17,597 [INFO] ======================================================================
2026-07-05 23:22:17,597 [INFO]   SLT BILL GENERATOR
2026-07-05 23:22:17,597 [INFO] ======================================================================
2026-07-05 23:22:17,598 [INFO]   Inbound folder:  D:\SmartAI_Bill\data\inbound
2026-07-05 23:22:17,598 [INFO]   Files found:     3
2026-07-05 23:22:17,598 [INFO]   Workers:         7
2026-07-05 23:22:17,598 [INFO]   ZIP batch size:  1500 (fixed)
2026-07-05 23:22:17,598 [INFO]   Log file:        D:\SmartAI_Bill\logs\slt_bills_20260705_232217.log
2026-07-05 23:22:17,598 [INFO] ======================================================================
2026-07-05 23:22:20,376 [INFO] Filtering files for template: nonvat_home
2026-07-05 23:22:20,378 [INFO]   Matched: 1 | Skipped: 2 | Errors: 0
2026-07-05 23:22:20,378 [INFO] 
  >> Generating 1 'nonvat_home' bills

2026-07-05 23:22:20,380 [INFO]   Temp PDF dir: C:\Users\acer\AppData\Local\Temp\slt_bills_s5l4a_a7

2026-07-05 23:22:20,380 [INFO] Starting: 1 files, 7 workers
2026-07-05 23:22:20,950 [INFO]     Progress: 1/1 (100%)
2026-07-05 23:22:20,981 [INFO] Batch complete: 1 success, 0 failed in 0.6s (5993/hr)
2026-07-05 23:22:20,981 [INFO] 
======================================================================
2026-07-05 23:22:20,981 [INFO] PROCESSING SUMMARY
2026-07-05 23:22:20,981 [INFO] ======================================================================
2026-07-05 23:22:20,981 [INFO] Total files:      1
2026-07-05 23:22:20,981 [INFO] Successful:       1
2026-07-05 23:22:20,981 [INFO] Failed:           0
2026-07-05 23:22:20,981 [INFO] Success rate:     100.0%
2026-07-05 23:22:20,981 [INFO] Total duration:   0.6s
2026-07-05 23:22:20,981 [INFO] Rate:             1.66 files/sec
2026-07-05 23:22:20,981 [INFO]                   5,990 files/hour
2026-07-05 23:22:20,982 [INFO] Target:           40,000 files/hour
2026-07-05 23:22:20,982 [INFO] Target met:       NO
2026-07-05 23:22:20,982 [INFO] 
By template:
2026-07-05 23:22:20,982 [INFO]   nonvat_home: 1/1 (avg 121.73ms)
2026-07-05 23:22:20,982 [INFO] ======================================================================

2026-07-05 23:22:20,983 [INFO]   Detailed report: D:\SmartAI_Bill\logs\stats_20260705_232220.json
2026-07-05 23:22:20,983 [INFO] 
======================================================================
2026-07-05 23:22:20,983 [INFO]   CREATING ZIP BATCHES
2026-07-05 23:22:20,983 [INFO] ======================================================================
2026-07-05 23:22:20,983 [INFO] 
Zipping 1 PDFs for 'nonvat_home' (batches of 1500)
2026-07-05 23:22:21,048 [INFO]   OK: SLT_BILLS_nonvat_home_0001_20260705_232220.zip (1 PDFs, 0.3 MB)
2026-07-05 23:22:21,049 [INFO] 
  Total ZIPs created: 1
2026-07-05 23:22:21,049 [INFO]     nonvat_home: 1 ZIPs
2026-07-05 23:22:21,049 [INFO] 
  ZIP output folder: D:\SmartAI_Bill\output\zips
2026-07-05 23:22:21,049 [INFO] 
  Processing complete

