2026-07-06 19:31:32,653 [INFO] ======================================================================
2026-07-06 19:31:32,654 [INFO]   SLT BILL GENERATOR
2026-07-06 19:31:32,654 [INFO] ======================================================================
2026-07-06 19:31:32,654 [INFO]   Inbound folder:  D:\SmartAI_Bill\data\inbound
2026-07-06 19:31:32,654 [INFO]   Files found:     1
2026-07-06 19:31:32,654 [INFO]   Workers:         7
2026-07-06 19:31:32,654 [INFO]   ZIP batch size:  1500 (fixed)
2026-07-06 19:31:32,654 [INFO]   Log file:        D:\SmartAI_Bill\logs\slt_bills_20260706_193132.log
2026-07-06 19:31:32,654 [INFO] ======================================================================
2026-07-06 19:31:37,704 [INFO] Filtering files for template: invoice_of_summary
2026-07-06 19:31:37,705 [INFO]   Matched: 1 | Skipped: 0 | Errors: 0
2026-07-06 19:31:37,705 [INFO] 
  >> Generating 1 'invoice_of_summary' bills

2026-07-06 19:31:37,707 [INFO]   Temp PDF dir: C:\Users\acer\AppData\Local\Temp\slt_bills_cn52nj_b

2026-07-06 19:31:37,707 [INFO] Starting: 1 files, 7 workers
2026-07-06 19:31:38,878 [INFO]     Progress: 1/1 (100%)
2026-07-06 19:31:38,912 [INFO] Batch complete: 1 success, 0 failed in 1.2s (2991/hr)
2026-07-06 19:31:38,912 [INFO] 
======================================================================
2026-07-06 19:31:38,912 [INFO] PROCESSING SUMMARY
2026-07-06 19:31:38,912 [INFO] ======================================================================
2026-07-06 19:31:38,912 [INFO] Total files:      1
2026-07-06 19:31:38,912 [INFO] Successful:       1
2026-07-06 19:31:38,912 [INFO] Failed:           0
2026-07-06 19:31:38,912 [INFO] Success rate:     100.0%
2026-07-06 19:31:38,912 [INFO] Total duration:   1.2s
2026-07-06 19:31:38,913 [INFO] Rate:             0.83 files/sec
2026-07-06 19:31:38,913 [INFO]                   2,990 files/hour
2026-07-06 19:31:38,913 [INFO] Target:           40,000 files/hour
2026-07-06 19:31:38,913 [INFO] Target met:       NO
2026-07-06 19:31:38,913 [INFO] 
By template:
2026-07-06 19:31:38,913 [INFO]   invoice_of_summary: 1/1 (avg 763.79ms)
2026-07-06 19:31:38,913 [INFO] ======================================================================

2026-07-06 19:31:38,939 [INFO]   Detailed report: D:\SmartAI_Bill\logs\stats_20260706_193138.json
2026-07-06 19:31:38,939 [INFO] 
======================================================================
2026-07-06 19:31:38,939 [INFO]   CREATING ZIP BATCHES
2026-07-06 19:31:38,939 [INFO] ======================================================================
2026-07-06 19:31:38,941 [INFO] 
Zipping 1 PDFs for 'invoice_of_summary' (batches of 1500)
2026-07-06 19:31:39,044 [INFO]   OK: SLT_BILLS_invoice_of_summary_0001_20260706_193138.zip (1 PDFs, 0.3 MB)
2026-07-06 19:31:39,045 [INFO] 
  Total ZIPs created: 1
2026-07-06 19:31:39,045 [INFO]     invoice_of_summary: 1 ZIPs
2026-07-06 19:31:39,045 [INFO] 
  ZIP output folder: D:\SmartAI_Bill\output\zips
2026-07-06 19:31:39,045 [INFO] 
  Processing complete

