2026-07-05 02:40:48,371 [INFO] ======================================================================
2026-07-05 02:40:48,371 [INFO]   SLT BILL GENERATOR
2026-07-05 02:40:48,371 [INFO] ======================================================================
2026-07-05 02:40:48,371 [INFO]   Inbound folder:  D:\SmartAI_Bill\data\inbound
2026-07-05 02:40:48,371 [INFO]   Files found:     4
2026-07-05 02:40:48,372 [INFO]   Workers:         7
2026-07-05 02:40:48,372 [INFO]   ZIP batch size:  1500 (fixed)
2026-07-05 02:40:48,372 [INFO]   Log file:        D:\SmartAI_Bill\logs\slt_bills_20260705_024048.log
2026-07-05 02:40:48,372 [INFO] ======================================================================
2026-07-05 02:40:51,271 [INFO] Filtering files for template: subscription_ref_grouping
2026-07-05 02:40:51,273 [INFO]   Matched: 1 | Skipped: 3 | Errors: 0
2026-07-05 02:40:51,273 [INFO] 
  >> Generating 1 'subscription_ref_grouping' bills

2026-07-05 02:40:51,275 [INFO]   Temp PDF dir: C:\Users\acer\AppData\Local\Temp\slt_bills_x9nxxqwf

2026-07-05 02:40:51,275 [INFO] Starting: 1 files, 7 workers
2026-07-05 02:40:51,833 [INFO]     Progress: 1/1 (100%)
2026-07-05 02:40:51,860 [INFO] Batch complete: 1 success, 0 failed in 0.6s (6153/hr)
2026-07-05 02:40:51,860 [INFO] 
======================================================================
2026-07-05 02:40:51,860 [INFO] PROCESSING SUMMARY
2026-07-05 02:40:51,860 [INFO] ======================================================================
2026-07-05 02:40:51,860 [INFO] Total files:      1
2026-07-05 02:40:51,860 [INFO] Successful:       1
2026-07-05 02:40:51,860 [INFO] Failed:           0
2026-07-05 02:40:51,860 [INFO] Success rate:     100.0%
2026-07-05 02:40:51,860 [INFO] Total duration:   0.59s
2026-07-05 02:40:51,860 [INFO] Rate:             1.71 files/sec
2026-07-05 02:40:51,860 [INFO]                   6,150 files/hour
2026-07-05 02:40:51,860 [INFO] Target:           40,000 files/hour
2026-07-05 02:40:51,860 [INFO] Target met:       NO
2026-07-05 02:40:51,860 [INFO] 
By template:
2026-07-05 02:40:51,861 [INFO]   subscription_ref_grouping: 1/1 (avg 106.07ms)
2026-07-05 02:40:51,861 [INFO] ======================================================================

2026-07-05 02:40:51,862 [INFO]   Detailed report: D:\SmartAI_Bill\logs\stats_20260705_024051.json
2026-07-05 02:40:51,862 [INFO] 
======================================================================
2026-07-05 02:40:51,862 [INFO]   CREATING ZIP BATCHES
2026-07-05 02:40:51,862 [INFO] ======================================================================
2026-07-05 02:40:51,862 [INFO] 
Zipping 1 PDFs for 'subscription_ref_grouping' (batches of 1500)
2026-07-05 02:40:51,934 [INFO]   OK: SLT_BILLS_subscription_ref_grouping_0001_20260705_024051.zip (1 PDFs, 0.2 MB)
2026-07-05 02:40:51,935 [INFO] 
  Total ZIPs created: 1
2026-07-05 02:40:51,936 [INFO]     subscription_ref_grouping: 1 ZIPs
2026-07-05 02:40:51,936 [INFO] 
  ZIP output folder: D:\SmartAI_Bill\output\zips
2026-07-05 02:40:51,936 [INFO] 
  Processing complete

