2026-07-05 00:59:37,643 [INFO] ======================================================================
2026-07-05 00:59:37,643 [INFO]   SLT BILL GENERATOR
2026-07-05 00:59:37,643 [INFO] ======================================================================
2026-07-05 00:59:37,644 [INFO]   Inbound folder:  D:\SmartAI_Bill\data\inbound
2026-07-05 00:59:37,644 [INFO]   Files found:     5
2026-07-05 00:59:37,644 [INFO]   Workers:         7
2026-07-05 00:59:37,644 [INFO]   ZIP batch size:  1500 (fixed)
2026-07-05 00:59:37,644 [INFO]   Log file:        D:\SmartAI_Bill\logs\slt_bills_20260705_005937.log
2026-07-05 00:59:37,644 [INFO] ======================================================================
2026-07-05 00:59:42,586 [INFO] Filtering files for template: summary_statement
2026-07-05 00:59:42,588 [INFO]   Matched: 1 | Skipped: 4 | Errors: 0
2026-07-05 00:59:42,588 [INFO] 
  >> Generating 1 'summary_statement' bills

2026-07-05 00:59:42,590 [INFO]   Temp PDF dir: C:\Users\acer\AppData\Local\Temp\slt_bills_k3ik02zz

2026-07-05 00:59:42,591 [INFO] Starting: 1 files, 7 workers
2026-07-05 00:59:45,988 [INFO]     Progress: 1/1 (100%)
2026-07-05 00:59:46,023 [INFO] Batch complete: 1 success, 0 failed in 3.4s (1049/hr)
2026-07-05 00:59:46,023 [INFO] 
======================================================================
2026-07-05 00:59:46,023 [INFO] PROCESSING SUMMARY
2026-07-05 00:59:46,023 [INFO] ======================================================================
2026-07-05 00:59:46,024 [INFO] Total files:      1
2026-07-05 00:59:46,024 [INFO] Successful:       1
2026-07-05 00:59:46,024 [INFO] Failed:           0
2026-07-05 00:59:46,024 [INFO] Success rate:     100.0%
2026-07-05 00:59:46,024 [INFO] Total duration:   3.43s
2026-07-05 00:59:46,024 [INFO] Rate:             0.29 files/sec
2026-07-05 00:59:46,024 [INFO]                   1,049 files/hour
2026-07-05 00:59:46,024 [INFO] Target:           40,000 files/hour
2026-07-05 00:59:46,024 [INFO] Target met:       NO
2026-07-05 00:59:46,024 [INFO] 
By template:
2026-07-05 00:59:46,024 [INFO]   summary_statement: 1/1 (avg 2937.92ms)
2026-07-05 00:59:46,024 [INFO] ======================================================================

2026-07-05 00:59:46,025 [INFO]   Detailed report: D:\SmartAI_Bill\logs\stats_20260705_005946.json
2026-07-05 00:59:46,025 [INFO] 
======================================================================
2026-07-05 00:59:46,025 [INFO]   CREATING ZIP BATCHES
2026-07-05 00:59:46,025 [INFO] ======================================================================
2026-07-05 00:59:46,026 [INFO] 
Zipping 1 PDFs for 'summary_statement' (batches of 1500)
2026-07-05 00:59:46,045 [INFO]   OK: SLT_BILLS_summary_statement_0001_20260705_005946.zip (1 PDFs, 0.1 MB)
2026-07-05 00:59:46,046 [INFO] 
  Total ZIPs created: 1
2026-07-05 00:59:46,046 [INFO]     summary_statement: 1 ZIPs
2026-07-05 00:59:46,046 [INFO] 
  ZIP output folder: D:\SmartAI_Bill\output\zips
2026-07-05 00:59:46,046 [INFO] 
  Processing complete

