2026-07-06 12:00:19,741 [INFO] ======================================================================
2026-07-06 12:00:19,741 [INFO]   SLT BILL GENERATOR
2026-07-06 12:00:19,741 [INFO] ======================================================================
2026-07-06 12:00:19,741 [INFO]   Inbound folder:  D:\SmartAI_Bill\data\inbound
2026-07-06 12:00:19,741 [INFO]   Files found:     2
2026-07-06 12:00:19,741 [INFO]   Workers:         7
2026-07-06 12:00:19,741 [INFO]   ZIP batch size:  1500 (fixed)
2026-07-06 12:00:19,741 [INFO]   Log file:        D:\SmartAI_Bill\logs\slt_bills_20260706_120019.log
2026-07-06 12:00:19,742 [INFO] ======================================================================
2026-07-06 12:00:35,731 [INFO] Filtering files for template: product_label_grouping
2026-07-06 12:00:35,733 [INFO]   Matched: 1 | Skipped: 1 | Errors: 0
2026-07-06 12:00:35,733 [INFO] 
  >> Generating 1 'product_label_grouping' bills

2026-07-06 12:00:35,735 [INFO]   Temp PDF dir: C:\Users\acer\AppData\Local\Temp\slt_bills_ca3rceob

2026-07-06 12:00:35,735 [INFO] Starting: 1 files, 7 workers
2026-07-06 12:00:36,378 [INFO]     Progress: 1/1 (100%)
2026-07-06 12:00:36,431 [INFO] Batch complete: 1 success, 0 failed in 0.7s (5175/hr)
2026-07-06 12:00:36,432 [INFO] 
======================================================================
2026-07-06 12:00:36,432 [INFO] PROCESSING SUMMARY
2026-07-06 12:00:36,432 [INFO] ======================================================================
2026-07-06 12:00:36,432 [INFO] Total files:      1
2026-07-06 12:00:36,432 [INFO] Successful:       1
2026-07-06 12:00:36,432 [INFO] Failed:           0
2026-07-06 12:00:36,432 [INFO] Success rate:     100.0%
2026-07-06 12:00:36,432 [INFO] Total duration:   0.7s
2026-07-06 12:00:36,432 [INFO] Rate:             1.44 files/sec
2026-07-06 12:00:36,433 [INFO]                   5,172 files/hour
2026-07-06 12:00:36,433 [INFO] Target:           40,000 files/hour
2026-07-06 12:00:36,433 [INFO] Target met:       NO
2026-07-06 12:00:36,433 [INFO] 
By template:
2026-07-06 12:00:36,433 [INFO]   product_label_grouping: 1/1 (avg 226.99ms)
2026-07-06 12:00:36,433 [INFO] ======================================================================

2026-07-06 12:00:36,439 [INFO]   Detailed report: D:\SmartAI_Bill\logs\stats_20260706_120036.json
2026-07-06 12:00:36,440 [INFO] 
======================================================================
2026-07-06 12:00:36,440 [INFO]   CREATING ZIP BATCHES
2026-07-06 12:00:36,440 [INFO] ======================================================================
2026-07-06 12:00:36,442 [INFO] 
Zipping 1 PDFs for 'product_label_grouping' (batches of 1500)
2026-07-06 12:00:36,497 [INFO]   OK: SLT_BILLS_product_label_grouping_0001_20260706_120036.zip (1 PDFs, 0.2 MB)
2026-07-06 12:00:36,500 [INFO] 
  Total ZIPs created: 1
2026-07-06 12:00:36,500 [INFO]     product_label_grouping: 1 ZIPs
2026-07-06 12:00:36,500 [INFO] 
  ZIP output folder: D:\SmartAI_Bill\output\zips
2026-07-06 12:00:36,500 [INFO] 
  Processing complete

