2026-07-05 22:09:19,658 [INFO] ======================================================================
2026-07-05 22:09:19,658 [INFO]   SLT BILL GENERATOR
2026-07-05 22:09:19,658 [INFO] ======================================================================
2026-07-05 22:09:19,659 [INFO]   Inbound folder:  D:\SmartAI_Bill\data\inbound
2026-07-05 22:09:19,659 [INFO]   Files found:     3
2026-07-05 22:09:19,659 [INFO]   Workers:         7
2026-07-05 22:09:19,659 [INFO]   ZIP batch size:  1500 (fixed)
2026-07-05 22:09:19,659 [INFO]   Log file:        D:\SmartAI_Bill\logs\slt_bills_20260705_220919.log
2026-07-05 22:09:19,659 [INFO] ======================================================================
2026-07-05 22:09:25,442 [INFO] Filtering files for template: nonvat_home
2026-07-05 22:09:25,552 [INFO]   Matched: 1 | Skipped: 2 | Errors: 0
2026-07-05 22:09:25,552 [INFO] 
  >> Generating 1 'nonvat_home' bills

2026-07-05 22:09:25,554 [INFO]   Temp PDF dir: C:\Users\acer\AppData\Local\Temp\slt_bills_hufijl3x

2026-07-05 22:09:25,555 [INFO] Starting: 1 files, 7 workers
2026-07-05 22:09:26,663 [INFO]     Progress: 1/1 (100%)
2026-07-05 22:09:26,700 [INFO] Batch complete: 1 success, 0 failed in 1.1s (3144/hr)
2026-07-05 22:09:26,700 [INFO] 
======================================================================
2026-07-05 22:09:26,700 [INFO] PROCESSING SUMMARY
2026-07-05 22:09:26,700 [INFO] ======================================================================
2026-07-05 22:09:26,700 [INFO] Total files:      1
2026-07-05 22:09:26,700 [INFO] Successful:       1
2026-07-05 22:09:26,701 [INFO] Failed:           0
2026-07-05 22:09:26,701 [INFO] Success rate:     100.0%
2026-07-05 22:09:26,701 [INFO] Total duration:   1.15s
2026-07-05 22:09:26,701 [INFO] Rate:             0.87 files/sec
2026-07-05 22:09:26,701 [INFO]                   3,143 files/hour
2026-07-05 22:09:26,701 [INFO] Target:           40,000 files/hour
2026-07-05 22:09:26,701 [INFO] Target met:       NO
2026-07-05 22:09:26,701 [INFO] 
By template:
2026-07-05 22:09:26,701 [INFO]   nonvat_home: 1/1 (avg 557.22ms)
2026-07-05 22:09:26,701 [INFO] ======================================================================

2026-07-05 22:09:26,703 [INFO]   Detailed report: D:\SmartAI_Bill\logs\stats_20260705_220926.json
2026-07-05 22:09:26,703 [INFO] 
======================================================================
2026-07-05 22:09:26,703 [INFO]   CREATING ZIP BATCHES
2026-07-05 22:09:26,703 [INFO] ======================================================================
2026-07-05 22:09:26,704 [INFO] 
Zipping 1 PDFs for 'nonvat_home' (batches of 1500)
2026-07-05 22:09:26,788 [INFO]   OK: SLT_BILLS_nonvat_home_0001_20260705_220926.zip (1 PDFs, 0.3 MB)
2026-07-05 22:09:26,789 [INFO] 
  Total ZIPs created: 1
2026-07-05 22:09:26,789 [INFO]     nonvat_home: 1 ZIPs
2026-07-05 22:09:26,789 [INFO] 
  ZIP output folder: D:\SmartAI_Bill\output\zips
2026-07-05 22:09:26,789 [INFO] 
  Processing complete

