2026-07-06 22:07:35,092 [INFO] ======================================================================
2026-07-06 22:07:35,092 [INFO]   SLT BILL GENERATOR
2026-07-06 22:07:35,092 [INFO] ======================================================================
2026-07-06 22:07:35,093 [INFO]   Inbound folder:  D:\SmartAI_Bill\data\inbound
2026-07-06 22:07:35,093 [INFO]   Files found:     6
2026-07-06 22:07:35,093 [INFO]   Workers:         7
2026-07-06 22:07:35,093 [INFO]   ZIP batch size:  1500 (fixed)
2026-07-06 22:07:35,093 [INFO]   Log file:        D:\SmartAI_Bill\logs\slt_bills_20260706_220735.log
2026-07-06 22:07:35,093 [INFO] ======================================================================
2026-07-06 22:07:38,998 [INFO] 
  >> Generating ALL 6 bills (auto-detect)

2026-07-06 22:07:39,000 [INFO]   Temp PDF dir: C:\Users\acer\AppData\Local\Temp\slt_bills_2bohvjsf

2026-07-06 22:07:39,000 [INFO] Starting: 6 files, 7 workers
2026-07-06 22:07:39,741 [INFO]     Progress: 3/6 (50%)
2026-07-06 22:07:42,828 [INFO]     Progress: 6/6 (100%)
2026-07-06 22:07:42,909 [INFO] Batch complete: 6 success, 0 failed in 3.9s (5527/hr)
2026-07-06 22:07:42,909 [INFO] 
======================================================================
2026-07-06 22:07:42,909 [INFO] PROCESSING SUMMARY
2026-07-06 22:07:42,909 [INFO] ======================================================================
2026-07-06 22:07:42,909 [INFO] Total files:      6
2026-07-06 22:07:42,909 [INFO] Successful:       6
2026-07-06 22:07:42,909 [INFO] Failed:           0
2026-07-06 22:07:42,909 [INFO] Success rate:     100.0%
2026-07-06 22:07:42,909 [INFO] Total duration:   3.91s
2026-07-06 22:07:42,909 [INFO] Rate:             1.54 files/sec
2026-07-06 22:07:42,909 [INFO]                   5,527 files/hour
2026-07-06 22:07:42,910 [INFO] Target:           40,000 files/hour
2026-07-06 22:07:42,910 [INFO] Target met:       NO
2026-07-06 22:07:42,910 [INFO] 
By template:
2026-07-06 22:07:42,910 [INFO]   product_label_grouping: 1/1 (avg 152.53ms)
2026-07-06 22:07:42,910 [INFO]   subscription_ref_grouping: 1/1 (avg 154.9ms)
2026-07-06 22:07:42,910 [INFO]   nonvat_enterprise: 1/1 (avg 149.26ms)
2026-07-06 22:07:42,910 [INFO]   nonvat_home: 1/1 (avg 206.02ms)
2026-07-06 22:07:42,910 [INFO]   invoice_of_summary: 1/1 (avg 803.72ms)
2026-07-06 22:07:42,910 [INFO]   summary_statement: 1/1 (avg 3230.52ms)
2026-07-06 22:07:42,910 [INFO] ======================================================================

2026-07-06 22:07:42,968 [INFO]   Detailed report: D:\SmartAI_Bill\logs\stats_20260706_220742.json
2026-07-06 22:07:42,968 [INFO] 
======================================================================
2026-07-06 22:07:42,968 [INFO]   CREATING ZIP BATCHES
2026-07-06 22:07:42,968 [INFO] ======================================================================
2026-07-06 22:07:42,970 [INFO] 
Zipping 1 PDFs for 'invoice_of_summary' (batches of 1500)
2026-07-06 22:07:43,098 [INFO]   OK: SLT_BILLS_invoice_of_summary_0001_20260706_220742.zip (1 PDFs, 0.3 MB)
2026-07-06 22:07:43,100 [INFO] 
Zipping 1 PDFs for 'nonvat_enterprise' (batches of 1500)
2026-07-06 22:07:43,146 [INFO]   OK: SLT_BILLS_nonvat_enterprise_0001_20260706_220742.zip (1 PDFs, 0.3 MB)
2026-07-06 22:07:43,147 [INFO] 
Zipping 1 PDFs for 'nonvat_home' (batches of 1500)
2026-07-06 22:07:43,228 [INFO]   OK: SLT_BILLS_nonvat_home_0001_20260706_220742.zip (1 PDFs, 0.3 MB)
2026-07-06 22:07:43,230 [INFO] 
Zipping 1 PDFs for 'product_label_grouping' (batches of 1500)
2026-07-06 22:07:43,272 [INFO]   OK: SLT_BILLS_product_label_grouping_0001_20260706_220742.zip (1 PDFs, 0.2 MB)
2026-07-06 22:07:43,273 [INFO] 
Zipping 1 PDFs for 'subscription_ref_grouping' (batches of 1500)
2026-07-06 22:07:43,338 [INFO]   OK: SLT_BILLS_subscription_ref_grouping_0001_20260706_220742.zip (1 PDFs, 0.3 MB)
2026-07-06 22:07:43,340 [INFO] 
Zipping 1 PDFs for 'summary_statement' (batches of 1500)
2026-07-06 22:07:43,369 [INFO]   OK: SLT_BILLS_summary_statement_0001_20260706_220742.zip (1 PDFs, 0.1 MB)
2026-07-06 22:07:43,371 [INFO] 
  Total ZIPs created: 6
2026-07-06 22:07:43,371 [INFO]     invoice_of_summary: 1 ZIPs
2026-07-06 22:07:43,371 [INFO]     nonvat_enterprise: 1 ZIPs
2026-07-06 22:07:43,371 [INFO]     nonvat_home: 1 ZIPs
2026-07-06 22:07:43,371 [INFO]     product_label_grouping: 1 ZIPs
2026-07-06 22:07:43,371 [INFO]     subscription_ref_grouping: 1 ZIPs
2026-07-06 22:07:43,371 [INFO]     summary_statement: 1 ZIPs
2026-07-06 22:07:43,371 [INFO] 
  ZIP output folder: D:\SmartAI_Bill\output\zips
2026-07-06 22:07:43,371 [INFO] 
  Processing complete

