2026-07-06 14:54:43,915 [INFO] ======================================================================
2026-07-06 14:54:43,917 [INFO]   SLT BILL GENERATOR
2026-07-06 14:54:43,917 [INFO] ======================================================================
2026-07-06 14:54:43,917 [INFO]   Inbound folder:  D:\SmartAI_Bill\data\inbound
2026-07-06 14:54:43,917 [INFO]   Files found:     1
2026-07-06 14:54:43,917 [INFO]   Workers:         7
2026-07-06 14:54:43,917 [INFO]   ZIP batch size:  1500 (fixed)
2026-07-06 14:54:43,917 [INFO]   Log file:        D:\SmartAI_Bill\logs\slt_bills_20260706_145443.log
2026-07-06 14:54:43,917 [INFO] ======================================================================
2026-07-06 14:54:48,310 [INFO] Filtering files for template: invoice_of_summary
2026-07-06 14:54:48,311 [INFO]   Matched: 1 | Skipped: 0 | Errors: 0
2026-07-06 14:54:48,311 [INFO] 
  >> Generating 1 'invoice_of_summary' bills

2026-07-06 14:54:48,313 [INFO]   Temp PDF dir: C:\Users\acer\AppData\Local\Temp\slt_bills_1zured6h

2026-07-06 14:54:48,313 [INFO] Starting: 1 files, 7 workers
2026-07-06 14:54:49,612 [INFO]     Progress: 1/1 (100%)
2026-07-06 14:54:49,649 [INFO] Batch complete: 1 success, 0 failed in 1.3s (2695/hr)
2026-07-06 14:54:49,650 [INFO] 
======================================================================
2026-07-06 14:54:49,650 [INFO] PROCESSING SUMMARY
2026-07-06 14:54:49,650 [INFO] ======================================================================
2026-07-06 14:54:49,650 [INFO] Total files:      1
2026-07-06 14:54:49,650 [INFO] Successful:       1
2026-07-06 14:54:49,650 [INFO] Failed:           0
2026-07-06 14:54:49,650 [INFO] Success rate:     100.0%
2026-07-06 14:54:49,650 [INFO] Total duration:   1.34s
2026-07-06 14:54:49,650 [INFO] Rate:             0.75 files/sec
2026-07-06 14:54:49,650 [INFO]                   2,694 files/hour
2026-07-06 14:54:49,650 [INFO] Target:           40,000 files/hour
2026-07-06 14:54:49,650 [INFO] Target met:       NO
2026-07-06 14:54:49,650 [INFO] 
By template:
2026-07-06 14:54:49,650 [INFO]   invoice_of_summary: 1/1 (avg 861.96ms)
2026-07-06 14:54:49,651 [INFO] ======================================================================

2026-07-06 14:54:49,697 [INFO]   Detailed report: D:\SmartAI_Bill\logs\stats_20260706_145449.json
2026-07-06 14:54:49,698 [INFO] 
======================================================================
2026-07-06 14:54:49,698 [INFO]   CREATING ZIP BATCHES
2026-07-06 14:54:49,698 [INFO] ======================================================================
2026-07-06 14:54:49,700 [INFO] 
Zipping 1 PDFs for 'invoice_of_summary' (batches of 1500)
2026-07-06 14:54:49,816 [INFO]   OK: SLT_BILLS_invoice_of_summary_0001_20260706_145449.zip (1 PDFs, 0.3 MB)
2026-07-06 14:54:49,818 [INFO] 
  Total ZIPs created: 1
2026-07-06 14:54:49,818 [INFO]     invoice_of_summary: 1 ZIPs
2026-07-06 14:54:49,818 [INFO] 
  ZIP output folder: D:\SmartAI_Bill\output\zips
2026-07-06 14:54:49,818 [INFO] 
  Processing complete

