2026-07-05 02:22:11,909 [INFO] ======================================================================
2026-07-05 02:22:11,909 [INFO]   SLT BILL GENERATOR
2026-07-05 02:22:11,909 [INFO] ======================================================================
2026-07-05 02:22:11,910 [INFO]   Inbound folder:  D:\SmartAI_Bill\data\inbound
2026-07-05 02:22:11,910 [INFO]   Files found:     4
2026-07-05 02:22:11,910 [INFO]   Workers:         7
2026-07-05 02:22:11,910 [INFO]   ZIP batch size:  1500 (fixed)
2026-07-05 02:22:11,910 [INFO]   Log file:        D:\SmartAI_Bill\logs\slt_bills_20260705_022211.log
2026-07-05 02:22:11,910 [INFO] ======================================================================
2026-07-05 02:22:16,312 [INFO] Filtering files for template: subscription_ref_grouping
2026-07-05 02:22:16,314 [INFO]   Matched: 1 | Skipped: 3 | Errors: 0
2026-07-05 02:22:16,314 [INFO] 
  >> Generating 1 'subscription_ref_grouping' bills

2026-07-05 02:22:16,316 [INFO]   Temp PDF dir: C:\Users\acer\AppData\Local\Temp\slt_bills_jmern54j

2026-07-05 02:22:16,316 [INFO] Starting: 1 files, 7 workers
2026-07-05 02:22:16,882 [INFO]     Progress: 1/1 (100%)
2026-07-05 02:22:16,909 [INFO] Batch complete: 1 success, 0 failed in 0.6s (6064/hr)
2026-07-05 02:22:16,910 [INFO] 
======================================================================
2026-07-05 02:22:16,910 [INFO] PROCESSING SUMMARY
2026-07-05 02:22:16,910 [INFO] ======================================================================
2026-07-05 02:22:16,910 [INFO] Total files:      1
2026-07-05 02:22:16,910 [INFO] Successful:       1
2026-07-05 02:22:16,910 [INFO] Failed:           0
2026-07-05 02:22:16,910 [INFO] Success rate:     100.0%
2026-07-05 02:22:16,910 [INFO] Total duration:   0.59s
2026-07-05 02:22:16,910 [INFO] Rate:             1.68 files/sec
2026-07-05 02:22:16,910 [INFO]                   6,061 files/hour
2026-07-05 02:22:16,910 [INFO] Target:           40,000 files/hour
2026-07-05 02:22:16,910 [INFO] Target met:       NO
2026-07-05 02:22:16,910 [INFO] 
By template:
2026-07-05 02:22:16,910 [INFO]   subscription_ref_grouping: 1/1 (avg 87.52ms)
2026-07-05 02:22:16,910 [INFO] ======================================================================

2026-07-05 02:22:16,914 [INFO]   Detailed report: D:\SmartAI_Bill\logs\stats_20260705_022216.json
2026-07-05 02:22:16,914 [INFO] 
======================================================================
2026-07-05 02:22:16,914 [INFO]   CREATING ZIP BATCHES
2026-07-05 02:22:16,914 [INFO] ======================================================================
2026-07-05 02:22:16,915 [INFO] 
Zipping 1 PDFs for 'subscription_ref_grouping' (batches of 1500)
2026-07-05 02:22:16,990 [INFO]   OK: SLT_BILLS_subscription_ref_grouping_0001_20260705_022216.zip (1 PDFs, 0.2 MB)
2026-07-05 02:22:16,991 [INFO] 
  Total ZIPs created: 1
2026-07-05 02:22:16,992 [INFO]     subscription_ref_grouping: 1 ZIPs
2026-07-05 02:22:16,992 [INFO] 
  ZIP output folder: D:\SmartAI_Bill\output\zips
2026-07-05 02:22:16,992 [INFO] 
  Processing complete

