2026-07-04 21:44:48,239 [INFO] ======================================================================
2026-07-04 21:44:48,240 [INFO]   SLT BILL GENERATOR
2026-07-04 21:44:48,240 [INFO] ======================================================================
2026-07-04 21:44:48,240 [INFO]   Inbound folder:  D:\SmartAI_Bill\data\inbound
2026-07-04 21:44:48,240 [INFO]   Files found:     5
2026-07-04 21:44:48,240 [INFO]   Workers:         7
2026-07-04 21:44:48,240 [INFO]   ZIP batch size:  1500 (fixed)
2026-07-04 21:44:48,240 [INFO]   Log file:        D:\SmartAI_Bill\logs\slt_bills_20260704_214448.log
2026-07-04 21:44:48,240 [INFO] ======================================================================
2026-07-04 21:44:51,014 [INFO] 
  >> Generating ALL 5 bills (auto-detect)

2026-07-04 21:44:51,017 [INFO]   Temp PDF dir: C:\Users\acer\AppData\Local\Temp\slt_bills__xclnnis

2026-07-04 21:44:51,017 [INFO] Starting: 5 files, 7 workers
2026-07-04 21:44:51,734 [INFO]     Progress: 1/5 (20%)
2026-07-04 21:44:51,738 [INFO]     Progress: 2/5 (40%)
2026-07-04 21:44:51,743 [INFO]     Progress: 3/5 (60%)
2026-07-04 21:44:51,750 [INFO]     Progress: 4/5 (80%)
2026-07-04 21:44:53,639 [INFO]     Progress: 5/5 (100%)
2026-07-04 21:44:53,706 [INFO] Batch complete: 5 success, 0 failed in 2.7s (6692/hr)
2026-07-04 21:44:53,706 [INFO] 
======================================================================
2026-07-04 21:44:53,706 [INFO] PROCESSING SUMMARY
2026-07-04 21:44:53,706 [INFO] ======================================================================
2026-07-04 21:44:53,706 [INFO] Total files:      5
2026-07-04 21:44:53,706 [INFO] Successful:       5
2026-07-04 21:44:53,706 [INFO] Failed:           0
2026-07-04 21:44:53,706 [INFO] Success rate:     100.0%
2026-07-04 21:44:53,706 [INFO] Total duration:   2.69s
2026-07-04 21:44:53,706 [INFO] Rate:             1.86 files/sec
2026-07-04 21:44:53,706 [INFO]                   6,691 files/hour
2026-07-04 21:44:53,706 [INFO] Target:           40,000 files/hour
2026-07-04 21:44:53,706 [INFO] Target met:       NO
2026-07-04 21:44:53,706 [INFO] 
By template:
2026-07-04 21:44:53,706 [INFO]   product_label_grouping: 1/1 (avg 127.06ms)
2026-07-04 21:44:53,706 [INFO]   nonvat_home: 1/1 (avg 121.91ms)
2026-07-04 21:44:53,706 [INFO]   nonvat_enterprise: 1/1 (avg 110.93ms)
2026-07-04 21:44:53,706 [INFO]   subscription_ref_grouping: 1/1 (avg 137.54ms)
2026-07-04 21:44:53,706 [INFO]   summary_statement: 1/1 (avg 2006.18ms)
2026-07-04 21:44:53,706 [INFO] ======================================================================

2026-07-04 21:44:53,708 [INFO]   Detailed report: D:\SmartAI_Bill\logs\stats_20260704_214453.json
2026-07-04 21:44:53,708 [INFO] 
======================================================================
2026-07-04 21:44:53,708 [INFO]   CREATING ZIP BATCHES
2026-07-04 21:44:53,708 [INFO] ======================================================================
2026-07-04 21:44:53,708 [INFO] 
Zipping 1 PDFs for 'nonvat_enterprise' (batches of 1500)
2026-07-04 21:44:53,734 [INFO]   OK: SLT_BILLS_nonvat_enterprise_0001_20260704_214453.zip (1 PDFs, 0.3 MB)
2026-07-04 21:44:53,735 [INFO] 
Zipping 1 PDFs for 'nonvat_home' (batches of 1500)
2026-07-04 21:44:53,770 [INFO]   OK: SLT_BILLS_nonvat_home_0001_20260704_214453.zip (1 PDFs, 0.3 MB)
2026-07-04 21:44:53,771 [INFO] 
Zipping 1 PDFs for 'product_label_grouping' (batches of 1500)
2026-07-04 21:44:53,790 [INFO]   OK: SLT_BILLS_product_label_grouping_0001_20260704_214453.zip (1 PDFs, 0.2 MB)
2026-07-04 21:44:53,791 [INFO] 
Zipping 1 PDFs for 'subscription_ref_grouping' (batches of 1500)
2026-07-04 21:44:53,833 [INFO]   OK: SLT_BILLS_subscription_ref_grouping_0001_20260704_214453.zip (1 PDFs, 0.3 MB)
2026-07-04 21:44:53,833 [INFO] 
Zipping 1 PDFs for 'summary_statement' (batches of 1500)
2026-07-04 21:44:53,855 [INFO]   OK: SLT_BILLS_summary_statement_0001_20260704_214453.zip (1 PDFs, 0.1 MB)
2026-07-04 21:44:53,858 [INFO] 
  Total ZIPs created: 5
2026-07-04 21:44:53,858 [INFO]     nonvat_enterprise: 1 ZIPs
2026-07-04 21:44:53,858 [INFO]     nonvat_home: 1 ZIPs
2026-07-04 21:44:53,859 [INFO]     product_label_grouping: 1 ZIPs
2026-07-04 21:44:53,859 [INFO]     subscription_ref_grouping: 1 ZIPs
2026-07-04 21:44:53,859 [INFO]     summary_statement: 1 ZIPs
2026-07-04 21:44:53,859 [INFO] 
  ZIP output folder: D:\SmartAI_Bill\output\zips
2026-07-04 21:44:53,859 [INFO] 
  Processing complete

