2026-07-05 00:56:29,854 [INFO] ======================================================================
2026-07-05 00:56:29,854 [INFO]   SLT BILL GENERATOR
2026-07-05 00:56:29,854 [INFO] ======================================================================
2026-07-05 00:56:29,854 [INFO]   Inbound folder:  D:\SmartAI_Bill\data\inbound
2026-07-05 00:56:29,854 [INFO]   Files found:     5
2026-07-05 00:56:29,854 [INFO]   Workers:         7
2026-07-05 00:56:29,855 [INFO]   ZIP batch size:  1500 (fixed)
2026-07-05 00:56:29,855 [INFO]   Log file:        D:\SmartAI_Bill\logs\slt_bills_20260705_005629.log
2026-07-05 00:56:29,855 [INFO] ======================================================================
2026-07-05 00:56:33,781 [INFO] Filtering files for template: summary_statement
2026-07-05 00:56:33,784 [INFO]   Matched: 1 | Skipped: 4 | Errors: 0
2026-07-05 00:56:33,784 [INFO] 
  >> Generating 1 'summary_statement' bills

2026-07-05 00:56:33,786 [INFO]   Temp PDF dir: C:\Users\acer\AppData\Local\Temp\slt_bills_8bvqwyk2

2026-07-05 00:56:33,786 [INFO] Starting: 1 files, 7 workers
2026-07-05 00:56:37,236 [INFO]     Progress: 1/1 (100%)
2026-07-05 00:56:37,273 [INFO] Batch complete: 1 success, 0 failed in 3.5s (1033/hr)
2026-07-05 00:56:37,273 [INFO] 
======================================================================
2026-07-05 00:56:37,273 [INFO] PROCESSING SUMMARY
2026-07-05 00:56:37,273 [INFO] ======================================================================
2026-07-05 00:56:37,274 [INFO] Total files:      1
2026-07-05 00:56:37,274 [INFO] Successful:       1
2026-07-05 00:56:37,274 [INFO] Failed:           0
2026-07-05 00:56:37,274 [INFO] Success rate:     100.0%
2026-07-05 00:56:37,274 [INFO] Total duration:   3.49s
2026-07-05 00:56:37,274 [INFO] Rate:             0.29 files/sec
2026-07-05 00:56:37,274 [INFO]                   1,032 files/hour
2026-07-05 00:56:37,274 [INFO] Target:           40,000 files/hour
2026-07-05 00:56:37,274 [INFO] Target met:       NO
2026-07-05 00:56:37,275 [INFO] 
By template:
2026-07-05 00:56:37,275 [INFO]   summary_statement: 1/1 (avg 2984.19ms)
2026-07-05 00:56:37,275 [INFO] ======================================================================

2026-07-05 00:56:37,278 [INFO]   Detailed report: D:\SmartAI_Bill\logs\stats_20260705_005637.json
2026-07-05 00:56:37,278 [INFO] 
======================================================================
2026-07-05 00:56:37,278 [INFO]   CREATING ZIP BATCHES
2026-07-05 00:56:37,279 [INFO] ======================================================================
2026-07-05 00:56:37,279 [INFO] 
Zipping 1 PDFs for 'summary_statement' (batches of 1500)
2026-07-05 00:56:37,328 [INFO]   OK: SLT_BILLS_summary_statement_0001_20260705_005637.zip (1 PDFs, 0.1 MB)
2026-07-05 00:56:37,330 [INFO] 
  Total ZIPs created: 1
2026-07-05 00:56:37,330 [INFO]     summary_statement: 1 ZIPs
2026-07-05 00:56:37,331 [INFO] 
  ZIP output folder: D:\SmartAI_Bill\output\zips
2026-07-05 00:56:37,331 [INFO] 
  Processing complete

