2026-07-05 01:51:35,837 [INFO] ======================================================================
2026-07-05 01:51:35,838 [INFO]   SLT BILL GENERATOR
2026-07-05 01:51:35,838 [INFO] ======================================================================
2026-07-05 01:51:35,838 [INFO]   Inbound folder:  D:\SmartAI_Bill\data\inbound
2026-07-05 01:51:35,838 [INFO]   Files found:     4
2026-07-05 01:51:35,838 [INFO]   Workers:         7
2026-07-05 01:51:35,838 [INFO]   ZIP batch size:  1500 (fixed)
2026-07-05 01:51:35,838 [INFO]   Log file:        D:\SmartAI_Bill\logs\slt_bills_20260705_015135.log
2026-07-05 01:51:35,838 [INFO] ======================================================================
2026-07-05 01:51:39,663 [INFO] Filtering files for template: subscription_ref_grouping
2026-07-05 01:51:39,665 [INFO]   Matched: 1 | Skipped: 3 | Errors: 0
2026-07-05 01:51:39,665 [INFO] 
  >> Generating 1 'subscription_ref_grouping' bills

2026-07-05 01:51:39,667 [INFO]   Temp PDF dir: C:\Users\acer\AppData\Local\Temp\slt_bills_u1b30ku5

2026-07-05 01:51:39,667 [INFO] Starting: 1 files, 7 workers
2026-07-05 01:51:40,184 [INFO]     Progress: 1/1 (100%)
2026-07-05 01:51:40,219 [INFO] Batch complete: 0 success, 1 failed in 0.6s (6522/hr)
2026-07-05 01:51:40,219 [INFO] 
======================================================================
2026-07-05 01:51:40,219 [INFO] PROCESSING SUMMARY
2026-07-05 01:51:40,219 [INFO] ======================================================================
2026-07-05 01:51:40,219 [INFO] Total files:      1
2026-07-05 01:51:40,219 [INFO] Successful:       0
2026-07-05 01:51:40,219 [INFO] Failed:           1
2026-07-05 01:51:40,219 [INFO] Success rate:     0.0%
2026-07-05 01:51:40,219 [INFO] Total duration:   0.55s
2026-07-05 01:51:40,220 [INFO] Rate:             1.81 files/sec
2026-07-05 01:51:40,220 [INFO]                   6,518 files/hour
2026-07-05 01:51:40,220 [INFO] Target:           40,000 files/hour
2026-07-05 01:51:40,220 [INFO] Target met:       NO
2026-07-05 01:51:40,220 [INFO] 
By template:
2026-07-05 01:51:40,220 [INFO]   subscription_ref_grouping: 0/1 (avg 62.58ms)
2026-07-05 01:51:40,220 [INFO] ======================================================================

2026-07-05 01:51:40,221 [INFO]   Detailed report: D:\SmartAI_Bill\logs\stats_20260705_015140.json
2026-07-05 01:51:40,221 [INFO] 
======================================================================
2026-07-05 01:51:40,221 [INFO]   CREATING ZIP BATCHES
2026-07-05 01:51:40,221 [INFO] ======================================================================
2026-07-05 01:51:40,222 [INFO] 
  Total ZIPs created: 0
2026-07-05 01:51:40,222 [INFO] 
  ZIP output folder: D:\SmartAI_Bill\output\zips
2026-07-05 01:51:40,222 [INFO] 
  Processing complete

