2026-07-05 00:13:40,180 [INFO] ======================================================================
2026-07-05 00:13:40,180 [INFO]   SLT BILL GENERATOR
2026-07-05 00:13:40,181 [INFO] ======================================================================
2026-07-05 00:13:40,182 [INFO]   Inbound folder:  D:\SmartAI_Bill\data\inbound
2026-07-05 00:13:40,182 [INFO]   Files found:     5
2026-07-05 00:13:40,182 [INFO]   Workers:         7
2026-07-05 00:13:40,182 [INFO]   ZIP batch size:  1500 (fixed)
2026-07-05 00:13:40,182 [INFO]   Log file:        D:\SmartAI_Bill\logs\slt_bills_20260705_001340.log
2026-07-05 00:13:40,182 [INFO] ======================================================================
2026-07-05 00:14:02,808 [INFO] 
  >> Generating ALL 5 bills (auto-detect)

2026-07-05 00:14:02,810 [INFO]   Temp PDF dir: C:\Users\acer\AppData\Local\Temp\slt_bills_lpkrru3t

2026-07-05 00:14:02,810 [INFO] Starting: 5 files, 7 workers
2026-07-05 00:14:03,776 [INFO]     Progress: 1/5 (20%)
2026-07-05 00:14:03,852 [INFO]     Progress: 2/5 (40%)
2026-07-05 00:14:03,880 [INFO]     Progress: 3/5 (60%)
2026-07-05 00:14:03,909 [INFO]     Progress: 4/5 (80%)
2026-07-05 00:14:07,099 [INFO]     Progress: 5/5 (100%)
2026-07-05 00:14:07,161 [INFO] Batch complete: 2 success, 3 failed in 4.4s (4137/hr)
2026-07-05 00:14:07,162 [INFO] 
======================================================================
2026-07-05 00:14:07,162 [INFO] PROCESSING SUMMARY
2026-07-05 00:14:07,162 [INFO] ======================================================================
2026-07-05 00:14:07,162 [INFO] Total files:      5
2026-07-05 00:14:07,162 [INFO] Successful:       2
2026-07-05 00:14:07,162 [INFO] Failed:           3
2026-07-05 00:14:07,162 [INFO] Success rate:     40.0%
2026-07-05 00:14:07,162 [INFO] Total duration:   4.35s
2026-07-05 00:14:07,162 [INFO] Rate:             1.15 files/sec
2026-07-05 00:14:07,162 [INFO]                   4,137 files/hour
2026-07-05 00:14:07,162 [INFO] Target:           40,000 files/hour
2026-07-05 00:14:07,162 [INFO] Target met:       NO
2026-07-05 00:14:07,162 [INFO] 
By template:
2026-07-05 00:14:07,162 [INFO]   product_label_grouping: 0/1 (avg 322.57ms)
2026-07-05 00:14:07,162 [INFO]   nonvat_home: 0/1 (avg 388.01ms)
2026-07-05 00:14:07,162 [INFO]   nonvat_enterprise: 1/1 (avg 404.53ms)
2026-07-05 00:14:07,162 [INFO]   subscription_ref_grouping: 0/1 (avg 456.2ms)
2026-07-05 00:14:07,162 [INFO]   summary_statement: 1/1 (avg 3614.79ms)
2026-07-05 00:14:07,162 [INFO] ======================================================================

2026-07-05 00:14:07,163 [INFO]   Detailed report: D:\SmartAI_Bill\logs\stats_20260705_001407.json
2026-07-05 00:14:07,163 [INFO] 
======================================================================
2026-07-05 00:14:07,163 [INFO]   CREATING ZIP BATCHES
2026-07-05 00:14:07,163 [INFO] ======================================================================
2026-07-05 00:14:07,164 [INFO] 
Zipping 1 PDFs for 'nonvat_enterprise' (batches of 1500)
2026-07-05 00:14:07,247 [INFO]   OK: SLT_BILLS_nonvat_enterprise_0001_20260705_001407.zip (1 PDFs, 0.3 MB)
2026-07-05 00:14:07,248 [INFO] 
Zipping 1 PDFs for 'summary_statement' (batches of 1500)
2026-07-05 00:14:07,288 [INFO]   OK: SLT_BILLS_summary_statement_0001_20260705_001407.zip (1 PDFs, 0.1 MB)
2026-07-05 00:14:07,289 [INFO] 
  Total ZIPs created: 2
2026-07-05 00:14:07,290 [INFO]     nonvat_enterprise: 1 ZIPs
2026-07-05 00:14:07,290 [INFO]     summary_statement: 1 ZIPs
2026-07-05 00:14:07,290 [INFO] 
  ZIP output folder: D:\SmartAI_Bill\output\zips
2026-07-05 00:14:07,290 [INFO] 
  Processing complete

