2026-07-06 19:30:27,180 [INFO] ======================================================================
2026-07-06 19:30:27,180 [INFO]   SLT BILL GENERATOR
2026-07-06 19:30:27,180 [INFO] ======================================================================
2026-07-06 19:30:27,180 [INFO]   Inbound folder:  D:\SmartAI_Bill\data\inbound
2026-07-06 19:30:27,180 [INFO]   Files found:     1
2026-07-06 19:30:27,180 [INFO]   Workers:         7
2026-07-06 19:30:27,180 [INFO]   ZIP batch size:  1500 (fixed)
2026-07-06 19:30:27,180 [INFO]   Log file:        D:\SmartAI_Bill\logs\slt_bills_20260706_193027.log
2026-07-06 19:30:27,180 [INFO] ======================================================================
2026-07-06 19:30:33,059 [INFO] Filtering files for template: invoice_of_summary
2026-07-06 19:30:33,060 [INFO]   Matched: 1 | Skipped: 0 | Errors: 0
2026-07-06 19:30:33,061 [INFO] 
  >> Generating 1 'invoice_of_summary' bills

2026-07-06 19:30:33,062 [INFO]   Temp PDF dir: C:\Users\acer\AppData\Local\Temp\slt_bills_ljyxz632

2026-07-06 19:30:33,062 [INFO] Starting: 1 files, 7 workers
2026-07-06 19:30:34,258 [INFO]     Progress: 1/1 (100%)
2026-07-06 19:30:34,298 [INFO] Batch complete: 1 success, 0 failed in 1.2s (2913/hr)
2026-07-06 19:30:34,299 [INFO] 
======================================================================
2026-07-06 19:30:34,299 [INFO] PROCESSING SUMMARY
2026-07-06 19:30:34,299 [INFO] ======================================================================
2026-07-06 19:30:34,299 [INFO] Total files:      1
2026-07-06 19:30:34,299 [INFO] Successful:       1
2026-07-06 19:30:34,299 [INFO] Failed:           0
2026-07-06 19:30:34,299 [INFO] Success rate:     100.0%
2026-07-06 19:30:34,299 [INFO] Total duration:   1.24s
2026-07-06 19:30:34,299 [INFO] Rate:             0.81 files/sec
2026-07-06 19:30:34,299 [INFO]                   2,911 files/hour
2026-07-06 19:30:34,299 [INFO] Target:           40,000 files/hour
2026-07-06 19:30:34,299 [INFO] Target met:       NO
2026-07-06 19:30:34,299 [INFO] 
By template:
2026-07-06 19:30:34,299 [INFO]   invoice_of_summary: 1/1 (avg 764.46ms)
2026-07-06 19:30:34,299 [INFO] ======================================================================

2026-07-06 19:30:34,301 [INFO]   Detailed report: D:\SmartAI_Bill\logs\stats_20260706_193034.json
2026-07-06 19:30:34,301 [INFO] 
======================================================================
2026-07-06 19:30:34,301 [INFO]   CREATING ZIP BATCHES
2026-07-06 19:30:34,301 [INFO] ======================================================================
2026-07-06 19:30:34,301 [INFO] 
Zipping 1 PDFs for 'invoice_of_summary' (batches of 1500)
2026-07-06 19:30:34,421 [INFO]   OK: SLT_BILLS_invoice_of_summary_0001_20260706_193034.zip (1 PDFs, 0.3 MB)
2026-07-06 19:30:34,423 [INFO] 
  Total ZIPs created: 1
2026-07-06 19:30:34,423 [INFO]     invoice_of_summary: 1 ZIPs
2026-07-06 19:30:34,425 [INFO] 
  ZIP output folder: D:\SmartAI_Bill\output\zips
2026-07-06 19:30:34,425 [INFO] 
  Processing complete

