2026-07-06 22:17:40,095 [INFO] ======================================================================
2026-07-06 22:17:40,096 [INFO]   SLT BILL GENERATOR
2026-07-06 22:17:40,096 [INFO] ======================================================================
2026-07-06 22:17:40,096 [INFO]   Inbound folder:  D:\SmartAI_Bill\data\inbound
2026-07-06 22:17:40,096 [INFO]   Files found:     7
2026-07-06 22:17:40,096 [INFO]   Workers:         7
2026-07-06 22:17:40,098 [INFO]   ZIP batch size:  1500 (fixed)
2026-07-06 22:17:40,098 [INFO]   Log file:        D:\SmartAI_Bill\logs\slt_bills_20260706_221740.log
2026-07-06 22:17:40,098 [INFO] ======================================================================
2026-07-06 22:17:41,804 [INFO] 
  >> Generating ALL 7 bills (auto-detect)

2026-07-06 22:17:41,807 [INFO]   Temp PDF dir: C:\Users\acer\AppData\Local\Temp\slt_bills_9mbofi28

2026-07-06 22:17:41,807 [INFO] Starting: 7 files, 7 workers
2026-07-06 22:17:45,465 [INFO]     Progress: 7/7 (100%)
2026-07-06 22:17:45,556 [INFO] Batch complete: 6 success, 1 failed in 3.8s (6719/hr)
2026-07-06 22:17:45,558 [INFO] 
======================================================================
2026-07-06 22:17:45,558 [INFO] PROCESSING SUMMARY
2026-07-06 22:17:45,558 [INFO] ======================================================================
2026-07-06 22:17:45,558 [INFO] Total files:      7
2026-07-06 22:17:45,558 [INFO] Successful:       6
2026-07-06 22:17:45,558 [INFO] Failed:           1
2026-07-06 22:17:45,558 [INFO] Success rate:     85.71%
2026-07-06 22:17:45,558 [INFO] Total duration:   3.75s
2026-07-06 22:17:45,558 [INFO] Rate:             1.87 files/sec
2026-07-06 22:17:45,558 [INFO]                   6,719 files/hour
2026-07-06 22:17:45,558 [INFO] Target:           40,000 files/hour
2026-07-06 22:17:45,558 [INFO] Target met:       NO
2026-07-06 22:17:45,558 [INFO] 
By template:
2026-07-06 22:17:45,558 [INFO]   unknown: 0/1 (avg 0.22ms)
2026-07-06 22:17:45,558 [INFO]   product_label_grouping: 1/1 (avg 123.89ms)
2026-07-06 22:17:45,558 [INFO]   nonvat_enterprise: 1/1 (avg 137.07ms)
2026-07-06 22:17:45,558 [INFO]   subscription_ref_grouping: 1/1 (avg 152.05ms)
2026-07-06 22:17:45,558 [INFO]   nonvat_home: 1/1 (avg 205.53ms)
2026-07-06 22:17:45,558 [INFO]   invoice_of_summary: 1/1 (avg 795.4ms)
2026-07-06 22:17:45,558 [INFO]   summary_statement: 1/1 (avg 3072.21ms)
2026-07-06 22:17:45,558 [INFO] ======================================================================

2026-07-06 22:17:45,559 [INFO]   Detailed report: D:\SmartAI_Bill\logs\stats_20260706_221745.json
2026-07-06 22:17:45,560 [INFO] 
======================================================================
2026-07-06 22:17:45,560 [INFO]   CREATING ZIP BATCHES
2026-07-06 22:17:45,560 [INFO] ======================================================================
2026-07-06 22:17:45,560 [INFO] 
Zipping 1 PDFs for 'invoice_of_summary' (batches of 1500)
2026-07-06 22:17:45,652 [INFO]   OK: SLT_BILLS_invoice_of_summary_0001_20260706_221745.zip (1 PDFs, 0.3 MB)
2026-07-06 22:17:45,653 [INFO] 
Zipping 1 PDFs for 'nonvat_enterprise' (batches of 1500)
2026-07-06 22:17:45,710 [INFO]   OK: SLT_BILLS_nonvat_enterprise_0001_20260706_221745.zip (1 PDFs, 0.3 MB)
2026-07-06 22:17:45,713 [INFO] 
Zipping 1 PDFs for 'nonvat_home' (batches of 1500)
2026-07-06 22:17:45,777 [INFO]   OK: SLT_BILLS_nonvat_home_0001_20260706_221745.zip (1 PDFs, 0.3 MB)
2026-07-06 22:17:45,778 [INFO] 
Zipping 1 PDFs for 'product_label_grouping' (batches of 1500)
2026-07-06 22:17:45,806 [INFO]   OK: SLT_BILLS_product_label_grouping_0001_20260706_221745.zip (1 PDFs, 0.2 MB)
2026-07-06 22:17:45,807 [INFO] 
Zipping 1 PDFs for 'subscription_ref_grouping' (batches of 1500)
2026-07-06 22:17:45,885 [INFO]   OK: SLT_BILLS_subscription_ref_grouping_0001_20260706_221745.zip (1 PDFs, 0.3 MB)
2026-07-06 22:17:45,887 [INFO] 
Zipping 1 PDFs for 'summary_statement' (batches of 1500)
2026-07-06 22:17:45,925 [INFO]   OK: SLT_BILLS_summary_statement_0001_20260706_221745.zip (1 PDFs, 0.1 MB)
2026-07-06 22:17:45,927 [INFO] 
  Total ZIPs created: 6
2026-07-06 22:17:45,927 [INFO]     invoice_of_summary: 1 ZIPs
2026-07-06 22:17:45,928 [INFO]     nonvat_enterprise: 1 ZIPs
2026-07-06 22:17:45,928 [INFO]     nonvat_home: 1 ZIPs
2026-07-06 22:17:45,928 [INFO]     product_label_grouping: 1 ZIPs
2026-07-06 22:17:45,928 [INFO]     subscription_ref_grouping: 1 ZIPs
2026-07-06 22:17:45,928 [INFO]     summary_statement: 1 ZIPs
2026-07-06 22:17:45,928 [INFO] 
  ZIP output folder: D:\SmartAI_Bill\output\zips
2026-07-06 22:17:45,928 [INFO] 
  Processing complete

