2026-07-06 14:46:21,572 [INFO] ======================================================================
2026-07-06 14:46:21,573 [INFO]   SLT BILL GENERATOR
2026-07-06 14:46:21,573 [INFO] ======================================================================
2026-07-06 14:46:21,573 [INFO]   Inbound folder:  D:\SmartAI_Bill\data\inbound
2026-07-06 14:46:21,574 [INFO]   Files found:     1
2026-07-06 14:46:21,574 [INFO]   Workers:         7
2026-07-06 14:46:21,574 [INFO]   ZIP batch size:  1500 (fixed)
2026-07-06 14:46:21,574 [INFO]   Log file:        D:\SmartAI_Bill\logs\slt_bills_20260706_144621.log
2026-07-06 14:46:21,574 [INFO] ======================================================================
2026-07-06 14:46:26,673 [INFO] Filtering files for template: invoice_of_summary
2026-07-06 14:46:26,674 [INFO]   Matched: 1 | Skipped: 0 | Errors: 0
2026-07-06 14:46:26,675 [INFO] 
  >> Generating 1 'invoice_of_summary' bills

2026-07-06 14:46:26,677 [INFO]   Temp PDF dir: C:\Users\acer\AppData\Local\Temp\slt_bills_87dbudc5

2026-07-06 14:46:26,677 [INFO] Starting: 1 files, 7 workers
2026-07-06 14:46:28,087 [INFO]     Progress: 1/1 (100%)
2026-07-06 14:46:28,134 [INFO] Batch complete: 1 success, 0 failed in 1.5s (2472/hr)
2026-07-06 14:46:28,134 [INFO] 
======================================================================
2026-07-06 14:46:28,134 [INFO] PROCESSING SUMMARY
2026-07-06 14:46:28,134 [INFO] ======================================================================
2026-07-06 14:46:28,134 [INFO] Total files:      1
2026-07-06 14:46:28,134 [INFO] Successful:       1
2026-07-06 14:46:28,134 [INFO] Failed:           0
2026-07-06 14:46:28,134 [INFO] Success rate:     100.0%
2026-07-06 14:46:28,135 [INFO] Total duration:   1.46s
2026-07-06 14:46:28,135 [INFO] Rate:             0.69 files/sec
2026-07-06 14:46:28,135 [INFO]                   2,471 files/hour
2026-07-06 14:46:28,135 [INFO] Target:           40,000 files/hour
2026-07-06 14:46:28,135 [INFO] Target met:       NO
2026-07-06 14:46:28,135 [INFO] 
By template:
2026-07-06 14:46:28,135 [INFO]   invoice_of_summary: 1/1 (avg 954.92ms)
2026-07-06 14:46:28,136 [INFO] ======================================================================

2026-07-06 14:46:28,137 [INFO]   Detailed report: D:\SmartAI_Bill\logs\stats_20260706_144628.json
2026-07-06 14:46:28,138 [INFO] 
======================================================================
2026-07-06 14:46:28,138 [INFO]   CREATING ZIP BATCHES
2026-07-06 14:46:28,138 [INFO] ======================================================================
2026-07-06 14:46:28,139 [INFO] 
Zipping 1 PDFs for 'invoice_of_summary' (batches of 1500)
2026-07-06 14:46:28,269 [INFO]   OK: SLT_BILLS_invoice_of_summary_0001_20260706_144628.zip (1 PDFs, 0.3 MB)
2026-07-06 14:46:28,271 [INFO] 
  Total ZIPs created: 1
2026-07-06 14:46:28,271 [INFO]     invoice_of_summary: 1 ZIPs
2026-07-06 14:46:28,271 [INFO] 
  ZIP output folder: D:\SmartAI_Bill\output\zips
2026-07-06 14:46:28,271 [INFO] 
  Processing complete

