2026-07-06 10:24:52,239 [INFO] ======================================================================
2026-07-06 10:24:52,239 [INFO]   SLT BILL GENERATOR
2026-07-06 10:24:52,239 [INFO] ======================================================================
2026-07-06 10:24:52,239 [INFO]   Inbound folder:  D:\SmartAI_Bill\data\inbound
2026-07-06 10:24:52,239 [INFO]   Files found:     2
2026-07-06 10:24:52,239 [INFO]   Workers:         7
2026-07-06 10:24:52,239 [INFO]   ZIP batch size:  1500 (fixed)
2026-07-06 10:24:52,239 [INFO]   Log file:        D:\SmartAI_Bill\logs\slt_bills_20260706_102452.log
2026-07-06 10:24:52,239 [INFO] ======================================================================
2026-07-06 10:24:54,812 [INFO] Filtering files for template: nonvat_home
2026-07-06 10:24:54,813 [INFO]   Matched: 1 | Skipped: 1 | Errors: 0
2026-07-06 10:24:54,813 [INFO] 
  >> Generating 1 'nonvat_home' bills

2026-07-06 10:24:54,816 [INFO]   Temp PDF dir: C:\Users\acer\AppData\Local\Temp\slt_bills_zh2ahj_4

2026-07-06 10:24:54,816 [INFO] Starting: 1 files, 7 workers
2026-07-06 10:24:55,438 [INFO]     Progress: 1/1 (100%)
2026-07-06 10:24:55,467 [INFO] Batch complete: 1 success, 0 failed in 0.7s (5530/hr)
2026-07-06 10:24:55,467 [INFO] 
======================================================================
2026-07-06 10:24:55,467 [INFO] PROCESSING SUMMARY
2026-07-06 10:24:55,467 [INFO] ======================================================================
2026-07-06 10:24:55,468 [INFO] Total files:      1
2026-07-06 10:24:55,468 [INFO] Successful:       1
2026-07-06 10:24:55,468 [INFO] Failed:           0
2026-07-06 10:24:55,468 [INFO] Success rate:     100.0%
2026-07-06 10:24:55,468 [INFO] Total duration:   0.65s
2026-07-06 10:24:55,468 [INFO] Rate:             1.54 files/sec
2026-07-06 10:24:55,468 [INFO]                   5,528 files/hour
2026-07-06 10:24:55,468 [INFO] Target:           40,000 files/hour
2026-07-06 10:24:55,468 [INFO] Target met:       NO
2026-07-06 10:24:55,468 [INFO] 
By template:
2026-07-06 10:24:55,468 [INFO]   nonvat_home: 1/1 (avg 160.28ms)
2026-07-06 10:24:55,468 [INFO] ======================================================================

2026-07-06 10:24:55,470 [INFO]   Detailed report: D:\SmartAI_Bill\logs\stats_20260706_102455.json
2026-07-06 10:24:55,470 [INFO] 
======================================================================
2026-07-06 10:24:55,470 [INFO]   CREATING ZIP BATCHES
2026-07-06 10:24:55,470 [INFO] ======================================================================
2026-07-06 10:24:55,471 [INFO] 
Zipping 1 PDFs for 'nonvat_home' (batches of 1500)
2026-07-06 10:24:55,552 [INFO]   OK: SLT_BILLS_nonvat_home_0001_20260706_102455.zip (1 PDFs, 0.3 MB)
2026-07-06 10:24:55,554 [INFO] 
  Total ZIPs created: 1
2026-07-06 10:24:55,554 [INFO]     nonvat_home: 1 ZIPs
2026-07-06 10:24:55,554 [INFO] 
  ZIP output folder: D:\SmartAI_Bill\output\zips
2026-07-06 10:24:55,554 [INFO] 
  Processing complete

