2026-07-06 16:20:22,174 [INFO] ======================================================================
2026-07-06 16:20:22,174 [INFO]   SLT BILL GENERATOR
2026-07-06 16:20:22,174 [INFO] ======================================================================
2026-07-06 16:20:22,174 [INFO]   Inbound folder:  D:\SmartAI_Bill\data\inbound
2026-07-06 16:20:22,174 [INFO]   Files found:     1
2026-07-06 16:20:22,174 [INFO]   Workers:         7
2026-07-06 16:20:22,174 [INFO]   ZIP batch size:  1500 (fixed)
2026-07-06 16:20:22,174 [INFO]   Log file:        D:\SmartAI_Bill\logs\slt_bills_20260706_162022.log
2026-07-06 16:20:22,174 [INFO] ======================================================================
2026-07-06 16:20:27,269 [INFO] Filtering files for template: invoice_of_summary
2026-07-06 16:20:27,270 [INFO]   Matched: 1 | Skipped: 0 | Errors: 0
2026-07-06 16:20:27,270 [INFO] 
  >> Generating 1 'invoice_of_summary' bills

2026-07-06 16:20:27,272 [INFO]   Temp PDF dir: C:\Users\acer\AppData\Local\Temp\slt_bills_kdmioilw

2026-07-06 16:20:27,272 [INFO] Starting: 1 files, 7 workers
2026-07-06 16:20:28,397 [INFO]     Progress: 1/1 (100%)
2026-07-06 16:20:28,426 [INFO] Batch complete: 1 success, 0 failed in 1.2s (3120/hr)
2026-07-06 16:20:28,426 [INFO] 
======================================================================
2026-07-06 16:20:28,426 [INFO] PROCESSING SUMMARY
2026-07-06 16:20:28,426 [INFO] ======================================================================
2026-07-06 16:20:28,426 [INFO] Total files:      1
2026-07-06 16:20:28,426 [INFO] Successful:       1
2026-07-06 16:20:28,426 [INFO] Failed:           0
2026-07-06 16:20:28,426 [INFO] Success rate:     100.0%
2026-07-06 16:20:28,427 [INFO] Total duration:   1.15s
2026-07-06 16:20:28,427 [INFO] Rate:             0.87 files/sec
2026-07-06 16:20:28,427 [INFO]                   3,119 files/hour
2026-07-06 16:20:28,427 [INFO] Target:           40,000 files/hour
2026-07-06 16:20:28,427 [INFO] Target met:       NO
2026-07-06 16:20:28,427 [INFO] 
By template:
2026-07-06 16:20:28,427 [INFO]   invoice_of_summary: 1/1 (avg 710.05ms)
2026-07-06 16:20:28,427 [INFO] ======================================================================

2026-07-06 16:20:28,428 [INFO]   Detailed report: D:\SmartAI_Bill\logs\stats_20260706_162028.json
2026-07-06 16:20:28,428 [INFO] 
======================================================================
2026-07-06 16:20:28,429 [INFO]   CREATING ZIP BATCHES
2026-07-06 16:20:28,429 [INFO] ======================================================================
2026-07-06 16:20:28,429 [INFO] 
Zipping 1 PDFs for 'invoice_of_summary' (batches of 1500)
2026-07-06 16:20:28,551 [INFO]   OK: SLT_BILLS_invoice_of_summary_0001_20260706_162028.zip (1 PDFs, 0.3 MB)
2026-07-06 16:20:28,553 [INFO] 
  Total ZIPs created: 1
2026-07-06 16:20:28,554 [INFO]     invoice_of_summary: 1 ZIPs
2026-07-06 16:20:28,554 [INFO] 
  ZIP output folder: D:\SmartAI_Bill\output\zips
2026-07-06 16:20:28,554 [INFO] 
  Processing complete

