2026-07-04 20:59:29,135 [INFO] ======================================================================
2026-07-04 20:59:29,135 [INFO]   SLT BILL GENERATOR
2026-07-04 20:59:29,136 [INFO] ======================================================================
2026-07-04 20:59:29,136 [INFO]   Inbound folder:  D:\SmartAI_Bill\data\inbound
2026-07-04 20:59:29,136 [INFO]   Files found:     4
2026-07-04 20:59:29,136 [INFO]   Workers:         7
2026-07-04 20:59:29,136 [INFO]   ZIP batch size:  1500 (fixed)
2026-07-04 20:59:29,136 [INFO]   Log file:        D:\SmartAI_Bill\logs\slt_bills_20260704_205929.log
2026-07-04 20:59:29,136 [INFO] ======================================================================
2026-07-04 20:59:40,765 [INFO] 
  >> Generating ALL 4 bills (auto-detect)

2026-07-04 20:59:40,767 [INFO]   Temp PDF dir: C:\Users\acer\AppData\Local\Temp\slt_bills_xilh9_z8

2026-07-04 20:59:40,767 [INFO] Starting: 4 files, 7 workers
2026-07-04 20:59:41,409 [INFO]     Progress: 2/4 (50%)
2026-07-04 20:59:41,423 [INFO]     Progress: 4/4 (100%)
2026-07-04 20:59:41,476 [INFO] Batch complete: 4 success, 0 failed in 0.7s (20299/hr)
2026-07-04 20:59:41,477 [INFO] 
======================================================================
2026-07-04 20:59:41,477 [INFO] PROCESSING SUMMARY
2026-07-04 20:59:41,477 [INFO] ======================================================================
2026-07-04 20:59:41,477 [INFO] Total files:      4
2026-07-04 20:59:41,477 [INFO] Successful:       4
2026-07-04 20:59:41,477 [INFO] Failed:           0
2026-07-04 20:59:41,477 [INFO] Success rate:     100.0%
2026-07-04 20:59:41,477 [INFO] Total duration:   0.71s
2026-07-04 20:59:41,477 [INFO] Rate:             5.64 files/sec
2026-07-04 20:59:41,477 [INFO]                   20,291 files/hour
2026-07-04 20:59:41,477 [INFO] Target:           40,000 files/hour
2026-07-04 20:59:41,477 [INFO] Target met:       NO
2026-07-04 20:59:41,477 [INFO] 
By template:
2026-07-04 20:59:41,477 [INFO]   product_label_grouping: 1/1 (avg 112.84ms)
2026-07-04 20:59:41,477 [INFO]   subscription_ref_grouping: 1/1 (avg 111.26ms)
2026-07-04 20:59:41,477 [INFO]   nonvat_home: 1/1 (avg 107.99ms)
2026-07-04 20:59:41,477 [INFO]   nonvat_enterprise: 1/1 (avg 116.49ms)
2026-07-04 20:59:41,477 [INFO] ======================================================================

2026-07-04 20:59:41,478 [INFO]   Detailed report: D:\SmartAI_Bill\logs\stats_20260704_205941.json
2026-07-04 20:59:41,478 [INFO] 
======================================================================
2026-07-04 20:59:41,478 [INFO]   CREATING ZIP BATCHES
2026-07-04 20:59:41,478 [INFO] ======================================================================
2026-07-04 20:59:41,479 [INFO] 
Zipping 1 PDFs for 'nonvat_enterprise' (batches of 1500)
2026-07-04 20:59:41,505 [INFO]   OK: SLT_BILLS_nonvat_enterprise_0001_20260704_205941.zip (1 PDFs, 0.3 MB)
2026-07-04 20:59:41,505 [INFO] 
Zipping 1 PDFs for 'nonvat_home' (batches of 1500)
2026-07-04 20:59:41,555 [INFO]   OK: SLT_BILLS_nonvat_home_0001_20260704_205941.zip (1 PDFs, 0.2 MB)
2026-07-04 20:59:41,555 [INFO] 
Zipping 1 PDFs for 'product_label_grouping' (batches of 1500)
2026-07-04 20:59:41,574 [INFO]   OK: SLT_BILLS_product_label_grouping_0001_20260704_205941.zip (1 PDFs, 0.2 MB)
2026-07-04 20:59:41,575 [INFO] 
Zipping 1 PDFs for 'subscription_ref_grouping' (batches of 1500)
2026-07-04 20:59:41,607 [INFO]   OK: SLT_BILLS_subscription_ref_grouping_0001_20260704_205941.zip (1 PDFs, 0.3 MB)
2026-07-04 20:59:41,608 [INFO] 
  Total ZIPs created: 4
2026-07-04 20:59:41,609 [INFO]     nonvat_enterprise: 1 ZIPs
2026-07-04 20:59:41,609 [INFO]     nonvat_home: 1 ZIPs
2026-07-04 20:59:41,609 [INFO]     product_label_grouping: 1 ZIPs
2026-07-04 20:59:41,609 [INFO]     subscription_ref_grouping: 1 ZIPs
2026-07-04 20:59:41,609 [INFO] 
  ZIP output folder: D:\SmartAI_Bill\output\zips
2026-07-04 20:59:41,609 [INFO] 
  Processing complete

