2026-07-04 16:53:11,462 [INFO] ======================================================================
2026-07-04 16:53:11,462 [INFO]   SLT BILL GENERATOR
2026-07-04 16:53:11,462 [INFO] ======================================================================
2026-07-04 16:53:11,462 [INFO]   Inbound folder:  D:\SmartAI_Bill\data\inbound
2026-07-04 16:53:11,462 [INFO]   Files found:     4
2026-07-04 16:53:11,462 [INFO]   Workers:         7
2026-07-04 16:53:11,462 [INFO]   ZIP batch size:  1500 (fixed)
2026-07-04 16:53:11,464 [INFO]   Log file:        D:\SmartAI_Bill\logs\slt_bills_20260704_165311.log
2026-07-04 16:53:11,464 [INFO] ======================================================================
2026-07-04 16:53:21,848 [INFO] 
  >> Generating ALL 4 bills (auto-detect)

2026-07-04 16:53:21,851 [INFO]   Temp PDF dir: C:\Users\acer\AppData\Local\Temp\slt_bills_lpkhbppu

2026-07-04 16:53:21,851 [INFO] Starting: 4 files, 7 workers
2026-07-04 16:53:22,551 [INFO]     Progress: 2/4 (50%)
2026-07-04 16:53:25,299 [INFO]     Progress: 4/4 (100%)
2026-07-04 16:53:25,373 [INFO] Batch complete: 4 success, 0 failed in 3.5s (4090/hr)
2026-07-04 16:53:25,373 [INFO] 
======================================================================
2026-07-04 16:53:25,373 [INFO] PROCESSING SUMMARY
2026-07-04 16:53:25,373 [INFO] ======================================================================
2026-07-04 16:53:25,373 [INFO] Total files:      4
2026-07-04 16:53:25,373 [INFO] Successful:       4
2026-07-04 16:53:25,373 [INFO] Failed:           0
2026-07-04 16:53:25,373 [INFO] Success rate:     100.0%
2026-07-04 16:53:25,373 [INFO] Total duration:   3.52s
2026-07-04 16:53:25,373 [INFO] Rate:             1.14 files/sec
2026-07-04 16:53:25,373 [INFO]                   4,090 files/hour
2026-07-04 16:53:25,373 [INFO] Target:           40,000 files/hour
2026-07-04 16:53:25,373 [INFO] Target met:       NO
2026-07-04 16:53:25,373 [INFO] 
By template:
2026-07-04 16:53:25,373 [INFO]   product_label_grouping: 1/1 (avg 94.18ms)
2026-07-04 16:53:25,373 [INFO]   nonvat_home: 1/1 (avg 115.32ms)
2026-07-04 16:53:25,373 [INFO]   nonvat_enterprise: 1/1 (avg 99.31ms)
2026-07-04 16:53:25,374 [INFO]   summary_statement: 1/1 (avg 2818.4ms)
2026-07-04 16:53:25,374 [INFO] ======================================================================

2026-07-04 16:53:25,375 [INFO]   Detailed report: D:\SmartAI_Bill\logs\stats_20260704_165325.json
2026-07-04 16:53:25,375 [INFO] 
======================================================================
2026-07-04 16:53:25,375 [INFO]   CREATING ZIP BATCHES
2026-07-04 16:53:25,375 [INFO] ======================================================================
2026-07-04 16:53:25,376 [INFO] 
Zipping 1 PDFs for 'nonvat_enterprise' (batches of 1500)
2026-07-04 16:53:25,429 [INFO]   OK: SLT_BILLS_nonvat_enterprise_0001_20260704_165325.zip (1 PDFs, 0.3 MB)
2026-07-04 16:53:25,430 [INFO] 
Zipping 1 PDFs for 'nonvat_home' (batches of 1500)
2026-07-04 16:53:25,502 [INFO]   OK: SLT_BILLS_nonvat_home_0001_20260704_165325.zip (1 PDFs, 0.3 MB)
2026-07-04 16:53:25,504 [INFO] 
Zipping 1 PDFs for 'product_label_grouping' (batches of 1500)
2026-07-04 16:53:25,552 [INFO]   OK: SLT_BILLS_product_label_grouping_0001_20260704_165325.zip (1 PDFs, 0.2 MB)
2026-07-04 16:53:25,554 [INFO] 
Zipping 1 PDFs for 'summary_statement' (batches of 1500)
2026-07-04 16:53:25,585 [INFO]   OK: SLT_BILLS_summary_statement_0001_20260704_165325.zip (1 PDFs, 0.1 MB)
2026-07-04 16:53:25,587 [INFO] 
  Total ZIPs created: 4
2026-07-04 16:53:25,587 [INFO]     nonvat_enterprise: 1 ZIPs
2026-07-04 16:53:25,587 [INFO]     nonvat_home: 1 ZIPs
2026-07-04 16:53:25,587 [INFO]     product_label_grouping: 1 ZIPs
2026-07-04 16:53:25,587 [INFO]     summary_statement: 1 ZIPs
2026-07-04 16:53:25,587 [INFO] 
  ZIP output folder: D:\SmartAI_Bill\output\zips
2026-07-04 16:53:25,587 [INFO] 
  Processing complete

