2026-07-06 19:43:15,400 [INFO] ======================================================================
2026-07-06 19:43:15,400 [INFO]   SLT BILL GENERATOR
2026-07-06 19:43:15,401 [INFO] ======================================================================
2026-07-06 19:43:15,401 [INFO]   Inbound folder:  D:\SmartAI_Bill\data\inbound
2026-07-06 19:43:15,401 [INFO]   Files found:     1
2026-07-06 19:43:15,401 [INFO]   Workers:         7
2026-07-06 19:43:15,402 [INFO]   ZIP batch size:  1500 (fixed)
2026-07-06 19:43:15,402 [INFO]   Log file:        D:\SmartAI_Bill\logs\slt_bills_20260706_194315.log
2026-07-06 19:43:15,402 [INFO] ======================================================================
2026-07-06 19:43:20,241 [INFO] Filtering files for template: invoice_of_summary
2026-07-06 19:43:20,242 [INFO]   Matched: 1 | Skipped: 0 | Errors: 0
2026-07-06 19:43:20,242 [INFO] 
  >> Generating 1 'invoice_of_summary' bills

2026-07-06 19:43:20,245 [INFO]   Temp PDF dir: C:\Users\acer\AppData\Local\Temp\slt_bills_tjxsowab

2026-07-06 19:43:20,245 [INFO] Starting: 1 files, 7 workers
2026-07-06 19:43:21,470 [INFO]     Progress: 1/1 (100%)
2026-07-06 19:43:21,498 [INFO] Batch complete: 1 success, 0 failed in 1.3s (2873/hr)
2026-07-06 19:43:21,498 [INFO] 
======================================================================
2026-07-06 19:43:21,498 [INFO] PROCESSING SUMMARY
2026-07-06 19:43:21,498 [INFO] ======================================================================
2026-07-06 19:43:21,498 [INFO] Total files:      1
2026-07-06 19:43:21,498 [INFO] Successful:       1
2026-07-06 19:43:21,499 [INFO] Failed:           0
2026-07-06 19:43:21,499 [INFO] Success rate:     100.0%
2026-07-06 19:43:21,499 [INFO] Total duration:   1.25s
2026-07-06 19:43:21,499 [INFO] Rate:             0.8 files/sec
2026-07-06 19:43:21,499 [INFO]                   2,872 files/hour
2026-07-06 19:43:21,499 [INFO] Target:           40,000 files/hour
2026-07-06 19:43:21,499 [INFO] Target met:       NO
2026-07-06 19:43:21,499 [INFO] 
By template:
2026-07-06 19:43:21,499 [INFO]   invoice_of_summary: 1/1 (avg 765.3ms)
2026-07-06 19:43:21,499 [INFO] ======================================================================

2026-07-06 19:43:21,500 [INFO]   Detailed report: D:\SmartAI_Bill\logs\stats_20260706_194321.json
2026-07-06 19:43:21,500 [INFO] 
======================================================================
2026-07-06 19:43:21,500 [INFO]   CREATING ZIP BATCHES
2026-07-06 19:43:21,500 [INFO] ======================================================================
2026-07-06 19:43:21,501 [INFO] 
Zipping 1 PDFs for 'invoice_of_summary' (batches of 1500)
2026-07-06 19:43:21,603 [INFO]   OK: SLT_BILLS_invoice_of_summary_0001_20260706_194321.zip (1 PDFs, 0.3 MB)
2026-07-06 19:43:21,605 [INFO] 
  Total ZIPs created: 1
2026-07-06 19:43:21,605 [INFO]     invoice_of_summary: 1 ZIPs
2026-07-06 19:43:21,605 [INFO] 
  ZIP output folder: D:\SmartAI_Bill\output\zips
2026-07-06 19:43:21,605 [INFO] 
  Processing complete

