2026-07-05 01:42:39,991 [INFO] ======================================================================
2026-07-05 01:42:39,991 [INFO]   SLT BILL GENERATOR
2026-07-05 01:42:39,991 [INFO] ======================================================================
2026-07-05 01:42:39,992 [INFO]   Inbound folder:  D:\SmartAI_Bill\data\inbound
2026-07-05 01:42:39,992 [INFO]   Files found:     4
2026-07-05 01:42:39,992 [INFO]   Workers:         7
2026-07-05 01:42:39,992 [INFO]   ZIP batch size:  1500 (fixed)
2026-07-05 01:42:39,992 [INFO]   Log file:        D:\SmartAI_Bill\logs\slt_bills_20260705_014239.log
2026-07-05 01:42:39,992 [INFO] ======================================================================
2026-07-05 01:42:43,828 [INFO] Filtering files for template: subscription_ref_grouping
2026-07-05 01:42:43,831 [INFO]   Matched: 1 | Skipped: 3 | Errors: 0
2026-07-05 01:42:43,831 [INFO] 
  >> Generating 1 'subscription_ref_grouping' bills

2026-07-05 01:42:43,832 [INFO]   Temp PDF dir: C:\Users\acer\AppData\Local\Temp\slt_bills_ioku3mfo

2026-07-05 01:42:43,832 [INFO] Starting: 1 files, 7 workers
2026-07-05 01:42:44,306 [INFO]     Progress: 1/1 (100%)
2026-07-05 01:42:44,337 [INFO] Batch complete: 0 success, 1 failed in 0.5s (7153/hr)
2026-07-05 01:42:44,337 [INFO] 
======================================================================
2026-07-05 01:42:44,337 [INFO] PROCESSING SUMMARY
2026-07-05 01:42:44,337 [INFO] ======================================================================
2026-07-05 01:42:44,337 [INFO] Total files:      1
2026-07-05 01:42:44,337 [INFO] Successful:       0
2026-07-05 01:42:44,337 [INFO] Failed:           1
2026-07-05 01:42:44,337 [INFO] Success rate:     0.0%
2026-07-05 01:42:44,337 [INFO] Total duration:   0.5s
2026-07-05 01:42:44,337 [INFO] Rate:             1.99 files/sec
2026-07-05 01:42:44,337 [INFO]                   7,147 files/hour
2026-07-05 01:42:44,337 [INFO] Target:           40,000 files/hour
2026-07-05 01:42:44,337 [INFO] Target met:       NO
2026-07-05 01:42:44,338 [INFO] 
By template:
2026-07-05 01:42:44,338 [INFO]   subscription_ref_grouping: 0/1 (avg 1.73ms)
2026-07-05 01:42:44,338 [INFO] ======================================================================

2026-07-05 01:42:44,339 [INFO]   Detailed report: D:\SmartAI_Bill\logs\stats_20260705_014244.json
2026-07-05 01:42:44,340 [INFO] 
======================================================================
2026-07-05 01:42:44,340 [INFO]   CREATING ZIP BATCHES
2026-07-05 01:42:44,340 [INFO] ======================================================================
2026-07-05 01:42:44,341 [INFO] 
  Total ZIPs created: 0
2026-07-05 01:42:44,341 [INFO] 
  ZIP output folder: D:\SmartAI_Bill\output\zips
2026-07-05 01:42:44,341 [INFO] 
  Processing complete

