2026-07-06 23:48:00,000 [INFO]                                                                       
2026-07-06 23:48:00,000 [INFO]   SLT BILL GENERATOR
2026-07-06 23:48:00,000 [INFO]                                                                       
2026-07-06 23:48:00,001 [INFO]   Inbound folder:  D:\SmartAI_Bill\data\inbound
2026-07-06 23:48:00,001 [INFO]   Files found:     6
2026-07-06 23:48:00,001 [INFO]   Workers:         7
2026-07-06 23:48:00,001 [INFO]   ZIP batch size:  1500
2026-07-06 23:48:00,001 [INFO]   Log file:        D:\SmartAI_Bill\logs\slt_bills_20260706_234800.log
2026-07-06 23:48:00,001 [INFO]                                                                       
2026-07-06 23:48:04,341 [INFO] 
  Generating ALL 6 bills

2026-07-06 23:48:04,344 [INFO]   Temp PDF dir: C:\Users\acer\AppData\Local\Temp\slt_bills_61soeljb

2026-07-06 23:48:04,344 [INFO] Starting: 6 files, 7 workers
2026-07-06 23:48:04,935 [INFO]     Progress: 3/6 (50%)
2026-07-06 23:48:06,611 [INFO]     Progress: 6/6 (100%)
2026-07-06 23:48:06,683 [INFO]   Round 1: 6 success, 0 failed in 2.3s (9233/hr)
2026-07-06 23:48:06,685 [INFO] 
Batch complete: 6 success, 0 failed in 2.3s (9226/hr)
2026-07-06 23:48:06,685 [INFO] 
======================================================================
2026-07-06 23:48:06,685 [INFO] PROCESSING SUMMARY
2026-07-06 23:48:06,685 [INFO] ======================================================================
2026-07-06 23:48:06,685 [INFO] Total files:      6
2026-07-06 23:48:06,685 [INFO] Successful:       6
2026-07-06 23:48:06,685 [INFO] Failed:           0
2026-07-06 23:48:06,685 [INFO] Success rate:     100.0%
2026-07-06 23:48:06,685 [INFO] Total duration:   2.34s
2026-07-06 23:48:06,685 [INFO] Rate:             2.56 files/sec
2026-07-06 23:48:06,685 [INFO]                   9,225 files/hour
2026-07-06 23:48:06,685 [INFO] Target:           40,000 files/hour
2026-07-06 23:48:06,685 [INFO] Target met:       NO
2026-07-06 23:48:06,685 [INFO] 
By template:
2026-07-06 23:48:06,685 [INFO]   product_label_grouping: 1/1 (avg 97.98ms)
2026-07-06 23:48:06,685 [INFO]   nonvat_enterprise: 1/1 (avg 109.91ms)
2026-07-06 23:48:06,685 [INFO]   subscription_ref_grouping: 1/1 (avg 134.11ms)
2026-07-06 23:48:06,685 [INFO]   nonvat_home: 1/1 (avg 166.25ms)
2026-07-06 23:48:06,685 [INFO]   invoice_of_summary: 1/1 (avg 626.24ms)
2026-07-06 23:48:06,685 [INFO]   summary_statement: 1/1 (avg 1786.83ms)
2026-07-06 23:48:06,686 [INFO] ======================================================================

2026-07-06 23:48:06,686 [INFO]   Detailed report: D:\SmartAI_Bill\logs\stats_20260706_234806.json
2026-07-06 23:48:06,686 [INFO] 

2026-07-06 23:48:06,686 [INFO]   CREATING OUTPUT ZIP
2026-07-06 23:48:06,686 [INFO]                                                                       
2026-07-06 23:48:06,687 [INFO] 
Zipping 6 PDFs in batches of 1500
2026-07-06 23:48:06,874 [INFO]   OK: SLT_BILLS_all_0001_20260706_234806.zip (6 PDFs, 1.5 MB)
2026-07-06 23:48:06,876 [INFO] Created 1 ZIP file(s)
2026-07-06 23:48:06,876 [INFO] 
  Total ZIPs created: 1
2026-07-06 23:48:06,876 [INFO]   ZIP output folder: D:\SmartAI_Bill\output\zips
2026-07-06 23:48:06,876 [INFO] 
  Processing complete

