2026-07-06 11:14:56,152 [INFO] ======================================================================
2026-07-06 11:14:56,152 [INFO]   SLT BILL GENERATOR
2026-07-06 11:14:56,153 [INFO] ======================================================================
2026-07-06 11:14:56,153 [INFO]   Inbound folder:  D:\SmartAI_Bill\data\inbound
2026-07-06 11:14:56,154 [INFO]   Files found:     2
2026-07-06 11:14:56,154 [INFO]   Workers:         7
2026-07-06 11:14:56,154 [INFO]   ZIP batch size:  1500 (fixed)
2026-07-06 11:14:56,154 [INFO]   Log file:        D:\SmartAI_Bill\logs\slt_bills_20260706_111456.log
2026-07-06 11:14:56,154 [INFO] ======================================================================
2026-07-06 11:15:11,498 [INFO] Filtering files for template: invoice_of_summary
2026-07-06 11:15:11,601 [INFO]   Matched: 1 | Skipped: 1 | Errors: 0
2026-07-06 11:15:11,601 [INFO] 
  >> Generating 1 'invoice_of_summary' bills

2026-07-06 11:15:11,604 [INFO]   Temp PDF dir: C:\Users\acer\AppData\Local\Temp\slt_bills_k8ls2nge

2026-07-06 11:15:11,604 [INFO] Starting: 1 files, 7 workers
2026-07-06 11:15:12,579 [INFO]     Progress: 1/1 (100%)
2026-07-06 11:15:12,611 [INFO] Batch complete: 1 success, 0 failed in 1.0s (3578/hr)
2026-07-06 11:15:12,612 [INFO] 
======================================================================
2026-07-06 11:15:12,612 [INFO] PROCESSING SUMMARY
2026-07-06 11:15:12,612 [INFO] ======================================================================
2026-07-06 11:15:12,612 [INFO] Total files:      1
2026-07-06 11:15:12,612 [INFO] Successful:       1
2026-07-06 11:15:12,612 [INFO] Failed:           0
2026-07-06 11:15:12,612 [INFO] Success rate:     100.0%
2026-07-06 11:15:12,612 [INFO] Total duration:   1.01s
2026-07-06 11:15:12,612 [INFO] Rate:             0.99 files/sec
2026-07-06 11:15:12,612 [INFO]                   3,576 files/hour
2026-07-06 11:15:12,612 [INFO] Target:           40,000 files/hour
2026-07-06 11:15:12,612 [INFO] Target met:       NO
2026-07-06 11:15:12,612 [INFO] 
By template:
2026-07-06 11:15:12,612 [INFO]   invoice_of_summary: 1/1 (avg 511.13ms)
2026-07-06 11:15:12,612 [INFO] ======================================================================

2026-07-06 11:15:12,613 [INFO]   Detailed report: D:\SmartAI_Bill\logs\stats_20260706_111512.json
2026-07-06 11:15:12,613 [INFO] 
======================================================================
2026-07-06 11:15:12,613 [INFO]   CREATING ZIP BATCHES
2026-07-06 11:15:12,614 [INFO] ======================================================================
2026-07-06 11:15:12,614 [INFO] 
Zipping 1 PDFs for 'invoice_of_summary' (batches of 1500)
2026-07-06 11:15:12,658 [INFO]   OK: SLT_BILLS_invoice_of_summary_0001_20260706_111512.zip (1 PDFs, 0.3 MB)
2026-07-06 11:15:12,660 [INFO] 
  Total ZIPs created: 1
2026-07-06 11:15:12,660 [INFO]     invoice_of_summary: 1 ZIPs
2026-07-06 11:15:12,660 [INFO] 
  ZIP output folder: D:\SmartAI_Bill\output\zips
2026-07-06 11:15:12,660 [INFO] 
  Processing complete

