2026-07-05 23:19:56,274 [INFO] ======================================================================
2026-07-05 23:19:56,274 [INFO]   SLT BILL GENERATOR
2026-07-05 23:19:56,274 [INFO] ======================================================================
2026-07-05 23:19:56,275 [INFO]   Inbound folder:  D:\SmartAI_Bill\data\inbound
2026-07-05 23:19:56,275 [INFO]   Files found:     3
2026-07-05 23:19:56,275 [INFO]   Workers:         7
2026-07-05 23:19:56,275 [INFO]   ZIP batch size:  1500 (fixed)
2026-07-05 23:19:56,275 [INFO]   Log file:        D:\SmartAI_Bill\logs\slt_bills_20260705_231956.log
2026-07-05 23:19:56,275 [INFO] ======================================================================
2026-07-05 23:20:01,595 [INFO] Filtering files for template: nonvat_home
2026-07-05 23:20:01,597 [INFO]   Matched: 1 | Skipped: 2 | Errors: 0
2026-07-05 23:20:01,598 [INFO] 
  >> Generating 1 'nonvat_home' bills

2026-07-05 23:20:01,600 [INFO]   Temp PDF dir: C:\Users\acer\AppData\Local\Temp\slt_bills_ijz5erst

2026-07-05 23:20:01,600 [INFO] Starting: 1 files, 7 workers
2026-07-05 23:20:02,276 [INFO]     Progress: 1/1 (100%)
2026-07-05 23:20:02,313 [INFO] Batch complete: 1 success, 0 failed in 0.7s (5052/hr)
2026-07-05 23:20:02,313 [INFO] 
======================================================================
2026-07-05 23:20:02,314 [INFO] PROCESSING SUMMARY
2026-07-05 23:20:02,314 [INFO] ======================================================================
2026-07-05 23:20:02,314 [INFO] Total files:      1
2026-07-05 23:20:02,314 [INFO] Successful:       1
2026-07-05 23:20:02,314 [INFO] Failed:           0
2026-07-05 23:20:02,314 [INFO] Success rate:     100.0%
2026-07-05 23:20:02,314 [INFO] Total duration:   0.71s
2026-07-05 23:20:02,314 [INFO] Rate:             1.4 files/sec
2026-07-05 23:20:02,314 [INFO]                   5,050 files/hour
2026-07-05 23:20:02,314 [INFO] Target:           40,000 files/hour
2026-07-05 23:20:02,314 [INFO] Target met:       NO
2026-07-05 23:20:02,314 [INFO] 
By template:
2026-07-05 23:20:02,314 [INFO]   nonvat_home: 1/1 (avg 161.25ms)
2026-07-05 23:20:02,314 [INFO] ======================================================================

2026-07-05 23:20:02,316 [INFO]   Detailed report: D:\SmartAI_Bill\logs\stats_20260705_232002.json
2026-07-05 23:20:02,316 [INFO] 
======================================================================
2026-07-05 23:20:02,316 [INFO]   CREATING ZIP BATCHES
2026-07-05 23:20:02,316 [INFO] ======================================================================
2026-07-05 23:20:02,317 [INFO] 
Zipping 1 PDFs for 'nonvat_home' (batches of 1500)
2026-07-05 23:20:02,424 [INFO]   OK: SLT_BILLS_nonvat_home_0001_20260705_232002.zip (1 PDFs, 0.3 MB)
2026-07-05 23:20:02,425 [INFO] 
  Total ZIPs created: 1
2026-07-05 23:20:02,426 [INFO]     nonvat_home: 1 ZIPs
2026-07-05 23:20:02,426 [INFO] 
  ZIP output folder: D:\SmartAI_Bill\output\zips
2026-07-05 23:20:02,426 [INFO] 
  Processing complete

