2026-07-06 16:31:29,818 [INFO] ======================================================================
2026-07-06 16:31:29,818 [INFO]   SLT BILL GENERATOR
2026-07-06 16:31:29,818 [INFO] ======================================================================
2026-07-06 16:31:29,818 [INFO]   Inbound folder:  D:\SmartAI_Bill\data\inbound
2026-07-06 16:31:29,818 [INFO]   Files found:     1
2026-07-06 16:31:29,818 [INFO]   Workers:         7
2026-07-06 16:31:29,818 [INFO]   ZIP batch size:  1500 (fixed)
2026-07-06 16:31:29,820 [INFO]   Log file:        D:\SmartAI_Bill\logs\slt_bills_20260706_163129.log
2026-07-06 16:31:29,820 [INFO] ======================================================================
2026-07-06 16:31:35,155 [INFO] Filtering files for template: invoice_of_summary
2026-07-06 16:31:35,156 [INFO]   Matched: 1 | Skipped: 0 | Errors: 0
2026-07-06 16:31:35,156 [INFO] 
  >> Generating 1 'invoice_of_summary' bills

2026-07-06 16:31:35,159 [INFO]   Temp PDF dir: C:\Users\acer\AppData\Local\Temp\slt_bills_dlt0hxil

2026-07-06 16:31:35,159 [INFO] Starting: 1 files, 7 workers
2026-07-06 16:31:36,553 [INFO]     Progress: 1/1 (100%)
2026-07-06 16:31:36,589 [INFO] Batch complete: 1 success, 0 failed in 1.4s (2517/hr)
2026-07-06 16:31:36,589 [INFO] 
======================================================================
2026-07-06 16:31:36,589 [INFO] PROCESSING SUMMARY
2026-07-06 16:31:36,589 [INFO] ======================================================================
2026-07-06 16:31:36,589 [INFO] Total files:      1
2026-07-06 16:31:36,589 [INFO] Successful:       1
2026-07-06 16:31:36,589 [INFO] Failed:           0
2026-07-06 16:31:36,589 [INFO] Success rate:     100.0%
2026-07-06 16:31:36,589 [INFO] Total duration:   1.43s
2026-07-06 16:31:36,589 [INFO] Rate:             0.7 files/sec
2026-07-06 16:31:36,589 [INFO]                   2,517 files/hour
2026-07-06 16:31:36,589 [INFO] Target:           40,000 files/hour
2026-07-06 16:31:36,590 [INFO] Target met:       NO
2026-07-06 16:31:36,590 [INFO] 
By template:
2026-07-06 16:31:36,590 [INFO]   invoice_of_summary: 1/1 (avg 939.52ms)
2026-07-06 16:31:36,590 [INFO] ======================================================================

2026-07-06 16:31:36,591 [INFO]   Detailed report: D:\SmartAI_Bill\logs\stats_20260706_163136.json
2026-07-06 16:31:36,591 [INFO] 
======================================================================
2026-07-06 16:31:36,591 [INFO]   CREATING ZIP BATCHES
2026-07-06 16:31:36,591 [INFO] ======================================================================
2026-07-06 16:31:36,592 [INFO] 
Zipping 1 PDFs for 'invoice_of_summary' (batches of 1500)
2026-07-06 16:31:36,728 [INFO]   OK: SLT_BILLS_invoice_of_summary_0001_20260706_163136.zip (1 PDFs, 0.3 MB)
2026-07-06 16:31:36,730 [INFO] 
  Total ZIPs created: 1
2026-07-06 16:31:36,730 [INFO]     invoice_of_summary: 1 ZIPs
2026-07-06 16:31:36,730 [INFO] 
  ZIP output folder: D:\SmartAI_Bill\output\zips
2026-07-06 16:31:36,731 [INFO] 
  Processing complete

