2026-07-06 19:03:11,936 [INFO] ======================================================================
2026-07-06 19:03:11,936 [INFO]   SLT BILL GENERATOR
2026-07-06 19:03:11,936 [INFO] ======================================================================
2026-07-06 19:03:11,938 [INFO]   Inbound folder:  D:\SmartAI_Bill\data\inbound
2026-07-06 19:03:11,938 [INFO]   Files found:     1
2026-07-06 19:03:11,938 [INFO]   Workers:         7
2026-07-06 19:03:11,938 [INFO]   ZIP batch size:  1500 (fixed)
2026-07-06 19:03:11,938 [INFO]   Log file:        D:\SmartAI_Bill\logs\slt_bills_20260706_190311.log
2026-07-06 19:03:11,938 [INFO] ======================================================================
2026-07-06 19:03:18,162 [INFO] Filtering files for template: invoice_of_summary
2026-07-06 19:03:18,163 [INFO]   Matched: 1 | Skipped: 0 | Errors: 0
2026-07-06 19:03:18,163 [INFO] 
  >> Generating 1 'invoice_of_summary' bills

2026-07-06 19:03:18,165 [INFO]   Temp PDF dir: C:\Users\acer\AppData\Local\Temp\slt_bills_5uwhd8hh

2026-07-06 19:03:18,165 [INFO] Starting: 1 files, 7 workers
2026-07-06 19:03:19,353 [INFO]     Progress: 1/1 (100%)
2026-07-06 19:03:19,386 [INFO] Batch complete: 1 success, 0 failed in 1.2s (2947/hr)
2026-07-06 19:03:19,387 [INFO] 
======================================================================
2026-07-06 19:03:19,387 [INFO] PROCESSING SUMMARY
2026-07-06 19:03:19,387 [INFO] ======================================================================
2026-07-06 19:03:19,387 [INFO] Total files:      1
2026-07-06 19:03:19,387 [INFO] Successful:       1
2026-07-06 19:03:19,387 [INFO] Failed:           0
2026-07-06 19:03:19,387 [INFO] Success rate:     100.0%
2026-07-06 19:03:19,387 [INFO] Total duration:   1.22s
2026-07-06 19:03:19,387 [INFO] Rate:             0.82 files/sec
2026-07-06 19:03:19,387 [INFO]                   2,946 files/hour
2026-07-06 19:03:19,387 [INFO] Target:           40,000 files/hour
2026-07-06 19:03:19,388 [INFO] Target met:       NO
2026-07-06 19:03:19,388 [INFO] 
By template:
2026-07-06 19:03:19,388 [INFO]   invoice_of_summary: 1/1 (avg 725.19ms)
2026-07-06 19:03:19,388 [INFO] ======================================================================

2026-07-06 19:03:19,390 [INFO]   Detailed report: D:\SmartAI_Bill\logs\stats_20260706_190319.json
2026-07-06 19:03:19,391 [INFO] 
======================================================================
2026-07-06 19:03:19,391 [INFO]   CREATING ZIP BATCHES
2026-07-06 19:03:19,391 [INFO] ======================================================================
2026-07-06 19:03:19,391 [INFO] 
Zipping 1 PDFs for 'invoice_of_summary' (batches of 1500)
2026-07-06 19:03:19,479 [INFO]   OK: SLT_BILLS_invoice_of_summary_0001_20260706_190319.zip (1 PDFs, 0.3 MB)
2026-07-06 19:03:19,481 [INFO] 
  Total ZIPs created: 1
2026-07-06 19:03:19,481 [INFO]     invoice_of_summary: 1 ZIPs
2026-07-06 19:03:19,481 [INFO] 
  ZIP output folder: D:\SmartAI_Bill\output\zips
2026-07-06 19:03:19,481 [INFO] 
  Processing complete

