2026-07-06 12:28:15,279 [INFO] ======================================================================
2026-07-06 12:28:15,279 [INFO]   SLT BILL GENERATOR
2026-07-06 12:28:15,279 [INFO] ======================================================================
2026-07-06 12:28:15,279 [INFO]   Inbound folder:  D:\SmartAI_Bill\data\inbound
2026-07-06 12:28:15,279 [INFO]   Files found:     2
2026-07-06 12:28:15,279 [INFO]   Workers:         7
2026-07-06 12:28:15,279 [INFO]   ZIP batch size:  1500 (fixed)
2026-07-06 12:28:15,279 [INFO]   Log file:        D:\SmartAI_Bill\logs\slt_bills_20260706_122815.log
2026-07-06 12:28:15,279 [INFO] ======================================================================
2026-07-06 12:28:17,950 [INFO] Filtering files for template: product_label_grouping
2026-07-06 12:28:17,951 [INFO]   Matched: 1 | Skipped: 1 | Errors: 0
2026-07-06 12:28:17,951 [INFO] 
  >> Generating 1 'product_label_grouping' bills

2026-07-06 12:28:17,952 [INFO]   Temp PDF dir: C:\Users\acer\AppData\Local\Temp\slt_bills_v6jn_ew3

2026-07-06 12:28:17,954 [INFO] Starting: 1 files, 7 workers
2026-07-06 12:28:18,462 [INFO]     Progress: 1/1 (100%)
2026-07-06 12:28:18,490 [INFO] Batch complete: 1 success, 0 failed in 0.5s (6700/hr)
2026-07-06 12:28:18,490 [INFO] 
======================================================================
2026-07-06 12:28:18,491 [INFO] PROCESSING SUMMARY
2026-07-06 12:28:18,491 [INFO] ======================================================================
2026-07-06 12:28:18,491 [INFO] Total files:      1
2026-07-06 12:28:18,491 [INFO] Successful:       1
2026-07-06 12:28:18,491 [INFO] Failed:           0
2026-07-06 12:28:18,491 [INFO] Success rate:     100.0%
2026-07-06 12:28:18,491 [INFO] Total duration:   0.54s
2026-07-06 12:28:18,491 [INFO] Rate:             1.86 files/sec
2026-07-06 12:28:18,491 [INFO]                   6,697 files/hour
2026-07-06 12:28:18,491 [INFO] Target:           40,000 files/hour
2026-07-06 12:28:18,491 [INFO] Target met:       NO
2026-07-06 12:28:18,491 [INFO] 
By template:
2026-07-06 12:28:18,491 [INFO]   product_label_grouping: 1/1 (avg 101.86ms)
2026-07-06 12:28:18,491 [INFO] ======================================================================

2026-07-06 12:28:18,492 [INFO]   Detailed report: D:\SmartAI_Bill\logs\stats_20260706_122818.json
2026-07-06 12:28:18,492 [INFO] 
======================================================================
2026-07-06 12:28:18,492 [INFO]   CREATING ZIP BATCHES
2026-07-06 12:28:18,492 [INFO] ======================================================================
2026-07-06 12:28:18,493 [INFO] 
Zipping 1 PDFs for 'product_label_grouping' (batches of 1500)
2026-07-06 12:28:18,535 [INFO]   OK: SLT_BILLS_product_label_grouping_0001_20260706_122818.zip (1 PDFs, 0.2 MB)
2026-07-06 12:28:18,537 [INFO] 
  Total ZIPs created: 1
2026-07-06 12:28:18,537 [INFO]     product_label_grouping: 1 ZIPs
2026-07-06 12:28:18,537 [INFO] 
  ZIP output folder: D:\SmartAI_Bill\output\zips
2026-07-06 12:28:18,537 [INFO] 
  Processing complete

