2026-07-04 14:41:16,235 [INFO] ======================================================================
2026-07-04 14:41:16,235 [INFO]   SLT BILL GENERATOR
2026-07-04 14:41:16,237 [INFO] ======================================================================
2026-07-04 14:41:16,237 [INFO]   Inbound folder:  D:\SmartAI_Bill\data\inbound
2026-07-04 14:41:16,237 [INFO]   Files found:     2
2026-07-04 14:41:16,237 [INFO]   Workers:         7
2026-07-04 14:41:16,238 [INFO]   ZIP batch size:  1500 (fixed)
2026-07-04 14:41:16,238 [INFO]   Log file:        D:\SmartAI_Bill\logs\slt_bills_20260704_144116.log
2026-07-04 14:41:16,238 [INFO] ======================================================================
2026-07-04 14:41:20,839 [INFO] 
  >> Generating ALL 2 bills (auto-detect)

2026-07-04 14:41:20,841 [INFO]   Temp PDF dir: C:\Users\acer\AppData\Local\Temp\slt_bills_vjb_n4x2

2026-07-04 14:41:20,842 [INFO] Starting: 2 files, 7 workers
2026-07-04 14:41:21,242 [INFO]     Progress: 1/2 (50%)
2026-07-04 14:41:23,266 [INFO]     Progress: 2/2 (100%)
2026-07-04 14:41:23,294 [INFO] Batch complete: 1 success, 1 failed in 2.5s (2936/hr)
2026-07-04 14:41:23,294 [INFO] 
======================================================================
2026-07-04 14:41:23,294 [INFO] PROCESSING SUMMARY
2026-07-04 14:41:23,294 [INFO] ======================================================================
2026-07-04 14:41:23,294 [INFO] Total files:      2
2026-07-04 14:41:23,294 [INFO] Successful:       1
2026-07-04 14:41:23,294 [INFO] Failed:           1
2026-07-04 14:41:23,294 [INFO] Success rate:     50.0%
2026-07-04 14:41:23,294 [INFO] Total duration:   2.45s
2026-07-04 14:41:23,294 [INFO] Rate:             0.82 files/sec
2026-07-04 14:41:23,294 [INFO]                   2,936 files/hour
2026-07-04 14:41:23,294 [INFO] Target:           40,000 files/hour
2026-07-04 14:41:23,294 [INFO] Target met:       NO
2026-07-04 14:41:23,294 [INFO] 
By template:
2026-07-04 14:41:23,295 [INFO]   nonvat_enterprise: 0/1 (avg 0.62ms)
2026-07-04 14:41:23,295 [INFO]   summary_statement: 1/1 (avg 2024.02ms)
2026-07-04 14:41:23,295 [INFO] ======================================================================

2026-07-04 14:41:23,295 [INFO]   Detailed report: D:\SmartAI_Bill\logs\stats_20260704_144123.json
2026-07-04 14:41:23,296 [INFO] 
======================================================================
2026-07-04 14:41:23,296 [INFO]   CREATING ZIP BATCHES
2026-07-04 14:41:23,296 [INFO] ======================================================================
2026-07-04 14:41:23,296 [INFO] 
Zipping 1 PDFs for 'summary_statement' (batches of 1500)
2026-07-04 14:41:23,321 [INFO]   OK: SLT_BILLS_summary_statement_0001_20260704_144123.zip (1 PDFs, 0.1 MB)
2026-07-04 14:41:23,321 [INFO] 
  Total ZIPs created: 1
2026-07-04 14:41:23,321 [INFO]     summary_statement: 1 ZIPs
2026-07-04 14:41:23,321 [INFO] 
  ZIP output folder: D:\SmartAI_Bill\output\zips
2026-07-04 14:41:23,321 [INFO] 
  Processing complete

