2026-07-06 01:15:13,865 [INFO] ======================================================================
2026-07-06 01:15:13,866 [INFO]   SLT BILL GENERATOR
2026-07-06 01:15:13,866 [INFO] ======================================================================
2026-07-06 01:15:13,866 [INFO]   Inbound folder:  D:\SmartAI_Bill\data\inbound
2026-07-06 01:15:13,866 [INFO]   Files found:     3
2026-07-06 01:15:13,866 [INFO]   Workers:         7
2026-07-06 01:15:13,866 [INFO]   ZIP batch size:  1500 (fixed)
2026-07-06 01:15:13,866 [INFO]   Log file:        D:\SmartAI_Bill\logs\slt_bills_20260706_011513.log
2026-07-06 01:15:13,866 [INFO] ======================================================================
2026-07-06 01:15:16,656 [INFO] Filtering files for template: nonvat_home
2026-07-06 01:15:16,658 [INFO]   Matched: 1 | Skipped: 2 | Errors: 0
2026-07-06 01:15:16,658 [INFO] 
  >> Generating 1 'nonvat_home' bills

2026-07-06 01:15:16,660 [INFO]   Temp PDF dir: C:\Users\acer\AppData\Local\Temp\slt_bills_hbzyuhos

2026-07-06 01:15:16,660 [INFO] Starting: 1 files, 7 workers
2026-07-06 01:15:17,233 [INFO]     Progress: 1/1 (100%)
2026-07-06 01:15:17,265 [INFO] Batch complete: 1 success, 0 failed in 0.6s (5960/hr)
2026-07-06 01:15:17,265 [INFO] 
======================================================================
2026-07-06 01:15:17,265 [INFO] PROCESSING SUMMARY
2026-07-06 01:15:17,265 [INFO] ======================================================================
2026-07-06 01:15:17,265 [INFO] Total files:      1
2026-07-06 01:15:17,265 [INFO] Successful:       1
2026-07-06 01:15:17,265 [INFO] Failed:           0
2026-07-06 01:15:17,265 [INFO] Success rate:     100.0%
2026-07-06 01:15:17,265 [INFO] Total duration:   0.6s
2026-07-06 01:15:17,265 [INFO] Rate:             1.65 files/sec
2026-07-06 01:15:17,265 [INFO]                   5,956 files/hour
2026-07-06 01:15:17,265 [INFO] Target:           40,000 files/hour
2026-07-06 01:15:17,266 [INFO] Target met:       NO
2026-07-06 01:15:17,266 [INFO] 
By template:
2026-07-06 01:15:17,266 [INFO]   nonvat_home: 1/1 (avg 132.82ms)
2026-07-06 01:15:17,266 [INFO] ======================================================================

2026-07-06 01:15:17,267 [INFO]   Detailed report: D:\SmartAI_Bill\logs\stats_20260706_011517.json
2026-07-06 01:15:17,267 [INFO] 
======================================================================
2026-07-06 01:15:17,267 [INFO]   CREATING ZIP BATCHES
2026-07-06 01:15:17,267 [INFO] ======================================================================
2026-07-06 01:15:17,268 [INFO] 
Zipping 1 PDFs for 'nonvat_home' (batches of 1500)
2026-07-06 01:15:17,403 [INFO]   OK: SLT_BILLS_nonvat_home_0001_20260706_011517.zip (1 PDFs, 0.3 MB)
2026-07-06 01:15:17,406 [INFO] 
  Total ZIPs created: 1
2026-07-06 01:15:17,406 [INFO]     nonvat_home: 1 ZIPs
2026-07-06 01:15:17,406 [INFO] 
  ZIP output folder: D:\SmartAI_Bill\output\zips
2026-07-06 01:15:17,407 [INFO] 
  Processing complete

