2026-07-06 12:45:58,479 [INFO] ======================================================================
2026-07-06 12:45:58,479 [INFO]   SLT BILL GENERATOR
2026-07-06 12:45:58,479 [INFO] ======================================================================
2026-07-06 12:45:58,480 [INFO]   Inbound folder:  D:\SmartAI_Bill\data\inbound
2026-07-06 12:45:58,480 [INFO]   Files found:     4
2026-07-06 12:45:58,480 [INFO]   Workers:         7
2026-07-06 12:45:58,480 [INFO]   ZIP batch size:  1500 (fixed)
2026-07-06 12:45:58,480 [INFO]   Log file:        D:\SmartAI_Bill\logs\slt_bills_20260706_124558.log
2026-07-06 12:45:58,480 [INFO] ======================================================================
2026-07-06 12:45:59,910 [INFO] Filtering files for template: product_label_grouping
2026-07-06 12:45:59,912 [INFO]   Matched: 1 | Skipped: 3 | Errors: 0
2026-07-06 12:45:59,912 [INFO] 
  >> Generating 1 'product_label_grouping' bills

2026-07-06 12:45:59,914 [INFO]   Temp PDF dir: C:\Users\acer\AppData\Local\Temp\slt_bills_faw1y7xn

2026-07-06 12:45:59,914 [INFO] Starting: 1 files, 7 workers
2026-07-06 12:46:00,443 [INFO]     Progress: 1/1 (100%)
2026-07-06 12:46:00,472 [INFO] Batch complete: 1 success, 0 failed in 0.6s (6465/hr)
2026-07-06 12:46:00,472 [INFO] 
======================================================================
2026-07-06 12:46:00,472 [INFO] PROCESSING SUMMARY
2026-07-06 12:46:00,472 [INFO] ======================================================================
2026-07-06 12:46:00,472 [INFO] Total files:      1
2026-07-06 12:46:00,472 [INFO] Successful:       1
2026-07-06 12:46:00,472 [INFO] Failed:           0
2026-07-06 12:46:00,472 [INFO] Success rate:     100.0%
2026-07-06 12:46:00,473 [INFO] Total duration:   0.56s
2026-07-06 12:46:00,473 [INFO] Rate:             1.79 files/sec
2026-07-06 12:46:00,473 [INFO]                   6,461 files/hour
2026-07-06 12:46:00,473 [INFO] Target:           40,000 files/hour
2026-07-06 12:46:00,473 [INFO] Target met:       NO
2026-07-06 12:46:00,473 [INFO] 
By template:
2026-07-06 12:46:00,473 [INFO]   product_label_grouping: 1/1 (avg 88.63ms)
2026-07-06 12:46:00,473 [INFO] ======================================================================

2026-07-06 12:46:00,474 [INFO]   Detailed report: D:\SmartAI_Bill\logs\stats_20260706_124600.json
2026-07-06 12:46:00,474 [INFO] 
======================================================================
2026-07-06 12:46:00,474 [INFO]   CREATING ZIP BATCHES
2026-07-06 12:46:00,474 [INFO] ======================================================================
2026-07-06 12:46:00,475 [INFO] 
Zipping 1 PDFs for 'product_label_grouping' (batches of 1500)
2026-07-06 12:46:00,526 [INFO]   OK: SLT_BILLS_product_label_grouping_0001_20260706_124600.zip (1 PDFs, 0.2 MB)
2026-07-06 12:46:00,527 [INFO] 
  Total ZIPs created: 1
2026-07-06 12:46:00,527 [INFO]     product_label_grouping: 1 ZIPs
2026-07-06 12:46:00,527 [INFO] 
  ZIP output folder: D:\SmartAI_Bill\output\zips
2026-07-06 12:46:00,527 [INFO] 
  Processing complete

