2026-07-06 12:18:33,304 [INFO] ======================================================================
2026-07-06 12:18:33,304 [INFO]   SLT BILL GENERATOR
2026-07-06 12:18:33,304 [INFO] ======================================================================
2026-07-06 12:18:33,304 [INFO]   Inbound folder:  D:\SmartAI_Bill\data\inbound
2026-07-06 12:18:33,304 [INFO]   Files found:     2
2026-07-06 12:18:33,304 [INFO]   Workers:         7
2026-07-06 12:18:33,304 [INFO]   ZIP batch size:  1500 (fixed)
2026-07-06 12:18:33,304 [INFO]   Log file:        D:\SmartAI_Bill\logs\slt_bills_20260706_121833.log
2026-07-06 12:18:33,304 [INFO] ======================================================================
2026-07-06 12:18:35,837 [INFO] Filtering files for template: product_label_grouping
2026-07-06 12:18:35,838 [INFO]   Matched: 1 | Skipped: 1 | Errors: 0
2026-07-06 12:18:35,839 [INFO] 
  >> Generating 1 'product_label_grouping' bills

2026-07-06 12:18:35,840 [INFO]   Temp PDF dir: C:\Users\acer\AppData\Local\Temp\slt_bills_fbcyamec

2026-07-06 12:18:35,841 [INFO] Starting: 1 files, 7 workers
2026-07-06 12:18:36,359 [INFO]     Progress: 1/1 (100%)
2026-07-06 12:18:36,392 [INFO] Batch complete: 1 success, 0 failed in 0.6s (6529/hr)
2026-07-06 12:18:36,392 [INFO] 
======================================================================
2026-07-06 12:18:36,393 [INFO] PROCESSING SUMMARY
2026-07-06 12:18:36,393 [INFO] ======================================================================
2026-07-06 12:18:36,393 [INFO] Total files:      1
2026-07-06 12:18:36,393 [INFO] Successful:       1
2026-07-06 12:18:36,393 [INFO] Failed:           0
2026-07-06 12:18:36,393 [INFO] Success rate:     100.0%
2026-07-06 12:18:36,393 [INFO] Total duration:   0.55s
2026-07-06 12:18:36,393 [INFO] Rate:             1.81 files/sec
2026-07-06 12:18:36,393 [INFO]                   6,524 files/hour
2026-07-06 12:18:36,394 [INFO] Target:           40,000 files/hour
2026-07-06 12:18:36,394 [INFO] Target met:       NO
2026-07-06 12:18:36,394 [INFO] 
By template:
2026-07-06 12:18:36,394 [INFO]   product_label_grouping: 1/1 (avg 112.43ms)
2026-07-06 12:18:36,394 [INFO] ======================================================================

2026-07-06 12:18:36,395 [INFO]   Detailed report: D:\SmartAI_Bill\logs\stats_20260706_121836.json
2026-07-06 12:18:36,395 [INFO] 
======================================================================
2026-07-06 12:18:36,395 [INFO]   CREATING ZIP BATCHES
2026-07-06 12:18:36,395 [INFO] ======================================================================
2026-07-06 12:18:36,395 [INFO] 
Zipping 1 PDFs for 'product_label_grouping' (batches of 1500)
2026-07-06 12:18:36,494 [INFO]   OK: SLT_BILLS_product_label_grouping_0001_20260706_121836.zip (1 PDFs, 0.2 MB)
2026-07-06 12:18:36,495 [INFO] 
  Total ZIPs created: 1
2026-07-06 12:18:36,496 [INFO]     product_label_grouping: 1 ZIPs
2026-07-06 12:18:36,496 [INFO] 
  ZIP output folder: D:\SmartAI_Bill\output\zips
2026-07-06 12:18:36,496 [INFO] 
  Processing complete

