2026-07-06 10:27:42,082 [INFO] ======================================================================
2026-07-06 10:27:42,082 [INFO]   SLT BILL GENERATOR
2026-07-06 10:27:42,082 [INFO] ======================================================================
2026-07-06 10:27:42,082 [INFO]   Inbound folder:  D:\SmartAI_Bill\data\inbound
2026-07-06 10:27:42,083 [INFO]   Files found:     2
2026-07-06 10:27:42,083 [INFO]   Workers:         7
2026-07-06 10:27:42,083 [INFO]   ZIP batch size:  1500 (fixed)
2026-07-06 10:27:42,083 [INFO]   Log file:        D:\SmartAI_Bill\logs\slt_bills_20260706_102742.log
2026-07-06 10:27:42,083 [INFO] ======================================================================
2026-07-06 10:27:45,745 [INFO] Filtering files for template: nonvat_enterprise
2026-07-06 10:27:45,746 [INFO]   Matched: 1 | Skipped: 1 | Errors: 0
2026-07-06 10:27:45,747 [INFO] 
  >> Generating 1 'nonvat_enterprise' bills

2026-07-06 10:27:45,749 [INFO]   Temp PDF dir: C:\Users\acer\AppData\Local\Temp\slt_bills_np03kzpo

2026-07-06 10:27:45,749 [INFO] Starting: 1 files, 7 workers
2026-07-06 10:27:46,260 [INFO]     Progress: 1/1 (100%)
2026-07-06 10:27:46,295 [INFO] Batch complete: 1 success, 0 failed in 0.5s (6590/hr)
2026-07-06 10:27:46,295 [INFO] 
======================================================================
2026-07-06 10:27:46,296 [INFO] PROCESSING SUMMARY
2026-07-06 10:27:46,296 [INFO] ======================================================================
2026-07-06 10:27:46,296 [INFO] Total files:      1
2026-07-06 10:27:46,296 [INFO] Successful:       1
2026-07-06 10:27:46,296 [INFO] Failed:           0
2026-07-06 10:27:46,296 [INFO] Success rate:     100.0%
2026-07-06 10:27:46,296 [INFO] Total duration:   0.55s
2026-07-06 10:27:46,296 [INFO] Rate:             1.83 files/sec
2026-07-06 10:27:46,296 [INFO]                   6,585 files/hour
2026-07-06 10:27:46,296 [INFO] Target:           40,000 files/hour
2026-07-06 10:27:46,296 [INFO] Target met:       NO
2026-07-06 10:27:46,296 [INFO] 
By template:
2026-07-06 10:27:46,296 [INFO]   nonvat_enterprise: 1/1 (avg 102.41ms)
2026-07-06 10:27:46,296 [INFO] ======================================================================

2026-07-06 10:27:46,297 [INFO]   Detailed report: D:\SmartAI_Bill\logs\stats_20260706_102746.json
2026-07-06 10:27:46,297 [INFO] 
======================================================================
2026-07-06 10:27:46,298 [INFO]   CREATING ZIP BATCHES
2026-07-06 10:27:46,298 [INFO] ======================================================================
2026-07-06 10:27:46,298 [INFO] 
Zipping 1 PDFs for 'nonvat_enterprise' (batches of 1500)
2026-07-06 10:27:46,371 [INFO]   OK: SLT_BILLS_nonvat_enterprise_0001_20260706_102746.zip (1 PDFs, 0.3 MB)
2026-07-06 10:27:46,372 [INFO] 
  Total ZIPs created: 1
2026-07-06 10:27:46,373 [INFO]     nonvat_enterprise: 1 ZIPs
2026-07-06 10:27:46,373 [INFO] 
  ZIP output folder: D:\SmartAI_Bill\output\zips
2026-07-06 10:27:46,373 [INFO] 
  Processing complete

