2026-07-04 14:21:29,163 [INFO] ======================================================================
2026-07-04 14:21:29,163 [INFO]   SLT BILL GENERATOR
2026-07-04 14:21:29,163 [INFO] ======================================================================
2026-07-04 14:21:29,163 [INFO]   Inbound folder:  D:\SmartAI_Bill\data\inbound
2026-07-04 14:21:29,163 [INFO]   Files found:     1
2026-07-04 14:21:29,163 [INFO]   Workers:         7
2026-07-04 14:21:29,163 [INFO]   ZIP batch size:  1500 (fixed)
2026-07-04 14:21:29,163 [INFO]   Log file:        D:\SmartAI_Bill\logs\slt_bills_20260704_142129.log
2026-07-04 14:21:29,163 [INFO] ======================================================================
2026-07-04 14:21:32,388 [INFO] Filtering files for template: summary_statement
2026-07-04 14:21:32,390 [INFO]   Matched: 1 | Skipped: 0 | Errors: 0
2026-07-04 14:21:32,399 [INFO]   Temp PDF dir: C:\Users\acer\AppData\Local\Temp\slt_bills_9ey1z3b7

2026-07-04 14:21:32,399 [INFO] Starting: 1 files, 7 workers
2026-07-04 14:21:34,746 [INFO]     Progress: 1/1 (100%)
2026-07-04 14:21:34,770 [INFO] Batch complete: 1 success, 0 failed in 2.4s (1518/hr)
2026-07-04 14:21:34,771 [INFO] 
======================================================================
2026-07-04 14:21:34,771 [INFO] PROCESSING SUMMARY
2026-07-04 14:21:34,771 [INFO] ======================================================================
2026-07-04 14:21:34,771 [INFO] Total files:      1
2026-07-04 14:21:34,771 [INFO] Successful:       1
2026-07-04 14:21:34,771 [INFO] Failed:           0
2026-07-04 14:21:34,771 [INFO] Success rate:     100.0%
2026-07-04 14:21:34,771 [INFO] Total duration:   2.37s
2026-07-04 14:21:34,771 [INFO] Rate:             0.42 files/sec
2026-07-04 14:21:34,771 [INFO]                   1,518 files/hour
2026-07-04 14:21:34,771 [INFO] Target:           40,000 files/hour
2026-07-04 14:21:34,772 [INFO] 
By template:
2026-07-04 14:21:34,772 [INFO]   summary_statement: 1/1 (avg 1997.68ms)
2026-07-04 14:21:34,772 [INFO] ======================================================================

2026-07-04 14:21:34,773 [INFO]   Detailed report: D:\SmartAI_Bill\logs\stats_20260704_142134.json
2026-07-04 14:21:34,773 [INFO] 
======================================================================
2026-07-04 14:21:34,773 [INFO]   CREATING ZIP BATCHES
2026-07-04 14:21:34,773 [INFO] ======================================================================
2026-07-04 14:21:34,773 [INFO] 
Zipping 1 PDFs for 'summary_statement' (batches of 1500)
2026-07-04 14:21:34,815 [INFO] 
  Total ZIPs created: 1
2026-07-04 14:21:34,815 [INFO]     summary_statement: 1 ZIPs
2026-07-04 14:21:34,815 [INFO] 
  ZIP output folder: D:\SmartAI_Bill\output\zips
