2026-07-06 01:31:46,595 [INFO] ======================================================================
2026-07-06 01:31:46,595 [INFO]   SLT BILL GENERATOR
2026-07-06 01:31:46,595 [INFO] ======================================================================
2026-07-06 01:31:46,595 [INFO]   Inbound folder:  D:\SmartAI_Bill\data\inbound
2026-07-06 01:31:46,595 [INFO]   Files found:     3
2026-07-06 01:31:46,595 [INFO]   Workers:         7
2026-07-06 01:31:46,595 [INFO]   ZIP batch size:  1500 (fixed)
2026-07-06 01:31:46,595 [INFO]   Log file:        D:\SmartAI_Bill\logs\slt_bills_20260706_013146.log
2026-07-06 01:31:46,596 [INFO] ======================================================================
2026-07-06 01:31:49,708 [INFO] Filtering files for template: nonvat_home
2026-07-06 01:31:49,710 [INFO]   Matched: 1 | Skipped: 2 | Errors: 0
2026-07-06 01:31:49,710 [INFO] 
  >> Generating 1 'nonvat_home' bills

2026-07-06 01:31:49,712 [INFO]   Temp PDF dir: C:\Users\acer\AppData\Local\Temp\slt_bills__enzpjxl

2026-07-06 01:31:49,712 [INFO] Starting: 1 files, 7 workers
2026-07-06 01:31:50,300 [INFO]     Progress: 1/1 (100%)
2026-07-06 01:31:50,327 [INFO] Batch complete: 1 success, 0 failed in 0.6s (5857/hr)
2026-07-06 01:31:50,328 [INFO] 
======================================================================
2026-07-06 01:31:50,328 [INFO] PROCESSING SUMMARY
2026-07-06 01:31:50,328 [INFO] ======================================================================
2026-07-06 01:31:50,328 [INFO] Total files:      1
2026-07-06 01:31:50,328 [INFO] Successful:       1
2026-07-06 01:31:50,328 [INFO] Failed:           0
2026-07-06 01:31:50,328 [INFO] Success rate:     100.0%
2026-07-06 01:31:50,328 [INFO] Total duration:   0.61s
2026-07-06 01:31:50,328 [INFO] Rate:             1.63 files/sec
2026-07-06 01:31:50,328 [INFO]                   5,854 files/hour
2026-07-06 01:31:50,328 [INFO] Target:           40,000 files/hour
2026-07-06 01:31:50,328 [INFO] Target met:       NO
2026-07-06 01:31:50,328 [INFO] 
By template:
2026-07-06 01:31:50,328 [INFO]   nonvat_home: 1/1 (avg 161.9ms)
2026-07-06 01:31:50,328 [INFO] ======================================================================

2026-07-06 01:31:50,329 [INFO]   Detailed report: D:\SmartAI_Bill\logs\stats_20260706_013150.json
2026-07-06 01:31:50,329 [INFO] 
======================================================================
2026-07-06 01:31:50,329 [INFO]   CREATING ZIP BATCHES
2026-07-06 01:31:50,329 [INFO] ======================================================================
2026-07-06 01:31:50,330 [INFO] 
Zipping 1 PDFs for 'nonvat_home' (batches of 1500)
2026-07-06 01:31:50,384 [INFO]   OK: SLT_BILLS_nonvat_home_0001_20260706_013150.zip (1 PDFs, 0.3 MB)
2026-07-06 01:31:50,385 [INFO] 
  Total ZIPs created: 1
2026-07-06 01:31:50,385 [INFO]     nonvat_home: 1 ZIPs
2026-07-06 01:31:50,385 [INFO] 
  ZIP output folder: D:\SmartAI_Bill\output\zips
2026-07-06 01:31:50,386 [INFO] 
  Processing complete

