2026-07-06 09:36:49,729 [INFO] ======================================================================
2026-07-06 09:36:49,729 [INFO]   SLT BILL GENERATOR
2026-07-06 09:36:49,729 [INFO] ======================================================================
2026-07-06 09:36:49,729 [INFO]   Inbound folder:  D:\SmartAI_Bill\data\inbound
2026-07-06 09:36:49,729 [INFO]   Files found:     3
2026-07-06 09:36:49,730 [INFO]   Workers:         7
2026-07-06 09:36:49,730 [INFO]   ZIP batch size:  1500 (fixed)
2026-07-06 09:36:49,730 [INFO]   Log file:        D:\SmartAI_Bill\logs\slt_bills_20260706_093649.log
2026-07-06 09:36:49,730 [INFO] ======================================================================
2026-07-06 09:36:54,195 [INFO] Filtering files for template: nonvat_home
2026-07-06 09:36:54,196 [INFO]   Matched: 1 | Skipped: 2 | Errors: 0
2026-07-06 09:36:54,196 [INFO] 
  >> Generating 1 'nonvat_home' bills

2026-07-06 09:36:54,199 [INFO]   Temp PDF dir: C:\Users\acer\AppData\Local\Temp\slt_bills_1hj1knz8

2026-07-06 09:36:54,199 [INFO] Starting: 1 files, 7 workers
2026-07-06 09:36:54,565 [INFO]     Progress: 1/1 (100%)
2026-07-06 09:36:54,587 [INFO] Batch complete: 1 success, 0 failed in 0.4s (9286/hr)
2026-07-06 09:36:54,587 [INFO] 
======================================================================
2026-07-06 09:36:54,587 [INFO] PROCESSING SUMMARY
2026-07-06 09:36:54,587 [INFO] ======================================================================
2026-07-06 09:36:54,587 [INFO] Total files:      1
2026-07-06 09:36:54,587 [INFO] Successful:       1
2026-07-06 09:36:54,587 [INFO] Failed:           0
2026-07-06 09:36:54,587 [INFO] Success rate:     100.0%
2026-07-06 09:36:54,587 [INFO] Total duration:   0.39s
2026-07-06 09:36:54,587 [INFO] Rate:             2.58 files/sec
2026-07-06 09:36:54,587 [INFO]                   9,280 files/hour
2026-07-06 09:36:54,587 [INFO] Target:           40,000 files/hour
2026-07-06 09:36:54,587 [INFO] Target met:       NO
2026-07-06 09:36:54,587 [INFO] 
By template:
2026-07-06 09:36:54,587 [INFO]   nonvat_home: 1/1 (avg 105.49ms)
2026-07-06 09:36:54,587 [INFO] ======================================================================

2026-07-06 09:36:54,588 [INFO]   Detailed report: D:\SmartAI_Bill\logs\stats_20260706_093654.json
2026-07-06 09:36:54,588 [INFO] 
======================================================================
2026-07-06 09:36:54,588 [INFO]   CREATING ZIP BATCHES
2026-07-06 09:36:54,588 [INFO] ======================================================================
2026-07-06 09:36:54,588 [INFO] 
Zipping 1 PDFs for 'nonvat_home' (batches of 1500)
2026-07-06 09:36:54,618 [INFO]   OK: SLT_BILLS_nonvat_home_0001_20260706_093654.zip (1 PDFs, 0.3 MB)
2026-07-06 09:36:54,619 [INFO] 
  Total ZIPs created: 1
2026-07-06 09:36:54,619 [INFO]     nonvat_home: 1 ZIPs
2026-07-06 09:36:54,619 [INFO] 
  ZIP output folder: D:\SmartAI_Bill\output\zips
2026-07-06 09:36:54,619 [INFO] 
  Processing complete

