2026-07-06 09:30:37,481 [INFO] ======================================================================
2026-07-06 09:30:37,481 [INFO]   SLT BILL GENERATOR
2026-07-06 09:30:37,481 [INFO] ======================================================================
2026-07-06 09:30:37,481 [INFO]   Inbound folder:  D:\SmartAI_Bill\data\inbound
2026-07-06 09:30:37,481 [INFO]   Files found:     3
2026-07-06 09:30:37,481 [INFO]   Workers:         7
2026-07-06 09:30:37,481 [INFO]   ZIP batch size:  1500 (fixed)
2026-07-06 09:30:37,481 [INFO]   Log file:        D:\SmartAI_Bill\logs\slt_bills_20260706_093037.log
2026-07-06 09:30:37,481 [INFO] ======================================================================
2026-07-06 09:30:40,855 [INFO] Filtering files for template: nonvat_home
2026-07-06 09:30:40,857 [INFO]   Matched: 1 | Skipped: 2 | Errors: 0
2026-07-06 09:30:40,857 [INFO] 
  >> Generating 1 'nonvat_home' bills

2026-07-06 09:30:40,859 [INFO]   Temp PDF dir: C:\Users\acer\AppData\Local\Temp\slt_bills_gy0vv1oj

2026-07-06 09:30:40,859 [INFO] Starting: 1 files, 7 workers
2026-07-06 09:30:41,211 [INFO]     Progress: 1/1 (100%)
2026-07-06 09:30:41,235 [INFO] Batch complete: 1 success, 0 failed in 0.4s (9592/hr)
2026-07-06 09:30:41,235 [INFO] 
======================================================================
2026-07-06 09:30:41,235 [INFO] PROCESSING SUMMARY
2026-07-06 09:30:41,235 [INFO] ======================================================================
2026-07-06 09:30:41,235 [INFO] Total files:      1
2026-07-06 09:30:41,235 [INFO] Successful:       1
2026-07-06 09:30:41,235 [INFO] Failed:           0
2026-07-06 09:30:41,235 [INFO] Success rate:     100.0%
2026-07-06 09:30:41,235 [INFO] Total duration:   0.38s
2026-07-06 09:30:41,235 [INFO] Rate:             2.66 files/sec
2026-07-06 09:30:41,235 [INFO]                   9,585 files/hour
2026-07-06 09:30:41,236 [INFO] Target:           40,000 files/hour
2026-07-06 09:30:41,236 [INFO] Target met:       NO
2026-07-06 09:30:41,236 [INFO] 
By template:
2026-07-06 09:30:41,236 [INFO]   nonvat_home: 1/1 (avg 91.33ms)
2026-07-06 09:30:41,236 [INFO] ======================================================================

2026-07-06 09:30:41,236 [INFO]   Detailed report: D:\SmartAI_Bill\logs\stats_20260706_093041.json
2026-07-06 09:30:41,237 [INFO] 
======================================================================
2026-07-06 09:30:41,237 [INFO]   CREATING ZIP BATCHES
2026-07-06 09:30:41,237 [INFO] ======================================================================
2026-07-06 09:30:41,237 [INFO] 
Zipping 1 PDFs for 'nonvat_home' (batches of 1500)
2026-07-06 09:30:41,300 [INFO]   OK: SLT_BILLS_nonvat_home_0001_20260706_093041.zip (1 PDFs, 0.3 MB)
2026-07-06 09:30:41,301 [INFO] 
  Total ZIPs created: 1
2026-07-06 09:30:41,301 [INFO]     nonvat_home: 1 ZIPs
2026-07-06 09:30:41,301 [INFO] 
  ZIP output folder: D:\SmartAI_Bill\output\zips
2026-07-06 09:30:41,301 [INFO] 
  Processing complete

