2026-07-04 21:59:16,680 [INFO] ======================================================================
2026-07-04 21:59:16,680 [INFO]   SLT BILL GENERATOR
2026-07-04 21:59:16,681 [INFO] ======================================================================
2026-07-04 21:59:16,681 [INFO]   Inbound folder:  D:\SmartAI_Bill\data\inbound
2026-07-04 21:59:16,681 [INFO]   Files found:     5
2026-07-04 21:59:16,681 [INFO]   Workers:         7
2026-07-04 21:59:16,681 [INFO]   ZIP batch size:  1500 (fixed)
2026-07-04 21:59:16,681 [INFO]   Log file:        D:\SmartAI_Bill\logs\slt_bills_20260704_215916.log
2026-07-04 21:59:16,681 [INFO] ======================================================================
2026-07-04 21:59:20,480 [INFO] 
  >> Generating ALL 5 bills (auto-detect)

2026-07-04 21:59:20,482 [INFO]   Temp PDF dir: C:\Users\acer\AppData\Local\Temp\slt_bills_z2w8efog

2026-07-04 21:59:20,482 [INFO] Starting: 5 files, 7 workers
2026-07-04 21:59:20,966 [INFO]     Progress: 1/5 (20%)
2026-07-04 21:59:20,999 [INFO]     Progress: 2/5 (40%)
2026-07-04 21:59:21,005 [INFO]     Progress: 3/5 (60%)
2026-07-04 21:59:21,032 [INFO]     Progress: 4/5 (80%)
2026-07-04 21:59:22,845 [INFO]     Progress: 5/5 (100%)
2026-07-04 21:59:22,907 [INFO] Batch complete: 5 success, 0 failed in 2.4s (7419/hr)
2026-07-04 21:59:22,908 [INFO] 
======================================================================
2026-07-04 21:59:22,908 [INFO] PROCESSING SUMMARY
2026-07-04 21:59:22,908 [INFO] ======================================================================
2026-07-04 21:59:22,908 [INFO] Total files:      5
2026-07-04 21:59:22,908 [INFO] Successful:       5
2026-07-04 21:59:22,908 [INFO] Failed:           0
2026-07-04 21:59:22,908 [INFO] Success rate:     100.0%
2026-07-04 21:59:22,908 [INFO] Total duration:   2.43s
2026-07-04 21:59:22,908 [INFO] Rate:             2.06 files/sec
2026-07-04 21:59:22,908 [INFO]                   7,419 files/hour
2026-07-04 21:59:22,908 [INFO] Target:           40,000 files/hour
2026-07-04 21:59:22,908 [INFO] Target met:       NO
2026-07-04 21:59:22,908 [INFO] 
By template:
2026-07-04 21:59:22,908 [INFO]   product_label_grouping: 1/1 (avg 74.66ms)
2026-07-04 21:59:22,908 [INFO]   subscription_ref_grouping: 1/1 (avg 95.17ms)
2026-07-04 21:59:22,908 [INFO]   nonvat_enterprise: 1/1 (avg 96.47ms)
2026-07-04 21:59:22,908 [INFO]   nonvat_home: 1/1 (avg 128.25ms)
2026-07-04 21:59:22,908 [INFO]   summary_statement: 1/1 (avg 1933.38ms)
2026-07-04 21:59:22,908 [INFO] ======================================================================

2026-07-04 21:59:22,909 [INFO]   Detailed report: D:\SmartAI_Bill\logs\stats_20260704_215922.json
2026-07-04 21:59:22,909 [INFO] 
======================================================================
2026-07-04 21:59:22,909 [INFO]   CREATING ZIP BATCHES
2026-07-04 21:59:22,909 [INFO] ======================================================================
2026-07-04 21:59:22,910 [INFO] 
Zipping 1 PDFs for 'nonvat_enterprise' (batches of 1500)
2026-07-04 21:59:22,931 [INFO]   OK: SLT_BILLS_nonvat_enterprise_0001_20260704_215922.zip (1 PDFs, 0.3 MB)
2026-07-04 21:59:22,932 [INFO] 
Zipping 1 PDFs for 'nonvat_home' (batches of 1500)
2026-07-04 21:59:22,960 [INFO]   OK: SLT_BILLS_nonvat_home_0001_20260704_215922.zip (1 PDFs, 0.3 MB)
2026-07-04 21:59:22,961 [INFO] 
Zipping 1 PDFs for 'product_label_grouping' (batches of 1500)
2026-07-04 21:59:22,978 [INFO]   OK: SLT_BILLS_product_label_grouping_0001_20260704_215922.zip (1 PDFs, 0.2 MB)
2026-07-04 21:59:22,979 [INFO] 
Zipping 1 PDFs for 'subscription_ref_grouping' (batches of 1500)
2026-07-04 21:59:23,012 [INFO]   OK: SLT_BILLS_subscription_ref_grouping_0001_20260704_215922.zip (1 PDFs, 0.2 MB)
2026-07-04 21:59:23,013 [INFO] 
Zipping 1 PDFs for 'summary_statement' (batches of 1500)
2026-07-04 21:59:23,026 [INFO]   OK: SLT_BILLS_summary_statement_0001_20260704_215922.zip (1 PDFs, 0.1 MB)
2026-07-04 21:59:23,027 [INFO] 
  Total ZIPs created: 5
2026-07-04 21:59:23,027 [INFO]     nonvat_enterprise: 1 ZIPs
2026-07-04 21:59:23,027 [INFO]     nonvat_home: 1 ZIPs
2026-07-04 21:59:23,027 [INFO]     product_label_grouping: 1 ZIPs
2026-07-04 21:59:23,027 [INFO]     subscription_ref_grouping: 1 ZIPs
2026-07-04 21:59:23,027 [INFO]     summary_statement: 1 ZIPs
2026-07-04 21:59:23,027 [INFO] 
  ZIP output folder: D:\SmartAI_Bill\output\zips
2026-07-04 21:59:23,027 [INFO] 
  Processing complete

