2026-07-06 01:18:09,302 [INFO] ======================================================================
2026-07-06 01:18:09,302 [INFO]   SLT BILL GENERATOR
2026-07-06 01:18:09,302 [INFO] ======================================================================
2026-07-06 01:18:09,302 [INFO]   Inbound folder:  D:\SmartAI_Bill\data\inbound
2026-07-06 01:18:09,303 [INFO]   Files found:     3
2026-07-06 01:18:09,303 [INFO]   Workers:         7
2026-07-06 01:18:09,303 [INFO]   ZIP batch size:  1500 (fixed)
2026-07-06 01:18:09,303 [INFO]   Log file:        D:\SmartAI_Bill\logs\slt_bills_20260706_011809.log
2026-07-06 01:18:09,303 [INFO] ======================================================================
2026-07-06 01:18:12,695 [INFO] Filtering files for template: nonvat_home
2026-07-06 01:18:12,697 [INFO]   Matched: 1 | Skipped: 2 | Errors: 0
2026-07-06 01:18:12,697 [INFO] 
  >> Generating 1 'nonvat_home' bills

2026-07-06 01:18:12,698 [INFO]   Temp PDF dir: C:\Users\acer\AppData\Local\Temp\slt_bills__o1fbrnw

2026-07-06 01:18:12,698 [INFO] Starting: 1 files, 7 workers
2026-07-06 01:18:13,287 [INFO]     Progress: 1/1 (100%)
2026-07-06 01:18:13,316 [INFO] Batch complete: 1 success, 0 failed in 0.6s (5835/hr)
2026-07-06 01:18:13,316 [INFO] 
======================================================================
2026-07-06 01:18:13,316 [INFO] PROCESSING SUMMARY
2026-07-06 01:18:13,316 [INFO] ======================================================================
2026-07-06 01:18:13,316 [INFO] Total files:      1
2026-07-06 01:18:13,317 [INFO] Successful:       1
2026-07-06 01:18:13,317 [INFO] Failed:           0
2026-07-06 01:18:13,317 [INFO] Success rate:     100.0%
2026-07-06 01:18:13,317 [INFO] Total duration:   0.62s
2026-07-06 01:18:13,317 [INFO] Rate:             1.62 files/sec
2026-07-06 01:18:13,317 [INFO]                   5,831 files/hour
2026-07-06 01:18:13,317 [INFO] Target:           40,000 files/hour
2026-07-06 01:18:13,317 [INFO] Target met:       NO
2026-07-06 01:18:13,317 [INFO] 
By template:
2026-07-06 01:18:13,317 [INFO]   nonvat_home: 1/1 (avg 137.68ms)
2026-07-06 01:18:13,317 [INFO] ======================================================================

2026-07-06 01:18:13,318 [INFO]   Detailed report: D:\SmartAI_Bill\logs\stats_20260706_011813.json
2026-07-06 01:18:13,319 [INFO] 
======================================================================
2026-07-06 01:18:13,319 [INFO]   CREATING ZIP BATCHES
2026-07-06 01:18:13,319 [INFO] ======================================================================
2026-07-06 01:18:13,319 [INFO] 
Zipping 1 PDFs for 'nonvat_home' (batches of 1500)
2026-07-06 01:18:13,407 [INFO]   OK: SLT_BILLS_nonvat_home_0001_20260706_011813.zip (1 PDFs, 0.3 MB)
2026-07-06 01:18:13,409 [INFO] 
  Total ZIPs created: 1
2026-07-06 01:18:13,409 [INFO]     nonvat_home: 1 ZIPs
2026-07-06 01:18:13,409 [INFO] 
  ZIP output folder: D:\SmartAI_Bill\output\zips
2026-07-06 01:18:13,409 [INFO] 
  Processing complete

