2026-07-05 02:12:34,347 [INFO] ======================================================================
2026-07-05 02:12:34,348 [INFO]   SLT BILL GENERATOR
2026-07-05 02:12:34,348 [INFO] ======================================================================
2026-07-05 02:12:34,348 [INFO]   Inbound folder:  D:\SmartAI_Bill\data\inbound
2026-07-05 02:12:34,348 [INFO]   Files found:     4
2026-07-05 02:12:34,348 [INFO]   Workers:         7
2026-07-05 02:12:34,348 [INFO]   ZIP batch size:  1500 (fixed)
2026-07-05 02:12:34,348 [INFO]   Log file:        D:\SmartAI_Bill\logs\slt_bills_20260705_021234.log
2026-07-05 02:12:34,348 [INFO] ======================================================================
2026-07-05 02:12:37,201 [INFO] Filtering files for template: subscription_ref_grouping
2026-07-05 02:12:37,203 [INFO]   Matched: 1 | Skipped: 3 | Errors: 0
2026-07-05 02:12:37,203 [INFO] 
  >> Generating 1 'subscription_ref_grouping' bills

2026-07-05 02:12:37,206 [INFO]   Temp PDF dir: C:\Users\acer\AppData\Local\Temp\slt_bills_mxjovc7t

2026-07-05 02:12:37,206 [INFO] Starting: 1 files, 7 workers
2026-07-05 02:12:37,730 [INFO]     Progress: 1/1 (100%)
2026-07-05 02:12:37,763 [INFO] Batch complete: 1 success, 0 failed in 0.6s (6462/hr)
2026-07-05 02:12:37,764 [INFO] 
======================================================================
2026-07-05 02:12:37,764 [INFO] PROCESSING SUMMARY
2026-07-05 02:12:37,764 [INFO] ======================================================================
2026-07-05 02:12:37,764 [INFO] Total files:      1
2026-07-05 02:12:37,764 [INFO] Successful:       1
2026-07-05 02:12:37,764 [INFO] Failed:           0
2026-07-05 02:12:37,764 [INFO] Success rate:     100.0%
2026-07-05 02:12:37,764 [INFO] Total duration:   0.56s
2026-07-05 02:12:37,764 [INFO] Rate:             1.79 files/sec
2026-07-05 02:12:37,764 [INFO]                   6,458 files/hour
2026-07-05 02:12:37,764 [INFO] Target:           40,000 files/hour
2026-07-05 02:12:37,764 [INFO] Target met:       NO
2026-07-05 02:12:37,764 [INFO] 
By template:
2026-07-05 02:12:37,764 [INFO]   subscription_ref_grouping: 1/1 (avg 77.75ms)
2026-07-05 02:12:37,764 [INFO] ======================================================================

2026-07-05 02:12:37,765 [INFO]   Detailed report: D:\SmartAI_Bill\logs\stats_20260705_021237.json
2026-07-05 02:12:37,765 [INFO] 
======================================================================
2026-07-05 02:12:37,765 [INFO]   CREATING ZIP BATCHES
2026-07-05 02:12:37,766 [INFO] ======================================================================
2026-07-05 02:12:37,766 [INFO] 
Zipping 1 PDFs for 'subscription_ref_grouping' (batches of 1500)
2026-07-05 02:12:37,849 [INFO]   OK: SLT_BILLS_subscription_ref_grouping_0001_20260705_021237.zip (1 PDFs, 0.2 MB)
2026-07-05 02:12:37,852 [INFO] 
  Total ZIPs created: 1
2026-07-05 02:12:37,852 [INFO]     subscription_ref_grouping: 1 ZIPs
2026-07-05 02:12:37,852 [INFO] 
  ZIP output folder: D:\SmartAI_Bill\output\zips
2026-07-05 02:12:37,852 [INFO] 
  Processing complete

