2026-07-06 12:37:04,981 [INFO] ======================================================================
2026-07-06 12:37:04,981 [INFO]   SLT BILL GENERATOR
2026-07-06 12:37:04,981 [INFO] ======================================================================
2026-07-06 12:37:04,982 [INFO]   Inbound folder:  D:\SmartAI_Bill\data\inbound
2026-07-06 12:37:04,982 [INFO]   Files found:     1
2026-07-06 12:37:04,982 [INFO]   Workers:         7
2026-07-06 12:37:04,982 [INFO]   ZIP batch size:  1500 (fixed)
2026-07-06 12:37:04,982 [INFO]   Log file:        D:\SmartAI_Bill\logs\slt_bills_20260706_123704.log
2026-07-06 12:37:04,982 [INFO] ======================================================================
2026-07-06 12:37:10,228 [INFO] Filtering files for template: invoice_of_summary
2026-07-06 12:37:10,229 [INFO]   Matched: 1 | Skipped: 0 | Errors: 0
2026-07-06 12:37:10,229 [INFO] 
  >> Generating 1 'invoice_of_summary' bills

2026-07-06 12:37:10,230 [INFO]   Temp PDF dir: C:\Users\acer\AppData\Local\Temp\slt_bills_ptkcllkk

2026-07-06 12:37:10,232 [INFO] Starting: 1 files, 7 workers
2026-07-06 12:37:10,745 [INFO]     Progress: 1/1 (100%)
2026-07-06 12:37:10,774 [INFO] Batch complete: 0 success, 1 failed in 0.5s (6633/hr)
2026-07-06 12:37:10,774 [INFO] 
======================================================================
2026-07-06 12:37:10,774 [INFO] PROCESSING SUMMARY
2026-07-06 12:37:10,774 [INFO] ======================================================================
2026-07-06 12:37:10,774 [INFO] Total files:      1
2026-07-06 12:37:10,774 [INFO] Successful:       0
2026-07-06 12:37:10,774 [INFO] Failed:           1
2026-07-06 12:37:10,774 [INFO] Success rate:     0.0%
2026-07-06 12:37:10,774 [INFO] Total duration:   0.54s
2026-07-06 12:37:10,774 [INFO] Rate:             1.84 files/sec
2026-07-06 12:37:10,774 [INFO]                   6,629 files/hour
2026-07-06 12:37:10,774 [INFO] Target:           40,000 files/hour
2026-07-06 12:37:10,774 [INFO] Target met:       NO
2026-07-06 12:37:10,774 [INFO] 
By template:
2026-07-06 12:37:10,775 [INFO]   invoice_of_summary: 0/1 (avg 76.95ms)
2026-07-06 12:37:10,775 [INFO] ======================================================================

2026-07-06 12:37:10,775 [INFO]   Detailed report: D:\SmartAI_Bill\logs\stats_20260706_123710.json
2026-07-06 12:37:10,776 [INFO] 
======================================================================
2026-07-06 12:37:10,776 [INFO]   CREATING ZIP BATCHES
2026-07-06 12:37:10,776 [INFO] ======================================================================
2026-07-06 12:37:10,777 [INFO] 
  Total ZIPs created: 0
2026-07-06 12:37:10,777 [INFO] 
  ZIP output folder: D:\SmartAI_Bill\output\zips
2026-07-06 12:37:10,777 [INFO] 
  Processing complete

