2026-07-06 14:26:23,960 [INFO] ======================================================================
2026-07-06 14:26:23,960 [INFO]   SLT BILL GENERATOR
2026-07-06 14:26:23,960 [INFO] ======================================================================
2026-07-06 14:26:23,960 [INFO]   Inbound folder:  D:\SmartAI_Bill\data\inbound
2026-07-06 14:26:23,960 [INFO]   Files found:     1
2026-07-06 14:26:23,960 [INFO]   Workers:         7
2026-07-06 14:26:23,960 [INFO]   ZIP batch size:  1500 (fixed)
2026-07-06 14:26:23,960 [INFO]   Log file:        D:\SmartAI_Bill\logs\slt_bills_20260706_142623.log
2026-07-06 14:26:23,960 [INFO] ======================================================================
2026-07-06 14:26:29,324 [INFO] Filtering files for template: invoice_of_summary
2026-07-06 14:26:29,325 [INFO]   Matched: 1 | Skipped: 0 | Errors: 0
2026-07-06 14:26:29,325 [INFO] 
  >> Generating 1 'invoice_of_summary' bills

2026-07-06 14:26:29,327 [INFO]   Temp PDF dir: C:\Users\acer\AppData\Local\Temp\slt_bills_xe4hvz3h

2026-07-06 14:26:29,327 [INFO] Starting: 1 files, 7 workers
2026-07-06 14:26:31,025 [INFO]     Progress: 1/1 (100%)
2026-07-06 14:26:31,052 [INFO] Batch complete: 1 success, 0 failed in 1.7s (2086/hr)
2026-07-06 14:26:31,053 [INFO] 
======================================================================
2026-07-06 14:26:31,053 [INFO] PROCESSING SUMMARY
2026-07-06 14:26:31,053 [INFO] ======================================================================
2026-07-06 14:26:31,053 [INFO] Total files:      1
2026-07-06 14:26:31,053 [INFO] Successful:       1
2026-07-06 14:26:31,053 [INFO] Failed:           0
2026-07-06 14:26:31,053 [INFO] Success rate:     100.0%
2026-07-06 14:26:31,053 [INFO] Total duration:   1.73s
2026-07-06 14:26:31,053 [INFO] Rate:             0.58 files/sec
2026-07-06 14:26:31,053 [INFO]                   2,085 files/hour
2026-07-06 14:26:31,053 [INFO] Target:           40,000 files/hour
2026-07-06 14:26:31,053 [INFO] Target met:       NO
2026-07-06 14:26:31,053 [INFO] 
By template:
2026-07-06 14:26:31,053 [INFO]   invoice_of_summary: 1/1 (avg 1323.45ms)
2026-07-06 14:26:31,053 [INFO] ======================================================================

2026-07-06 14:26:31,063 [INFO]   Detailed report: D:\SmartAI_Bill\logs\stats_20260706_142631.json
2026-07-06 14:26:31,063 [INFO] 
======================================================================
2026-07-06 14:26:31,063 [INFO]   CREATING ZIP BATCHES
2026-07-06 14:26:31,063 [INFO] ======================================================================
2026-07-06 14:26:31,063 [INFO] 
Zipping 1 PDFs for 'invoice_of_summary' (batches of 1500)
2026-07-06 14:26:31,109 [INFO]   OK: SLT_BILLS_invoice_of_summary_0001_20260706_142631.zip (1 PDFs, 0.3 MB)
2026-07-06 14:26:31,110 [INFO] 
  Total ZIPs created: 1
2026-07-06 14:26:31,110 [INFO]     invoice_of_summary: 1 ZIPs
2026-07-06 14:26:31,111 [INFO] 
  ZIP output folder: D:\SmartAI_Bill\output\zips
2026-07-06 14:26:31,111 [INFO] 
  Processing complete

