2026-07-04 20:51:47,554 [INFO] ======================================================================
2026-07-04 20:51:47,554 [INFO]   SLT BILL GENERATOR
2026-07-04 20:51:47,554 [INFO] ======================================================================
2026-07-04 20:51:47,554 [INFO]   Inbound folder:  D:\SmartAI_Bill\data\inbound
2026-07-04 20:51:47,554 [INFO]   Files found:     5
2026-07-04 20:51:47,555 [INFO]   Workers:         7
2026-07-04 20:51:47,555 [INFO]   ZIP batch size:  1500 (fixed)
2026-07-04 20:51:47,555 [INFO]   Log file:        D:\SmartAI_Bill\logs\slt_bills_20260704_205147.log
2026-07-04 20:51:47,555 [INFO] ======================================================================
2026-07-04 20:51:51,500 [INFO] 
  >> Generating ALL 5 bills (auto-detect)

2026-07-04 20:51:51,502 [INFO]   Temp PDF dir: C:\Users\acer\AppData\Local\Temp\slt_bills_czoc2oa7

2026-07-04 20:51:51,502 [INFO] Starting: 5 files, 7 workers
2026-07-04 20:51:52,131 [INFO]     Progress: 1/5 (20%)
2026-07-04 20:51:52,333 [INFO]     Progress: 2/5 (40%)
2026-07-04 20:51:52,372 [INFO]     Progress: 3/5 (60%)
2026-07-04 20:51:52,467 [INFO]     Progress: 4/5 (80%)
2026-07-04 20:51:53,995 [INFO]     Progress: 5/5 (100%)
2026-07-04 20:51:54,057 [INFO] Batch complete: 1 success, 4 failed in 2.6s (7044/hr)
2026-07-04 20:51:54,057 [INFO] 
======================================================================
2026-07-04 20:51:54,057 [INFO] PROCESSING SUMMARY
2026-07-04 20:51:54,057 [INFO] ======================================================================
2026-07-04 20:51:54,057 [INFO] Total files:      5
2026-07-04 20:51:54,057 [INFO] Successful:       1
2026-07-04 20:51:54,057 [INFO] Failed:           4
2026-07-04 20:51:54,057 [INFO] Success rate:     20.0%
2026-07-04 20:51:54,058 [INFO] Total duration:   2.56s
2026-07-04 20:51:54,058 [INFO] Rate:             1.96 files/sec
2026-07-04 20:51:54,058 [INFO]                   7,043 files/hour
2026-07-04 20:51:54,058 [INFO] Target:           40,000 files/hour
2026-07-04 20:51:54,058 [INFO] Target met:       NO
2026-07-04 20:51:54,058 [INFO] 
By template:
2026-07-04 20:51:54,058 [INFO]   product_label_grouping: 0/1 (avg 27.22ms)
2026-07-04 20:51:54,058 [INFO]   nonvat_enterprise: 0/1 (avg 207.65ms)
2026-07-04 20:51:54,058 [INFO]   nonvat_home: 0/1 (avg 267.55ms)
2026-07-04 20:51:54,058 [INFO]   subscription_ref_grouping: 0/1 (avg 362.78ms)
2026-07-04 20:51:54,058 [INFO]   summary_statement: 1/1 (avg 1867.78ms)
2026-07-04 20:51:54,058 [INFO] ======================================================================

2026-07-04 20:51:54,059 [INFO]   Detailed report: D:\SmartAI_Bill\logs\stats_20260704_205154.json
2026-07-04 20:51:54,059 [INFO] 
======================================================================
2026-07-04 20:51:54,059 [INFO]   CREATING ZIP BATCHES
2026-07-04 20:51:54,059 [INFO] ======================================================================
2026-07-04 20:51:54,060 [INFO] 
Zipping 1 PDFs for 'summary_statement' (batches of 1500)
2026-07-04 20:51:54,077 [INFO]   OK: SLT_BILLS_summary_statement_0001_20260704_205154.zip (1 PDFs, 0.1 MB)
2026-07-04 20:51:54,078 [INFO] 
  Total ZIPs created: 1
2026-07-04 20:51:54,078 [INFO]     summary_statement: 1 ZIPs
2026-07-04 20:51:54,078 [INFO] 
  ZIP output folder: D:\SmartAI_Bill\output\zips
2026-07-04 20:51:54,078 [INFO] 
  Processing complete

