2026-07-04 21:14:03,104 [INFO] ======================================================================
2026-07-04 21:14:03,105 [INFO]   SLT BILL GENERATOR
2026-07-04 21:14:03,105 [INFO] ======================================================================
2026-07-04 21:14:03,105 [INFO]   Inbound folder:  D:\SmartAI_Bill\data\inbound
2026-07-04 21:14:03,105 [INFO]   Files found:     5
2026-07-04 21:14:03,105 [INFO]   Workers:         7
2026-07-04 21:14:03,105 [INFO]   ZIP batch size:  1500 (fixed)
2026-07-04 21:14:03,105 [INFO]   Log file:        D:\SmartAI_Bill\logs\slt_bills_20260704_211403.log
2026-07-04 21:14:03,105 [INFO] ======================================================================
2026-07-04 21:14:06,820 [INFO] 
  >> Generating ALL 5 bills (auto-detect)

2026-07-04 21:14:06,822 [INFO]   Temp PDF dir: C:\Users\acer\AppData\Local\Temp\slt_bills_1q_6fp4x

2026-07-04 21:14:06,822 [INFO] Starting: 5 files, 7 workers
2026-07-04 21:14:07,323 [INFO]     Progress: 1/5 (20%)
2026-07-04 21:14:07,329 [INFO]     Progress: 2/5 (40%)
2026-07-04 21:14:07,333 [INFO]     Progress: 3/5 (60%)
2026-07-04 21:14:07,343 [INFO]     Progress: 4/5 (80%)
2026-07-04 21:14:09,192 [INFO]     Progress: 5/5 (100%)
2026-07-04 21:14:09,256 [INFO] Batch complete: 5 success, 0 failed in 2.4s (7395/hr)
2026-07-04 21:14:09,257 [INFO] 
======================================================================
2026-07-04 21:14:09,257 [INFO] PROCESSING SUMMARY
2026-07-04 21:14:09,257 [INFO] ======================================================================
2026-07-04 21:14:09,257 [INFO] Total files:      5
2026-07-04 21:14:09,257 [INFO] Successful:       5
2026-07-04 21:14:09,257 [INFO] Failed:           0
2026-07-04 21:14:09,257 [INFO] Success rate:     100.0%
2026-07-04 21:14:09,257 [INFO] Total duration:   2.43s
2026-07-04 21:14:09,257 [INFO] Rate:             2.05 files/sec
2026-07-04 21:14:09,257 [INFO]                   7,394 files/hour
2026-07-04 21:14:09,257 [INFO] Target:           40,000 files/hour
2026-07-04 21:14:09,257 [INFO] Target met:       NO
2026-07-04 21:14:09,257 [INFO] 
By template:
2026-07-04 21:14:09,257 [INFO]   product_label_grouping: 1/1 (avg 83.65ms)
2026-07-04 21:14:09,257 [INFO]   subscription_ref_grouping: 1/1 (avg 86.88ms)
2026-07-04 21:14:09,257 [INFO]   nonvat_home: 1/1 (avg 90.31ms)
2026-07-04 21:14:09,257 [INFO]   nonvat_enterprise: 1/1 (avg 81.79ms)
2026-07-04 21:14:09,257 [INFO]   summary_statement: 1/1 (avg 1929.55ms)
2026-07-04 21:14:09,257 [INFO] ======================================================================

2026-07-04 21:14:09,258 [INFO]   Detailed report: D:\SmartAI_Bill\logs\stats_20260704_211409.json
2026-07-04 21:14:09,258 [INFO] 
======================================================================
2026-07-04 21:14:09,258 [INFO]   CREATING ZIP BATCHES
2026-07-04 21:14:09,258 [INFO] ======================================================================
2026-07-04 21:14:09,259 [INFO] 
Zipping 1 PDFs for 'nonvat_enterprise' (batches of 1500)
2026-07-04 21:14:09,281 [INFO]   OK: SLT_BILLS_nonvat_enterprise_0001_20260704_211409.zip (1 PDFs, 0.3 MB)
2026-07-04 21:14:09,282 [INFO] 
Zipping 1 PDFs for 'nonvat_home' (batches of 1500)
2026-07-04 21:14:09,319 [INFO]   OK: SLT_BILLS_nonvat_home_0001_20260704_211409.zip (1 PDFs, 0.2 MB)
2026-07-04 21:14:09,319 [INFO] 
Zipping 1 PDFs for 'product_label_grouping' (batches of 1500)
2026-07-04 21:14:09,345 [INFO]   OK: SLT_BILLS_product_label_grouping_0001_20260704_211409.zip (1 PDFs, 0.2 MB)
2026-07-04 21:14:09,346 [INFO] 
Zipping 1 PDFs for 'subscription_ref_grouping' (batches of 1500)
2026-07-04 21:14:09,378 [INFO]   OK: SLT_BILLS_subscription_ref_grouping_0001_20260704_211409.zip (1 PDFs, 0.3 MB)
2026-07-04 21:14:09,379 [INFO] 
Zipping 1 PDFs for 'summary_statement' (batches of 1500)
2026-07-04 21:14:09,393 [INFO]   OK: SLT_BILLS_summary_statement_0001_20260704_211409.zip (1 PDFs, 0.1 MB)
2026-07-04 21:14:09,394 [INFO] 
  Total ZIPs created: 5
2026-07-04 21:14:09,394 [INFO]     nonvat_enterprise: 1 ZIPs
2026-07-04 21:14:09,395 [INFO]     nonvat_home: 1 ZIPs
2026-07-04 21:14:09,395 [INFO]     product_label_grouping: 1 ZIPs
2026-07-04 21:14:09,395 [INFO]     subscription_ref_grouping: 1 ZIPs
2026-07-04 21:14:09,395 [INFO]     summary_statement: 1 ZIPs
2026-07-04 21:14:09,395 [INFO] 
  ZIP output folder: D:\SmartAI_Bill\output\zips
2026-07-04 21:14:09,395 [INFO] 
  Processing complete

