2026-07-05 02:34:18,565 [INFO] ======================================================================
2026-07-05 02:34:18,565 [INFO]   SLT BILL GENERATOR
2026-07-05 02:34:18,565 [INFO] ======================================================================
2026-07-05 02:34:18,565 [INFO]   Inbound folder:  D:\SmartAI_Bill\data\inbound
2026-07-05 02:34:18,566 [INFO]   Files found:     4
2026-07-05 02:34:18,566 [INFO]   Workers:         7
2026-07-05 02:34:18,566 [INFO]   ZIP batch size:  1500 (fixed)
2026-07-05 02:34:18,566 [INFO]   Log file:        D:\SmartAI_Bill\logs\slt_bills_20260705_023418.log
2026-07-05 02:34:18,566 [INFO] ======================================================================
2026-07-05 02:34:22,882 [INFO] Filtering files for template: subscription_ref_grouping
2026-07-05 02:34:22,884 [INFO]   Matched: 1 | Skipped: 3 | Errors: 0
2026-07-05 02:34:22,884 [INFO] 
  >> Generating 1 'subscription_ref_grouping' bills

2026-07-05 02:34:22,886 [INFO]   Temp PDF dir: C:\Users\acer\AppData\Local\Temp\slt_bills_p5td6seu

2026-07-05 02:34:22,886 [INFO] Starting: 1 files, 7 workers
2026-07-05 02:34:23,441 [INFO]     Progress: 1/1 (100%)
2026-07-05 02:34:23,469 [INFO] Batch complete: 1 success, 0 failed in 0.6s (6177/hr)
2026-07-05 02:34:23,469 [INFO] 
======================================================================
2026-07-05 02:34:23,469 [INFO] PROCESSING SUMMARY
2026-07-05 02:34:23,469 [INFO] ======================================================================
2026-07-05 02:34:23,469 [INFO] Total files:      1
2026-07-05 02:34:23,469 [INFO] Successful:       1
2026-07-05 02:34:23,469 [INFO] Failed:           0
2026-07-05 02:34:23,469 [INFO] Success rate:     100.0%
2026-07-05 02:34:23,469 [INFO] Total duration:   0.58s
2026-07-05 02:34:23,469 [INFO] Rate:             1.72 files/sec
2026-07-05 02:34:23,469 [INFO]                   6,174 files/hour
2026-07-05 02:34:23,470 [INFO] Target:           40,000 files/hour
2026-07-05 02:34:23,470 [INFO] Target met:       NO
2026-07-05 02:34:23,470 [INFO] 
By template:
2026-07-05 02:34:23,470 [INFO]   subscription_ref_grouping: 1/1 (avg 101.61ms)
2026-07-05 02:34:23,470 [INFO] ======================================================================

2026-07-05 02:34:23,471 [INFO]   Detailed report: D:\SmartAI_Bill\logs\stats_20260705_023423.json
2026-07-05 02:34:23,471 [INFO] 
======================================================================
2026-07-05 02:34:23,471 [INFO]   CREATING ZIP BATCHES
2026-07-05 02:34:23,471 [INFO] ======================================================================
2026-07-05 02:34:23,471 [INFO] 
Zipping 1 PDFs for 'subscription_ref_grouping' (batches of 1500)
2026-07-05 02:34:23,548 [INFO]   OK: SLT_BILLS_subscription_ref_grouping_0001_20260705_023423.zip (1 PDFs, 0.2 MB)
2026-07-05 02:34:23,550 [INFO] 
  Total ZIPs created: 1
2026-07-05 02:34:23,550 [INFO]     subscription_ref_grouping: 1 ZIPs
2026-07-05 02:34:23,550 [INFO] 
  ZIP output folder: D:\SmartAI_Bill\output\zips
2026-07-05 02:34:23,550 [INFO] 
  Processing complete

