2026-07-04 16:38:56,006 [INFO] ======================================================================
2026-07-04 16:38:56,006 [INFO]   SLT BILL GENERATOR
2026-07-04 16:38:56,006 [INFO] ======================================================================
2026-07-04 16:38:56,007 [INFO]   Inbound folder:  D:\SmartAI_Bill\data\inbound
2026-07-04 16:38:56,007 [INFO]   Files found:     3
2026-07-04 16:38:56,007 [INFO]   Workers:         7
2026-07-04 16:38:56,007 [INFO]   ZIP batch size:  1500 (fixed)
2026-07-04 16:38:56,007 [INFO]   Log file:        D:\SmartAI_Bill\logs\slt_bills_20260704_163856.log
2026-07-04 16:38:56,007 [INFO] ======================================================================
2026-07-04 16:38:59,719 [INFO] 
  >> Generating ALL 3 bills (auto-detect)

2026-07-04 16:38:59,722 [INFO]   Temp PDF dir: C:\Users\acer\AppData\Local\Temp\slt_bills_c1bnc4fm

2026-07-04 16:38:59,722 [INFO] Starting: 3 files, 7 workers
2026-07-04 16:39:03,141 [INFO]     Progress: 3/3 (100%)
2026-07-04 16:39:03,192 [INFO] Batch complete: 3 success, 0 failed in 3.5s (3113/hr)
2026-07-04 16:39:03,193 [INFO] 
======================================================================
2026-07-04 16:39:03,193 [INFO] PROCESSING SUMMARY
2026-07-04 16:39:03,193 [INFO] ======================================================================
2026-07-04 16:39:03,193 [INFO] Total files:      3
2026-07-04 16:39:03,193 [INFO] Successful:       3
2026-07-04 16:39:03,193 [INFO] Failed:           0
2026-07-04 16:39:03,193 [INFO] Success rate:     100.0%
2026-07-04 16:39:03,193 [INFO] Total duration:   3.47s
2026-07-04 16:39:03,193 [INFO] Rate:             0.86 files/sec
2026-07-04 16:39:03,193 [INFO]                   3,112 files/hour
2026-07-04 16:39:03,193 [INFO] Target:           40,000 files/hour
2026-07-04 16:39:03,193 [INFO] Target met:       NO
2026-07-04 16:39:03,193 [INFO] 
By template:
2026-07-04 16:39:03,193 [INFO]   nonvat_enterprise: 1/1 (avg 164.17ms)
2026-07-04 16:39:03,193 [INFO]   nonvat_home: 1/1 (avg 276.89ms)
2026-07-04 16:39:03,193 [INFO]   summary_statement: 1/1 (avg 2888.03ms)
2026-07-04 16:39:03,193 [INFO] ======================================================================

2026-07-04 16:39:03,194 [INFO]   Detailed report: D:\SmartAI_Bill\logs\stats_20260704_163903.json
2026-07-04 16:39:03,195 [INFO] 
======================================================================
2026-07-04 16:39:03,195 [INFO]   CREATING ZIP BATCHES
2026-07-04 16:39:03,195 [INFO] ======================================================================
2026-07-04 16:39:03,196 [INFO] 
Zipping 1 PDFs for 'nonvat_enterprise' (batches of 1500)
2026-07-04 16:39:03,241 [INFO]   OK: SLT_BILLS_nonvat_enterprise_0001_20260704_163903.zip (1 PDFs, 0.3 MB)
2026-07-04 16:39:03,242 [INFO] 
Zipping 1 PDFs for 'nonvat_home' (batches of 1500)
2026-07-04 16:39:03,290 [INFO]   OK: SLT_BILLS_nonvat_home_0001_20260704_163903.zip (1 PDFs, 0.3 MB)
2026-07-04 16:39:03,292 [INFO] 
Zipping 1 PDFs for 'summary_statement' (batches of 1500)
2026-07-04 16:39:03,326 [INFO]   OK: SLT_BILLS_summary_statement_0001_20260704_163903.zip (1 PDFs, 0.1 MB)
2026-07-04 16:39:03,327 [INFO] 
  Total ZIPs created: 3
2026-07-04 16:39:03,327 [INFO]     nonvat_enterprise: 1 ZIPs
2026-07-04 16:39:03,327 [INFO]     nonvat_home: 1 ZIPs
2026-07-04 16:39:03,327 [INFO]     summary_statement: 1 ZIPs
2026-07-04 16:39:03,327 [INFO] 
  ZIP output folder: D:\SmartAI_Bill\output\zips
2026-07-04 16:39:03,327 [INFO] 
  Processing complete

