2026-07-06 01:30:51,941 [INFO] ======================================================================
2026-07-06 01:30:51,942 [INFO]   SLT BILL GENERATOR
2026-07-06 01:30:51,942 [INFO] ======================================================================
2026-07-06 01:30:51,942 [INFO]   Inbound folder:  D:\SmartAI_Bill\data\inbound
2026-07-06 01:30:51,942 [INFO]   Files found:     3
2026-07-06 01:30:51,942 [INFO]   Workers:         7
2026-07-06 01:30:51,942 [INFO]   ZIP batch size:  1500 (fixed)
2026-07-06 01:30:51,942 [INFO]   Log file:        D:\SmartAI_Bill\logs\slt_bills_20260706_013051.log
2026-07-06 01:30:51,942 [INFO] ======================================================================
2026-07-06 01:30:54,697 [INFO] Filtering files for template: nonvat_home
2026-07-06 01:30:54,699 [INFO]   Matched: 1 | Skipped: 2 | Errors: 0
2026-07-06 01:30:54,699 [INFO] 
  >> Generating 1 'nonvat_home' bills

2026-07-06 01:30:54,701 [INFO]   Temp PDF dir: C:\Users\acer\AppData\Local\Temp\slt_bills_30jetfaw

2026-07-06 01:30:54,701 [INFO] Starting: 1 files, 7 workers
2026-07-06 01:30:55,316 [INFO]     Progress: 1/1 (100%)
2026-07-06 01:30:55,349 [INFO] Batch complete: 1 success, 0 failed in 0.6s (5555/hr)
2026-07-06 01:30:55,349 [INFO] 
======================================================================
2026-07-06 01:30:55,349 [INFO] PROCESSING SUMMARY
2026-07-06 01:30:55,349 [INFO] ======================================================================
2026-07-06 01:30:55,349 [INFO] Total files:      1
2026-07-06 01:30:55,350 [INFO] Successful:       1
2026-07-06 01:30:55,350 [INFO] Failed:           0
2026-07-06 01:30:55,350 [INFO] Success rate:     100.0%
2026-07-06 01:30:55,350 [INFO] Total duration:   0.65s
2026-07-06 01:30:55,350 [INFO] Rate:             1.54 files/sec
2026-07-06 01:30:55,350 [INFO]                   5,553 files/hour
2026-07-06 01:30:55,350 [INFO] Target:           40,000 files/hour
2026-07-06 01:30:55,350 [INFO] Target met:       NO
2026-07-06 01:30:55,350 [INFO] 
By template:
2026-07-06 01:30:55,350 [INFO]   nonvat_home: 1/1 (avg 165.73ms)
2026-07-06 01:30:55,350 [INFO] ======================================================================

2026-07-06 01:30:55,351 [INFO]   Detailed report: D:\SmartAI_Bill\logs\stats_20260706_013055.json
2026-07-06 01:30:55,351 [INFO] 
======================================================================
2026-07-06 01:30:55,351 [INFO]   CREATING ZIP BATCHES
2026-07-06 01:30:55,352 [INFO] ======================================================================
2026-07-06 01:30:55,352 [INFO] 
Zipping 1 PDFs for 'nonvat_home' (batches of 1500)
2026-07-06 01:30:55,439 [INFO]   OK: SLT_BILLS_nonvat_home_0001_20260706_013055.zip (1 PDFs, 0.3 MB)
2026-07-06 01:30:55,441 [INFO] 
  Total ZIPs created: 1
2026-07-06 01:30:55,441 [INFO]     nonvat_home: 1 ZIPs
2026-07-06 01:30:55,441 [INFO] 
  ZIP output folder: D:\SmartAI_Bill\output\zips
2026-07-06 01:30:55,441 [INFO] 
  Processing complete

