2026-07-06 18:59:17,593 [INFO] ======================================================================
2026-07-06 18:59:17,593 [INFO]   SLT BILL GENERATOR
2026-07-06 18:59:17,593 [INFO] ======================================================================
2026-07-06 18:59:17,593 [INFO]   Inbound folder:  D:\SmartAI_Bill\data\inbound
2026-07-06 18:59:17,593 [INFO]   Files found:     1
2026-07-06 18:59:17,594 [INFO]   Workers:         7
2026-07-06 18:59:17,594 [INFO]   ZIP batch size:  1500 (fixed)
2026-07-06 18:59:17,594 [INFO]   Log file:        D:\SmartAI_Bill\logs\slt_bills_20260706_185917.log
2026-07-06 18:59:17,594 [INFO] ======================================================================
2026-07-06 18:59:24,278 [INFO] Filtering files for template: invoice_of_summary
2026-07-06 18:59:24,288 [INFO]   Matched: 1 | Skipped: 0 | Errors: 0
2026-07-06 18:59:24,288 [INFO] 
  >> Generating 1 'invoice_of_summary' bills

2026-07-06 18:59:24,290 [INFO]   Temp PDF dir: C:\Users\acer\AppData\Local\Temp\slt_bills_cm1el_lc

2026-07-06 18:59:24,290 [INFO] Starting: 1 files, 7 workers
2026-07-06 18:59:25,717 [INFO]     Progress: 1/1 (100%)
2026-07-06 18:59:25,761 [INFO] Batch complete: 1 success, 0 failed in 1.5s (2448/hr)
2026-07-06 18:59:25,762 [INFO] 
======================================================================
2026-07-06 18:59:25,762 [INFO] PROCESSING SUMMARY
2026-07-06 18:59:25,762 [INFO] ======================================================================
2026-07-06 18:59:25,762 [INFO] Total files:      1
2026-07-06 18:59:25,762 [INFO] Successful:       1
2026-07-06 18:59:25,762 [INFO] Failed:           0
2026-07-06 18:59:25,762 [INFO] Success rate:     100.0%
2026-07-06 18:59:25,762 [INFO] Total duration:   1.47s
2026-07-06 18:59:25,762 [INFO] Rate:             0.68 files/sec
2026-07-06 18:59:25,762 [INFO]                   2,447 files/hour
2026-07-06 18:59:25,763 [INFO] Target:           40,000 files/hour
2026-07-06 18:59:25,763 [INFO] Target met:       NO
2026-07-06 18:59:25,763 [INFO] 
By template:
2026-07-06 18:59:25,763 [INFO]   invoice_of_summary: 1/1 (avg 927.94ms)
2026-07-06 18:59:25,763 [INFO] ======================================================================

2026-07-06 18:59:25,773 [INFO]   Detailed report: D:\SmartAI_Bill\logs\stats_20260706_185925.json
2026-07-06 18:59:25,773 [INFO] 
======================================================================
2026-07-06 18:59:25,773 [INFO]   CREATING ZIP BATCHES
2026-07-06 18:59:25,773 [INFO] ======================================================================
2026-07-06 18:59:25,774 [INFO] 
Zipping 1 PDFs for 'invoice_of_summary' (batches of 1500)
2026-07-06 18:59:25,837 [INFO]   OK: SLT_BILLS_invoice_of_summary_0001_20260706_185925.zip (1 PDFs, 0.3 MB)
2026-07-06 18:59:25,839 [INFO] 
  Total ZIPs created: 1
2026-07-06 18:59:25,839 [INFO]     invoice_of_summary: 1 ZIPs
2026-07-06 18:59:25,839 [INFO] 
  ZIP output folder: D:\SmartAI_Bill\output\zips
2026-07-06 18:59:25,839 [INFO] 
  Processing complete

