2026-07-06 10:04:37,373 [INFO] ======================================================================
2026-07-06 10:04:37,374 [INFO]   SLT BILL GENERATOR
2026-07-06 10:04:37,374 [INFO] ======================================================================
2026-07-06 10:04:37,374 [INFO]   Inbound folder:  D:\SmartAI_Bill\data\inbound
2026-07-06 10:04:37,374 [INFO]   Files found:     2
2026-07-06 10:04:37,374 [INFO]   Workers:         7
2026-07-06 10:04:37,374 [INFO]   ZIP batch size:  1500 (fixed)
2026-07-06 10:04:37,374 [INFO]   Log file:        D:\SmartAI_Bill\logs\slt_bills_20260706_100437.log
2026-07-06 10:04:37,374 [INFO] ======================================================================
2026-07-06 10:04:41,124 [INFO] Filtering files for template: nonvat_enterprise
2026-07-06 10:04:41,125 [INFO]   Matched: 1 | Skipped: 1 | Errors: 0
2026-07-06 10:04:41,125 [INFO] 
  >> Generating 1 'nonvat_enterprise' bills

2026-07-06 10:04:41,126 [INFO]   Temp PDF dir: C:\Users\acer\AppData\Local\Temp\slt_bills_tw4hz7w_

2026-07-06 10:04:41,127 [INFO] Starting: 1 files, 7 workers
2026-07-06 10:04:41,438 [INFO]     Progress: 1/1 (100%)
2026-07-06 10:04:41,459 [INFO] Batch complete: 0 success, 1 failed in 0.3s (10826/hr)
2026-07-06 10:04:41,459 [INFO] 
======================================================================
2026-07-06 10:04:41,459 [INFO] PROCESSING SUMMARY
2026-07-06 10:04:41,459 [INFO] ======================================================================
2026-07-06 10:04:41,459 [INFO] Total files:      1
2026-07-06 10:04:41,459 [INFO] Successful:       0
2026-07-06 10:04:41,459 [INFO] Failed:           1
2026-07-06 10:04:41,460 [INFO] Success rate:     0.0%
2026-07-06 10:04:41,460 [INFO] Total duration:   0.33s
2026-07-06 10:04:41,460 [INFO] Rate:             3.0 files/sec
2026-07-06 10:04:41,460 [INFO]                   10,817 files/hour
2026-07-06 10:04:41,460 [INFO] Target:           40,000 files/hour
2026-07-06 10:04:41,460 [INFO] Target met:       NO
2026-07-06 10:04:41,460 [INFO] 
By template:
2026-07-06 10:04:41,460 [INFO]   nonvat_enterprise: 0/1 (avg 5.06ms)
2026-07-06 10:04:41,460 [INFO] ======================================================================

2026-07-06 10:04:41,460 [INFO]   Detailed report: D:\SmartAI_Bill\logs\stats_20260706_100441.json
2026-07-06 10:04:41,461 [INFO] 
======================================================================
2026-07-06 10:04:41,461 [INFO]   CREATING ZIP BATCHES
2026-07-06 10:04:41,461 [INFO] ======================================================================
2026-07-06 10:04:41,461 [INFO] 
  Total ZIPs created: 0
2026-07-06 10:04:41,461 [INFO] 
  ZIP output folder: D:\SmartAI_Bill\output\zips
2026-07-06 10:04:41,461 [INFO] 
  Processing complete

