2026-07-06 11:37:36,505 [INFO] ======================================================================
2026-07-06 11:37:36,505 [INFO]   SLT BILL GENERATOR
2026-07-06 11:37:36,505 [INFO] ======================================================================
2026-07-06 11:37:36,505 [INFO]   Inbound folder:  D:\SmartAI_Bill\data\inbound
2026-07-06 11:37:36,505 [INFO]   Files found:     2
2026-07-06 11:37:36,505 [INFO]   Workers:         7
2026-07-06 11:37:36,505 [INFO]   ZIP batch size:  1500 (fixed)
2026-07-06 11:37:36,505 [INFO]   Log file:        D:\SmartAI_Bill\logs\slt_bills_20260706_113736.log
2026-07-06 11:37:36,506 [INFO] ======================================================================
2026-07-06 11:37:42,231 [INFO] Filtering files for template: invoice_of_summary
2026-07-06 11:37:42,232 [INFO]   Matched: 1 | Skipped: 1 | Errors: 0
2026-07-06 11:37:42,232 [INFO] 
  >> Generating 1 'invoice_of_summary' bills

2026-07-06 11:37:42,234 [INFO]   Temp PDF dir: C:\Users\acer\AppData\Local\Temp\slt_bills_qjtg0fki

2026-07-06 11:37:42,234 [INFO] Starting: 1 files, 7 workers
2026-07-06 11:37:42,834 [INFO]     Progress: 1/1 (100%)
2026-07-06 11:37:42,864 [INFO] Batch complete: 1 success, 0 failed in 0.6s (5716/hr)
2026-07-06 11:37:42,864 [INFO] 
======================================================================
2026-07-06 11:37:42,864 [INFO] PROCESSING SUMMARY
2026-07-06 11:37:42,864 [INFO] ======================================================================
2026-07-06 11:37:42,864 [INFO] Total files:      1
2026-07-06 11:37:42,864 [INFO] Successful:       1
2026-07-06 11:37:42,864 [INFO] Failed:           0
2026-07-06 11:37:42,864 [INFO] Success rate:     100.0%
2026-07-06 11:37:42,864 [INFO] Total duration:   0.63s
2026-07-06 11:37:42,864 [INFO] Rate:             1.59 files/sec
2026-07-06 11:37:42,864 [INFO]                   5,712 files/hour
2026-07-06 11:37:42,864 [INFO] Target:           40,000 files/hour
2026-07-06 11:37:42,864 [INFO] Target met:       NO
2026-07-06 11:37:42,864 [INFO] 
By template:
2026-07-06 11:37:42,865 [INFO]   invoice_of_summary: 1/1 (avg 144.62ms)
2026-07-06 11:37:42,865 [INFO] ======================================================================

2026-07-06 11:37:42,865 [INFO]   Detailed report: D:\SmartAI_Bill\logs\stats_20260706_113742.json
2026-07-06 11:37:42,865 [INFO] 
======================================================================
2026-07-06 11:37:42,865 [INFO]   CREATING ZIP BATCHES
2026-07-06 11:37:42,865 [INFO] ======================================================================
2026-07-06 11:37:42,868 [INFO] 
Zipping 1 PDFs for 'invoice_of_summary' (batches of 1500)
2026-07-06 11:37:42,949 [INFO]   OK: SLT_BILLS_invoice_of_summary_0001_20260706_113742.zip (1 PDFs, 0.3 MB)
2026-07-06 11:37:42,950 [INFO] 
  Total ZIPs created: 1
2026-07-06 11:37:42,950 [INFO]     invoice_of_summary: 1 ZIPs
2026-07-06 11:37:42,950 [INFO] 
  ZIP output folder: D:\SmartAI_Bill\output\zips
2026-07-06 11:37:42,950 [INFO] 
  Processing complete

