2026-07-06 13:04:14,371 [INFO] ======================================================================
2026-07-06 13:04:14,372 [INFO]   SLT BILL GENERATOR
2026-07-06 13:04:14,372 [INFO] ======================================================================
2026-07-06 13:04:14,372 [INFO]   Inbound folder:  D:\SmartAI_Bill\data\inbound
2026-07-06 13:04:14,372 [INFO]   Files found:     1
2026-07-06 13:04:14,372 [INFO]   Workers:         7
2026-07-06 13:04:14,372 [INFO]   ZIP batch size:  1500 (fixed)
2026-07-06 13:04:14,372 [INFO]   Log file:        D:\SmartAI_Bill\logs\slt_bills_20260706_130414.log
2026-07-06 13:04:14,372 [INFO] ======================================================================
2026-07-06 13:04:24,307 [INFO] Filtering files for template: invoice_of_summary
2026-07-06 13:04:24,308 [INFO]   Matched: 1 | Skipped: 0 | Errors: 0
2026-07-06 13:04:24,309 [INFO] 
  >> Generating 1 'invoice_of_summary' bills

2026-07-06 13:04:24,310 [INFO]   Temp PDF dir: C:\Users\acer\AppData\Local\Temp\slt_bills_lo6_hnbs

2026-07-06 13:04:24,310 [INFO] Starting: 1 files, 7 workers
2026-07-06 13:04:24,925 [INFO]     Progress: 1/1 (100%)
2026-07-06 13:04:24,952 [INFO] Batch complete: 0 success, 1 failed in 0.6s (5617/hr)
2026-07-06 13:04:24,952 [INFO] 
======================================================================
2026-07-06 13:04:24,952 [INFO] PROCESSING SUMMARY
2026-07-06 13:04:24,952 [INFO] ======================================================================
2026-07-06 13:04:24,952 [INFO] Total files:      1
2026-07-06 13:04:24,953 [INFO] Successful:       0
2026-07-06 13:04:24,953 [INFO] Failed:           1
2026-07-06 13:04:24,953 [INFO] Success rate:     0.0%
2026-07-06 13:04:24,953 [INFO] Total duration:   0.64s
2026-07-06 13:04:24,953 [INFO] Rate:             1.56 files/sec
2026-07-06 13:04:24,953 [INFO]                   5,614 files/hour
2026-07-06 13:04:24,953 [INFO] Target:           40,000 files/hour
2026-07-06 13:04:24,953 [INFO] Target met:       NO
2026-07-06 13:04:24,953 [INFO] 
By template:
2026-07-06 13:04:24,953 [INFO]   invoice_of_summary: 0/1 (avg 165.89ms)
2026-07-06 13:04:24,953 [INFO] ======================================================================

2026-07-06 13:04:24,954 [INFO]   Detailed report: D:\SmartAI_Bill\logs\stats_20260706_130424.json
2026-07-06 13:04:24,954 [INFO] 
======================================================================
2026-07-06 13:04:24,954 [INFO]   CREATING ZIP BATCHES
2026-07-06 13:04:24,954 [INFO] ======================================================================
2026-07-06 13:04:24,955 [INFO] 
  Total ZIPs created: 0
2026-07-06 13:04:24,955 [INFO] 
  ZIP output folder: D:\SmartAI_Bill\output\zips
2026-07-06 13:04:24,955 [INFO] 
  Processing complete

