2026-07-06 12:15:16,134 [INFO] ======================================================================
2026-07-06 12:15:16,134 [INFO]   SLT BILL GENERATOR
2026-07-06 12:15:16,134 [INFO] ======================================================================
2026-07-06 12:15:16,134 [INFO]   Inbound folder:  D:\SmartAI_Bill\data\inbound
2026-07-06 12:15:16,135 [INFO]   Files found:     2
2026-07-06 12:15:16,135 [INFO]   Workers:         7
2026-07-06 12:15:16,135 [INFO]   ZIP batch size:  1500 (fixed)
2026-07-06 12:15:16,135 [INFO]   Log file:        D:\SmartAI_Bill\logs\slt_bills_20260706_121516.log
2026-07-06 12:15:16,135 [INFO] ======================================================================
2026-07-06 12:15:19,946 [INFO] Filtering files for template: product_label_grouping
2026-07-06 12:15:19,947 [INFO]   Matched: 1 | Skipped: 1 | Errors: 0
2026-07-06 12:15:19,948 [INFO] 
  >> Generating 1 'product_label_grouping' bills

2026-07-06 12:15:19,949 [INFO]   Temp PDF dir: C:\Users\acer\AppData\Local\Temp\slt_bills_j2im2_8u

2026-07-06 12:15:19,950 [INFO] Starting: 1 files, 7 workers
2026-07-06 12:15:20,437 [INFO]     Progress: 1/1 (100%)
2026-07-06 12:15:20,468 [INFO] Batch complete: 1 success, 0 failed in 0.5s (6942/hr)
2026-07-06 12:15:20,469 [INFO] 
======================================================================
2026-07-06 12:15:20,469 [INFO] PROCESSING SUMMARY
2026-07-06 12:15:20,469 [INFO] ======================================================================
2026-07-06 12:15:20,469 [INFO] Total files:      1
2026-07-06 12:15:20,469 [INFO] Successful:       1
2026-07-06 12:15:20,469 [INFO] Failed:           0
2026-07-06 12:15:20,469 [INFO] Success rate:     100.0%
2026-07-06 12:15:20,469 [INFO] Total duration:   0.52s
2026-07-06 12:15:20,469 [INFO] Rate:             1.93 files/sec
2026-07-06 12:15:20,469 [INFO]                   6,938 files/hour
2026-07-06 12:15:20,469 [INFO] Target:           40,000 files/hour
2026-07-06 12:15:20,469 [INFO] Target met:       NO
2026-07-06 12:15:20,469 [INFO] 
By template:
2026-07-06 12:15:20,469 [INFO]   product_label_grouping: 1/1 (avg 85.06ms)
2026-07-06 12:15:20,469 [INFO] ======================================================================

2026-07-06 12:15:20,509 [INFO]   Detailed report: D:\SmartAI_Bill\logs\stats_20260706_121520.json
2026-07-06 12:15:20,509 [INFO] 
======================================================================
2026-07-06 12:15:20,509 [INFO]   CREATING ZIP BATCHES
2026-07-06 12:15:20,510 [INFO] ======================================================================
2026-07-06 12:15:20,511 [INFO] 
Zipping 1 PDFs for 'product_label_grouping' (batches of 1500)
2026-07-06 12:15:20,571 [INFO]   OK: SLT_BILLS_product_label_grouping_0001_20260706_121520.zip (1 PDFs, 0.2 MB)
2026-07-06 12:15:20,573 [INFO] 
  Total ZIPs created: 1
2026-07-06 12:15:20,573 [INFO]     product_label_grouping: 1 ZIPs
2026-07-06 12:15:20,573 [INFO] 
  ZIP output folder: D:\SmartAI_Bill\output\zips
2026-07-06 12:15:20,573 [INFO] 
  Processing complete

