2026-07-06 12:26:10,106 [INFO] ======================================================================
2026-07-06 12:26:10,106 [INFO]   SLT BILL GENERATOR
2026-07-06 12:26:10,107 [INFO] ======================================================================
2026-07-06 12:26:10,107 [INFO]   Inbound folder:  D:\SmartAI_Bill\data\inbound
2026-07-06 12:26:10,107 [INFO]   Files found:     2
2026-07-06 12:26:10,107 [INFO]   Workers:         7
2026-07-06 12:26:10,107 [INFO]   ZIP batch size:  1500 (fixed)
2026-07-06 12:26:10,107 [INFO]   Log file:        D:\SmartAI_Bill\logs\slt_bills_20260706_122610.log
2026-07-06 12:26:10,107 [INFO] ======================================================================
2026-07-06 12:26:12,963 [INFO] Filtering files for template: product_label_grouping
2026-07-06 12:26:12,965 [INFO]   Matched: 1 | Skipped: 1 | Errors: 0
2026-07-06 12:26:12,965 [INFO] 
  >> Generating 1 'product_label_grouping' bills

2026-07-06 12:26:12,967 [INFO]   Temp PDF dir: C:\Users\acer\AppData\Local\Temp\slt_bills_kzmhu7oe

2026-07-06 12:26:12,967 [INFO] Starting: 1 files, 7 workers
2026-07-06 12:26:13,481 [INFO]     Progress: 1/1 (100%)
2026-07-06 12:26:13,511 [INFO] Batch complete: 1 success, 0 failed in 0.5s (6618/hr)
2026-07-06 12:26:13,511 [INFO] 
======================================================================
2026-07-06 12:26:13,511 [INFO] PROCESSING SUMMARY
2026-07-06 12:26:13,512 [INFO] ======================================================================
2026-07-06 12:26:13,512 [INFO] Total files:      1
2026-07-06 12:26:13,512 [INFO] Successful:       1
2026-07-06 12:26:13,512 [INFO] Failed:           0
2026-07-06 12:26:13,512 [INFO] Success rate:     100.0%
2026-07-06 12:26:13,512 [INFO] Total duration:   0.54s
2026-07-06 12:26:13,512 [INFO] Rate:             1.84 files/sec
2026-07-06 12:26:13,512 [INFO]                   6,613 files/hour
2026-07-06 12:26:13,512 [INFO] Target:           40,000 files/hour
2026-07-06 12:26:13,512 [INFO] Target met:       NO
2026-07-06 12:26:13,512 [INFO] 
By template:
2026-07-06 12:26:13,512 [INFO]   product_label_grouping: 1/1 (avg 107.63ms)
2026-07-06 12:26:13,512 [INFO] ======================================================================

2026-07-06 12:26:13,514 [INFO]   Detailed report: D:\SmartAI_Bill\logs\stats_20260706_122613.json
2026-07-06 12:26:13,514 [INFO] 
======================================================================
2026-07-06 12:26:13,514 [INFO]   CREATING ZIP BATCHES
2026-07-06 12:26:13,514 [INFO] ======================================================================
2026-07-06 12:26:13,514 [INFO] 
Zipping 1 PDFs for 'product_label_grouping' (batches of 1500)
2026-07-06 12:26:13,564 [INFO]   OK: SLT_BILLS_product_label_grouping_0001_20260706_122613.zip (1 PDFs, 0.2 MB)
2026-07-06 12:26:13,565 [INFO] 
  Total ZIPs created: 1
2026-07-06 12:26:13,565 [INFO]     product_label_grouping: 1 ZIPs
2026-07-06 12:26:13,565 [INFO] 
  ZIP output folder: D:\SmartAI_Bill\output\zips
2026-07-06 12:26:13,565 [INFO] 
  Processing complete

