2026-07-04 14:27:42,553 [INFO] ======================================================================
2026-07-04 14:27:42,553 [INFO]   SLT BILL GENERATOR
2026-07-04 14:27:42,553 [INFO] ======================================================================
2026-07-04 14:27:42,553 [INFO]   Inbound folder:  D:\SmartAI_Bill\data\inbound
2026-07-04 14:27:42,553 [INFO]   Files found:     1
2026-07-04 14:27:42,553 [INFO]   Workers:         7
2026-07-04 14:27:42,554 [INFO]   ZIP batch size:  1500 (fixed)
2026-07-04 14:27:42,554 [INFO]   Log file:        D:\SmartAI_Bill\logs\slt_bills_20260704_142742.log
2026-07-04 14:27:42,554 [INFO] ======================================================================
2026-07-04 14:27:46,892 [INFO] Filtering files for template: summary_statement
2026-07-04 14:27:46,893 [INFO]   Matched: 1 | Skipped: 0 | Errors: 0
2026-07-04 14:27:46,893 [INFO] 
  >> Generating 1 'summary_statement' bills

2026-07-04 14:27:46,895 [INFO]   Temp PDF dir: C:\Users\acer\AppData\Local\Temp\slt_bills_4w5j45on

2026-07-04 14:27:46,895 [INFO] Starting: 1 files, 7 workers
2026-07-04 14:27:49,427 [INFO]     Progress: 1/1 (100%)
2026-07-04 14:27:49,452 [INFO] Batch complete: 1 success, 0 failed in 2.6s (1408/hr)
2026-07-04 14:27:49,452 [INFO] 
======================================================================
2026-07-04 14:27:49,452 [INFO] PROCESSING SUMMARY
2026-07-04 14:27:49,452 [INFO] ======================================================================
2026-07-04 14:27:49,452 [INFO] Total files:      1
2026-07-04 14:27:49,453 [INFO] Successful:       1
2026-07-04 14:27:49,453 [INFO] Failed:           0
2026-07-04 14:27:49,453 [INFO] Success rate:     100.0%
2026-07-04 14:27:49,453 [INFO] Total duration:   2.56s
2026-07-04 14:27:49,453 [INFO] Rate:             0.39 files/sec
2026-07-04 14:27:49,453 [INFO]                   1,408 files/hour
2026-07-04 14:27:49,453 [INFO] Target:           40,000 files/hour
2026-07-04 14:27:49,453 [INFO] Target met:       NO
2026-07-04 14:27:49,453 [INFO] 
By template:
2026-07-04 14:27:49,453 [INFO]   summary_statement: 1/1 (avg 2218.28ms)
2026-07-04 14:27:49,453 [INFO] ======================================================================

2026-07-04 14:27:49,454 [INFO]   Detailed report: D:\SmartAI_Bill\logs\stats_20260704_142749.json
2026-07-04 14:27:49,454 [INFO] 
======================================================================
2026-07-04 14:27:49,454 [INFO]   CREATING ZIP BATCHES
2026-07-04 14:27:49,454 [INFO] ======================================================================
2026-07-04 14:27:49,454 [INFO] 
Zipping 1 PDFs for 'summary_statement' (batches of 1500)
2026-07-04 14:27:49,481 [INFO]   OK: SLT_BILLS_summary_statement_0001_20260704_142749.zip (1 PDFs, 0.1 MB)
2026-07-04 14:27:49,482 [INFO] 
  Total ZIPs created: 1
2026-07-04 14:27:49,482 [INFO]     summary_statement: 1 ZIPs
2026-07-04 14:27:49,482 [INFO] 
  ZIP output folder: D:\SmartAI_Bill\output\zips
2026-07-04 14:27:49,482 [INFO] 
  Processing complete

