2026-07-05 02:39:34,731 [INFO] ======================================================================
2026-07-05 02:39:34,731 [INFO]   SLT BILL GENERATOR
2026-07-05 02:39:34,731 [INFO] ======================================================================
2026-07-05 02:39:34,731 [INFO]   Inbound folder:  D:\SmartAI_Bill\data\inbound
2026-07-05 02:39:34,732 [INFO]   Files found:     4
2026-07-05 02:39:34,732 [INFO]   Workers:         7
2026-07-05 02:39:34,732 [INFO]   ZIP batch size:  1500 (fixed)
2026-07-05 02:39:34,732 [INFO]   Log file:        D:\SmartAI_Bill\logs\slt_bills_20260705_023934.log
2026-07-05 02:39:34,732 [INFO] ======================================================================
2026-07-05 02:39:37,697 [INFO] Filtering files for template: subscription_ref_grouping
2026-07-05 02:39:37,699 [INFO]   Matched: 1 | Skipped: 3 | Errors: 0
2026-07-05 02:39:37,699 [INFO] 
  >> Generating 1 'subscription_ref_grouping' bills

2026-07-05 02:39:37,701 [INFO]   Temp PDF dir: C:\Users\acer\AppData\Local\Temp\slt_bills_0k1gxkmp

2026-07-05 02:39:37,701 [INFO] Starting: 1 files, 7 workers
2026-07-05 02:39:38,222 [INFO]     Progress: 1/1 (100%)
2026-07-05 02:39:38,260 [INFO] Batch complete: 1 success, 0 failed in 0.6s (6449/hr)
2026-07-05 02:39:38,261 [INFO] 
======================================================================
2026-07-05 02:39:38,261 [INFO] PROCESSING SUMMARY
2026-07-05 02:39:38,261 [INFO] ======================================================================
2026-07-05 02:39:38,261 [INFO] Total files:      1
2026-07-05 02:39:38,261 [INFO] Successful:       1
2026-07-05 02:39:38,261 [INFO] Failed:           0
2026-07-05 02:39:38,261 [INFO] Success rate:     100.0%
2026-07-05 02:39:38,261 [INFO] Total duration:   0.56s
2026-07-05 02:39:38,261 [INFO] Rate:             1.79 files/sec
2026-07-05 02:39:38,261 [INFO]                   6,444 files/hour
2026-07-05 02:39:38,261 [INFO] Target:           40,000 files/hour
2026-07-05 02:39:38,261 [INFO] Target met:       NO
2026-07-05 02:39:38,261 [INFO] 
By template:
2026-07-05 02:39:38,261 [INFO]   subscription_ref_grouping: 1/1 (avg 91.33ms)
2026-07-05 02:39:38,262 [INFO] ======================================================================

2026-07-05 02:39:38,263 [INFO]   Detailed report: D:\SmartAI_Bill\logs\stats_20260705_023938.json
2026-07-05 02:39:38,263 [INFO] 
======================================================================
2026-07-05 02:39:38,263 [INFO]   CREATING ZIP BATCHES
2026-07-05 02:39:38,264 [INFO] ======================================================================
2026-07-05 02:39:38,264 [INFO] 
Zipping 1 PDFs for 'subscription_ref_grouping' (batches of 1500)
2026-07-05 02:39:38,343 [INFO]   OK: SLT_BILLS_subscription_ref_grouping_0001_20260705_023938.zip (1 PDFs, 0.2 MB)
2026-07-05 02:39:38,344 [INFO] 
  Total ZIPs created: 1
2026-07-05 02:39:38,344 [INFO]     subscription_ref_grouping: 1 ZIPs
2026-07-05 02:39:38,344 [INFO] 
  ZIP output folder: D:\SmartAI_Bill\output\zips
2026-07-05 02:39:38,344 [INFO] 
  Processing complete

