2026-07-08 08:52:51,142 [INFO]                                                                       
2026-07-08 08:52:51,142 [INFO]   SLT BILL GENERATOR
2026-07-08 08:52:51,142 [INFO]                                                                       
2026-07-08 08:52:51,143 [INFO]   Inbound folder:  C:\Users\vishm\Downloads\SmartAI_Bill (3)\SmartAI_Bill\data\inbound
2026-07-08 08:52:51,143 [INFO]   Files found:     2
2026-07-08 08:52:51,143 [INFO]   Workers:         7
2026-07-08 08:52:51,143 [INFO]   ZIP batch size:  1500
2026-07-08 08:52:51,143 [INFO]   Log file:        C:\Users\vishm\Downloads\SmartAI_Bill (3)\SmartAI_Bill\logs\slt_bills_20260708_085251.log
2026-07-08 08:52:51,145 [INFO]                                                                       
2026-07-08 08:52:52,762 [INFO] Filtering files for template: usd_open_item
2026-07-08 08:52:52,785 [INFO]   Matched: 1 | Skipped: 1 | Errors: 0
2026-07-08 08:52:52,785 [INFO] 
  Generating 1 'usd_open_item' bills

2026-07-08 08:52:52,787 [INFO]   Temp PDF dir: C:\Users\vishm\AppData\Local\Temp\slt_bills_9yhehnk9

2026-07-08 08:52:52,787 [INFO] Starting: 1 files, 7 workers
2026-07-08 08:52:53,205 [INFO]     Progress: 1/1 (100%)
2026-07-08 08:52:53,251 [INFO]   Round 1: 1 success, 0 failed in 0.5s (7762/hr)
2026-07-08 08:52:53,253 [INFO] 
Batch complete: 1 success, 0 failed in 0.5s (7743/hr)
2026-07-08 08:52:53,253 [INFO] 
======================================================================
2026-07-08 08:52:53,253 [INFO] PROCESSING SUMMARY
2026-07-08 08:52:53,253 [INFO] ======================================================================
2026-07-08 08:52:53,253 [INFO] Total files:      1
2026-07-08 08:52:53,253 [INFO] Successful:       1
2026-07-08 08:52:53,254 [INFO] Failed:           0
2026-07-08 08:52:53,254 [INFO] Success rate:     100.0%
2026-07-08 08:52:53,254 [INFO] Total duration:   0.47s
2026-07-08 08:52:53,254 [INFO] Rate:             2.15 files/sec
2026-07-08 08:52:53,254 [INFO]                   7,734 files/hour
2026-07-08 08:52:53,254 [INFO] Target:           40,000 files/hour
2026-07-08 08:52:53,255 [INFO] Target met:       NO
2026-07-08 08:52:53,255 [INFO] 
By template:
2026-07-08 08:52:53,255 [INFO]   usd_open_item: 1/1 (avg 30.83ms)
2026-07-08 08:52:53,255 [INFO] ======================================================================

2026-07-08 08:52:53,256 [INFO]   Detailed report: C:\Users\vishm\Downloads\SmartAI_Bill (3)\SmartAI_Bill\logs\stats_20260708_085253.json
2026-07-08 08:52:53,256 [INFO] 

2026-07-08 08:52:53,257 [INFO]   CREATING OUTPUT ZIP
2026-07-08 08:52:53,257 [INFO]                                                                       
2026-07-08 08:52:53,257 [INFO] 
Zipping 1 PDFs in batches of 1500
2026-07-08 08:52:53,290 [INFO]   OK: SLT_BILLS_usd_open_item_0001_20260708_085253.zip (1 PDFs, 0.2 MB)
2026-07-08 08:52:53,291 [INFO] Created 1 ZIP file(s)
2026-07-08 08:52:53,291 [INFO] 
  Total ZIPs created: 1
2026-07-08 08:52:53,292 [INFO]   ZIP output folder: C:\Users\vishm\Downloads\SmartAI_Bill (3)\SmartAI_Bill\output\zips
2026-07-08 08:52:53,292 [INFO] 
  Processing complete

