2026-07-08 08:36:31,874 [INFO]                                                                       
2026-07-08 08:36:31,874 [INFO]   SLT BILL GENERATOR
2026-07-08 08:36:31,875 [INFO]                                                                       
2026-07-08 08:36:31,875 [INFO]   Inbound folder:  C:\Users\vishm\Downloads\SmartAI_Bill (3)\SmartAI_Bill\data\inbound
2026-07-08 08:36:31,875 [INFO]   Files found:     2
2026-07-08 08:36:31,875 [INFO]   Workers:         7
2026-07-08 08:36:31,876 [INFO]   ZIP batch size:  1500
2026-07-08 08:36:31,876 [INFO]   Log file:        C:\Users\vishm\Downloads\SmartAI_Bill (3)\SmartAI_Bill\logs\slt_bills_20260708_083631.log
2026-07-08 08:36:31,876 [INFO]                                                                       
2026-07-08 08:36:35,416 [INFO] Filtering files for template: usd_open_item
2026-07-08 08:36:35,500 [INFO]   Matched: 1 | Skipped: 1 | Errors: 0
2026-07-08 08:36:35,500 [INFO] 
  Generating 1 'usd_open_item' bills

2026-07-08 08:36:35,505 [INFO]   Temp PDF dir: C:\Users\vishm\AppData\Local\Temp\slt_bills_a95bz2u3

2026-07-08 08:36:35,505 [INFO] Starting: 1 files, 7 workers
2026-07-08 08:36:36,023 [INFO]     Progress: 0/1 (0%)
2026-07-08 08:36:36,062 [INFO]   Round 1: 0 success, 1 failed in 0.6s (6461/hr)
2026-07-08 08:36:36,062 [INFO] 
  RETRY 1/3: 1 failed files
2026-07-08 08:36:36,439 [INFO]     Progress: 0/1 (0%)
2026-07-08 08:36:36,478 [INFO]   Retry 1: 0 recovered, 1 still failing
2026-07-08 08:36:36,478 [INFO] 
  RETRY 2/3: 1 failed files
2026-07-08 08:36:36,892 [INFO]     Progress: 0/1 (0%)
2026-07-08 08:36:36,927 [INFO]   Retry 2: 0 recovered, 1 still failing
2026-07-08 08:36:36,928 [INFO] 
Batch complete: 0 success, 1 failed in 1.4s (2530/hr)
2026-07-08 08:36:36,928 [INFO]   1 file(s) failed after 3 attempts
2026-07-08 08:36:36,928 [INFO]     FAILED: 521662_4-21-02-1-USD-103-00-BILL-NONRED_1.1: TypeError: USDOpenItemRenderer.save() missing 1 required positional argument: 'output_path'
2026-07-08 08:36:36,928 [INFO] 
======================================================================
2026-07-08 08:36:36,928 [INFO] PROCESSING SUMMARY
2026-07-08 08:36:36,929 [INFO] ======================================================================
2026-07-08 08:36:36,929 [INFO] Total files:      1
2026-07-08 08:36:36,929 [INFO] Successful:       0
2026-07-08 08:36:36,929 [INFO] Failed:           1
2026-07-08 08:36:36,929 [INFO] Success rate:     0.0%
2026-07-08 08:36:36,929 [INFO] Total duration:   1.42s
2026-07-08 08:36:36,929 [INFO] Rate:             0.7 files/sec
2026-07-08 08:36:36,929 [INFO]                   2,529 files/hour
2026-07-08 08:36:36,929 [INFO] Target:           40,000 files/hour
2026-07-08 08:36:36,930 [INFO] Target met:       NO
2026-07-08 08:36:36,930 [INFO] 
By template:
2026-07-08 08:36:36,930 [INFO]   usd_open_item: 0/1 (avg 13.79ms)
2026-07-08 08:36:36,930 [INFO] ======================================================================

2026-07-08 08:36:36,931 [INFO]   Detailed report: C:\Users\vishm\Downloads\SmartAI_Bill (3)\SmartAI_Bill\logs\stats_20260708_083636.json
2026-07-08 08:36:36,931 [INFO] 

2026-07-08 08:36:36,931 [INFO]   CREATING OUTPUT ZIP
2026-07-08 08:36:36,931 [INFO]                                                                       
2026-07-08 08:36:36,931 [INFO] No PDFs found to zip
2026-07-08 08:36:36,931 [INFO] 
  Total ZIPs created: 0
2026-07-08 08:36:36,932 [INFO]   ZIP output folder: C:\Users\vishm\Downloads\SmartAI_Bill (3)\SmartAI_Bill\output\zips
2026-07-08 08:36:36,932 [INFO] 
  Processing complete

