2026-07-08 09:53:57,597 [INFO]                                                                       
2026-07-08 09:53:57,597 [INFO]   SLT BILL GENERATOR
2026-07-08 09:53:57,598 [INFO]                                                                       
2026-07-08 09:53:57,598 [INFO]   Inbound folder:  C:\Users\vishm\Downloads\SmartAI_Bill (3)\SmartAI_Bill\data\inbound
2026-07-08 09:53:57,598 [INFO]   Files found:     2
2026-07-08 09:53:57,598 [INFO]   Workers:         7
2026-07-08 09:53:57,599 [INFO]   ZIP batch size:  1500
2026-07-08 09:53:57,599 [INFO]   Log file:        C:\Users\vishm\Downloads\SmartAI_Bill (3)\SmartAI_Bill\logs\slt_bills_20260708_095357.log
2026-07-08 09:53:57,600 [INFO]                                                                       
2026-07-08 09:53:58,901 [INFO] Filtering files for template: usd_open_item
2026-07-08 09:53:58,928 [INFO]   Matched: 1 | Skipped: 1 | Errors: 0
2026-07-08 09:53:58,928 [INFO] 
  Generating 1 'usd_open_item' bills

2026-07-08 09:53:58,931 [INFO]   Temp PDF dir: C:\Users\vishm\AppData\Local\Temp\slt_bills_hy_hvgme

2026-07-08 09:53:58,931 [INFO] Starting: 1 files, 7 workers
2026-07-08 09:53:59,484 [INFO]     Progress: 1/1 (100%)
2026-07-08 09:53:59,517 [INFO]   Round 1: 1 success, 0 failed in 0.6s (6150/hr)
2026-07-08 09:53:59,521 [INFO] 
Batch complete: 1 success, 0 failed in 0.6s (6109/hr)
2026-07-08 09:53:59,521 [INFO] 
======================================================================
2026-07-08 09:53:59,521 [INFO] PROCESSING SUMMARY
2026-07-08 09:53:59,522 [INFO] ======================================================================
2026-07-08 09:53:59,522 [INFO] Total files:      1
2026-07-08 09:53:59,522 [INFO] Successful:       1
2026-07-08 09:53:59,522 [INFO] Failed:           0
2026-07-08 09:53:59,522 [INFO] Success rate:     100.0%
2026-07-08 09:53:59,523 [INFO] Total duration:   0.59s
2026-07-08 09:53:59,523 [INFO] Rate:             1.7 files/sec
2026-07-08 09:53:59,523 [INFO]                   6,103 files/hour
2026-07-08 09:53:59,523 [INFO] Target:           40,000 files/hour
2026-07-08 09:53:59,523 [INFO] Target met:       NO
2026-07-08 09:53:59,523 [INFO] 
By template:
2026-07-08 09:53:59,524 [INFO]   usd_open_item: 1/1 (avg 66.16ms)
2026-07-08 09:53:59,524 [INFO] ======================================================================

2026-07-08 09:53:59,525 [INFO]   Detailed report: C:\Users\vishm\Downloads\SmartAI_Bill (3)\SmartAI_Bill\logs\stats_20260708_095359.json
2026-07-08 09:53:59,525 [INFO] 

2026-07-08 09:53:59,525 [INFO]   CREATING OUTPUT ZIP
2026-07-08 09:53:59,525 [INFO]                                                                       
2026-07-08 09:53:59,526 [INFO] 
Zipping 1 PDFs in batches of 1500
2026-07-08 09:53:59,605 [INFO]   OK: SLT_BILLS_usd_open_item_0001_20260708_095359.zip (1 PDFs, 0.2 MB)
2026-07-08 09:53:59,606 [INFO] Created 1 ZIP file(s)
2026-07-08 09:53:59,606 [INFO] 
  Total ZIPs created: 1
2026-07-08 09:53:59,606 [INFO]   ZIP output folder: C:\Users\vishm\Downloads\SmartAI_Bill (3)\SmartAI_Bill\output\zips
2026-07-08 09:53:59,606 [INFO] 
  Processing complete

