2026-07-08 09:38:28,032 [INFO]                                                                       
2026-07-08 09:38:28,032 [INFO]   SLT BILL GENERATOR
2026-07-08 09:38:28,032 [INFO]                                                                       
2026-07-08 09:38:28,033 [INFO]   Inbound folder:  C:\Users\vishm\Downloads\SmartAI_Bill (3)\SmartAI_Bill\data\inbound
2026-07-08 09:38:28,033 [INFO]   Files found:     2
2026-07-08 09:38:28,033 [INFO]   Workers:         7
2026-07-08 09:38:28,034 [INFO]   ZIP batch size:  1500
2026-07-08 09:38:28,034 [INFO]   Log file:        C:\Users\vishm\Downloads\SmartAI_Bill (3)\SmartAI_Bill\logs\slt_bills_20260708_093828.log
2026-07-08 09:38:28,035 [INFO]                                                                       
2026-07-08 09:38:29,754 [INFO] Filtering files for template: usd_open_item
2026-07-08 09:38:29,775 [INFO]   Matched: 1 | Skipped: 1 | Errors: 0
2026-07-08 09:38:29,775 [INFO] 
  Generating 1 'usd_open_item' bills

2026-07-08 09:38:29,777 [INFO]   Temp PDF dir: C:\Users\vishm\AppData\Local\Temp\slt_bills_2iy_2phj

2026-07-08 09:38:29,777 [INFO] Starting: 1 files, 7 workers
2026-07-08 09:38:30,114 [INFO]     Progress: 1/1 (100%)
2026-07-08 09:38:30,147 [INFO]   Round 1: 1 success, 0 failed in 0.4s (9738/hr)
2026-07-08 09:38:30,152 [INFO] 
Batch complete: 1 success, 0 failed in 0.4s (9621/hr)
2026-07-08 09:38:30,152 [INFO] 
======================================================================
2026-07-08 09:38:30,152 [INFO] PROCESSING SUMMARY
2026-07-08 09:38:30,152 [INFO] ======================================================================
2026-07-08 09:38:30,153 [INFO] Total files:      1
2026-07-08 09:38:30,153 [INFO] Successful:       1
2026-07-08 09:38:30,153 [INFO] Failed:           0
2026-07-08 09:38:30,153 [INFO] Success rate:     100.0%
2026-07-08 09:38:30,153 [INFO] Total duration:   0.37s
2026-07-08 09:38:30,153 [INFO] Rate:             2.67 files/sec
2026-07-08 09:38:30,154 [INFO]                   9,608 files/hour
2026-07-08 09:38:30,154 [INFO] Target:           40,000 files/hour
2026-07-08 09:38:30,154 [INFO] Target met:       NO
2026-07-08 09:38:30,154 [INFO] 
By template:
2026-07-08 09:38:30,154 [INFO]   usd_open_item: 1/1 (avg 41.18ms)
2026-07-08 09:38:30,154 [INFO] ======================================================================

2026-07-08 09:38:30,155 [INFO]   Detailed report: C:\Users\vishm\Downloads\SmartAI_Bill (3)\SmartAI_Bill\logs\stats_20260708_093830.json
2026-07-08 09:38:30,156 [INFO] 

2026-07-08 09:38:30,156 [INFO]   CREATING OUTPUT ZIP
2026-07-08 09:38:30,156 [INFO]                                                                       
2026-07-08 09:38:30,156 [INFO] 
Zipping 1 PDFs in batches of 1500
2026-07-08 09:38:30,192 [INFO]   OK: SLT_BILLS_usd_open_item_0001_20260708_093830.zip (1 PDFs, 0.2 MB)
2026-07-08 09:38:30,193 [INFO] Created 1 ZIP file(s)
2026-07-08 09:38:30,193 [INFO] 
  Total ZIPs created: 1
2026-07-08 09:38:30,193 [INFO]   ZIP output folder: C:\Users\vishm\Downloads\SmartAI_Bill (3)\SmartAI_Bill\output\zips
2026-07-08 09:38:30,193 [INFO] 
  Processing complete

