2026-07-08 01:13:55,393 [INFO]                                                                       
2026-07-08 01:13:55,394 [INFO]   SLT BILL GENERATOR
2026-07-08 01:13:55,394 [INFO]                                                                       
2026-07-08 01:13:55,394 [INFO]   Inbound folder:  C:\Users\vishm\Downloads\SmartAI_Bill (3)\SmartAI_Bill\data\inbound
2026-07-08 01:13:55,394 [INFO]   Files found:     2
2026-07-08 01:13:55,394 [INFO]   Workers:         7
2026-07-08 01:13:55,394 [INFO]   ZIP batch size:  1500
2026-07-08 01:13:55,395 [INFO]   Log file:        C:\Users\vishm\Downloads\SmartAI_Bill (3)\SmartAI_Bill\logs\slt_bills_20260708_011355.log
2026-07-08 01:13:55,395 [INFO]                                                                       
2026-07-08 01:13:57,083 [INFO] Filtering files for template: usd_open_item
2026-07-08 01:13:57,099 [INFO]   Matched: 1 | Skipped: 1 | Errors: 0
2026-07-08 01:13:57,099 [INFO] 
  Generating 1 'usd_open_item' bills

2026-07-08 01:13:57,101 [INFO]   Temp PDF dir: C:\Users\vishm\AppData\Local\Temp\slt_bills_1y3h546q

2026-07-08 01:13:57,101 [INFO] Starting: 1 files, 7 workers
2026-07-08 01:13:57,476 [INFO]     Progress: 0/1 (0%)
2026-07-08 01:13:57,502 [INFO]   Round 1: 0 success, 1 failed in 0.4s (8981/hr)
2026-07-08 01:13:57,503 [INFO] 
  RETRY 1/3: 1 failed files
2026-07-08 01:13:57,766 [INFO]     Progress: 0/1 (0%)
2026-07-08 01:13:57,789 [INFO]   Retry 1: 0 recovered, 1 still failing
2026-07-08 01:13:57,789 [INFO] 
  RETRY 2/3: 1 failed files
2026-07-08 01:13:58,052 [INFO]     Progress: 0/1 (0%)
2026-07-08 01:13:58,081 [INFO]   Retry 2: 0 recovered, 1 still failing
2026-07-08 01:13:58,082 [INFO] 
Batch complete: 0 success, 1 failed in 1.0s (3672/hr)
2026-07-08 01:13:58,082 [INFO]   1 file(s) failed after 3 attempts
2026-07-08 01:13:58,083 [INFO]     FAILED: 521662_4-21-02-1-USD-103-00-BILL-NONRED_1.1: AttributeError: 'USDOpenItemRenderer' object has no attribute 'save'
2026-07-08 01:13:58,083 [INFO] 
======================================================================
2026-07-08 01:13:58,083 [INFO] PROCESSING SUMMARY
2026-07-08 01:13:58,083 [INFO] ======================================================================
2026-07-08 01:13:58,083 [INFO] Total files:      1
2026-07-08 01:13:58,083 [INFO] Successful:       0
2026-07-08 01:13:58,083 [INFO] Failed:           1
2026-07-08 01:13:58,084 [INFO] Success rate:     0.0%
2026-07-08 01:13:58,084 [INFO] Total duration:   0.98s
2026-07-08 01:13:58,084 [INFO] Rate:             1.02 files/sec
2026-07-08 01:13:58,084 [INFO]                   3,668 files/hour
2026-07-08 01:13:58,084 [INFO] Target:           40,000 files/hour
2026-07-08 01:13:58,084 [INFO] Target met:       NO
2026-07-08 01:13:58,084 [INFO] 
By template:
2026-07-08 01:13:58,084 [INFO]   usd_open_item: 0/1 (avg 13.88ms)
2026-07-08 01:13:58,084 [INFO] ======================================================================

2026-07-08 01:13:58,086 [INFO]   Detailed report: C:\Users\vishm\Downloads\SmartAI_Bill (3)\SmartAI_Bill\logs\stats_20260708_011358.json
2026-07-08 01:13:58,086 [INFO] 

2026-07-08 01:13:58,086 [INFO]   CREATING OUTPUT ZIP
2026-07-08 01:13:58,086 [INFO]                                                                       
2026-07-08 01:13:58,086 [INFO] No PDFs found to zip
2026-07-08 01:13:58,086 [INFO] 
  Total ZIPs created: 0
2026-07-08 01:13:58,086 [INFO]   ZIP output folder: C:\Users\vishm\Downloads\SmartAI_Bill (3)\SmartAI_Bill\output\zips
2026-07-08 01:13:58,087 [INFO] 
  Processing complete

