2026-07-08 09:40:41,984 [INFO]                                                                       
2026-07-08 09:40:41,985 [INFO]   SLT BILL GENERATOR
2026-07-08 09:40:41,986 [INFO]                                                                       
2026-07-08 09:40:41,986 [INFO]   Inbound folder:  C:\Users\vishm\Downloads\SmartAI_Bill (3)\SmartAI_Bill\data\inbound
2026-07-08 09:40:41,987 [INFO]   Files found:     2
2026-07-08 09:40:41,987 [INFO]   Workers:         7
2026-07-08 09:40:41,988 [INFO]   ZIP batch size:  1500
2026-07-08 09:40:41,988 [INFO]   Log file:        C:\Users\vishm\Downloads\SmartAI_Bill (3)\SmartAI_Bill\logs\slt_bills_20260708_094041.log
2026-07-08 09:40:41,990 [INFO]                                                                       
2026-07-08 09:40:43,401 [INFO] Filtering files for template: usd_open_item
2026-07-08 09:40:43,428 [INFO]   Matched: 1 | Skipped: 1 | Errors: 0
2026-07-08 09:40:43,429 [INFO] 
  Generating 1 'usd_open_item' bills

2026-07-08 09:40:43,431 [INFO]   Temp PDF dir: C:\Users\vishm\AppData\Local\Temp\slt_bills_vwp00jwd

2026-07-08 09:40:43,431 [INFO] Starting: 1 files, 7 workers
2026-07-08 09:40:43,958 [INFO]     Progress: 1/1 (100%)
2026-07-08 09:40:43,989 [INFO]   Round 1: 1 success, 0 failed in 0.6s (6454/hr)
2026-07-08 09:40:43,993 [INFO] 
Batch complete: 1 success, 0 failed in 0.6s (6410/hr)
2026-07-08 09:40:43,993 [INFO] 
======================================================================
2026-07-08 09:40:43,993 [INFO] PROCESSING SUMMARY
2026-07-08 09:40:43,993 [INFO] ======================================================================
2026-07-08 09:40:43,993 [INFO] Total files:      1
2026-07-08 09:40:43,994 [INFO] Successful:       1
2026-07-08 09:40:43,994 [INFO] Failed:           0
2026-07-08 09:40:43,994 [INFO] Success rate:     100.0%
2026-07-08 09:40:43,994 [INFO] Total duration:   0.56s
2026-07-08 09:40:43,994 [INFO] Rate:             1.78 files/sec
2026-07-08 09:40:43,994 [INFO]                   6,405 files/hour
2026-07-08 09:40:43,994 [INFO] Target:           40,000 files/hour
2026-07-08 09:40:43,994 [INFO] Target met:       NO
2026-07-08 09:40:43,994 [INFO] 
By template:
2026-07-08 09:40:43,994 [INFO]   usd_open_item: 1/1 (avg 47.25ms)
2026-07-08 09:40:43,995 [INFO] ======================================================================

2026-07-08 09:40:43,996 [INFO]   Detailed report: C:\Users\vishm\Downloads\SmartAI_Bill (3)\SmartAI_Bill\logs\stats_20260708_094043.json
2026-07-08 09:40:43,996 [INFO] 

2026-07-08 09:40:43,996 [INFO]   CREATING OUTPUT ZIP
2026-07-08 09:40:43,996 [INFO]                                                                       
2026-07-08 09:40:43,996 [INFO] 
Zipping 1 PDFs in batches of 1500
2026-07-08 09:40:44,030 [INFO]   OK: SLT_BILLS_usd_open_item_0001_20260708_094043.zip (1 PDFs, 0.2 MB)
2026-07-08 09:40:44,031 [INFO] Created 1 ZIP file(s)
2026-07-08 09:40:44,031 [INFO] 
  Total ZIPs created: 1
2026-07-08 09:40:44,031 [INFO]   ZIP output folder: C:\Users\vishm\Downloads\SmartAI_Bill (3)\SmartAI_Bill\output\zips
2026-07-08 09:40:44,031 [INFO] 
  Processing complete

