2026-07-08 09:52:47,180 [INFO]                                                                       
2026-07-08 09:52:47,181 [INFO]   SLT BILL GENERATOR
2026-07-08 09:52:47,181 [INFO]                                                                       
2026-07-08 09:52:47,181 [INFO]   Inbound folder:  C:\Users\vishm\Downloads\SmartAI_Bill (3)\SmartAI_Bill\data\inbound
2026-07-08 09:52:47,181 [INFO]   Files found:     2
2026-07-08 09:52:47,181 [INFO]   Workers:         7
2026-07-08 09:52:47,181 [INFO]   ZIP batch size:  1500
2026-07-08 09:52:47,182 [INFO]   Log file:        C:\Users\vishm\Downloads\SmartAI_Bill (3)\SmartAI_Bill\logs\slt_bills_20260708_095247.log
2026-07-08 09:52:47,183 [INFO]                                                                       
2026-07-08 09:52:48,387 [INFO] Filtering files for template: usd_open_item
2026-07-08 09:52:48,419 [INFO]   Matched: 1 | Skipped: 1 | Errors: 0
2026-07-08 09:52:48,419 [INFO] 
  Generating 1 'usd_open_item' bills

2026-07-08 09:52:48,421 [INFO]   Temp PDF dir: C:\Users\vishm\AppData\Local\Temp\slt_bills_yzwratr9

2026-07-08 09:52:48,422 [INFO] Starting: 1 files, 7 workers
2026-07-08 09:52:48,837 [INFO]     Progress: 1/1 (100%)
2026-07-08 09:52:48,875 [INFO]   Round 1: 1 success, 0 failed in 0.5s (7947/hr)
2026-07-08 09:52:48,879 [INFO] 
Batch complete: 1 success, 0 failed in 0.5s (7877/hr)
2026-07-08 09:52:48,879 [INFO] 
======================================================================
2026-07-08 09:52:48,880 [INFO] PROCESSING SUMMARY
2026-07-08 09:52:48,880 [INFO] ======================================================================
2026-07-08 09:52:48,880 [INFO] Total files:      1
2026-07-08 09:52:48,880 [INFO] Successful:       1
2026-07-08 09:52:48,880 [INFO] Failed:           0
2026-07-08 09:52:48,880 [INFO] Success rate:     100.0%
2026-07-08 09:52:48,881 [INFO] Total duration:   0.46s
2026-07-08 09:52:48,881 [INFO] Rate:             2.19 files/sec
2026-07-08 09:52:48,881 [INFO]                   7,867 files/hour
2026-07-08 09:52:48,881 [INFO] Target:           40,000 files/hour
2026-07-08 09:52:48,881 [INFO] Target met:       NO
2026-07-08 09:52:48,881 [INFO] 
By template:
2026-07-08 09:52:48,882 [INFO]   usd_open_item: 1/1 (avg 71.32ms)
2026-07-08 09:52:48,882 [INFO] ======================================================================

2026-07-08 09:52:48,883 [INFO]   Detailed report: C:\Users\vishm\Downloads\SmartAI_Bill (3)\SmartAI_Bill\logs\stats_20260708_095248.json
2026-07-08 09:52:48,883 [INFO] 

2026-07-08 09:52:48,883 [INFO]   CREATING OUTPUT ZIP
2026-07-08 09:52:48,883 [INFO]                                                                       
2026-07-08 09:52:48,884 [INFO] 
Zipping 1 PDFs in batches of 1500
2026-07-08 09:52:48,966 [INFO]   OK: SLT_BILLS_usd_open_item_0001_20260708_095248.zip (1 PDFs, 0.2 MB)
2026-07-08 09:52:48,967 [INFO] Created 1 ZIP file(s)
2026-07-08 09:52:48,967 [INFO] 
  Total ZIPs created: 1
2026-07-08 09:52:48,967 [INFO]   ZIP output folder: C:\Users\vishm\Downloads\SmartAI_Bill (3)\SmartAI_Bill\output\zips
2026-07-08 09:52:48,967 [INFO] 
  Processing complete

