2026-07-07 23:40:40,461 [INFO]                                                                       
2026-07-07 23:40:40,461 [INFO]   SLT BILL GENERATOR
2026-07-07 23:40:40,461 [INFO]                                                                       
2026-07-07 23:40:40,462 [INFO]   Inbound folder:  C:\Users\vishm\Downloads\SmartAI_Bill (3)\SmartAI_Bill\data\inbound
2026-07-07 23:40:40,462 [INFO]   Files found:     3
2026-07-07 23:40:40,462 [INFO]   Workers:         7
2026-07-07 23:40:40,462 [INFO]   ZIP batch size:  1500
2026-07-07 23:40:40,462 [INFO]   Log file:        C:\Users\vishm\Downloads\SmartAI_Bill (3)\SmartAI_Bill\logs\slt_bills_20260707_234040.log
2026-07-07 23:40:40,464 [INFO]                                                                       
2026-07-07 23:40:42,092 [INFO] Filtering files for template: vat_creditnote
2026-07-07 23:40:42,105 [INFO]   Matched: 1 | Skipped: 2 | Errors: 0
2026-07-07 23:40:42,106 [INFO] 
  Generating 1 'vat_creditnote' bills

2026-07-07 23:40:42,108 [INFO]   Temp PDF dir: C:\Users\vishm\AppData\Local\Temp\slt_bills_u07o5wax

2026-07-07 23:40:42,108 [INFO] Starting: 1 files, 7 workers
2026-07-07 23:40:42,450 [INFO]     Progress: 1/1 (100%)
2026-07-07 23:40:42,496 [INFO]   Round 1: 1 success, 0 failed in 0.4s (9288/hr)
2026-07-07 23:40:42,497 [INFO] 
Batch complete: 1 success, 0 failed in 0.4s (9253/hr)
2026-07-07 23:40:42,497 [INFO] 
======================================================================
2026-07-07 23:40:42,497 [INFO] PROCESSING SUMMARY
2026-07-07 23:40:42,497 [INFO] ======================================================================
2026-07-07 23:40:42,498 [INFO] Total files:      1
2026-07-07 23:40:42,498 [INFO] Successful:       1
2026-07-07 23:40:42,498 [INFO] Failed:           0
2026-07-07 23:40:42,498 [INFO] Success rate:     100.0%
2026-07-07 23:40:42,498 [INFO] Total duration:   0.39s
2026-07-07 23:40:42,498 [INFO] Rate:             2.57 files/sec
2026-07-07 23:40:42,498 [INFO]                   9,244 files/hour
2026-07-07 23:40:42,498 [INFO] Target:           40,000 files/hour
2026-07-07 23:40:42,499 [INFO] Target met:       NO
2026-07-07 23:40:42,499 [INFO] 
By template:
2026-07-07 23:40:42,499 [INFO]   vat_creditnote: 1/1 (avg 58.68ms)
2026-07-07 23:40:42,499 [INFO] ======================================================================

2026-07-07 23:40:42,500 [INFO]   Detailed report: C:\Users\vishm\Downloads\SmartAI_Bill (3)\SmartAI_Bill\logs\stats_20260707_234042.json
2026-07-07 23:40:42,500 [INFO] 

2026-07-07 23:40:42,501 [INFO]   CREATING OUTPUT ZIP
2026-07-07 23:40:42,501 [INFO]                                                                       
2026-07-07 23:40:42,501 [INFO] 
Zipping 1 PDFs in batches of 1500
2026-07-07 23:40:42,523 [INFO]   OK: SLT_BILLS_vat_creditnote_0001_20260707_234042.zip (1 PDFs, 0.2 MB)
2026-07-07 23:40:42,524 [INFO] Created 1 ZIP file(s)
2026-07-07 23:40:42,524 [INFO] 
  Total ZIPs created: 1
2026-07-07 23:40:42,524 [INFO]   ZIP output folder: C:\Users\vishm\Downloads\SmartAI_Bill (3)\SmartAI_Bill\output\zips
2026-07-07 23:40:42,525 [INFO] 
  Processing complete

