2026-07-08 09:49:35,235 [INFO]                                                                       
2026-07-08 09:49:35,236 [INFO]   SLT BILL GENERATOR
2026-07-08 09:49:35,236 [INFO]                                                                       
2026-07-08 09:49:35,236 [INFO]   Inbound folder:  C:\Users\vishm\Downloads\SmartAI_Bill (3)\SmartAI_Bill\data\inbound
2026-07-08 09:49:35,236 [INFO]   Files found:     2
2026-07-08 09:49:35,236 [INFO]   Workers:         7
2026-07-08 09:49:35,236 [INFO]   ZIP batch size:  1500
2026-07-08 09:49:35,237 [INFO]   Log file:        C:\Users\vishm\Downloads\SmartAI_Bill (3)\SmartAI_Bill\logs\slt_bills_20260708_094935.log
2026-07-08 09:49:35,237 [INFO]                                                                       
2026-07-08 09:49:36,657 [INFO] Filtering files for template: usd_open_item
2026-07-08 09:49:36,684 [INFO]   Matched: 1 | Skipped: 1 | Errors: 0
2026-07-08 09:49:36,685 [INFO] 
  Generating 1 'usd_open_item' bills

2026-07-08 09:49:36,687 [INFO]   Temp PDF dir: C:\Users\vishm\AppData\Local\Temp\slt_bills_mfl076pf

2026-07-08 09:49:36,688 [INFO] Starting: 1 files, 7 workers
2026-07-08 09:49:37,136 [INFO]     Progress: 1/1 (100%)
2026-07-08 09:49:37,174 [INFO]   Round 1: 1 success, 0 failed in 0.5s (7402/hr)
2026-07-08 09:49:37,178 [INFO] 
Batch complete: 1 success, 0 failed in 0.5s (7341/hr)
2026-07-08 09:49:37,179 [INFO] 
======================================================================
2026-07-08 09:49:37,179 [INFO] PROCESSING SUMMARY
2026-07-08 09:49:37,179 [INFO] ======================================================================
2026-07-08 09:49:37,179 [INFO] Total files:      1
2026-07-08 09:49:37,179 [INFO] Successful:       1
2026-07-08 09:49:37,179 [INFO] Failed:           0
2026-07-08 09:49:37,179 [INFO] Success rate:     100.0%
2026-07-08 09:49:37,180 [INFO] Total duration:   0.49s
2026-07-08 09:49:37,180 [INFO] Rate:             2.04 files/sec
2026-07-08 09:49:37,180 [INFO]                   7,334 files/hour
2026-07-08 09:49:37,180 [INFO] Target:           40,000 files/hour
2026-07-08 09:49:37,180 [INFO] Target met:       NO
2026-07-08 09:49:37,180 [INFO] 
By template:
2026-07-08 09:49:37,181 [INFO]   usd_open_item: 1/1 (avg 67.76ms)
2026-07-08 09:49:37,181 [INFO] ======================================================================

2026-07-08 09:49:37,182 [INFO]   Detailed report: C:\Users\vishm\Downloads\SmartAI_Bill (3)\SmartAI_Bill\logs\stats_20260708_094937.json
2026-07-08 09:49:37,182 [INFO] 

2026-07-08 09:49:37,182 [INFO]   CREATING OUTPUT ZIP
2026-07-08 09:49:37,183 [INFO]                                                                       
2026-07-08 09:49:37,183 [INFO] 
Zipping 1 PDFs in batches of 1500
2026-07-08 09:49:37,283 [INFO]   OK: SLT_BILLS_usd_open_item_0001_20260708_094937.zip (1 PDFs, 0.2 MB)
2026-07-08 09:49:37,286 [INFO] Created 1 ZIP file(s)
2026-07-08 09:49:37,286 [INFO] 
  Total ZIPs created: 1
2026-07-08 09:49:37,287 [INFO]   ZIP output folder: C:\Users\vishm\Downloads\SmartAI_Bill (3)\SmartAI_Bill\output\zips
2026-07-08 09:49:37,287 [INFO] 
  Processing complete

