2026-07-08 09:54:33,991 [INFO]                                                                       
2026-07-08 09:54:33,992 [INFO]   SLT BILL GENERATOR
2026-07-08 09:54:33,992 [INFO]                                                                       
2026-07-08 09:54:33,993 [INFO]   Inbound folder:  C:\Users\vishm\Downloads\SmartAI_Bill (3)\SmartAI_Bill\data\inbound
2026-07-08 09:54:33,993 [INFO]   Files found:     2
2026-07-08 09:54:33,993 [INFO]   Workers:         7
2026-07-08 09:54:33,994 [INFO]   ZIP batch size:  1500
2026-07-08 09:54:33,994 [INFO]   Log file:        C:\Users\vishm\Downloads\SmartAI_Bill (3)\SmartAI_Bill\logs\slt_bills_20260708_095433.log
2026-07-08 09:54:33,996 [INFO]                                                                       
2026-07-08 09:54:35,503 [INFO] Filtering files for template: usd_open_item
2026-07-08 09:54:35,530 [INFO]   Matched: 1 | Skipped: 1 | Errors: 0
2026-07-08 09:54:35,530 [INFO] 
  Generating 1 'usd_open_item' bills

2026-07-08 09:54:35,532 [INFO]   Temp PDF dir: C:\Users\vishm\AppData\Local\Temp\slt_bills_e5993v89

2026-07-08 09:54:35,533 [INFO] Starting: 1 files, 7 workers
2026-07-08 09:54:35,951 [INFO]     Progress: 1/1 (100%)
2026-07-08 09:54:35,989 [INFO]   Round 1: 1 success, 0 failed in 0.5s (7895/hr)
2026-07-08 09:54:35,993 [INFO] 
Batch complete: 1 success, 0 failed in 0.5s (7836/hr)
2026-07-08 09:54:35,993 [INFO] 
======================================================================
2026-07-08 09:54:35,993 [INFO] PROCESSING SUMMARY
2026-07-08 09:54:35,993 [INFO] ======================================================================
2026-07-08 09:54:35,993 [INFO] Total files:      1
2026-07-08 09:54:35,993 [INFO] Successful:       1
2026-07-08 09:54:35,993 [INFO] Failed:           0
2026-07-08 09:54:35,993 [INFO] Success rate:     100.0%
2026-07-08 09:54:35,994 [INFO] Total duration:   0.46s
2026-07-08 09:54:35,994 [INFO] Rate:             2.17 files/sec
2026-07-08 09:54:35,994 [INFO]                   7,827 files/hour
2026-07-08 09:54:35,994 [INFO] Target:           40,000 files/hour
2026-07-08 09:54:35,994 [INFO] Target met:       NO
2026-07-08 09:54:35,994 [INFO] 
By template:
2026-07-08 09:54:35,995 [INFO]   usd_open_item: 1/1 (avg 62.78ms)
2026-07-08 09:54:35,995 [INFO] ======================================================================

2026-07-08 09:54:35,996 [INFO]   Detailed report: C:\Users\vishm\Downloads\SmartAI_Bill (3)\SmartAI_Bill\logs\stats_20260708_095435.json
2026-07-08 09:54:35,996 [INFO] 

2026-07-08 09:54:35,996 [INFO]   CREATING OUTPUT ZIP
2026-07-08 09:54:35,997 [INFO]                                                                       
2026-07-08 09:54:35,997 [INFO] 
Zipping 1 PDFs in batches of 1500
2026-07-08 09:54:36,084 [INFO]   OK: SLT_BILLS_usd_open_item_0001_20260708_095435.zip (1 PDFs, 0.2 MB)
2026-07-08 09:54:36,085 [INFO] Created 1 ZIP file(s)
2026-07-08 09:54:36,085 [INFO] 
  Total ZIPs created: 1
2026-07-08 09:54:36,086 [INFO]   ZIP output folder: C:\Users\vishm\Downloads\SmartAI_Bill (3)\SmartAI_Bill\output\zips
2026-07-08 09:54:36,086 [INFO] 
  Processing complete

