2026-07-08 08:58:18,086 [INFO]                                                                       
2026-07-08 08:58:18,086 [INFO]   SLT BILL GENERATOR
2026-07-08 08:58:18,087 [INFO]                                                                       
2026-07-08 08:58:18,087 [INFO]   Inbound folder:  C:\Users\vishm\Downloads\SmartAI_Bill (3)\SmartAI_Bill\data\inbound
2026-07-08 08:58:18,087 [INFO]   Files found:     2
2026-07-08 08:58:18,087 [INFO]   Workers:         7
2026-07-08 08:58:18,087 [INFO]   ZIP batch size:  1500
2026-07-08 08:58:18,087 [INFO]   Log file:        C:\Users\vishm\Downloads\SmartAI_Bill (3)\SmartAI_Bill\logs\slt_bills_20260708_085818.log
2026-07-08 08:58:18,089 [INFO]                                                                       
2026-07-08 08:58:19,590 [INFO] Filtering files for template: usd_open_item
2026-07-08 08:58:19,610 [INFO]   Matched: 1 | Skipped: 1 | Errors: 0
2026-07-08 08:58:19,611 [INFO] 
  Generating 1 'usd_open_item' bills

2026-07-08 08:58:19,613 [INFO]   Temp PDF dir: C:\Users\vishm\AppData\Local\Temp\slt_bills_ise6fafw

2026-07-08 08:58:19,613 [INFO] Starting: 1 files, 7 workers
2026-07-08 08:58:19,991 [INFO]     Progress: 1/1 (100%)
2026-07-08 08:58:20,022 [INFO]   Round 1: 1 success, 0 failed in 0.4s (8816/hr)
2026-07-08 08:58:20,025 [INFO] 
Batch complete: 1 success, 0 failed in 0.4s (8743/hr)
2026-07-08 08:58:20,025 [INFO] 
======================================================================
2026-07-08 08:58:20,026 [INFO] PROCESSING SUMMARY
2026-07-08 08:58:20,026 [INFO] ======================================================================
2026-07-08 08:58:20,026 [INFO] Total files:      1
2026-07-08 08:58:20,026 [INFO] Successful:       1
2026-07-08 08:58:20,026 [INFO] Failed:           0
2026-07-08 08:58:20,026 [INFO] Success rate:     100.0%
2026-07-08 08:58:20,026 [INFO] Total duration:   0.41s
2026-07-08 08:58:20,026 [INFO] Rate:             2.43 files/sec
2026-07-08 08:58:20,026 [INFO]                   8,734 files/hour
2026-07-08 08:58:20,027 [INFO] Target:           40,000 files/hour
2026-07-08 08:58:20,027 [INFO] Target met:       NO
2026-07-08 08:58:20,027 [INFO] 
By template:
2026-07-08 08:58:20,027 [INFO]   usd_open_item: 1/1 (avg 29.81ms)
2026-07-08 08:58:20,027 [INFO] ======================================================================

2026-07-08 08:58:20,030 [INFO]   Detailed report: C:\Users\vishm\Downloads\SmartAI_Bill (3)\SmartAI_Bill\logs\stats_20260708_085820.json
2026-07-08 08:58:20,030 [INFO] 

2026-07-08 08:58:20,031 [INFO]   CREATING OUTPUT ZIP
2026-07-08 08:58:20,031 [INFO]                                                                       
2026-07-08 08:58:20,031 [INFO] 
Zipping 1 PDFs in batches of 1500
2026-07-08 08:58:20,063 [INFO]   OK: SLT_BILLS_usd_open_item_0001_20260708_085820.zip (1 PDFs, 0.2 MB)
2026-07-08 08:58:20,064 [INFO] Created 1 ZIP file(s)
2026-07-08 08:58:20,064 [INFO] 
  Total ZIPs created: 1
2026-07-08 08:58:20,065 [INFO]   ZIP output folder: C:\Users\vishm\Downloads\SmartAI_Bill (3)\SmartAI_Bill\output\zips
2026-07-08 08:58:20,065 [INFO] 
  Processing complete

