2026-07-08 09:51:03,902 [INFO]                                                                       
2026-07-08 09:51:03,902 [INFO]   SLT BILL GENERATOR
2026-07-08 09:51:03,902 [INFO]                                                                       
2026-07-08 09:51:03,903 [INFO]   Inbound folder:  C:\Users\vishm\Downloads\SmartAI_Bill (3)\SmartAI_Bill\data\inbound
2026-07-08 09:51:03,903 [INFO]   Files found:     2
2026-07-08 09:51:03,903 [INFO]   Workers:         7
2026-07-08 09:51:03,903 [INFO]   ZIP batch size:  1500
2026-07-08 09:51:03,903 [INFO]   Log file:        C:\Users\vishm\Downloads\SmartAI_Bill (3)\SmartAI_Bill\logs\slt_bills_20260708_095103.log
2026-07-08 09:51:03,905 [INFO]                                                                       
2026-07-08 09:51:05,088 [INFO] Filtering files for template: usd_open_item
2026-07-08 09:51:05,113 [INFO]   Matched: 1 | Skipped: 1 | Errors: 0
2026-07-08 09:51:05,113 [INFO] 
  Generating 1 'usd_open_item' bills

2026-07-08 09:51:05,115 [INFO]   Temp PDF dir: C:\Users\vishm\AppData\Local\Temp\slt_bills_84hzbqq3

2026-07-08 09:51:05,116 [INFO] Starting: 1 files, 7 workers
2026-07-08 09:51:05,770 [INFO]     Progress: 1/1 (100%)
2026-07-08 09:51:05,814 [INFO]   Round 1: 1 success, 0 failed in 0.7s (5157/hr)
2026-07-08 09:51:05,817 [INFO] 
Batch complete: 1 success, 0 failed in 0.7s (5130/hr)
2026-07-08 09:51:05,818 [INFO] 
======================================================================
2026-07-08 09:51:05,818 [INFO] PROCESSING SUMMARY
2026-07-08 09:51:05,818 [INFO] ======================================================================
2026-07-08 09:51:05,818 [INFO] Total files:      1
2026-07-08 09:51:05,818 [INFO] Successful:       1
2026-07-08 09:51:05,819 [INFO] Failed:           0
2026-07-08 09:51:05,819 [INFO] Success rate:     100.0%
2026-07-08 09:51:05,819 [INFO] Total duration:   0.7s
2026-07-08 09:51:05,819 [INFO] Rate:             1.42 files/sec
2026-07-08 09:51:05,819 [INFO]                   5,126 files/hour
2026-07-08 09:51:05,821 [INFO] Target:           40,000 files/hour
2026-07-08 09:51:05,822 [INFO] Target met:       NO
2026-07-08 09:51:05,822 [INFO] 
By template:
2026-07-08 09:51:05,822 [INFO]   usd_open_item: 1/1 (avg 88.93ms)
2026-07-08 09:51:05,822 [INFO] ======================================================================

2026-07-08 09:51:05,824 [INFO]   Detailed report: C:\Users\vishm\Downloads\SmartAI_Bill (3)\SmartAI_Bill\logs\stats_20260708_095105.json
2026-07-08 09:51:05,825 [INFO] 

2026-07-08 09:51:05,825 [INFO]   CREATING OUTPUT ZIP
2026-07-08 09:51:05,825 [INFO]                                                                       
2026-07-08 09:51:05,826 [INFO] 
Zipping 1 PDFs in batches of 1500
2026-07-08 09:51:05,897 [INFO]   OK: SLT_BILLS_usd_open_item_0001_20260708_095105.zip (1 PDFs, 0.2 MB)
2026-07-08 09:51:05,898 [INFO] Created 1 ZIP file(s)
2026-07-08 09:51:05,898 [INFO] 
  Total ZIPs created: 1
2026-07-08 09:51:05,898 [INFO]   ZIP output folder: C:\Users\vishm\Downloads\SmartAI_Bill (3)\SmartAI_Bill\output\zips
2026-07-08 09:51:05,898 [INFO] 
  Processing complete

