2026-07-08 09:51:48,214 [INFO]                                                                       
2026-07-08 09:51:48,214 [INFO]   SLT BILL GENERATOR
2026-07-08 09:51:48,214 [INFO]                                                                       
2026-07-08 09:51:48,215 [INFO]   Inbound folder:  C:\Users\vishm\Downloads\SmartAI_Bill (3)\SmartAI_Bill\data\inbound
2026-07-08 09:51:48,215 [INFO]   Files found:     2
2026-07-08 09:51:48,215 [INFO]   Workers:         7
2026-07-08 09:51:48,215 [INFO]   ZIP batch size:  1500
2026-07-08 09:51:48,215 [INFO]   Log file:        C:\Users\vishm\Downloads\SmartAI_Bill (3)\SmartAI_Bill\logs\slt_bills_20260708_095148.log
2026-07-08 09:51:48,216 [INFO]                                                                       
2026-07-08 09:51:49,321 [INFO] Filtering files for template: usd_open_item
2026-07-08 09:51:49,351 [INFO]   Matched: 1 | Skipped: 1 | Errors: 0
2026-07-08 09:51:49,352 [INFO] 
  Generating 1 'usd_open_item' bills

2026-07-08 09:51:49,355 [INFO]   Temp PDF dir: C:\Users\vishm\AppData\Local\Temp\slt_bills_12ungbst

2026-07-08 09:51:49,355 [INFO] Starting: 1 files, 7 workers
2026-07-08 09:51:49,811 [INFO]     Progress: 1/1 (100%)
2026-07-08 09:51:49,856 [INFO]   Round 1: 1 success, 0 failed in 0.5s (7193/hr)
2026-07-08 09:51:49,860 [INFO] 
Batch complete: 1 success, 0 failed in 0.5s (7131/hr)
2026-07-08 09:51:49,860 [INFO] 
======================================================================
2026-07-08 09:51:49,861 [INFO] PROCESSING SUMMARY
2026-07-08 09:51:49,861 [INFO] ======================================================================
2026-07-08 09:51:49,861 [INFO] Total files:      1
2026-07-08 09:51:49,861 [INFO] Successful:       1
2026-07-08 09:51:49,861 [INFO] Failed:           0
2026-07-08 09:51:49,861 [INFO] Success rate:     100.0%
2026-07-08 09:51:49,862 [INFO] Total duration:   0.51s
2026-07-08 09:51:49,862 [INFO] Rate:             1.98 files/sec
2026-07-08 09:51:49,862 [INFO]                   7,125 files/hour
2026-07-08 09:51:49,862 [INFO] Target:           40,000 files/hour
2026-07-08 09:51:49,862 [INFO] Target met:       NO
2026-07-08 09:51:49,863 [INFO] 
By template:
2026-07-08 09:51:49,863 [INFO]   usd_open_item: 1/1 (avg 76.48ms)
2026-07-08 09:51:49,863 [INFO] ======================================================================

2026-07-08 09:51:49,865 [INFO]   Detailed report: C:\Users\vishm\Downloads\SmartAI_Bill (3)\SmartAI_Bill\logs\stats_20260708_095149.json
2026-07-08 09:51:49,865 [INFO] 

2026-07-08 09:51:49,866 [INFO]   CREATING OUTPUT ZIP
2026-07-08 09:51:49,866 [INFO]                                                                       
2026-07-08 09:51:49,866 [INFO] 
Zipping 1 PDFs in batches of 1500
2026-07-08 09:51:49,949 [INFO]   OK: SLT_BILLS_usd_open_item_0001_20260708_095149.zip (1 PDFs, 0.2 MB)
2026-07-08 09:51:49,952 [INFO] Created 1 ZIP file(s)
2026-07-08 09:51:49,952 [INFO] 
  Total ZIPs created: 1
2026-07-08 09:51:49,952 [INFO]   ZIP output folder: C:\Users\vishm\Downloads\SmartAI_Bill (3)\SmartAI_Bill\output\zips
2026-07-08 09:51:49,952 [INFO] 
  Processing complete

