2026-07-08 08:49:56,714 [INFO]                                                                       
2026-07-08 08:49:56,714 [INFO]   SLT BILL GENERATOR
2026-07-08 08:49:56,715 [INFO]                                                                       
2026-07-08 08:49:56,715 [INFO]   Inbound folder:  C:\Users\vishm\Downloads\SmartAI_Bill (3)\SmartAI_Bill\data\inbound
2026-07-08 08:49:56,715 [INFO]   Files found:     2
2026-07-08 08:49:56,715 [INFO]   Workers:         7
2026-07-08 08:49:56,716 [INFO]   ZIP batch size:  1500
2026-07-08 08:49:56,716 [INFO]   Log file:        C:\Users\vishm\Downloads\SmartAI_Bill (3)\SmartAI_Bill\logs\slt_bills_20260708_084956.log
2026-07-08 08:49:56,717 [INFO]                                                                       
2026-07-08 08:49:58,196 [INFO] Filtering files for template: usd_open_item
2026-07-08 08:49:58,240 [INFO]   Matched: 1 | Skipped: 1 | Errors: 0
2026-07-08 08:49:58,240 [INFO] 
  Generating 1 'usd_open_item' bills

2026-07-08 08:49:58,242 [INFO]   Temp PDF dir: C:\Users\vishm\AppData\Local\Temp\slt_bills_wit98kf1

2026-07-08 08:49:58,242 [INFO] Starting: 1 files, 7 workers
2026-07-08 08:49:58,595 [INFO]     Progress: 0/1 (0%)
2026-07-08 08:49:58,621 [INFO]   Round 1: 0 success, 1 failed in 0.4s (9521/hr)
2026-07-08 08:49:58,621 [INFO] 
  RETRY 1/3: 1 failed files
2026-07-08 08:49:58,921 [INFO]     Progress: 0/1 (0%)
2026-07-08 08:49:58,952 [INFO]   Retry 1: 0 recovered, 1 still failing
2026-07-08 08:49:58,952 [INFO] 
  RETRY 2/3: 1 failed files
2026-07-08 08:49:59,294 [INFO]     Progress: 0/1 (0%)
2026-07-08 08:49:59,323 [INFO]   Retry 2: 0 recovered, 1 still failing
2026-07-08 08:49:59,327 [INFO] 
Batch complete: 0 success, 1 failed in 1.1s (3320/hr)
2026-07-08 08:49:59,327 [INFO]   1 file(s) failed after 3 attempts
2026-07-08 08:49:59,327 [INFO]     FAILED: 521662_4-21-02-1-USD-103-00-BILL-NONRED_1.1: AttributeError: 'USDOpenItemRenderer' object has no attribute 'save'
2026-07-08 08:49:59,327 [INFO] 
======================================================================
2026-07-08 08:49:59,328 [INFO] PROCESSING SUMMARY
2026-07-08 08:49:59,328 [INFO] ======================================================================
2026-07-08 08:49:59,328 [INFO] Total files:      1
2026-07-08 08:49:59,328 [INFO] Successful:       0
2026-07-08 08:49:59,329 [INFO] Failed:           1
2026-07-08 08:49:59,329 [INFO] Success rate:     0.0%
2026-07-08 08:49:59,330 [INFO] Total duration:   1.09s
2026-07-08 08:49:59,330 [INFO] Rate:             0.92 files/sec
2026-07-08 08:49:59,330 [INFO]                   3,318 files/hour
2026-07-08 08:49:59,331 [INFO] Target:           40,000 files/hour
2026-07-08 08:49:59,331 [INFO] Target met:       NO
2026-07-08 08:49:59,332 [INFO] 
By template:
2026-07-08 08:49:59,332 [INFO]   usd_open_item: 0/1 (avg 14.86ms)
2026-07-08 08:49:59,332 [INFO] ======================================================================

2026-07-08 08:49:59,334 [INFO]   Detailed report: C:\Users\vishm\Downloads\SmartAI_Bill (3)\SmartAI_Bill\logs\stats_20260708_084959.json
2026-07-08 08:49:59,335 [INFO] 

2026-07-08 08:49:59,335 [INFO]   CREATING OUTPUT ZIP
2026-07-08 08:49:59,335 [INFO]                                                                       
2026-07-08 08:49:59,336 [INFO] No PDFs found to zip
2026-07-08 08:49:59,337 [INFO] 
  Total ZIPs created: 0
2026-07-08 08:49:59,337 [INFO]   ZIP output folder: C:\Users\vishm\Downloads\SmartAI_Bill (3)\SmartAI_Bill\output\zips
2026-07-08 08:49:59,338 [INFO] 
  Processing complete

