2026-07-08 00:12:45,806 [INFO]                                                                       
2026-07-08 00:12:45,806 [INFO]   SLT BILL GENERATOR
2026-07-08 00:12:45,806 [INFO]                                                                       
2026-07-08 00:12:45,807 [INFO]   Inbound folder:  C:\Users\vishm\Downloads\SmartAI_Bill (3)\SmartAI_Bill\data\inbound
2026-07-08 00:12:45,807 [INFO]   Files found:     3
2026-07-08 00:12:45,807 [INFO]   Workers:         7
2026-07-08 00:12:45,807 [INFO]   ZIP batch size:  1500
2026-07-08 00:12:45,807 [INFO]   Log file:        C:\Users\vishm\Downloads\SmartAI_Bill (3)\SmartAI_Bill\logs\slt_bills_20260708_001245.log
2026-07-08 00:12:45,807 [INFO]                                                                       
2026-07-08 00:12:48,968 [INFO] Filtering files for template: nonvat_creditnote
2026-07-08 00:12:48,971 [INFO]   Matched: 1 | Skipped: 2 | Errors: 0
2026-07-08 00:12:48,972 [INFO] 
  Generating 1 'nonvat_creditnote' bills

2026-07-08 00:12:48,973 [INFO]   Temp PDF dir: C:\Users\vishm\AppData\Local\Temp\slt_bills_2edtorw1

2026-07-08 00:12:48,974 [INFO] Starting: 1 files, 7 workers
2026-07-08 00:12:49,285 [INFO]     Progress: 1/1 (100%)
2026-07-08 00:12:49,311 [INFO]   Round 1: 1 success, 0 failed in 0.3s (10664/hr)
2026-07-08 00:12:49,315 [INFO] 
Batch complete: 1 success, 0 failed in 0.3s (10553/hr)
2026-07-08 00:12:49,315 [INFO] 
======================================================================
2026-07-08 00:12:49,315 [INFO] PROCESSING SUMMARY
2026-07-08 00:12:49,315 [INFO] ======================================================================
2026-07-08 00:12:49,316 [INFO] Total files:      1
2026-07-08 00:12:49,316 [INFO] Successful:       1
2026-07-08 00:12:49,316 [INFO] Failed:           0
2026-07-08 00:12:49,316 [INFO] Success rate:     100.0%
2026-07-08 00:12:49,316 [INFO] Total duration:   0.34s
2026-07-08 00:12:49,316 [INFO] Rate:             2.93 files/sec
2026-07-08 00:12:49,316 [INFO]                   10,540 files/hour
2026-07-08 00:12:49,316 [INFO] Target:           40,000 files/hour
2026-07-08 00:12:49,317 [INFO] Target met:       NO
2026-07-08 00:12:49,317 [INFO] 
By template:
2026-07-08 00:12:49,317 [INFO]   nonvat_creditnote: 1/1 (avg 45.87ms)
2026-07-08 00:12:49,317 [INFO] ======================================================================

2026-07-08 00:12:49,318 [INFO]   Detailed report: C:\Users\vishm\Downloads\SmartAI_Bill (3)\SmartAI_Bill\logs\stats_20260708_001249.json
2026-07-08 00:12:49,318 [INFO] 

2026-07-08 00:12:49,318 [INFO]   CREATING OUTPUT ZIP
2026-07-08 00:12:49,318 [INFO]                                                                       
2026-07-08 00:12:49,319 [INFO] 
Zipping 1 PDFs in batches of 1500
2026-07-08 00:12:49,340 [INFO]   OK: SLT_BILLS_nonvat_creditnote_0001_20260708_001249.zip (1 PDFs, 0.2 MB)
2026-07-08 00:12:49,341 [INFO] Created 1 ZIP file(s)
2026-07-08 00:12:49,341 [INFO] 
  Total ZIPs created: 1
2026-07-08 00:12:49,341 [INFO]   ZIP output folder: C:\Users\vishm\Downloads\SmartAI_Bill (3)\SmartAI_Bill\output\zips
2026-07-08 00:12:49,342 [INFO] 
  Processing complete

