2026-07-08 09:01:10,880 [INFO]                                                                       
2026-07-08 09:01:10,880 [INFO]   SLT BILL GENERATOR
2026-07-08 09:01:10,880 [INFO]                                                                       
2026-07-08 09:01:10,881 [INFO]   Inbound folder:  C:\Users\vishm\Downloads\SmartAI_Bill (3)\SmartAI_Bill\data\inbound
2026-07-08 09:01:10,881 [INFO]   Files found:     2
2026-07-08 09:01:10,881 [INFO]   Workers:         7
2026-07-08 09:01:10,881 [INFO]   ZIP batch size:  1500
2026-07-08 09:01:10,881 [INFO]   Log file:        C:\Users\vishm\Downloads\SmartAI_Bill (3)\SmartAI_Bill\logs\slt_bills_20260708_090110.log
2026-07-08 09:01:10,882 [INFO]                                                                       
2026-07-08 09:01:12,265 [INFO] Filtering files for template: usd_open_item
2026-07-08 09:01:12,291 [INFO]   Matched: 1 | Skipped: 1 | Errors: 0
2026-07-08 09:01:12,291 [INFO] 
  Generating 1 'usd_open_item' bills

2026-07-08 09:01:12,294 [INFO]   Temp PDF dir: C:\Users\vishm\AppData\Local\Temp\slt_bills_2_4isp41

2026-07-08 09:01:12,294 [INFO] Starting: 1 files, 7 workers
2026-07-08 09:01:12,662 [INFO]     Progress: 1/1 (100%)
2026-07-08 09:01:12,693 [INFO]   Round 1: 1 success, 0 failed in 0.4s (9017/hr)
2026-07-08 09:01:12,697 [INFO] 
Batch complete: 1 success, 0 failed in 0.4s (8941/hr)
2026-07-08 09:01:12,697 [INFO] 
======================================================================
2026-07-08 09:01:12,697 [INFO] PROCESSING SUMMARY
2026-07-08 09:01:12,697 [INFO] ======================================================================
2026-07-08 09:01:12,697 [INFO] Total files:      1
2026-07-08 09:01:12,697 [INFO] Successful:       1
2026-07-08 09:01:12,698 [INFO] Failed:           0
2026-07-08 09:01:12,698 [INFO] Success rate:     100.0%
2026-07-08 09:01:12,698 [INFO] Total duration:   0.4s
2026-07-08 09:01:12,698 [INFO] Rate:             2.48 files/sec
2026-07-08 09:01:12,698 [INFO]                   8,932 files/hour
2026-07-08 09:01:12,698 [INFO] Target:           40,000 files/hour
2026-07-08 09:01:12,698 [INFO] Target met:       NO
2026-07-08 09:01:12,698 [INFO] 
By template:
2026-07-08 09:01:12,699 [INFO]   usd_open_item: 1/1 (avg 27.78ms)
2026-07-08 09:01:12,699 [INFO] ======================================================================

2026-07-08 09:01:12,700 [INFO]   Detailed report: C:\Users\vishm\Downloads\SmartAI_Bill (3)\SmartAI_Bill\logs\stats_20260708_090112.json
2026-07-08 09:01:12,700 [INFO] 

2026-07-08 09:01:12,700 [INFO]   CREATING OUTPUT ZIP
2026-07-08 09:01:12,701 [INFO]                                                                       
2026-07-08 09:01:12,701 [INFO] 
Zipping 1 PDFs in batches of 1500
2026-07-08 09:01:12,734 [INFO]   OK: SLT_BILLS_usd_open_item_0001_20260708_090112.zip (1 PDFs, 0.2 MB)
2026-07-08 09:01:12,735 [INFO] Created 1 ZIP file(s)
2026-07-08 09:01:12,735 [INFO] 
  Total ZIPs created: 1
2026-07-08 09:01:12,736 [INFO]   ZIP output folder: C:\Users\vishm\Downloads\SmartAI_Bill (3)\SmartAI_Bill\output\zips
2026-07-08 09:01:12,736 [INFO] 
  Processing complete

