2026-07-08 09:44:28,298 [INFO]                                                                       
2026-07-08 09:44:28,299 [INFO]   SLT BILL GENERATOR
2026-07-08 09:44:28,299 [INFO]                                                                       
2026-07-08 09:44:28,300 [INFO]   Inbound folder:  C:\Users\vishm\Downloads\SmartAI_Bill (3)\SmartAI_Bill\data\inbound
2026-07-08 09:44:28,300 [INFO]   Files found:     2
2026-07-08 09:44:28,300 [INFO]   Workers:         7
2026-07-08 09:44:28,300 [INFO]   ZIP batch size:  1500
2026-07-08 09:44:28,301 [INFO]   Log file:        C:\Users\vishm\Downloads\SmartAI_Bill (3)\SmartAI_Bill\logs\slt_bills_20260708_094428.log
2026-07-08 09:44:28,301 [INFO]                                                                       
2026-07-08 09:44:30,008 [INFO] Filtering files for template: usd_open_item
2026-07-08 09:44:30,034 [INFO]   Matched: 1 | Skipped: 1 | Errors: 0
2026-07-08 09:44:30,034 [INFO] 
  Generating 1 'usd_open_item' bills

2026-07-08 09:44:30,037 [INFO]   Temp PDF dir: C:\Users\vishm\AppData\Local\Temp\slt_bills_hdba0jhe

2026-07-08 09:44:30,038 [INFO] Starting: 1 files, 7 workers
2026-07-08 09:44:30,425 [INFO]     Progress: 1/1 (100%)
2026-07-08 09:44:30,480 [INFO]   Round 1: 1 success, 0 failed in 0.4s (8135/hr)
2026-07-08 09:44:30,485 [INFO] 
Batch complete: 1 success, 0 failed in 0.4s (8051/hr)
2026-07-08 09:44:30,485 [INFO] 
======================================================================
2026-07-08 09:44:30,485 [INFO] PROCESSING SUMMARY
2026-07-08 09:44:30,486 [INFO] ======================================================================
2026-07-08 09:44:30,486 [INFO] Total files:      1
2026-07-08 09:44:30,486 [INFO] Successful:       1
2026-07-08 09:44:30,486 [INFO] Failed:           0
2026-07-08 09:44:30,486 [INFO] Success rate:     100.0%
2026-07-08 09:44:30,486 [INFO] Total duration:   0.45s
2026-07-08 09:44:30,487 [INFO] Rate:             2.23 files/sec
2026-07-08 09:44:30,487 [INFO]                   8,040 files/hour
2026-07-08 09:44:30,487 [INFO] Target:           40,000 files/hour
2026-07-08 09:44:30,487 [INFO] Target met:       NO
2026-07-08 09:44:30,487 [INFO] 
By template:
2026-07-08 09:44:30,487 [INFO]   usd_open_item: 1/1 (avg 47.19ms)
2026-07-08 09:44:30,488 [INFO] ======================================================================

2026-07-08 09:44:30,489 [INFO]   Detailed report: C:\Users\vishm\Downloads\SmartAI_Bill (3)\SmartAI_Bill\logs\stats_20260708_094430.json
2026-07-08 09:44:30,489 [INFO] 

2026-07-08 09:44:30,489 [INFO]   CREATING OUTPUT ZIP
2026-07-08 09:44:30,489 [INFO]                                                                       
2026-07-08 09:44:30,490 [INFO] 
Zipping 1 PDFs in batches of 1500
2026-07-08 09:44:30,534 [INFO]   OK: SLT_BILLS_usd_open_item_0001_20260708_094430.zip (1 PDFs, 0.2 MB)
2026-07-08 09:44:30,535 [INFO] Created 1 ZIP file(s)
2026-07-08 09:44:30,535 [INFO] 
  Total ZIPs created: 1
2026-07-08 09:44:30,535 [INFO]   ZIP output folder: C:\Users\vishm\Downloads\SmartAI_Bill (3)\SmartAI_Bill\output\zips
2026-07-08 09:44:30,535 [INFO] 
  Processing complete

