2026-07-08 00:14:01,148 [INFO]                                                                       
2026-07-08 00:14:01,148 [INFO]   SLT BILL GENERATOR
2026-07-08 00:14:01,149 [INFO]                                                                       
2026-07-08 00:14:01,149 [INFO]   Inbound folder:  C:\Users\vishm\Downloads\SmartAI_Bill (3)\SmartAI_Bill\data\inbound
2026-07-08 00:14:01,149 [INFO]   Files found:     3
2026-07-08 00:14:01,149 [INFO]   Workers:         7
2026-07-08 00:14:01,149 [INFO]   ZIP batch size:  1500
2026-07-08 00:14:01,149 [INFO]   Log file:        C:\Users\vishm\Downloads\SmartAI_Bill (3)\SmartAI_Bill\logs\slt_bills_20260708_001401.log
2026-07-08 00:14:01,151 [INFO]                                                                       
2026-07-08 00:14:02,563 [INFO] Filtering files for template: nonvat_creditnote
2026-07-08 00:14:02,566 [INFO]   Matched: 1 | Skipped: 2 | Errors: 0
2026-07-08 00:14:02,566 [INFO] 
  Generating 1 'nonvat_creditnote' bills

2026-07-08 00:14:02,568 [INFO]   Temp PDF dir: C:\Users\vishm\AppData\Local\Temp\slt_bills_sglafsnb

2026-07-08 00:14:02,568 [INFO] Starting: 1 files, 7 workers
2026-07-08 00:14:02,843 [INFO]     Progress: 1/1 (100%)
2026-07-08 00:14:02,867 [INFO]   Round 1: 1 success, 0 failed in 0.3s (12032/hr)
2026-07-08 00:14:02,871 [INFO] 
Batch complete: 1 success, 0 failed in 0.3s (11886/hr)
2026-07-08 00:14:02,871 [INFO] 
======================================================================
2026-07-08 00:14:02,871 [INFO] PROCESSING SUMMARY
2026-07-08 00:14:02,872 [INFO] ======================================================================
2026-07-08 00:14:02,872 [INFO] Total files:      1
2026-07-08 00:14:02,872 [INFO] Successful:       1
2026-07-08 00:14:02,872 [INFO] Failed:           0
2026-07-08 00:14:02,872 [INFO] Success rate:     100.0%
2026-07-08 00:14:02,872 [INFO] Total duration:   0.3s
2026-07-08 00:14:02,872 [INFO] Rate:             3.3 files/sec
2026-07-08 00:14:02,872 [INFO]                   11,871 files/hour
2026-07-08 00:14:02,872 [INFO] Target:           40,000 files/hour
2026-07-08 00:14:02,872 [INFO] Target met:       NO
2026-07-08 00:14:02,873 [INFO] 
By template:
2026-07-08 00:14:02,873 [INFO]   nonvat_creditnote: 1/1 (avg 27.1ms)
2026-07-08 00:14:02,873 [INFO] ======================================================================

2026-07-08 00:14:02,874 [INFO]   Detailed report: C:\Users\vishm\Downloads\SmartAI_Bill (3)\SmartAI_Bill\logs\stats_20260708_001402.json
2026-07-08 00:14:02,874 [INFO] 

2026-07-08 00:14:02,874 [INFO]   CREATING OUTPUT ZIP
2026-07-08 00:14:02,874 [INFO]                                                                       
2026-07-08 00:14:02,874 [INFO] 
Zipping 1 PDFs in batches of 1500
2026-07-08 00:14:02,894 [INFO]   OK: SLT_BILLS_nonvat_creditnote_0001_20260708_001402.zip (1 PDFs, 0.2 MB)
2026-07-08 00:14:02,895 [INFO] Created 1 ZIP file(s)
2026-07-08 00:14:02,896 [INFO] 
  Total ZIPs created: 1
2026-07-08 00:14:02,896 [INFO]   ZIP output folder: C:\Users\vishm\Downloads\SmartAI_Bill (3)\SmartAI_Bill\output\zips
2026-07-08 00:14:02,896 [INFO] 
  Processing complete

