2026-07-08 09:39:21,919 [INFO]                                                                       
2026-07-08 09:39:21,920 [INFO]   SLT BILL GENERATOR
2026-07-08 09:39:21,920 [INFO]                                                                       
2026-07-08 09:39:21,920 [INFO]   Inbound folder:  C:\Users\vishm\Downloads\SmartAI_Bill (3)\SmartAI_Bill\data\inbound
2026-07-08 09:39:21,920 [INFO]   Files found:     2
2026-07-08 09:39:21,920 [INFO]   Workers:         7
2026-07-08 09:39:21,920 [INFO]   ZIP batch size:  1500
2026-07-08 09:39:21,921 [INFO]   Log file:        C:\Users\vishm\Downloads\SmartAI_Bill (3)\SmartAI_Bill\logs\slt_bills_20260708_093921.log
2026-07-08 09:39:21,922 [INFO]                                                                       
2026-07-08 09:39:23,317 [INFO] Filtering files for template: usd_open_item
2026-07-08 09:39:23,341 [INFO]   Matched: 1 | Skipped: 1 | Errors: 0
2026-07-08 09:39:23,341 [INFO] 
  Generating 1 'usd_open_item' bills

2026-07-08 09:39:23,344 [INFO]   Temp PDF dir: C:\Users\vishm\AppData\Local\Temp\slt_bills_3vntn_xw

2026-07-08 09:39:23,344 [INFO] Starting: 1 files, 7 workers
2026-07-08 09:39:23,810 [INFO]     Progress: 1/1 (100%)
2026-07-08 09:39:23,846 [INFO]   Round 1: 1 success, 0 failed in 0.5s (7176/hr)
2026-07-08 09:39:23,849 [INFO] 
Batch complete: 1 success, 0 failed in 0.5s (7123/hr)
2026-07-08 09:39:23,850 [INFO] 
======================================================================
2026-07-08 09:39:23,850 [INFO] PROCESSING SUMMARY
2026-07-08 09:39:23,850 [INFO] ======================================================================
2026-07-08 09:39:23,850 [INFO] Total files:      1
2026-07-08 09:39:23,850 [INFO] Successful:       1
2026-07-08 09:39:23,850 [INFO] Failed:           0
2026-07-08 09:39:23,851 [INFO] Success rate:     100.0%
2026-07-08 09:39:23,851 [INFO] Total duration:   0.51s
2026-07-08 09:39:23,851 [INFO] Rate:             1.98 files/sec
2026-07-08 09:39:23,852 [INFO]                   7,116 files/hour
2026-07-08 09:39:23,852 [INFO] Target:           40,000 files/hour
2026-07-08 09:39:23,852 [INFO] Target met:       NO
2026-07-08 09:39:23,852 [INFO] 
By template:
2026-07-08 09:39:23,852 [INFO]   usd_open_item: 1/1 (avg 46.17ms)
2026-07-08 09:39:23,853 [INFO] ======================================================================

2026-07-08 09:39:23,855 [INFO]   Detailed report: C:\Users\vishm\Downloads\SmartAI_Bill (3)\SmartAI_Bill\logs\stats_20260708_093923.json
2026-07-08 09:39:23,855 [INFO] 

2026-07-08 09:39:23,855 [INFO]   CREATING OUTPUT ZIP
2026-07-08 09:39:23,856 [INFO]                                                                       
2026-07-08 09:39:23,856 [INFO] 
Zipping 1 PDFs in batches of 1500
2026-07-08 09:39:23,889 [INFO]   OK: SLT_BILLS_usd_open_item_0001_20260708_093923.zip (1 PDFs, 0.2 MB)
2026-07-08 09:39:23,890 [INFO] Created 1 ZIP file(s)
2026-07-08 09:39:23,890 [INFO] 
  Total ZIPs created: 1
2026-07-08 09:39:23,890 [INFO]   ZIP output folder: C:\Users\vishm\Downloads\SmartAI_Bill (3)\SmartAI_Bill\output\zips
2026-07-08 09:39:23,890 [INFO] 
  Processing complete

