2026-07-08 16:27:14,806 [INFO]                                                                       
2026-07-08 16:27:14,806 [INFO]   SLT BILL GENERATOR
2026-07-08 16:27:14,806 [INFO]                                                                       
2026-07-08 16:27:14,806 [INFO]   Inbound folder:  C:\Users\vishm\Downloads\SmartAI_Bill (3)\SmartAI_Bill\data\inbound
2026-07-08 16:27:14,806 [INFO]   Files found:     2
2026-07-08 16:27:14,806 [INFO]   Workers:         7
2026-07-08 16:27:14,807 [INFO]   ZIP batch size:  1500
2026-07-08 16:27:14,807 [INFO]   Log file:        C:\Users\vishm\Downloads\SmartAI_Bill (3)\SmartAI_Bill\logs\slt_bills_20260708_162714.log
2026-07-08 16:27:14,808 [INFO]                                                                       
2026-07-08 16:27:15,795 [INFO] Filtering files for template: vat_enterprise
2026-07-08 16:27:15,814 [INFO]   Matched: 1 | Skipped: 1 | Errors: 0
2026-07-08 16:27:15,814 [INFO] 
  Generating 1 'vat_enterprise' bills

2026-07-08 16:27:15,817 [INFO]   Temp PDF dir: C:\Users\vishm\AppData\Local\Temp\slt_bills_1qzfnn_v

2026-07-08 16:27:15,817 [INFO] Starting: 1 files, 7 workers
2026-07-08 16:27:16,129 [INFO]     Progress: 1/1 (100%)
2026-07-08 16:27:16,155 [INFO]   Round 1: 1 success, 0 failed in 0.3s (10665/hr)
2026-07-08 16:27:16,158 [INFO] 
Batch complete: 1 success, 0 failed in 0.3s (10572/hr)
2026-07-08 16:27:16,158 [INFO] 
======================================================================
2026-07-08 16:27:16,159 [INFO] PROCESSING SUMMARY
2026-07-08 16:27:16,159 [INFO] ======================================================================
2026-07-08 16:27:16,159 [INFO] Total files:      1
2026-07-08 16:27:16,159 [INFO] Successful:       1
2026-07-08 16:27:16,159 [INFO] Failed:           0
2026-07-08 16:27:16,159 [INFO] Success rate:     100.0%
2026-07-08 16:27:16,159 [INFO] Total duration:   0.34s
2026-07-08 16:27:16,159 [INFO] Rate:             2.93 files/sec
2026-07-08 16:27:16,159 [INFO]                   10,554 files/hour
2026-07-08 16:27:16,159 [INFO] Target:           40,000 files/hour
2026-07-08 16:27:16,160 [INFO] Target met:       NO
2026-07-08 16:27:16,160 [INFO] 
By template:
2026-07-08 16:27:16,160 [INFO]   vat_enterprise: 1/1 (avg 57.14ms)
2026-07-08 16:27:16,160 [INFO] ======================================================================

2026-07-08 16:27:16,161 [INFO]   Detailed report: C:\Users\vishm\Downloads\SmartAI_Bill (3)\SmartAI_Bill\logs\stats_20260708_162716.json
2026-07-08 16:27:16,161 [INFO] 

2026-07-08 16:27:16,161 [INFO]   CREATING OUTPUT ZIP
2026-07-08 16:27:16,161 [INFO]                                                                       
2026-07-08 16:27:16,162 [INFO] 
Zipping 1 PDFs in batches of 1500
2026-07-08 16:27:16,240 [INFO]   OK: SLT_BILLS_vat_enterprise_0001_20260708_162716.zip (1 PDFs, 0.3 MB)
2026-07-08 16:27:16,241 [INFO] Created 1 ZIP file(s)
2026-07-08 16:27:16,241 [INFO] 
  Total ZIPs created: 1
2026-07-08 16:27:16,241 [INFO]   ZIP output folder: C:\Users\vishm\Downloads\SmartAI_Bill (3)\SmartAI_Bill\output\zips
2026-07-08 16:27:16,241 [INFO] 
  Processing complete

