2026-07-08 13:40:36,252 [INFO]                                                                       
2026-07-08 13:40:36,252 [INFO]   SLT BILL GENERATOR
2026-07-08 13:40:36,252 [INFO]                                                                       
2026-07-08 13:40:36,253 [INFO]   Inbound folder:  C:\Users\vishm\Downloads\SmartAI_Bill (3)\SmartAI_Bill\data\inbound
2026-07-08 13:40:36,253 [INFO]   Files found:     2
2026-07-08 13:40:36,253 [INFO]   Workers:         7
2026-07-08 13:40:36,253 [INFO]   ZIP batch size:  1500
2026-07-08 13:40:36,253 [INFO]   Log file:        C:\Users\vishm\Downloads\SmartAI_Bill (3)\SmartAI_Bill\logs\slt_bills_20260708_134036.log
2026-07-08 13:40:36,254 [INFO]                                                                       
2026-07-08 13:40:37,473 [INFO] Filtering files for template: vat_enterprise
2026-07-08 13:40:37,491 [INFO]   Matched: 1 | Skipped: 1 | Errors: 0
2026-07-08 13:40:37,492 [INFO] 
  Generating 1 'vat_enterprise' bills

2026-07-08 13:40:37,495 [INFO]   Temp PDF dir: C:\Users\vishm\AppData\Local\Temp\slt_bills_2omhc024

2026-07-08 13:40:37,495 [INFO] Starting: 1 files, 7 workers
2026-07-08 13:40:37,818 [INFO]     Progress: 1/1 (100%)
2026-07-08 13:40:37,847 [INFO]   Round 1: 1 success, 0 failed in 0.4s (10245/hr)
2026-07-08 13:40:37,850 [INFO] 
Batch complete: 1 success, 0 failed in 0.4s (10144/hr)
2026-07-08 13:40:37,850 [INFO] 
======================================================================
2026-07-08 13:40:37,850 [INFO] PROCESSING SUMMARY
2026-07-08 13:40:37,851 [INFO] ======================================================================
2026-07-08 13:40:37,851 [INFO] Total files:      1
2026-07-08 13:40:37,851 [INFO] Successful:       1
2026-07-08 13:40:37,851 [INFO] Failed:           0
2026-07-08 13:40:37,851 [INFO] Success rate:     100.0%
2026-07-08 13:40:37,851 [INFO] Total duration:   0.36s
2026-07-08 13:40:37,851 [INFO] Rate:             2.81 files/sec
2026-07-08 13:40:37,852 [INFO]                   10,131 files/hour
2026-07-08 13:40:37,852 [INFO] Target:           40,000 files/hour
2026-07-08 13:40:37,852 [INFO] Target met:       NO
2026-07-08 13:40:37,852 [INFO] 
By template:
2026-07-08 13:40:37,852 [INFO]   vat_enterprise: 1/1 (avg 59.02ms)
2026-07-08 13:40:37,852 [INFO] ======================================================================

2026-07-08 13:40:37,853 [INFO]   Detailed report: C:\Users\vishm\Downloads\SmartAI_Bill (3)\SmartAI_Bill\logs\stats_20260708_134037.json
2026-07-08 13:40:37,853 [INFO] 

2026-07-08 13:40:37,853 [INFO]   CREATING OUTPUT ZIP
2026-07-08 13:40:37,854 [INFO]                                                                       
2026-07-08 13:40:37,854 [INFO] 
Zipping 1 PDFs in batches of 1500
2026-07-08 13:40:37,878 [INFO]   OK: SLT_BILLS_vat_enterprise_0001_20260708_134037.zip (1 PDFs, 0.3 MB)
2026-07-08 13:40:37,879 [INFO] Created 1 ZIP file(s)
2026-07-08 13:40:37,879 [INFO] 
  Total ZIPs created: 1
2026-07-08 13:40:37,879 [INFO]   ZIP output folder: C:\Users\vishm\Downloads\SmartAI_Bill (3)\SmartAI_Bill\output\zips
2026-07-08 13:40:37,879 [INFO] 
  Processing complete

