2026-07-08 00:16:33,266 [INFO]                                                                       
2026-07-08 00:16:33,266 [INFO]   SLT BILL GENERATOR
2026-07-08 00:16:33,266 [INFO]                                                                       
2026-07-08 00:16:33,266 [INFO]   Inbound folder:  C:\Users\vishm\Downloads\SmartAI_Bill (3)\SmartAI_Bill\data\inbound
2026-07-08 00:16:33,266 [INFO]   Files found:     3
2026-07-08 00:16:33,266 [INFO]   Workers:         7
2026-07-08 00:16:33,266 [INFO]   ZIP batch size:  1500
2026-07-08 00:16:33,267 [INFO]   Log file:        C:\Users\vishm\Downloads\SmartAI_Bill (3)\SmartAI_Bill\logs\slt_bills_20260708_001633.log
2026-07-08 00:16:33,267 [INFO]                                                                       
2026-07-08 00:16:34,960 [INFO] Filtering files for template: nonvat_creditnote
2026-07-08 00:16:34,963 [INFO]   Matched: 1 | Skipped: 2 | Errors: 0
2026-07-08 00:16:34,963 [INFO] 
  Generating 1 'nonvat_creditnote' bills

2026-07-08 00:16:34,965 [INFO]   Temp PDF dir: C:\Users\vishm\AppData\Local\Temp\slt_bills_tacaeoab

2026-07-08 00:16:34,965 [INFO] Starting: 1 files, 7 workers
2026-07-08 00:16:35,270 [INFO]     Progress: 1/1 (100%)
2026-07-08 00:16:35,296 [INFO]   Round 1: 1 success, 0 failed in 0.3s (10895/hr)
2026-07-08 00:16:35,299 [INFO] 
Batch complete: 1 success, 0 failed in 0.3s (10784/hr)
2026-07-08 00:16:35,300 [INFO] 
======================================================================
2026-07-08 00:16:35,300 [INFO] PROCESSING SUMMARY
2026-07-08 00:16:35,300 [INFO] ======================================================================
2026-07-08 00:16:35,300 [INFO] Total files:      1
2026-07-08 00:16:35,300 [INFO] Successful:       1
2026-07-08 00:16:35,300 [INFO] Failed:           0
2026-07-08 00:16:35,300 [INFO] Success rate:     100.0%
2026-07-08 00:16:35,300 [INFO] Total duration:   0.33s
2026-07-08 00:16:35,300 [INFO] Rate:             2.99 files/sec
2026-07-08 00:16:35,301 [INFO]                   10,769 files/hour
2026-07-08 00:16:35,301 [INFO] Target:           40,000 files/hour
2026-07-08 00:16:35,301 [INFO] Target met:       NO
2026-07-08 00:16:35,301 [INFO] 
By template:
2026-07-08 00:16:35,301 [INFO]   nonvat_creditnote: 1/1 (avg 28.7ms)
2026-07-08 00:16:35,301 [INFO] ======================================================================

2026-07-08 00:16:35,302 [INFO]   Detailed report: C:\Users\vishm\Downloads\SmartAI_Bill (3)\SmartAI_Bill\logs\stats_20260708_001635.json
2026-07-08 00:16:35,302 [INFO] 

2026-07-08 00:16:35,302 [INFO]   CREATING OUTPUT ZIP
2026-07-08 00:16:35,303 [INFO]                                                                       
2026-07-08 00:16:35,303 [INFO] 
Zipping 1 PDFs in batches of 1500
2026-07-08 00:16:35,323 [INFO]   OK: SLT_BILLS_nonvat_creditnote_0001_20260708_001635.zip (1 PDFs, 0.2 MB)
2026-07-08 00:16:35,323 [INFO] Created 1 ZIP file(s)
2026-07-08 00:16:35,323 [INFO] 
  Total ZIPs created: 1
2026-07-08 00:16:35,323 [INFO]   ZIP output folder: C:\Users\vishm\Downloads\SmartAI_Bill (3)\SmartAI_Bill\output\zips
2026-07-08 00:16:35,324 [INFO] 
  Processing complete

