2026-07-08 16:40:52,562 [INFO]                                                                       
2026-07-08 16:40:52,563 [INFO]   SLT BILL GENERATOR
2026-07-08 16:40:52,563 [INFO]                                                                       
2026-07-08 16:40:52,563 [INFO]   Inbound folder:  C:\Users\vishm\Downloads\SmartAI_Bill (3)\SmartAI_Bill\data\inbound
2026-07-08 16:40:52,563 [INFO]   Files found:     2
2026-07-08 16:40:52,563 [INFO]   Workers:         7
2026-07-08 16:40:52,563 [INFO]   ZIP batch size:  1500
2026-07-08 16:40:52,564 [INFO]   Log file:        C:\Users\vishm\Downloads\SmartAI_Bill (3)\SmartAI_Bill\logs\slt_bills_20260708_164052.log
2026-07-08 16:40:52,565 [INFO]                                                                       
2026-07-08 16:40:53,819 [INFO] Filtering files for template: vat_enterprise
2026-07-08 16:40:53,836 [INFO]   Matched: 1 | Skipped: 1 | Errors: 0
2026-07-08 16:40:53,836 [INFO] 
  Generating 1 'vat_enterprise' bills

2026-07-08 16:40:53,838 [INFO]   Temp PDF dir: C:\Users\vishm\AppData\Local\Temp\slt_bills_zdbxlmh9

2026-07-08 16:40:53,838 [INFO] Starting: 1 files, 7 workers
2026-07-08 16:40:54,096 [INFO]     Progress: 0/1 (0%)
2026-07-08 16:40:54,120 [INFO]   Round 1: 0 success, 1 failed in 0.3s (12779/hr)
2026-07-08 16:40:54,120 [INFO] 
  RETRY 1/3: 1 failed files
2026-07-08 16:40:54,369 [INFO]     Progress: 0/1 (0%)
2026-07-08 16:40:54,399 [INFO]   Retry 1: 0 recovered, 1 still failing
2026-07-08 16:40:54,399 [INFO] 
  RETRY 2/3: 1 failed files
2026-07-08 16:40:54,668 [INFO]     Progress: 0/1 (0%)
2026-07-08 16:40:54,693 [INFO]   Retry 2: 0 recovered, 1 still failing
2026-07-08 16:40:54,694 [INFO] 
Batch complete: 0 success, 1 failed in 0.9s (4208/hr)
2026-07-08 16:40:54,694 [INFO]   1 file(s) failed after 3 attempts
2026-07-08 16:40:54,694 [INFO]     FAILED: 520326_1-1-02-1-LKR-101-1-BILL-NONRED_1.7: ValueError: could not convert string to float: ''
2026-07-08 16:40:54,694 [INFO] 
======================================================================
2026-07-08 16:40:54,694 [INFO] PROCESSING SUMMARY
2026-07-08 16:40:54,694 [INFO] ======================================================================
2026-07-08 16:40:54,694 [INFO] Total files:      1
2026-07-08 16:40:54,695 [INFO] Successful:       0
2026-07-08 16:40:54,695 [INFO] Failed:           1
2026-07-08 16:40:54,695 [INFO] Success rate:     0.0%
2026-07-08 16:40:54,695 [INFO] Total duration:   0.86s
2026-07-08 16:40:54,695 [INFO] Rate:             1.17 files/sec
2026-07-08 16:40:54,695 [INFO]                   4,206 files/hour
2026-07-08 16:40:54,695 [INFO] Target:           40,000 files/hour
2026-07-08 16:40:54,695 [INFO] Target met:       NO
2026-07-08 16:40:54,696 [INFO] 
By template:
2026-07-08 16:40:54,696 [INFO]   vat_enterprise: 0/1 (avg 3.8ms)
2026-07-08 16:40:54,696 [INFO] ======================================================================

2026-07-08 16:40:54,697 [INFO]   Detailed report: C:\Users\vishm\Downloads\SmartAI_Bill (3)\SmartAI_Bill\logs\stats_20260708_164054.json
2026-07-08 16:40:54,697 [INFO] 

2026-07-08 16:40:54,697 [INFO]   CREATING OUTPUT ZIP
2026-07-08 16:40:54,698 [INFO]                                                                       
2026-07-08 16:40:54,698 [INFO] No PDFs found to zip
2026-07-08 16:40:54,698 [INFO] 
  Total ZIPs created: 0
2026-07-08 16:40:54,698 [INFO]   ZIP output folder: C:\Users\vishm\Downloads\SmartAI_Bill (3)\SmartAI_Bill\output\zips
2026-07-08 16:40:54,698 [INFO] 
  Processing complete

