2026-07-08 15:33:28,486 [INFO]                                                                       
2026-07-08 15:33:28,486 [INFO]   SLT BILL GENERATOR
2026-07-08 15:33:28,487 [INFO]                                                                       
2026-07-08 15:33:28,487 [INFO]   Inbound folder:  C:\Users\vishm\Downloads\SmartAI_Bill (3)\SmartAI_Bill\data\inbound
2026-07-08 15:33:28,487 [INFO]   Files found:     2
2026-07-08 15:33:28,487 [INFO]   Workers:         7
2026-07-08 15:33:28,487 [INFO]   ZIP batch size:  1500
2026-07-08 15:33:28,487 [INFO]   Log file:        C:\Users\vishm\Downloads\SmartAI_Bill (3)\SmartAI_Bill\logs\slt_bills_20260708_153328.log
2026-07-08 15:33:28,489 [INFO]                                                                       
2026-07-08 15:33:29,892 [INFO] Filtering files for template: vat_enterprise
2026-07-08 15:33:29,910 [INFO]   Matched: 1 | Skipped: 1 | Errors: 0
2026-07-08 15:33:29,910 [INFO] 
  Generating 1 'vat_enterprise' bills

2026-07-08 15:33:29,912 [INFO]   Temp PDF dir: C:\Users\vishm\AppData\Local\Temp\slt_bills_vroc74lo

2026-07-08 15:33:29,912 [INFO] Starting: 1 files, 7 workers
2026-07-08 15:33:30,204 [INFO]     Progress: 1/1 (100%)
2026-07-08 15:33:30,233 [INFO]   Round 1: 1 success, 0 failed in 0.3s (11231/hr)
2026-07-08 15:33:30,236 [INFO] 
Batch complete: 1 success, 0 failed in 0.3s (11123/hr)
2026-07-08 15:33:30,236 [INFO] 
======================================================================
2026-07-08 15:33:30,236 [INFO] PROCESSING SUMMARY
2026-07-08 15:33:30,236 [INFO] ======================================================================
2026-07-08 15:33:30,236 [INFO] Total files:      1
2026-07-08 15:33:30,237 [INFO] Successful:       1
2026-07-08 15:33:30,237 [INFO] Failed:           0
2026-07-08 15:33:30,237 [INFO] Success rate:     100.0%
2026-07-08 15:33:30,237 [INFO] Total duration:   0.32s
2026-07-08 15:33:30,237 [INFO] Rate:             3.09 files/sec
2026-07-08 15:33:30,237 [INFO]                   11,111 files/hour
2026-07-08 15:33:30,238 [INFO] Target:           40,000 files/hour
2026-07-08 15:33:30,238 [INFO] Target met:       NO
2026-07-08 15:33:30,238 [INFO] 
By template:
2026-07-08 15:33:30,238 [INFO]   vat_enterprise: 1/1 (avg 40.72ms)
2026-07-08 15:33:30,238 [INFO] ======================================================================

2026-07-08 15:33:30,239 [INFO]   Detailed report: C:\Users\vishm\Downloads\SmartAI_Bill (3)\SmartAI_Bill\logs\stats_20260708_153330.json
2026-07-08 15:33:30,239 [INFO] 

2026-07-08 15:33:30,239 [INFO]   CREATING OUTPUT ZIP
2026-07-08 15:33:30,239 [INFO]                                                                       
2026-07-08 15:33:30,239 [INFO] 
Zipping 1 PDFs in batches of 1500
2026-07-08 15:33:30,264 [INFO]   OK: SLT_BILLS_vat_enterprise_0001_20260708_153330.zip (1 PDFs, 0.3 MB)
2026-07-08 15:33:30,265 [INFO] Created 1 ZIP file(s)
2026-07-08 15:33:30,265 [INFO] 
  Total ZIPs created: 1
2026-07-08 15:33:30,266 [INFO]   ZIP output folder: C:\Users\vishm\Downloads\SmartAI_Bill (3)\SmartAI_Bill\output\zips
2026-07-08 15:33:30,266 [INFO] 
  Processing complete

