2026-07-08 13:00:57,505 [INFO]                                                                       
2026-07-08 13:00:57,506 [INFO]   SLT BILL GENERATOR
2026-07-08 13:00:57,506 [INFO]                                                                       
2026-07-08 13:00:57,506 [INFO]   Inbound folder:  C:\Users\vishm\Downloads\SmartAI_Bill (3)\SmartAI_Bill\data\inbound
2026-07-08 13:00:57,506 [INFO]   Files found:     2
2026-07-08 13:00:57,506 [INFO]   Workers:         7
2026-07-08 13:00:57,506 [INFO]   ZIP batch size:  1500
2026-07-08 13:00:57,507 [INFO]   Log file:        C:\Users\vishm\Downloads\SmartAI_Bill (3)\SmartAI_Bill\logs\slt_bills_20260708_130057.log
2026-07-08 13:00:57,508 [INFO]                                                                       
2026-07-08 13:00:58,977 [INFO] Filtering files for template: vat_enterprise
2026-07-08 13:00:58,988 [INFO]   Matched: 1 | Skipped: 1 | Errors: 0
2026-07-08 13:00:58,988 [INFO] 
  Generating 1 'vat_enterprise' bills

2026-07-08 13:00:58,990 [INFO]   Temp PDF dir: C:\Users\vishm\AppData\Local\Temp\slt_bills_hr94b0t6

2026-07-08 13:00:58,991 [INFO] Starting: 1 files, 7 workers
2026-07-08 13:00:59,390 [INFO]     Progress: 1/1 (100%)
2026-07-08 13:00:59,432 [INFO]   Round 1: 1 success, 0 failed in 0.4s (8166/hr)
2026-07-08 13:00:59,436 [INFO] 
Batch complete: 1 success, 0 failed in 0.4s (8082/hr)
2026-07-08 13:00:59,437 [INFO] 
======================================================================
2026-07-08 13:00:59,437 [INFO] PROCESSING SUMMARY
2026-07-08 13:00:59,437 [INFO] ======================================================================
2026-07-08 13:00:59,437 [INFO] Total files:      1
2026-07-08 13:00:59,438 [INFO] Successful:       1
2026-07-08 13:00:59,438 [INFO] Failed:           0
2026-07-08 13:00:59,438 [INFO] Success rate:     100.0%
2026-07-08 13:00:59,438 [INFO] Total duration:   0.45s
2026-07-08 13:00:59,438 [INFO] Rate:             2.24 files/sec
2026-07-08 13:00:59,438 [INFO]                   8,068 files/hour
2026-07-08 13:00:59,438 [INFO] Target:           40,000 files/hour
2026-07-08 13:00:59,438 [INFO] Target met:       NO
2026-07-08 13:00:59,439 [INFO] 
By template:
2026-07-08 13:00:59,439 [INFO]   vat_enterprise: 1/1 (avg 73.14ms)
2026-07-08 13:00:59,439 [INFO] ======================================================================

2026-07-08 13:00:59,440 [INFO]   Detailed report: C:\Users\vishm\Downloads\SmartAI_Bill (3)\SmartAI_Bill\logs\stats_20260708_130059.json
2026-07-08 13:00:59,440 [INFO] 

2026-07-08 13:00:59,440 [INFO]   CREATING OUTPUT ZIP
2026-07-08 13:00:59,440 [INFO]                                                                       
2026-07-08 13:00:59,441 [INFO] 
Zipping 1 PDFs in batches of 1500
2026-07-08 13:00:59,479 [INFO]   OK: SLT_BILLS_vat_enterprise_0001_20260708_130059.zip (1 PDFs, 0.3 MB)
2026-07-08 13:00:59,480 [INFO] Created 1 ZIP file(s)
2026-07-08 13:00:59,480 [INFO] 
  Total ZIPs created: 1
2026-07-08 13:00:59,480 [INFO]   ZIP output folder: C:\Users\vishm\Downloads\SmartAI_Bill (3)\SmartAI_Bill\output\zips
2026-07-08 13:00:59,480 [INFO] 
  Processing complete

