2026-07-08 12:28:10,195 [INFO]                                                                       
2026-07-08 12:28:10,195 [INFO]   SLT BILL GENERATOR
2026-07-08 12:28:10,196 [INFO]                                                                       
2026-07-08 12:28:10,196 [INFO]   Inbound folder:  C:\Users\vishm\Downloads\SmartAI_Bill (3)\SmartAI_Bill\data\inbound
2026-07-08 12:28:10,196 [INFO]   Files found:     2
2026-07-08 12:28:10,196 [INFO]   Workers:         7
2026-07-08 12:28:10,196 [INFO]   ZIP batch size:  1500
2026-07-08 12:28:10,196 [INFO]   Log file:        C:\Users\vishm\Downloads\SmartAI_Bill (3)\SmartAI_Bill\logs\slt_bills_20260708_122810.log
2026-07-08 12:28:10,198 [INFO]                                                                       
2026-07-08 12:28:11,487 [INFO] Filtering files for template: vat_enterprise
2026-07-08 12:28:11,504 [INFO]   Matched: 1 | Skipped: 1 | Errors: 0
2026-07-08 12:28:11,504 [INFO] 
  Generating 1 'vat_enterprise' bills

2026-07-08 12:28:11,506 [INFO]   Temp PDF dir: C:\Users\vishm\AppData\Local\Temp\slt_bills_ni2gbu9v

2026-07-08 12:28:11,506 [INFO] Starting: 1 files, 7 workers
2026-07-08 12:28:11,800 [INFO]     Progress: 1/1 (100%)
2026-07-08 12:28:11,831 [INFO]   Round 1: 1 success, 0 failed in 0.3s (11089/hr)
2026-07-08 12:28:11,834 [INFO] 
Batch complete: 1 success, 0 failed in 0.3s (10987/hr)
2026-07-08 12:28:11,834 [INFO] 
======================================================================
2026-07-08 12:28:11,834 [INFO] PROCESSING SUMMARY
2026-07-08 12:28:11,835 [INFO] ======================================================================
2026-07-08 12:28:11,835 [INFO] Total files:      1
2026-07-08 12:28:11,835 [INFO] Successful:       1
2026-07-08 12:28:11,835 [INFO] Failed:           0
2026-07-08 12:28:11,835 [INFO] Success rate:     100.0%
2026-07-08 12:28:11,835 [INFO] Total duration:   0.33s
2026-07-08 12:28:11,835 [INFO] Rate:             3.05 files/sec
2026-07-08 12:28:11,835 [INFO]                   10,976 files/hour
2026-07-08 12:28:11,835 [INFO] Target:           40,000 files/hour
2026-07-08 12:28:11,836 [INFO] Target met:       NO
2026-07-08 12:28:11,836 [INFO] 
By template:
2026-07-08 12:28:11,836 [INFO]   vat_enterprise: 1/1 (avg 53.82ms)
2026-07-08 12:28:11,836 [INFO] ======================================================================

2026-07-08 12:28:11,838 [INFO]   Detailed report: C:\Users\vishm\Downloads\SmartAI_Bill (3)\SmartAI_Bill\logs\stats_20260708_122811.json
2026-07-08 12:28:11,838 [INFO] 

2026-07-08 12:28:11,838 [INFO]   CREATING OUTPUT ZIP
2026-07-08 12:28:11,839 [INFO]                                                                       
2026-07-08 12:28:11,839 [INFO] 
Zipping 1 PDFs in batches of 1500
2026-07-08 12:28:11,862 [INFO]   OK: SLT_BILLS_vat_enterprise_0001_20260708_122811.zip (1 PDFs, 0.3 MB)
2026-07-08 12:28:11,863 [INFO] Created 1 ZIP file(s)
2026-07-08 12:28:11,863 [INFO] 
  Total ZIPs created: 1
2026-07-08 12:28:11,864 [INFO]   ZIP output folder: C:\Users\vishm\Downloads\SmartAI_Bill (3)\SmartAI_Bill\output\zips
2026-07-08 12:28:11,864 [INFO] 
  Processing complete

