2026-07-08 13:54:48,930 [INFO]                                                                       
2026-07-08 13:54:48,930 [INFO]   SLT BILL GENERATOR
2026-07-08 13:54:48,930 [INFO]                                                                       
2026-07-08 13:54:48,930 [INFO]   Inbound folder:  C:\Users\vishm\Downloads\SmartAI_Bill (3)\SmartAI_Bill\data\inbound
2026-07-08 13:54:48,930 [INFO]   Files found:     2
2026-07-08 13:54:48,931 [INFO]   Workers:         7
2026-07-08 13:54:48,931 [INFO]   ZIP batch size:  1500
2026-07-08 13:54:48,931 [INFO]   Log file:        C:\Users\vishm\Downloads\SmartAI_Bill (3)\SmartAI_Bill\logs\slt_bills_20260708_135448.log
2026-07-08 13:54:48,932 [INFO]                                                                       
2026-07-08 13:54:50,505 [INFO] Filtering files for template: vat_enterprise
2026-07-08 13:54:50,524 [INFO]   Matched: 1 | Skipped: 1 | Errors: 0
2026-07-08 13:54:50,524 [INFO] 
  Generating 1 'vat_enterprise' bills

2026-07-08 13:54:50,525 [INFO]   Temp PDF dir: C:\Users\vishm\AppData\Local\Temp\slt_bills_dnnr45_v

2026-07-08 13:54:50,526 [INFO] Starting: 1 files, 7 workers
2026-07-08 13:54:50,860 [INFO]     Progress: 1/1 (100%)
2026-07-08 13:54:50,906 [INFO]   Round 1: 1 success, 0 failed in 0.4s (9475/hr)
2026-07-08 13:54:50,910 [INFO] 
Batch complete: 1 success, 0 failed in 0.4s (9381/hr)
2026-07-08 13:54:50,910 [INFO] 
======================================================================
2026-07-08 13:54:50,910 [INFO] PROCESSING SUMMARY
2026-07-08 13:54:50,910 [INFO] ======================================================================
2026-07-08 13:54:50,910 [INFO] Total files:      1
2026-07-08 13:54:50,910 [INFO] Successful:       1
2026-07-08 13:54:50,910 [INFO] Failed:           0
2026-07-08 13:54:50,911 [INFO] Success rate:     100.0%
2026-07-08 13:54:50,911 [INFO] Total duration:   0.38s
2026-07-08 13:54:50,911 [INFO] Rate:             2.6 files/sec
2026-07-08 13:54:50,911 [INFO]                   9,370 files/hour
2026-07-08 13:54:50,911 [INFO] Target:           40,000 files/hour
2026-07-08 13:54:50,911 [INFO] Target met:       NO
2026-07-08 13:54:50,911 [INFO] 
By template:
2026-07-08 13:54:50,911 [INFO]   vat_enterprise: 1/1 (avg 67.48ms)
2026-07-08 13:54:50,912 [INFO] ======================================================================

2026-07-08 13:54:50,913 [INFO]   Detailed report: C:\Users\vishm\Downloads\SmartAI_Bill (3)\SmartAI_Bill\logs\stats_20260708_135450.json
2026-07-08 13:54:50,913 [INFO] 

2026-07-08 13:54:50,913 [INFO]   CREATING OUTPUT ZIP
2026-07-08 13:54:50,913 [INFO]                                                                       
2026-07-08 13:54:50,914 [INFO] 
Zipping 1 PDFs in batches of 1500
2026-07-08 13:54:50,946 [INFO]   OK: SLT_BILLS_vat_enterprise_0001_20260708_135450.zip (1 PDFs, 0.3 MB)
2026-07-08 13:54:50,947 [INFO] Created 1 ZIP file(s)
2026-07-08 13:54:50,947 [INFO] 
  Total ZIPs created: 1
2026-07-08 13:54:50,947 [INFO]   ZIP output folder: C:\Users\vishm\Downloads\SmartAI_Bill (3)\SmartAI_Bill\output\zips
2026-07-08 13:54:50,947 [INFO] 
  Processing complete

