2026-07-08 11:39:02,320 [INFO]                                                                       
2026-07-08 11:39:02,320 [INFO]   SLT BILL GENERATOR
2026-07-08 11:39:02,320 [INFO]                                                                       
2026-07-08 11:39:02,321 [INFO]   Inbound folder:  C:\Users\vishm\Downloads\SmartAI_Bill (3)\SmartAI_Bill\data\inbound
2026-07-08 11:39:02,321 [INFO]   Files found:     2
2026-07-08 11:39:02,321 [INFO]   Workers:         7
2026-07-08 11:39:02,321 [INFO]   ZIP batch size:  1500
2026-07-08 11:39:02,321 [INFO]   Log file:        C:\Users\vishm\Downloads\SmartAI_Bill (3)\SmartAI_Bill\logs\slt_bills_20260708_113902.log
2026-07-08 11:39:02,322 [INFO]                                                                       
2026-07-08 11:39:04,860 [INFO] Filtering files for template: vat_enterprise
2026-07-08 11:39:04,924 [INFO]   Matched: 1 | Skipped: 1 | Errors: 0
2026-07-08 11:39:04,928 [INFO] 
  Generating 1 'vat_enterprise' bills

2026-07-08 11:39:04,931 [INFO]   Temp PDF dir: C:\Users\vishm\AppData\Local\Temp\slt_bills_srtshvmp

2026-07-08 11:39:04,932 [INFO] Starting: 1 files, 7 workers
2026-07-08 11:39:05,219 [INFO]     Progress: 1/1 (100%)
2026-07-08 11:39:05,247 [INFO]   Round 1: 1 success, 0 failed in 0.3s (11416/hr)
2026-07-08 11:39:05,250 [INFO] 
Batch complete: 1 success, 0 failed in 0.3s (11316/hr)
2026-07-08 11:39:05,250 [INFO] 
======================================================================
2026-07-08 11:39:05,251 [INFO] PROCESSING SUMMARY
2026-07-08 11:39:05,251 [INFO] ======================================================================
2026-07-08 11:39:05,251 [INFO] Total files:      1
2026-07-08 11:39:05,251 [INFO] Successful:       1
2026-07-08 11:39:05,251 [INFO] Failed:           0
2026-07-08 11:39:05,251 [INFO] Success rate:     100.0%
2026-07-08 11:39:05,251 [INFO] Total duration:   0.32s
2026-07-08 11:39:05,251 [INFO] Rate:             3.14 files/sec
2026-07-08 11:39:05,251 [INFO]                   11,294 files/hour
2026-07-08 11:39:05,251 [INFO] Target:           40,000 files/hour
2026-07-08 11:39:05,252 [INFO] Target met:       NO
2026-07-08 11:39:05,252 [INFO] 
By template:
2026-07-08 11:39:05,252 [INFO]   vat_enterprise: 1/1 (avg 49.86ms)
2026-07-08 11:39:05,252 [INFO] ======================================================================

2026-07-08 11:39:05,253 [INFO]   Detailed report: C:\Users\vishm\Downloads\SmartAI_Bill (3)\SmartAI_Bill\logs\stats_20260708_113905.json
2026-07-08 11:39:05,253 [INFO] 

2026-07-08 11:39:05,253 [INFO]   CREATING OUTPUT ZIP
2026-07-08 11:39:05,253 [INFO]                                                                       
2026-07-08 11:39:05,253 [INFO] 
Zipping 1 PDFs in batches of 1500
2026-07-08 11:39:05,277 [INFO]   OK: SLT_BILLS_vat_enterprise_0001_20260708_113905.zip (1 PDFs, 0.3 MB)
2026-07-08 11:39:05,278 [INFO] Created 1 ZIP file(s)
2026-07-08 11:39:05,278 [INFO] 
  Total ZIPs created: 1
2026-07-08 11:39:05,278 [INFO]   ZIP output folder: C:\Users\vishm\Downloads\SmartAI_Bill (3)\SmartAI_Bill\output\zips
2026-07-08 11:39:05,278 [INFO] 
  Processing complete

