2026-07-08 12:25:55,326 [INFO]                                                                       
2026-07-08 12:25:55,326 [INFO]   SLT BILL GENERATOR
2026-07-08 12:25:55,327 [INFO]                                                                       
2026-07-08 12:25:55,327 [INFO]   Inbound folder:  C:\Users\vishm\Downloads\SmartAI_Bill (3)\SmartAI_Bill\data\inbound
2026-07-08 12:25:55,327 [INFO]   Files found:     2
2026-07-08 12:25:55,327 [INFO]   Workers:         7
2026-07-08 12:25:55,327 [INFO]   ZIP batch size:  1500
2026-07-08 12:25:55,327 [INFO]   Log file:        C:\Users\vishm\Downloads\SmartAI_Bill (3)\SmartAI_Bill\logs\slt_bills_20260708_122555.log
2026-07-08 12:25:55,329 [INFO]                                                                       
2026-07-08 12:25:56,772 [INFO] Filtering files for template: vat_enterprise
2026-07-08 12:25:56,789 [INFO]   Matched: 1 | Skipped: 1 | Errors: 0
2026-07-08 12:25:56,790 [INFO] 
  Generating 1 'vat_enterprise' bills

2026-07-08 12:25:56,792 [INFO]   Temp PDF dir: C:\Users\vishm\AppData\Local\Temp\slt_bills_6nta5p21

2026-07-08 12:25:56,793 [INFO] Starting: 1 files, 7 workers
2026-07-08 12:25:57,079 [INFO]     Progress: 1/1 (100%)
2026-07-08 12:25:57,107 [INFO]   Round 1: 1 success, 0 failed in 0.3s (11447/hr)
2026-07-08 12:25:57,111 [INFO] 
Batch complete: 1 success, 0 failed in 0.3s (11324/hr)
2026-07-08 12:25:57,111 [INFO] 
======================================================================
2026-07-08 12:25:57,111 [INFO] PROCESSING SUMMARY
2026-07-08 12:25:57,111 [INFO] ======================================================================
2026-07-08 12:25:57,111 [INFO] Total files:      1
2026-07-08 12:25:57,111 [INFO] Successful:       1
2026-07-08 12:25:57,112 [INFO] Failed:           0
2026-07-08 12:25:57,112 [INFO] Success rate:     100.0%
2026-07-08 12:25:57,112 [INFO] Total duration:   0.32s
2026-07-08 12:25:57,112 [INFO] Rate:             3.14 files/sec
2026-07-08 12:25:57,112 [INFO]                   11,308 files/hour
2026-07-08 12:25:57,112 [INFO] Target:           40,000 files/hour
2026-07-08 12:25:57,112 [INFO] Target met:       NO
2026-07-08 12:25:57,112 [INFO] 
By template:
2026-07-08 12:25:57,113 [INFO]   vat_enterprise: 1/1 (avg 53.72ms)
2026-07-08 12:25:57,113 [INFO] ======================================================================

2026-07-08 12:25:57,114 [INFO]   Detailed report: C:\Users\vishm\Downloads\SmartAI_Bill (3)\SmartAI_Bill\logs\stats_20260708_122557.json
2026-07-08 12:25:57,114 [INFO] 

2026-07-08 12:25:57,114 [INFO]   CREATING OUTPUT ZIP
2026-07-08 12:25:57,114 [INFO]                                                                       
2026-07-08 12:25:57,114 [INFO] 
Zipping 1 PDFs in batches of 1500
2026-07-08 12:25:57,140 [INFO]   OK: SLT_BILLS_vat_enterprise_0001_20260708_122557.zip (1 PDFs, 0.3 MB)
2026-07-08 12:25:57,141 [INFO] Created 1 ZIP file(s)
2026-07-08 12:25:57,142 [INFO] 
  Total ZIPs created: 1
2026-07-08 12:25:57,142 [INFO]   ZIP output folder: C:\Users\vishm\Downloads\SmartAI_Bill (3)\SmartAI_Bill\output\zips
2026-07-08 12:25:57,142 [INFO] 
  Processing complete

