2026-07-08 09:05:48,256 [INFO]                                                                       
2026-07-08 09:05:48,256 [INFO]   SLT BILL GENERATOR
2026-07-08 09:05:48,256 [INFO]                                                                       
2026-07-08 09:05:48,257 [INFO]   Inbound folder:  C:\Users\vishm\Downloads\SmartAI_Bill (3)\SmartAI_Bill\data\inbound
2026-07-08 09:05:48,257 [INFO]   Files found:     2
2026-07-08 09:05:48,257 [INFO]   Workers:         7
2026-07-08 09:05:48,257 [INFO]   ZIP batch size:  1500
2026-07-08 09:05:48,257 [INFO]   Log file:        C:\Users\vishm\Downloads\SmartAI_Bill (3)\SmartAI_Bill\logs\slt_bills_20260708_090548.log
2026-07-08 09:05:48,259 [INFO]                                                                       
2026-07-08 09:05:50,083 [INFO] Filtering files for template: usd_open_item
2026-07-08 09:05:50,106 [INFO]   Matched: 1 | Skipped: 1 | Errors: 0
2026-07-08 09:05:50,107 [INFO] 
  Generating 1 'usd_open_item' bills

2026-07-08 09:05:50,109 [INFO]   Temp PDF dir: C:\Users\vishm\AppData\Local\Temp\slt_bills__40toewe

2026-07-08 09:05:50,110 [INFO] Starting: 1 files, 7 workers
2026-07-08 09:05:50,472 [INFO]     Progress: 1/1 (100%)
2026-07-08 09:05:50,505 [INFO]   Round 1: 1 success, 0 failed in 0.4s (9115/hr)
2026-07-08 09:05:50,509 [INFO] 
Batch complete: 1 success, 0 failed in 0.4s (9031/hr)
2026-07-08 09:05:50,509 [INFO] 
======================================================================
2026-07-08 09:05:50,509 [INFO] PROCESSING SUMMARY
2026-07-08 09:05:50,509 [INFO] ======================================================================
2026-07-08 09:05:50,510 [INFO] Total files:      1
2026-07-08 09:05:50,510 [INFO] Successful:       1
2026-07-08 09:05:50,510 [INFO] Failed:           0
2026-07-08 09:05:50,510 [INFO] Success rate:     100.0%
2026-07-08 09:05:50,510 [INFO] Total duration:   0.4s
2026-07-08 09:05:50,510 [INFO] Rate:             2.5 files/sec
2026-07-08 09:05:50,510 [INFO]                   9,016 files/hour
2026-07-08 09:05:50,511 [INFO] Target:           40,000 files/hour
2026-07-08 09:05:50,511 [INFO] Target met:       NO
2026-07-08 09:05:50,511 [INFO] 
By template:
2026-07-08 09:05:50,511 [INFO]   usd_open_item: 1/1 (avg 32.57ms)
2026-07-08 09:05:50,511 [INFO] ======================================================================

2026-07-08 09:05:50,513 [INFO]   Detailed report: C:\Users\vishm\Downloads\SmartAI_Bill (3)\SmartAI_Bill\logs\stats_20260708_090550.json
2026-07-08 09:05:50,513 [INFO] 

2026-07-08 09:05:50,513 [INFO]   CREATING OUTPUT ZIP
2026-07-08 09:05:50,513 [INFO]                                                                       
2026-07-08 09:05:50,513 [INFO] 
Zipping 1 PDFs in batches of 1500
2026-07-08 09:05:50,549 [INFO]   OK: SLT_BILLS_usd_open_item_0001_20260708_090550.zip (1 PDFs, 0.2 MB)
2026-07-08 09:05:50,550 [INFO] Created 1 ZIP file(s)
2026-07-08 09:05:50,550 [INFO] 
  Total ZIPs created: 1
2026-07-08 09:05:50,550 [INFO]   ZIP output folder: C:\Users\vishm\Downloads\SmartAI_Bill (3)\SmartAI_Bill\output\zips
2026-07-08 09:05:50,550 [INFO] 
  Processing complete

