2026-07-08 12:28:44,306 [INFO]                                                                       
2026-07-08 12:28:44,307 [INFO]   SLT BILL GENERATOR
2026-07-08 12:28:44,307 [INFO]                                                                       
2026-07-08 12:28:44,307 [INFO]   Inbound folder:  C:\Users\vishm\Downloads\SmartAI_Bill (3)\SmartAI_Bill\data\inbound
2026-07-08 12:28:44,307 [INFO]   Files found:     2
2026-07-08 12:28:44,307 [INFO]   Workers:         7
2026-07-08 12:28:44,307 [INFO]   ZIP batch size:  1500
2026-07-08 12:28:44,307 [INFO]   Log file:        C:\Users\vishm\Downloads\SmartAI_Bill (3)\SmartAI_Bill\logs\slt_bills_20260708_122844.log
2026-07-08 12:28:44,309 [INFO]                                                                       
2026-07-08 12:28:45,790 [INFO] Filtering files for template: vat_enterprise
2026-07-08 12:28:45,807 [INFO]   Matched: 1 | Skipped: 1 | Errors: 0
2026-07-08 12:28:45,807 [INFO] 
  Generating 1 'vat_enterprise' bills

2026-07-08 12:28:45,809 [INFO]   Temp PDF dir: C:\Users\vishm\AppData\Local\Temp\slt_bills_j5gwxdqw

2026-07-08 12:28:45,810 [INFO] Starting: 1 files, 7 workers
2026-07-08 12:28:46,112 [INFO]     Progress: 1/1 (100%)
2026-07-08 12:28:46,145 [INFO]   Round 1: 1 success, 0 failed in 0.3s (10724/hr)
2026-07-08 12:28:46,149 [INFO] 
Batch complete: 1 success, 0 failed in 0.3s (10600/hr)
2026-07-08 12:28:46,150 [INFO] 
======================================================================
2026-07-08 12:28:46,150 [INFO] PROCESSING SUMMARY
2026-07-08 12:28:46,150 [INFO] ======================================================================
2026-07-08 12:28:46,150 [INFO] Total files:      1
2026-07-08 12:28:46,150 [INFO] Successful:       1
2026-07-08 12:28:46,150 [INFO] Failed:           0
2026-07-08 12:28:46,150 [INFO] Success rate:     100.0%
2026-07-08 12:28:46,151 [INFO] Total duration:   0.34s
2026-07-08 12:28:46,151 [INFO] Rate:             2.94 files/sec
2026-07-08 12:28:46,151 [INFO]                   10,587 files/hour
2026-07-08 12:28:46,151 [INFO] Target:           40,000 files/hour
2026-07-08 12:28:46,151 [INFO] Target met:       NO
2026-07-08 12:28:46,151 [INFO] 
By template:
2026-07-08 12:28:46,151 [INFO]   vat_enterprise: 1/1 (avg 65.22ms)
2026-07-08 12:28:46,151 [INFO] ======================================================================

2026-07-08 12:28:46,153 [INFO]   Detailed report: C:\Users\vishm\Downloads\SmartAI_Bill (3)\SmartAI_Bill\logs\stats_20260708_122846.json
2026-07-08 12:28:46,153 [INFO] 

2026-07-08 12:28:46,153 [INFO]   CREATING OUTPUT ZIP
2026-07-08 12:28:46,153 [INFO]                                                                       
2026-07-08 12:28:46,153 [INFO] 
Zipping 1 PDFs in batches of 1500
2026-07-08 12:28:46,179 [INFO]   OK: SLT_BILLS_vat_enterprise_0001_20260708_122846.zip (1 PDFs, 0.3 MB)
2026-07-08 12:28:46,180 [INFO] Created 1 ZIP file(s)
2026-07-08 12:28:46,180 [INFO] 
  Total ZIPs created: 1
2026-07-08 12:28:46,180 [INFO]   ZIP output folder: C:\Users\vishm\Downloads\SmartAI_Bill (3)\SmartAI_Bill\output\zips
2026-07-08 12:28:46,180 [INFO] 
  Processing complete

