2026-07-08 14:35:04,481 [INFO]                                                                       
2026-07-08 14:35:04,481 [INFO]   SLT BILL GENERATOR
2026-07-08 14:35:04,481 [INFO]                                                                       
2026-07-08 14:35:04,482 [INFO]   Inbound folder:  C:\Users\vishm\Downloads\SmartAI_Bill (3)\SmartAI_Bill\data\inbound
2026-07-08 14:35:04,482 [INFO]   Files found:     2
2026-07-08 14:35:04,482 [INFO]   Workers:         7
2026-07-08 14:35:04,482 [INFO]   ZIP batch size:  1500
2026-07-08 14:35:04,482 [INFO]   Log file:        C:\Users\vishm\Downloads\SmartAI_Bill (3)\SmartAI_Bill\logs\slt_bills_20260708_143504.log
2026-07-08 14:35:04,484 [INFO]                                                                       
2026-07-08 14:35:06,422 [INFO] Filtering files for template: vat_enterprise
2026-07-08 14:35:06,439 [INFO]   Matched: 1 | Skipped: 1 | Errors: 0
2026-07-08 14:35:06,439 [INFO] 
  Generating 1 'vat_enterprise' bills

2026-07-08 14:35:06,441 [INFO]   Temp PDF dir: C:\Users\vishm\AppData\Local\Temp\slt_bills_95d14jaa

2026-07-08 14:35:06,441 [INFO] Starting: 1 files, 7 workers
2026-07-08 14:35:06,760 [INFO]     Progress: 1/1 (100%)
2026-07-08 14:35:06,785 [INFO]   Round 1: 1 success, 0 failed in 0.3s (10477/hr)
2026-07-08 14:35:06,788 [INFO] 
Batch complete: 1 success, 0 failed in 0.3s (10384/hr)
2026-07-08 14:35:06,788 [INFO] 
======================================================================
2026-07-08 14:35:06,788 [INFO] PROCESSING SUMMARY
2026-07-08 14:35:06,789 [INFO] ======================================================================
2026-07-08 14:35:06,789 [INFO] Total files:      1
2026-07-08 14:35:06,789 [INFO] Successful:       1
2026-07-08 14:35:06,789 [INFO] Failed:           0
2026-07-08 14:35:06,789 [INFO] Success rate:     100.0%
2026-07-08 14:35:06,789 [INFO] Total duration:   0.35s
2026-07-08 14:35:06,789 [INFO] Rate:             2.88 files/sec
2026-07-08 14:35:06,789 [INFO]                   10,366 files/hour
2026-07-08 14:35:06,789 [INFO] Target:           40,000 files/hour
2026-07-08 14:35:06,789 [INFO] Target met:       NO
2026-07-08 14:35:06,790 [INFO] 
By template:
2026-07-08 14:35:06,790 [INFO]   vat_enterprise: 1/1 (avg 57.0ms)
2026-07-08 14:35:06,790 [INFO] ======================================================================

2026-07-08 14:35:06,791 [INFO]   Detailed report: C:\Users\vishm\Downloads\SmartAI_Bill (3)\SmartAI_Bill\logs\stats_20260708_143506.json
2026-07-08 14:35:06,791 [INFO] 

2026-07-08 14:35:06,791 [INFO]   CREATING OUTPUT ZIP
2026-07-08 14:35:06,791 [INFO]                                                                       
2026-07-08 14:35:06,791 [INFO] 
Zipping 1 PDFs in batches of 1500
2026-07-08 14:35:06,814 [INFO]   OK: SLT_BILLS_vat_enterprise_0001_20260708_143506.zip (1 PDFs, 0.3 MB)
2026-07-08 14:35:06,815 [INFO] Created 1 ZIP file(s)
2026-07-08 14:35:06,815 [INFO] 
  Total ZIPs created: 1
2026-07-08 14:35:06,816 [INFO]   ZIP output folder: C:\Users\vishm\Downloads\SmartAI_Bill (3)\SmartAI_Bill\output\zips
2026-07-08 14:35:06,816 [INFO] 
  Processing complete

