2026-07-08 11:45:45,120 [INFO]                                                                       
2026-07-08 11:45:45,120 [INFO]   SLT BILL GENERATOR
2026-07-08 11:45:45,121 [INFO]                                                                       
2026-07-08 11:45:45,121 [INFO]   Inbound folder:  C:\Users\vishm\Downloads\SmartAI_Bill (3)\SmartAI_Bill\data\inbound
2026-07-08 11:45:45,121 [INFO]   Files found:     2
2026-07-08 11:45:45,121 [INFO]   Workers:         7
2026-07-08 11:45:45,121 [INFO]   ZIP batch size:  1500
2026-07-08 11:45:45,121 [INFO]   Log file:        C:\Users\vishm\Downloads\SmartAI_Bill (3)\SmartAI_Bill\logs\slt_bills_20260708_114545.log
2026-07-08 11:45:45,123 [INFO]                                                                       
2026-07-08 11:45:46,275 [INFO] Filtering files for template: vat_enterprise
2026-07-08 11:45:46,291 [INFO]   Matched: 1 | Skipped: 1 | Errors: 0
2026-07-08 11:45:46,291 [INFO] 
  Generating 1 'vat_enterprise' bills

2026-07-08 11:45:46,293 [INFO]   Temp PDF dir: C:\Users\vishm\AppData\Local\Temp\slt_bills_48hgef5k

2026-07-08 11:45:46,294 [INFO] Starting: 1 files, 7 workers
2026-07-08 11:45:46,562 [INFO]     Progress: 1/1 (100%)
2026-07-08 11:45:46,588 [INFO]   Round 1: 1 success, 0 failed in 0.3s (12227/hr)
2026-07-08 11:45:46,591 [INFO] 
Batch complete: 1 success, 0 failed in 0.3s (12107/hr)
2026-07-08 11:45:46,592 [INFO] 
======================================================================
2026-07-08 11:45:46,592 [INFO] PROCESSING SUMMARY
2026-07-08 11:45:46,592 [INFO] ======================================================================
2026-07-08 11:45:46,592 [INFO] Total files:      1
2026-07-08 11:45:46,592 [INFO] Successful:       1
2026-07-08 11:45:46,592 [INFO] Failed:           0
2026-07-08 11:45:46,592 [INFO] Success rate:     100.0%
2026-07-08 11:45:46,593 [INFO] Total duration:   0.3s
2026-07-08 11:45:46,593 [INFO] Rate:             3.36 files/sec
2026-07-08 11:45:46,593 [INFO]                   12,087 files/hour
2026-07-08 11:45:46,593 [INFO] Target:           40,000 files/hour
2026-07-08 11:45:46,593 [INFO] Target met:       NO
2026-07-08 11:45:46,593 [INFO] 
By template:
2026-07-08 11:45:46,593 [INFO]   vat_enterprise: 1/1 (avg 46.9ms)
2026-07-08 11:45:46,594 [INFO] ======================================================================

2026-07-08 11:45:46,595 [INFO]   Detailed report: C:\Users\vishm\Downloads\SmartAI_Bill (3)\SmartAI_Bill\logs\stats_20260708_114546.json
2026-07-08 11:45:46,595 [INFO] 

2026-07-08 11:45:46,595 [INFO]   CREATING OUTPUT ZIP
2026-07-08 11:45:46,595 [INFO]                                                                       
2026-07-08 11:45:46,596 [INFO] 
Zipping 1 PDFs in batches of 1500
2026-07-08 11:45:46,619 [INFO]   OK: SLT_BILLS_vat_enterprise_0001_20260708_114546.zip (1 PDFs, 0.3 MB)
2026-07-08 11:45:46,620 [INFO] Created 1 ZIP file(s)
2026-07-08 11:45:46,621 [INFO] 
  Total ZIPs created: 1
2026-07-08 11:45:46,621 [INFO]   ZIP output folder: C:\Users\vishm\Downloads\SmartAI_Bill (3)\SmartAI_Bill\output\zips
2026-07-08 11:45:46,621 [INFO] 
  Processing complete

