2026-07-08 11:37:54,911 [INFO]                                                                       
2026-07-08 11:37:54,911 [INFO]   SLT BILL GENERATOR
2026-07-08 11:37:54,911 [INFO]                                                                       
2026-07-08 11:37:54,912 [INFO]   Inbound folder:  C:\Users\vishm\Downloads\SmartAI_Bill (3)\SmartAI_Bill\data\inbound
2026-07-08 11:37:54,912 [INFO]   Files found:     2
2026-07-08 11:37:54,912 [INFO]   Workers:         7
2026-07-08 11:37:54,912 [INFO]   ZIP batch size:  1500
2026-07-08 11:37:54,912 [INFO]   Log file:        C:\Users\vishm\Downloads\SmartAI_Bill (3)\SmartAI_Bill\logs\slt_bills_20260708_113754.log
2026-07-08 11:37:54,914 [INFO]                                                                       
2026-07-08 11:37:56,590 [INFO] Filtering files for template: vat_enterprise
2026-07-08 11:37:56,607 [INFO]   Matched: 1 | Skipped: 1 | Errors: 0
2026-07-08 11:37:56,607 [INFO] 
  Generating 1 'vat_enterprise' bills

2026-07-08 11:37:56,609 [INFO]   Temp PDF dir: C:\Users\vishm\AppData\Local\Temp\slt_bills_1e447jui

2026-07-08 11:37:56,609 [INFO] Starting: 1 files, 7 workers
2026-07-08 11:37:56,910 [INFO]     Progress: 1/1 (100%)
2026-07-08 11:37:56,944 [INFO]   Round 1: 1 success, 0 failed in 0.3s (10772/hr)
2026-07-08 11:37:56,947 [INFO] 
Batch complete: 1 success, 0 failed in 0.3s (10670/hr)
2026-07-08 11:37:56,947 [INFO] 
======================================================================
2026-07-08 11:37:56,947 [INFO] PROCESSING SUMMARY
2026-07-08 11:37:56,947 [INFO] ======================================================================
2026-07-08 11:37:56,947 [INFO] Total files:      1
2026-07-08 11:37:56,948 [INFO] Successful:       1
2026-07-08 11:37:56,948 [INFO] Failed:           0
2026-07-08 11:37:56,948 [INFO] Success rate:     100.0%
2026-07-08 11:37:56,948 [INFO] Total duration:   0.34s
2026-07-08 11:37:56,948 [INFO] Rate:             2.96 files/sec
2026-07-08 11:37:56,948 [INFO]                   10,658 files/hour
2026-07-08 11:37:56,948 [INFO] Target:           40,000 files/hour
2026-07-08 11:37:56,949 [INFO] Target met:       NO
2026-07-08 11:37:56,949 [INFO] 
By template:
2026-07-08 11:37:56,949 [INFO]   vat_enterprise: 1/1 (avg 55.04ms)
2026-07-08 11:37:56,949 [INFO] ======================================================================

2026-07-08 11:37:56,950 [INFO]   Detailed report: C:\Users\vishm\Downloads\SmartAI_Bill (3)\SmartAI_Bill\logs\stats_20260708_113756.json
2026-07-08 11:37:56,950 [INFO] 

2026-07-08 11:37:56,950 [INFO]   CREATING OUTPUT ZIP
2026-07-08 11:37:56,950 [INFO]                                                                       
2026-07-08 11:37:56,951 [INFO] 
Zipping 1 PDFs in batches of 1500
2026-07-08 11:37:56,977 [INFO]   OK: SLT_BILLS_vat_enterprise_0001_20260708_113756.zip (1 PDFs, 0.3 MB)
2026-07-08 11:37:56,978 [INFO] Created 1 ZIP file(s)
2026-07-08 11:37:56,979 [INFO] 
  Total ZIPs created: 1
2026-07-08 11:37:56,979 [INFO]   ZIP output folder: C:\Users\vishm\Downloads\SmartAI_Bill (3)\SmartAI_Bill\output\zips
2026-07-08 11:37:56,979 [INFO] 
  Processing complete

