2026-07-08 15:41:31,386 [INFO]                                                                       
2026-07-08 15:41:31,386 [INFO]   SLT BILL GENERATOR
2026-07-08 15:41:31,386 [INFO]                                                                       
2026-07-08 15:41:31,386 [INFO]   Inbound folder:  C:\Users\vishm\Downloads\SmartAI_Bill (3)\SmartAI_Bill\data\inbound
2026-07-08 15:41:31,386 [INFO]   Files found:     2
2026-07-08 15:41:31,387 [INFO]   Workers:         7
2026-07-08 15:41:31,387 [INFO]   ZIP batch size:  1500
2026-07-08 15:41:31,387 [INFO]   Log file:        C:\Users\vishm\Downloads\SmartAI_Bill (3)\SmartAI_Bill\logs\slt_bills_20260708_154131.log
2026-07-08 15:41:31,388 [INFO]                                                                       
2026-07-08 15:41:32,942 [INFO] Filtering files for template: vat_enterprise
2026-07-08 15:41:32,959 [INFO]   Matched: 1 | Skipped: 1 | Errors: 0
2026-07-08 15:41:32,959 [INFO] 
  Generating 1 'vat_enterprise' bills

2026-07-08 15:41:32,962 [INFO]   Temp PDF dir: C:\Users\vishm\AppData\Local\Temp\slt_bills_9ugo7kbs

2026-07-08 15:41:32,962 [INFO] Starting: 1 files, 7 workers
2026-07-08 15:41:33,308 [INFO]     Progress: 1/1 (100%)
2026-07-08 15:41:33,336 [INFO]   Round 1: 1 success, 0 failed in 0.4s (9628/hr)
2026-07-08 15:41:33,339 [INFO] 
Batch complete: 1 success, 0 failed in 0.4s (9552/hr)
2026-07-08 15:41:33,339 [INFO] 
======================================================================
2026-07-08 15:41:33,339 [INFO] PROCESSING SUMMARY
2026-07-08 15:41:33,339 [INFO] ======================================================================
2026-07-08 15:41:33,340 [INFO] Total files:      1
2026-07-08 15:41:33,340 [INFO] Successful:       1
2026-07-08 15:41:33,340 [INFO] Failed:           0
2026-07-08 15:41:33,340 [INFO] Success rate:     100.0%
2026-07-08 15:41:33,340 [INFO] Total duration:   0.38s
2026-07-08 15:41:33,340 [INFO] Rate:             2.65 files/sec
2026-07-08 15:41:33,340 [INFO]                   9,541 files/hour
2026-07-08 15:41:33,341 [INFO] Target:           40,000 files/hour
2026-07-08 15:41:33,341 [INFO] Target met:       NO
2026-07-08 15:41:33,341 [INFO] 
By template:
2026-07-08 15:41:33,341 [INFO]   vat_enterprise: 1/1 (avg 49.55ms)
2026-07-08 15:41:33,341 [INFO] ======================================================================

2026-07-08 15:41:33,342 [INFO]   Detailed report: C:\Users\vishm\Downloads\SmartAI_Bill (3)\SmartAI_Bill\logs\stats_20260708_154133.json
2026-07-08 15:41:33,342 [INFO] 

2026-07-08 15:41:33,343 [INFO]   CREATING OUTPUT ZIP
2026-07-08 15:41:33,343 [INFO]                                                                       
2026-07-08 15:41:33,343 [INFO] 
Zipping 1 PDFs in batches of 1500
2026-07-08 15:41:33,367 [INFO]   OK: SLT_BILLS_vat_enterprise_0001_20260708_154133.zip (1 PDFs, 0.3 MB)
2026-07-08 15:41:33,368 [INFO] Created 1 ZIP file(s)
2026-07-08 15:41:33,368 [INFO] 
  Total ZIPs created: 1
2026-07-08 15:41:33,368 [INFO]   ZIP output folder: C:\Users\vishm\Downloads\SmartAI_Bill (3)\SmartAI_Bill\output\zips
2026-07-08 15:41:33,368 [INFO] 
  Processing complete

