2026-07-08 14:49:40,186 [INFO]                                                                       
2026-07-08 14:49:40,187 [INFO]   SLT BILL GENERATOR
2026-07-08 14:49:40,187 [INFO]                                                                       
2026-07-08 14:49:40,187 [INFO]   Inbound folder:  C:\Users\vishm\Downloads\SmartAI_Bill (3)\SmartAI_Bill\data\inbound
2026-07-08 14:49:40,187 [INFO]   Files found:     2
2026-07-08 14:49:40,187 [INFO]   Workers:         7
2026-07-08 14:49:40,187 [INFO]   ZIP batch size:  1500
2026-07-08 14:49:40,188 [INFO]   Log file:        C:\Users\vishm\Downloads\SmartAI_Bill (3)\SmartAI_Bill\logs\slt_bills_20260708_144940.log
2026-07-08 14:49:40,189 [INFO]                                                                       
2026-07-08 14:49:41,664 [INFO] Filtering files for template: vat_enterprise
2026-07-08 14:49:41,681 [INFO]   Matched: 1 | Skipped: 1 | Errors: 0
2026-07-08 14:49:41,682 [INFO] 
  Generating 1 'vat_enterprise' bills

2026-07-08 14:49:41,684 [INFO]   Temp PDF dir: C:\Users\vishm\AppData\Local\Temp\slt_bills_hi63nsgq

2026-07-08 14:49:41,684 [INFO] Starting: 1 files, 7 workers
2026-07-08 14:49:42,001 [INFO]     Progress: 1/1 (100%)
2026-07-08 14:49:42,035 [INFO]   Round 1: 1 success, 0 failed in 0.4s (10276/hr)
2026-07-08 14:49:42,039 [INFO] 
Batch complete: 1 success, 0 failed in 0.4s (10163/hr)
2026-07-08 14:49:42,039 [INFO] 
======================================================================
2026-07-08 14:49:42,039 [INFO] PROCESSING SUMMARY
2026-07-08 14:49:42,039 [INFO] ======================================================================
2026-07-08 14:49:42,039 [INFO] Total files:      1
2026-07-08 14:49:42,039 [INFO] Successful:       1
2026-07-08 14:49:42,039 [INFO] Failed:           0
2026-07-08 14:49:42,039 [INFO] Success rate:     100.0%
2026-07-08 14:49:42,040 [INFO] Total duration:   0.35s
2026-07-08 14:49:42,040 [INFO] Rate:             2.82 files/sec
2026-07-08 14:49:42,040 [INFO]                   10,151 files/hour
2026-07-08 14:49:42,040 [INFO] Target:           40,000 files/hour
2026-07-08 14:49:42,040 [INFO] Target met:       NO
2026-07-08 14:49:42,040 [INFO] 
By template:
2026-07-08 14:49:42,040 [INFO]   vat_enterprise: 1/1 (avg 42.95ms)
2026-07-08 14:49:42,040 [INFO] ======================================================================

2026-07-08 14:49:42,042 [INFO]   Detailed report: C:\Users\vishm\Downloads\SmartAI_Bill (3)\SmartAI_Bill\logs\stats_20260708_144942.json
2026-07-08 14:49:42,042 [INFO] 

2026-07-08 14:49:42,042 [INFO]   CREATING OUTPUT ZIP
2026-07-08 14:49:42,042 [INFO]                                                                       
2026-07-08 14:49:42,042 [INFO] 
Zipping 1 PDFs in batches of 1500
2026-07-08 14:49:42,068 [INFO]   OK: SLT_BILLS_vat_enterprise_0001_20260708_144942.zip (1 PDFs, 0.3 MB)
2026-07-08 14:49:42,069 [INFO] Created 1 ZIP file(s)
2026-07-08 14:49:42,070 [INFO] 
  Total ZIPs created: 1
2026-07-08 14:49:42,070 [INFO]   ZIP output folder: C:\Users\vishm\Downloads\SmartAI_Bill (3)\SmartAI_Bill\output\zips
2026-07-08 14:49:42,070 [INFO] 
  Processing complete

