2026-07-08 16:31:24,280 [INFO]                                                                       
2026-07-08 16:31:24,280 [INFO]   SLT BILL GENERATOR
2026-07-08 16:31:24,280 [INFO]                                                                       
2026-07-08 16:31:24,281 [INFO]   Inbound folder:  C:\Users\vishm\Downloads\SmartAI_Bill (3)\SmartAI_Bill\data\inbound
2026-07-08 16:31:24,281 [INFO]   Files found:     2
2026-07-08 16:31:24,281 [INFO]   Workers:         7
2026-07-08 16:31:24,281 [INFO]   ZIP batch size:  1500
2026-07-08 16:31:24,281 [INFO]   Log file:        C:\Users\vishm\Downloads\SmartAI_Bill (3)\SmartAI_Bill\logs\slt_bills_20260708_163124.log
2026-07-08 16:31:24,282 [INFO]                                                                       
2026-07-08 16:31:25,379 [INFO] Filtering files for template: vat_enterprise
2026-07-08 16:31:25,394 [INFO]   Matched: 1 | Skipped: 1 | Errors: 0
2026-07-08 16:31:25,394 [INFO] 
  Generating 1 'vat_enterprise' bills

2026-07-08 16:31:25,396 [INFO]   Temp PDF dir: C:\Users\vishm\AppData\Local\Temp\slt_bills_hdv5mtar

2026-07-08 16:31:25,396 [INFO] Starting: 1 files, 7 workers
2026-07-08 16:31:25,721 [INFO]     Progress: 1/1 (100%)
2026-07-08 16:31:25,750 [INFO]   Round 1: 1 success, 0 failed in 0.4s (10185/hr)
2026-07-08 16:31:25,753 [INFO] 
Batch complete: 1 success, 0 failed in 0.4s (10100/hr)
2026-07-08 16:31:25,753 [INFO] 
======================================================================
2026-07-08 16:31:25,753 [INFO] PROCESSING SUMMARY
2026-07-08 16:31:25,753 [INFO] ======================================================================
2026-07-08 16:31:25,753 [INFO] Total files:      1
2026-07-08 16:31:25,753 [INFO] Successful:       1
2026-07-08 16:31:25,754 [INFO] Failed:           0
2026-07-08 16:31:25,754 [INFO] Success rate:     100.0%
2026-07-08 16:31:25,754 [INFO] Total duration:   0.36s
2026-07-08 16:31:25,754 [INFO] Rate:             2.8 files/sec
2026-07-08 16:31:25,754 [INFO]                   10,089 files/hour
2026-07-08 16:31:25,754 [INFO] Target:           40,000 files/hour
2026-07-08 16:31:25,754 [INFO] Target met:       NO
2026-07-08 16:31:25,754 [INFO] 
By template:
2026-07-08 16:31:25,755 [INFO]   vat_enterprise: 1/1 (avg 55.32ms)
2026-07-08 16:31:25,755 [INFO] ======================================================================

2026-07-08 16:31:25,756 [INFO]   Detailed report: C:\Users\vishm\Downloads\SmartAI_Bill (3)\SmartAI_Bill\logs\stats_20260708_163125.json
2026-07-08 16:31:25,756 [INFO] 

2026-07-08 16:31:25,756 [INFO]   CREATING OUTPUT ZIP
2026-07-08 16:31:25,756 [INFO]                                                                       
2026-07-08 16:31:25,756 [INFO] 
Zipping 1 PDFs in batches of 1500
2026-07-08 16:31:25,834 [INFO]   OK: SLT_BILLS_vat_enterprise_0001_20260708_163125.zip (1 PDFs, 0.3 MB)
2026-07-08 16:31:25,835 [INFO] Created 1 ZIP file(s)
2026-07-08 16:31:25,835 [INFO] 
  Total ZIPs created: 1
2026-07-08 16:31:25,835 [INFO]   ZIP output folder: C:\Users\vishm\Downloads\SmartAI_Bill (3)\SmartAI_Bill\output\zips
2026-07-08 16:31:25,835 [INFO] 
  Processing complete

