2026-07-08 13:41:30,967 [INFO]                                                                       
2026-07-08 13:41:30,967 [INFO]   SLT BILL GENERATOR
2026-07-08 13:41:30,967 [INFO]                                                                       
2026-07-08 13:41:30,968 [INFO]   Inbound folder:  C:\Users\vishm\Downloads\SmartAI_Bill (3)\SmartAI_Bill\data\inbound
2026-07-08 13:41:30,968 [INFO]   Files found:     2
2026-07-08 13:41:30,968 [INFO]   Workers:         7
2026-07-08 13:41:30,968 [INFO]   ZIP batch size:  1500
2026-07-08 13:41:30,968 [INFO]   Log file:        C:\Users\vishm\Downloads\SmartAI_Bill (3)\SmartAI_Bill\logs\slt_bills_20260708_134130.log
2026-07-08 13:41:30,968 [INFO]                                                                       
2026-07-08 13:41:32,288 [INFO] Filtering files for template: vat_enterprise
2026-07-08 13:41:32,305 [INFO]   Matched: 1 | Skipped: 1 | Errors: 0
2026-07-08 13:41:32,305 [INFO] 
  Generating 1 'vat_enterprise' bills

2026-07-08 13:41:32,307 [INFO]   Temp PDF dir: C:\Users\vishm\AppData\Local\Temp\slt_bills_m_7v0k7z

2026-07-08 13:41:32,307 [INFO] Starting: 1 files, 7 workers
2026-07-08 13:41:32,619 [INFO]     Progress: 1/1 (100%)
2026-07-08 13:41:32,646 [INFO]   Round 1: 1 success, 0 failed in 0.3s (10636/hr)
2026-07-08 13:41:32,650 [INFO] 
Batch complete: 1 success, 0 failed in 0.3s (10513/hr)
2026-07-08 13:41:32,650 [INFO] 
======================================================================
2026-07-08 13:41:32,650 [INFO] PROCESSING SUMMARY
2026-07-08 13:41:32,651 [INFO] ======================================================================
2026-07-08 13:41:32,651 [INFO] Total files:      1
2026-07-08 13:41:32,651 [INFO] Successful:       1
2026-07-08 13:41:32,651 [INFO] Failed:           0
2026-07-08 13:41:32,651 [INFO] Success rate:     100.0%
2026-07-08 13:41:32,651 [INFO] Total duration:   0.34s
2026-07-08 13:41:32,651 [INFO] Rate:             2.92 files/sec
2026-07-08 13:41:32,652 [INFO]                   10,500 files/hour
2026-07-08 13:41:32,652 [INFO] Target:           40,000 files/hour
2026-07-08 13:41:32,652 [INFO] Target met:       NO
2026-07-08 13:41:32,652 [INFO] 
By template:
2026-07-08 13:41:32,652 [INFO]   vat_enterprise: 1/1 (avg 61.67ms)
2026-07-08 13:41:32,652 [INFO] ======================================================================

2026-07-08 13:41:32,653 [INFO]   Detailed report: C:\Users\vishm\Downloads\SmartAI_Bill (3)\SmartAI_Bill\logs\stats_20260708_134132.json
2026-07-08 13:41:32,653 [INFO] 

2026-07-08 13:41:32,654 [INFO]   CREATING OUTPUT ZIP
2026-07-08 13:41:32,654 [INFO]                                                                       
2026-07-08 13:41:32,654 [INFO] 
Zipping 1 PDFs in batches of 1500
2026-07-08 13:41:32,675 [INFO]   OK: SLT_BILLS_vat_enterprise_0001_20260708_134132.zip (1 PDFs, 0.3 MB)
2026-07-08 13:41:32,675 [INFO] Created 1 ZIP file(s)
2026-07-08 13:41:32,676 [INFO] 
  Total ZIPs created: 1
2026-07-08 13:41:32,676 [INFO]   ZIP output folder: C:\Users\vishm\Downloads\SmartAI_Bill (3)\SmartAI_Bill\output\zips
2026-07-08 13:41:32,676 [INFO] 
  Processing complete

