2026-07-08 12:24:39,161 [INFO]                                                                       
2026-07-08 12:24:39,162 [INFO]   SLT BILL GENERATOR
2026-07-08 12:24:39,162 [INFO]                                                                       
2026-07-08 12:24:39,162 [INFO]   Inbound folder:  C:\Users\vishm\Downloads\SmartAI_Bill (3)\SmartAI_Bill\data\inbound
2026-07-08 12:24:39,162 [INFO]   Files found:     2
2026-07-08 12:24:39,162 [INFO]   Workers:         7
2026-07-08 12:24:39,162 [INFO]   ZIP batch size:  1500
2026-07-08 12:24:39,162 [INFO]   Log file:        C:\Users\vishm\Downloads\SmartAI_Bill (3)\SmartAI_Bill\logs\slt_bills_20260708_122439.log
2026-07-08 12:24:39,164 [INFO]                                                                       
2026-07-08 12:24:40,567 [INFO] Filtering files for template: vat_enterprise
2026-07-08 12:24:40,584 [INFO]   Matched: 1 | Skipped: 1 | Errors: 0
2026-07-08 12:24:40,585 [INFO] 
  Generating 1 'vat_enterprise' bills

2026-07-08 12:24:40,587 [INFO]   Temp PDF dir: C:\Users\vishm\AppData\Local\Temp\slt_bills_9_hzg1pq

2026-07-08 12:24:40,587 [INFO] Starting: 1 files, 7 workers
2026-07-08 12:24:40,874 [INFO]     Progress: 1/1 (100%)
2026-07-08 12:24:40,903 [INFO]   Round 1: 1 success, 0 failed in 0.3s (11403/hr)
2026-07-08 12:24:40,906 [INFO] 
Batch complete: 1 success, 0 failed in 0.3s (11301/hr)
2026-07-08 12:24:40,906 [INFO] 
======================================================================
2026-07-08 12:24:40,906 [INFO] PROCESSING SUMMARY
2026-07-08 12:24:40,906 [INFO] ======================================================================
2026-07-08 12:24:40,907 [INFO] Total files:      1
2026-07-08 12:24:40,907 [INFO] Successful:       1
2026-07-08 12:24:40,907 [INFO] Failed:           0
2026-07-08 12:24:40,907 [INFO] Success rate:     100.0%
2026-07-08 12:24:40,907 [INFO] Total duration:   0.32s
2026-07-08 12:24:40,907 [INFO] Rate:             3.14 files/sec
2026-07-08 12:24:40,907 [INFO]                   11,287 files/hour
2026-07-08 12:24:40,907 [INFO] Target:           40,000 files/hour
2026-07-08 12:24:40,908 [INFO] Target met:       NO
2026-07-08 12:24:40,908 [INFO] 
By template:
2026-07-08 12:24:40,908 [INFO]   vat_enterprise: 1/1 (avg 52.36ms)
2026-07-08 12:24:40,908 [INFO] ======================================================================

2026-07-08 12:24:40,909 [INFO]   Detailed report: C:\Users\vishm\Downloads\SmartAI_Bill (3)\SmartAI_Bill\logs\stats_20260708_122440.json
2026-07-08 12:24:40,909 [INFO] 

2026-07-08 12:24:40,909 [INFO]   CREATING OUTPUT ZIP
2026-07-08 12:24:40,909 [INFO]                                                                       
2026-07-08 12:24:40,910 [INFO] 
Zipping 1 PDFs in batches of 1500
2026-07-08 12:24:40,937 [INFO]   OK: SLT_BILLS_vat_enterprise_0001_20260708_122440.zip (1 PDFs, 0.3 MB)
2026-07-08 12:24:40,970 [INFO] Created 1 ZIP file(s)
2026-07-08 12:24:40,984 [INFO] 
  Total ZIPs created: 1
2026-07-08 12:24:40,985 [INFO]   ZIP output folder: C:\Users\vishm\Downloads\SmartAI_Bill (3)\SmartAI_Bill\output\zips
2026-07-08 12:24:40,985 [INFO] 
  Processing complete

