2026-07-08 11:44:54,505 [INFO]                                                                       
2026-07-08 11:44:54,506 [INFO]   SLT BILL GENERATOR
2026-07-08 11:44:54,506 [INFO]                                                                       
2026-07-08 11:44:54,506 [INFO]   Inbound folder:  C:\Users\vishm\Downloads\SmartAI_Bill (3)\SmartAI_Bill\data\inbound
2026-07-08 11:44:54,506 [INFO]   Files found:     2
2026-07-08 11:44:54,506 [INFO]   Workers:         7
2026-07-08 11:44:54,506 [INFO]   ZIP batch size:  1500
2026-07-08 11:44:54,506 [INFO]   Log file:        C:\Users\vishm\Downloads\SmartAI_Bill (3)\SmartAI_Bill\logs\slt_bills_20260708_114454.log
2026-07-08 11:44:54,508 [INFO]                                                                       
2026-07-08 11:44:55,746 [INFO] Filtering files for template: vat_enterprise
2026-07-08 11:44:55,763 [INFO]   Matched: 1 | Skipped: 1 | Errors: 0
2026-07-08 11:44:55,764 [INFO] 
  Generating 1 'vat_enterprise' bills

2026-07-08 11:44:55,766 [INFO]   Temp PDF dir: C:\Users\vishm\AppData\Local\Temp\slt_bills_mk3glgpj

2026-07-08 11:44:55,766 [INFO] Starting: 1 files, 7 workers
2026-07-08 11:44:56,054 [INFO]     Progress: 1/1 (100%)
2026-07-08 11:44:56,082 [INFO]   Round 1: 1 success, 0 failed in 0.3s (11421/hr)
2026-07-08 11:44:56,086 [INFO] 
Batch complete: 1 success, 0 failed in 0.3s (11279/hr)
2026-07-08 11:44:56,086 [INFO] 
======================================================================
2026-07-08 11:44:56,086 [INFO] PROCESSING SUMMARY
2026-07-08 11:44:56,086 [INFO] ======================================================================
2026-07-08 11:44:56,086 [INFO] Total files:      1
2026-07-08 11:44:56,086 [INFO] Successful:       1
2026-07-08 11:44:56,087 [INFO] Failed:           0
2026-07-08 11:44:56,087 [INFO] Success rate:     100.0%
2026-07-08 11:44:56,087 [INFO] Total duration:   0.32s
2026-07-08 11:44:56,087 [INFO] Rate:             3.13 files/sec
2026-07-08 11:44:56,087 [INFO]                   11,265 files/hour
2026-07-08 11:44:56,087 [INFO] Target:           40,000 files/hour
2026-07-08 11:44:56,087 [INFO] Target met:       NO
2026-07-08 11:44:56,087 [INFO] 
By template:
2026-07-08 11:44:56,087 [INFO]   vat_enterprise: 1/1 (avg 48.51ms)
2026-07-08 11:44:56,088 [INFO] ======================================================================

2026-07-08 11:44:56,088 [INFO]   Detailed report: C:\Users\vishm\Downloads\SmartAI_Bill (3)\SmartAI_Bill\logs\stats_20260708_114456.json
2026-07-08 11:44:56,088 [INFO] 

2026-07-08 11:44:56,089 [INFO]   CREATING OUTPUT ZIP
2026-07-08 11:44:56,089 [INFO]                                                                       
2026-07-08 11:44:56,089 [INFO] 
Zipping 1 PDFs in batches of 1500
2026-07-08 11:44:56,117 [INFO]   OK: SLT_BILLS_vat_enterprise_0001_20260708_114456.zip (1 PDFs, 0.3 MB)
2026-07-08 11:44:56,152 [INFO] Created 1 ZIP file(s)
2026-07-08 11:44:56,158 [INFO] 
  Total ZIPs created: 1
2026-07-08 11:44:56,158 [INFO]   ZIP output folder: C:\Users\vishm\Downloads\SmartAI_Bill (3)\SmartAI_Bill\output\zips
2026-07-08 11:44:56,159 [INFO] 
  Processing complete

