2026-07-08 11:37:00,145 [INFO]                                                                       
2026-07-08 11:37:00,145 [INFO]   SLT BILL GENERATOR
2026-07-08 11:37:00,145 [INFO]                                                                       
2026-07-08 11:37:00,145 [INFO]   Inbound folder:  C:\Users\vishm\Downloads\SmartAI_Bill (3)\SmartAI_Bill\data\inbound
2026-07-08 11:37:00,146 [INFO]   Files found:     2
2026-07-08 11:37:00,146 [INFO]   Workers:         7
2026-07-08 11:37:00,146 [INFO]   ZIP batch size:  1500
2026-07-08 11:37:00,146 [INFO]   Log file:        C:\Users\vishm\Downloads\SmartAI_Bill (3)\SmartAI_Bill\logs\slt_bills_20260708_113700.log
2026-07-08 11:37:00,146 [INFO]                                                                       
2026-07-08 11:37:01,689 [INFO] Filtering files for template: vat_enterprise
2026-07-08 11:37:01,706 [INFO]   Matched: 1 | Skipped: 1 | Errors: 0
2026-07-08 11:37:01,706 [INFO] 
  Generating 1 'vat_enterprise' bills

2026-07-08 11:37:01,708 [INFO]   Temp PDF dir: C:\Users\vishm\AppData\Local\Temp\slt_bills_3wfl1bmu

2026-07-08 11:37:01,709 [INFO] Starting: 1 files, 7 workers
2026-07-08 11:37:01,998 [INFO]     Progress: 1/1 (100%)
2026-07-08 11:37:02,031 [INFO]   Round 1: 1 success, 0 failed in 0.3s (11181/hr)
2026-07-08 11:37:02,035 [INFO] 
Batch complete: 1 success, 0 failed in 0.3s (11042/hr)
2026-07-08 11:37:02,035 [INFO] 
======================================================================
2026-07-08 11:37:02,035 [INFO] PROCESSING SUMMARY
2026-07-08 11:37:02,035 [INFO] ======================================================================
2026-07-08 11:37:02,035 [INFO] Total files:      1
2026-07-08 11:37:02,036 [INFO] Successful:       1
2026-07-08 11:37:02,036 [INFO] Failed:           0
2026-07-08 11:37:02,036 [INFO] Success rate:     100.0%
2026-07-08 11:37:02,036 [INFO] Total duration:   0.33s
2026-07-08 11:37:02,036 [INFO] Rate:             3.06 files/sec
2026-07-08 11:37:02,036 [INFO]                   11,028 files/hour
2026-07-08 11:37:02,036 [INFO] Target:           40,000 files/hour
2026-07-08 11:37:02,036 [INFO] Target met:       NO
2026-07-08 11:37:02,036 [INFO] 
By template:
2026-07-08 11:37:02,037 [INFO]   vat_enterprise: 1/1 (avg 54.63ms)
2026-07-08 11:37:02,037 [INFO] ======================================================================

2026-07-08 11:37:02,038 [INFO]   Detailed report: C:\Users\vishm\Downloads\SmartAI_Bill (3)\SmartAI_Bill\logs\stats_20260708_113702.json
2026-07-08 11:37:02,038 [INFO] 

2026-07-08 11:37:02,038 [INFO]   CREATING OUTPUT ZIP
2026-07-08 11:37:02,038 [INFO]                                                                       
2026-07-08 11:37:02,038 [INFO] 
Zipping 1 PDFs in batches of 1500
2026-07-08 11:37:02,063 [INFO]   OK: SLT_BILLS_vat_enterprise_0001_20260708_113702.zip (1 PDFs, 0.3 MB)
2026-07-08 11:37:02,064 [INFO] Created 1 ZIP file(s)
2026-07-08 11:37:02,064 [INFO] 
  Total ZIPs created: 1
2026-07-08 11:37:02,065 [INFO]   ZIP output folder: C:\Users\vishm\Downloads\SmartAI_Bill (3)\SmartAI_Bill\output\zips
2026-07-08 11:37:02,065 [INFO] 
  Processing complete

