2026-07-08 14:28:09,381 [INFO]                                                                       
2026-07-08 14:28:09,381 [INFO]   SLT BILL GENERATOR
2026-07-08 14:28:09,381 [INFO]                                                                       
2026-07-08 14:28:09,381 [INFO]   Inbound folder:  C:\Users\vishm\Downloads\SmartAI_Bill (3)\SmartAI_Bill\data\inbound
2026-07-08 14:28:09,381 [INFO]   Files found:     2
2026-07-08 14:28:09,381 [INFO]   Workers:         7
2026-07-08 14:28:09,382 [INFO]   ZIP batch size:  1500
2026-07-08 14:28:09,382 [INFO]   Log file:        C:\Users\vishm\Downloads\SmartAI_Bill (3)\SmartAI_Bill\logs\slt_bills_20260708_142809.log
2026-07-08 14:28:09,383 [INFO]                                                                       
2026-07-08 14:28:11,312 [INFO] Filtering files for template: vat_enterprise
2026-07-08 14:28:11,331 [INFO]   Matched: 1 | Skipped: 1 | Errors: 0
2026-07-08 14:28:11,331 [INFO] 
  Generating 1 'vat_enterprise' bills

2026-07-08 14:28:11,333 [INFO]   Temp PDF dir: C:\Users\vishm\AppData\Local\Temp\slt_bills_0jm5l1hl

2026-07-08 14:28:11,333 [INFO] Starting: 1 files, 7 workers
2026-07-08 14:28:11,658 [INFO]     Progress: 1/1 (100%)
2026-07-08 14:28:11,683 [INFO]   Round 1: 1 success, 0 failed in 0.3s (10290/hr)
2026-07-08 14:28:11,687 [INFO] 
Batch complete: 1 success, 0 failed in 0.4s (10198/hr)
2026-07-08 14:28:11,687 [INFO] 
======================================================================
2026-07-08 14:28:11,687 [INFO] PROCESSING SUMMARY
2026-07-08 14:28:11,687 [INFO] ======================================================================
2026-07-08 14:28:11,687 [INFO] Total files:      1
2026-07-08 14:28:11,687 [INFO] Successful:       1
2026-07-08 14:28:11,687 [INFO] Failed:           0
2026-07-08 14:28:11,688 [INFO] Success rate:     100.0%
2026-07-08 14:28:11,688 [INFO] Total duration:   0.35s
2026-07-08 14:28:11,688 [INFO] Rate:             2.83 files/sec
2026-07-08 14:28:11,688 [INFO]                   10,182 files/hour
2026-07-08 14:28:11,688 [INFO] Target:           40,000 files/hour
2026-07-08 14:28:11,688 [INFO] Target met:       NO
2026-07-08 14:28:11,688 [INFO] 
By template:
2026-07-08 14:28:11,689 [INFO]   vat_enterprise: 1/1 (avg 56.32ms)
2026-07-08 14:28:11,689 [INFO] ======================================================================

2026-07-08 14:28:11,690 [INFO]   Detailed report: C:\Users\vishm\Downloads\SmartAI_Bill (3)\SmartAI_Bill\logs\stats_20260708_142811.json
2026-07-08 14:28:11,690 [INFO] 

2026-07-08 14:28:11,690 [INFO]   CREATING OUTPUT ZIP
2026-07-08 14:28:11,690 [INFO]                                                                       
2026-07-08 14:28:11,690 [INFO] 
Zipping 1 PDFs in batches of 1500
2026-07-08 14:28:11,714 [INFO]   OK: SLT_BILLS_vat_enterprise_0001_20260708_142811.zip (1 PDFs, 0.3 MB)
2026-07-08 14:28:11,715 [INFO] Created 1 ZIP file(s)
2026-07-08 14:28:11,715 [INFO] 
  Total ZIPs created: 1
2026-07-08 14:28:11,716 [INFO]   ZIP output folder: C:\Users\vishm\Downloads\SmartAI_Bill (3)\SmartAI_Bill\output\zips
2026-07-08 14:28:11,716 [INFO] 
  Processing complete

