2026-07-08 11:46:23,353 [INFO]                                                                       
2026-07-08 11:46:23,353 [INFO]   SLT BILL GENERATOR
2026-07-08 11:46:23,353 [INFO]                                                                       
2026-07-08 11:46:23,353 [INFO]   Inbound folder:  C:\Users\vishm\Downloads\SmartAI_Bill (3)\SmartAI_Bill\data\inbound
2026-07-08 11:46:23,353 [INFO]   Files found:     2
2026-07-08 11:46:23,353 [INFO]   Workers:         7
2026-07-08 11:46:23,354 [INFO]   ZIP batch size:  1500
2026-07-08 11:46:23,354 [INFO]   Log file:        C:\Users\vishm\Downloads\SmartAI_Bill (3)\SmartAI_Bill\logs\slt_bills_20260708_114623.log
2026-07-08 11:46:23,354 [INFO]                                                                       
2026-07-08 11:46:24,949 [INFO] Filtering files for template: vat_enterprise
2026-07-08 11:46:24,961 [INFO]   Matched: 1 | Skipped: 1 | Errors: 0
2026-07-08 11:46:24,961 [INFO] 
  Generating 1 'vat_enterprise' bills

2026-07-08 11:46:24,964 [INFO]   Temp PDF dir: C:\Users\vishm\AppData\Local\Temp\slt_bills_05gpl_1_

2026-07-08 11:46:24,964 [INFO] Starting: 1 files, 7 workers
2026-07-08 11:46:25,258 [INFO]     Progress: 1/1 (100%)
2026-07-08 11:46:25,286 [INFO]   Round 1: 1 success, 0 failed in 0.3s (11165/hr)
2026-07-08 11:46:25,290 [INFO] 
Batch complete: 1 success, 0 failed in 0.3s (11048/hr)
2026-07-08 11:46:25,290 [INFO] 
======================================================================
2026-07-08 11:46:25,290 [INFO] PROCESSING SUMMARY
2026-07-08 11:46:25,290 [INFO] ======================================================================
2026-07-08 11:46:25,290 [INFO] Total files:      1
2026-07-08 11:46:25,291 [INFO] Successful:       1
2026-07-08 11:46:25,291 [INFO] Failed:           0
2026-07-08 11:46:25,291 [INFO] Success rate:     100.0%
2026-07-08 11:46:25,291 [INFO] Total duration:   0.33s
2026-07-08 11:46:25,291 [INFO] Rate:             3.06 files/sec
2026-07-08 11:46:25,291 [INFO]                   11,034 files/hour
2026-07-08 11:46:25,291 [INFO] Target:           40,000 files/hour
2026-07-08 11:46:25,291 [INFO] Target met:       NO
2026-07-08 11:46:25,291 [INFO] 
By template:
2026-07-08 11:46:25,292 [INFO]   vat_enterprise: 1/1 (avg 53.5ms)
2026-07-08 11:46:25,292 [INFO] ======================================================================

2026-07-08 11:46:25,293 [INFO]   Detailed report: C:\Users\vishm\Downloads\SmartAI_Bill (3)\SmartAI_Bill\logs\stats_20260708_114625.json
2026-07-08 11:46:25,293 [INFO] 

2026-07-08 11:46:25,293 [INFO]   CREATING OUTPUT ZIP
2026-07-08 11:46:25,293 [INFO]                                                                       
2026-07-08 11:46:25,294 [INFO] 
Zipping 1 PDFs in batches of 1500
2026-07-08 11:46:25,318 [INFO]   OK: SLT_BILLS_vat_enterprise_0001_20260708_114625.zip (1 PDFs, 0.3 MB)
2026-07-08 11:46:25,319 [INFO] Created 1 ZIP file(s)
2026-07-08 11:46:25,319 [INFO] 
  Total ZIPs created: 1
2026-07-08 11:46:25,320 [INFO]   ZIP output folder: C:\Users\vishm\Downloads\SmartAI_Bill (3)\SmartAI_Bill\output\zips
2026-07-08 11:46:25,320 [INFO] 
  Processing complete

