2026-07-08 16:46:52,355 [INFO]                                                                       
2026-07-08 16:46:52,355 [INFO]   SLT BILL GENERATOR
2026-07-08 16:46:52,356 [INFO]                                                                       
2026-07-08 16:46:52,356 [INFO]   Inbound folder:  C:\Users\vishm\Downloads\SmartAI_Bill (3)\SmartAI_Bill\data\inbound
2026-07-08 16:46:52,356 [INFO]   Files found:     2
2026-07-08 16:46:52,356 [INFO]   Workers:         7
2026-07-08 16:46:52,356 [INFO]   ZIP batch size:  1500
2026-07-08 16:46:52,356 [INFO]   Log file:        C:\Users\vishm\Downloads\SmartAI_Bill (3)\SmartAI_Bill\logs\slt_bills_20260708_164652.log
2026-07-08 16:46:52,358 [INFO]                                                                       
2026-07-08 16:46:53,721 [INFO] Filtering files for template: vat_enterprise
2026-07-08 16:46:53,722 [INFO]   Matched: 1 | Skipped: 1 | Errors: 0
2026-07-08 16:46:53,722 [INFO] 
  Generating 1 'vat_enterprise' bills

2026-07-08 16:46:53,724 [INFO]   Temp PDF dir: C:\Users\vishm\AppData\Local\Temp\slt_bills_hckz_vew

2026-07-08 16:46:53,724 [INFO] Starting: 1 files, 7 workers
2026-07-08 16:46:53,987 [INFO]     Progress: 0/1 (0%)
2026-07-08 16:46:54,012 [INFO]   Round 1: 0 success, 1 failed in 0.3s (12522/hr)
2026-07-08 16:46:54,012 [INFO] 
  RETRY 1/3: 1 failed files
2026-07-08 16:46:54,278 [INFO]     Progress: 0/1 (0%)
2026-07-08 16:46:54,307 [INFO]   Retry 1: 0 recovered, 1 still failing
2026-07-08 16:46:54,307 [INFO] 
  RETRY 2/3: 1 failed files
2026-07-08 16:46:54,566 [INFO]     Progress: 0/1 (0%)
2026-07-08 16:46:54,591 [INFO]   Retry 2: 0 recovered, 1 still failing
2026-07-08 16:46:54,592 [INFO] 
Batch complete: 0 success, 1 failed in 0.9s (4151/hr)
2026-07-08 16:46:54,592 [INFO]   1 file(s) failed after 3 attempts
2026-07-08 16:46:54,592 [INFO]     FAILED: 520326_1-1-02-1-LKR-101-1-BILL-NONRED_1.7: ValueError: could not convert string to float: ''
2026-07-08 16:46:54,592 [INFO] 
======================================================================
2026-07-08 16:46:54,592 [INFO] PROCESSING SUMMARY
2026-07-08 16:46:54,592 [INFO] ======================================================================
2026-07-08 16:46:54,592 [INFO] Total files:      1
2026-07-08 16:46:54,592 [INFO] Successful:       0
2026-07-08 16:46:54,592 [INFO] Failed:           1
2026-07-08 16:46:54,592 [INFO] Success rate:     0.0%
2026-07-08 16:46:54,593 [INFO] Total duration:   0.87s
2026-07-08 16:46:54,593 [INFO] Rate:             1.15 files/sec
2026-07-08 16:46:54,593 [INFO]                   4,148 files/hour
2026-07-08 16:46:54,593 [INFO] Target:           40,000 files/hour
2026-07-08 16:46:54,593 [INFO] Target met:       NO
2026-07-08 16:46:54,593 [INFO] 
By template:
2026-07-08 16:46:54,593 [INFO]   vat_enterprise: 0/1 (avg 3.94ms)
2026-07-08 16:46:54,593 [INFO] ======================================================================

2026-07-08 16:46:54,594 [INFO]   Detailed report: C:\Users\vishm\Downloads\SmartAI_Bill (3)\SmartAI_Bill\logs\stats_20260708_164654.json
2026-07-08 16:46:54,594 [INFO] 

2026-07-08 16:46:54,594 [INFO]   CREATING OUTPUT ZIP
2026-07-08 16:46:54,594 [INFO]                                                                       
2026-07-08 16:46:54,595 [INFO] No PDFs found to zip
2026-07-08 16:46:54,595 [INFO] 
  Total ZIPs created: 0
2026-07-08 16:46:54,595 [INFO]   ZIP output folder: C:\Users\vishm\Downloads\SmartAI_Bill (3)\SmartAI_Bill\output\zips
2026-07-08 16:46:54,595 [INFO] 
  Processing complete

