2026-07-08 14:43:04,426 [INFO]                                                                       
2026-07-08 14:43:04,426 [INFO]   SLT BILL GENERATOR
2026-07-08 14:43:04,427 [INFO]                                                                       
2026-07-08 14:43:04,427 [INFO]   Inbound folder:  C:\Users\vishm\Downloads\SmartAI_Bill (3)\SmartAI_Bill\data\inbound
2026-07-08 14:43:04,427 [INFO]   Files found:     2
2026-07-08 14:43:04,427 [INFO]   Workers:         7
2026-07-08 14:43:04,427 [INFO]   ZIP batch size:  1500
2026-07-08 14:43:04,427 [INFO]   Log file:        C:\Users\vishm\Downloads\SmartAI_Bill (3)\SmartAI_Bill\logs\slt_bills_20260708_144304.log
2026-07-08 14:43:04,429 [INFO]                                                                       
2026-07-08 14:43:05,414 [INFO] Filtering files for template: vat_enterprise
2026-07-08 14:43:05,467 [INFO]   Matched: 1 | Skipped: 1 | Errors: 0
2026-07-08 14:43:05,467 [INFO] 
  Generating 1 'vat_enterprise' bills

2026-07-08 14:43:05,469 [INFO]   Temp PDF dir: C:\Users\vishm\AppData\Local\Temp\slt_bills_h3f44yc5

2026-07-08 14:43:05,469 [INFO] Starting: 1 files, 7 workers
2026-07-08 14:43:05,776 [INFO]     Progress: 1/1 (100%)
2026-07-08 14:43:05,805 [INFO]   Round 1: 1 success, 0 failed in 0.3s (10717/hr)
2026-07-08 14:43:05,808 [INFO] 
Batch complete: 1 success, 0 failed in 0.3s (10614/hr)
2026-07-08 14:43:05,809 [INFO] 
======================================================================
2026-07-08 14:43:05,809 [INFO] PROCESSING SUMMARY
2026-07-08 14:43:05,809 [INFO] ======================================================================
2026-07-08 14:43:05,809 [INFO] Total files:      1
2026-07-08 14:43:05,809 [INFO] Successful:       1
2026-07-08 14:43:05,809 [INFO] Failed:           0
2026-07-08 14:43:05,809 [INFO] Success rate:     100.0%
2026-07-08 14:43:05,810 [INFO] Total duration:   0.34s
2026-07-08 14:43:05,810 [INFO] Rate:             2.95 files/sec
2026-07-08 14:43:05,810 [INFO]                   10,603 files/hour
2026-07-08 14:43:05,810 [INFO] Target:           40,000 files/hour
2026-07-08 14:43:05,810 [INFO] Target met:       NO
2026-07-08 14:43:05,810 [INFO] 
By template:
2026-07-08 14:43:05,810 [INFO]   vat_enterprise: 1/1 (avg 54.34ms)
2026-07-08 14:43:05,810 [INFO] ======================================================================

2026-07-08 14:43:05,812 [INFO]   Detailed report: C:\Users\vishm\Downloads\SmartAI_Bill (3)\SmartAI_Bill\logs\stats_20260708_144305.json
2026-07-08 14:43:05,812 [INFO] 

2026-07-08 14:43:05,812 [INFO]   CREATING OUTPUT ZIP
2026-07-08 14:43:05,812 [INFO]                                                                       
2026-07-08 14:43:05,812 [INFO] 
Zipping 1 PDFs in batches of 1500
2026-07-08 14:43:05,838 [INFO]   OK: SLT_BILLS_vat_enterprise_0001_20260708_144305.zip (1 PDFs, 0.3 MB)
2026-07-08 14:43:05,839 [INFO] Created 1 ZIP file(s)
2026-07-08 14:43:05,839 [INFO] 
  Total ZIPs created: 1
2026-07-08 14:43:05,839 [INFO]   ZIP output folder: C:\Users\vishm\Downloads\SmartAI_Bill (3)\SmartAI_Bill\output\zips
2026-07-08 14:43:05,839 [INFO] 
  Processing complete

