2026-07-08 15:40:20,676 [INFO]                                                                       
2026-07-08 15:40:20,676 [INFO]   SLT BILL GENERATOR
2026-07-08 15:40:20,676 [INFO]                                                                       
2026-07-08 15:40:20,676 [INFO]   Inbound folder:  C:\Users\vishm\Downloads\SmartAI_Bill (3)\SmartAI_Bill\data\inbound
2026-07-08 15:40:20,676 [INFO]   Files found:     2
2026-07-08 15:40:20,676 [INFO]   Workers:         7
2026-07-08 15:40:20,676 [INFO]   ZIP batch size:  1500
2026-07-08 15:40:20,677 [INFO]   Log file:        C:\Users\vishm\Downloads\SmartAI_Bill (3)\SmartAI_Bill\logs\slt_bills_20260708_154020.log
2026-07-08 15:40:20,677 [INFO]                                                                       
2026-07-08 15:40:25,143 [INFO] Filtering files for template: vat_enterprise
2026-07-08 15:40:25,155 [INFO]   Matched: 1 | Skipped: 1 | Errors: 0
2026-07-08 15:40:25,155 [INFO] 
  Generating 1 'vat_enterprise' bills

2026-07-08 15:40:25,157 [INFO]   Temp PDF dir: C:\Users\vishm\AppData\Local\Temp\slt_bills_r2yv_ef2

2026-07-08 15:40:25,157 [INFO] Starting: 1 files, 7 workers
2026-07-08 15:40:25,445 [INFO]     Progress: 1/1 (100%)
2026-07-08 15:40:25,474 [INFO]   Round 1: 1 success, 0 failed in 0.3s (11375/hr)
2026-07-08 15:40:25,477 [INFO] 
Batch complete: 1 success, 0 failed in 0.3s (11267/hr)
2026-07-08 15:40:25,477 [INFO] 
======================================================================
2026-07-08 15:40:25,477 [INFO] PROCESSING SUMMARY
2026-07-08 15:40:25,477 [INFO] ======================================================================
2026-07-08 15:40:25,477 [INFO] Total files:      1
2026-07-08 15:40:25,477 [INFO] Successful:       1
2026-07-08 15:40:25,478 [INFO] Failed:           0
2026-07-08 15:40:25,478 [INFO] Success rate:     100.0%
2026-07-08 15:40:25,478 [INFO] Total duration:   0.32s
2026-07-08 15:40:25,478 [INFO] Rate:             3.13 files/sec
2026-07-08 15:40:25,478 [INFO]                   11,251 files/hour
2026-07-08 15:40:25,478 [INFO] Target:           40,000 files/hour
2026-07-08 15:40:25,478 [INFO] Target met:       NO
2026-07-08 15:40:25,478 [INFO] 
By template:
2026-07-08 15:40:25,479 [INFO]   vat_enterprise: 1/1 (avg 39.06ms)
2026-07-08 15:40:25,479 [INFO] ======================================================================

2026-07-08 15:40:25,480 [INFO]   Detailed report: C:\Users\vishm\Downloads\SmartAI_Bill (3)\SmartAI_Bill\logs\stats_20260708_154025.json
2026-07-08 15:40:25,480 [INFO] 

2026-07-08 15:40:25,480 [INFO]   CREATING OUTPUT ZIP
2026-07-08 15:40:25,480 [INFO]                                                                       
2026-07-08 15:40:25,480 [INFO] 
Zipping 1 PDFs in batches of 1500
2026-07-08 15:40:25,503 [INFO]   OK: SLT_BILLS_vat_enterprise_0001_20260708_154025.zip (1 PDFs, 0.3 MB)
2026-07-08 15:40:25,504 [INFO] Created 1 ZIP file(s)
2026-07-08 15:40:25,504 [INFO] 
  Total ZIPs created: 1
2026-07-08 15:40:25,504 [INFO]   ZIP output folder: C:\Users\vishm\Downloads\SmartAI_Bill (3)\SmartAI_Bill\output\zips
2026-07-08 15:40:25,505 [INFO] 
  Processing complete

