2026-07-08 15:35:38,791 [INFO]                                                                       
2026-07-08 15:35:38,791 [INFO]   SLT BILL GENERATOR
2026-07-08 15:35:38,792 [INFO]                                                                       
2026-07-08 15:35:38,792 [INFO]   Inbound folder:  C:\Users\vishm\Downloads\SmartAI_Bill (3)\SmartAI_Bill\data\inbound
2026-07-08 15:35:38,792 [INFO]   Files found:     2
2026-07-08 15:35:38,792 [INFO]   Workers:         7
2026-07-08 15:35:38,792 [INFO]   ZIP batch size:  1500
2026-07-08 15:35:38,792 [INFO]   Log file:        C:\Users\vishm\Downloads\SmartAI_Bill (3)\SmartAI_Bill\logs\slt_bills_20260708_153538.log
2026-07-08 15:35:38,794 [INFO]                                                                       
2026-07-08 15:35:39,950 [INFO] Filtering files for template: vat_enterprise
2026-07-08 15:35:39,968 [INFO]   Matched: 1 | Skipped: 1 | Errors: 0
2026-07-08 15:35:39,968 [INFO] 
  Generating 1 'vat_enterprise' bills

2026-07-08 15:35:39,971 [INFO]   Temp PDF dir: C:\Users\vishm\AppData\Local\Temp\slt_bills_6z664y4j

2026-07-08 15:35:39,971 [INFO] Starting: 1 files, 7 workers
2026-07-08 15:35:40,271 [INFO]     Progress: 1/1 (100%)
2026-07-08 15:35:40,306 [INFO]   Round 1: 1 success, 0 failed in 0.3s (10759/hr)
2026-07-08 15:35:40,310 [INFO] 
Batch complete: 1 success, 0 failed in 0.3s (10626/hr)
2026-07-08 15:35:40,310 [INFO] 
======================================================================
2026-07-08 15:35:40,310 [INFO] PROCESSING SUMMARY
2026-07-08 15:35:40,311 [INFO] ======================================================================
2026-07-08 15:35:40,311 [INFO] Total files:      1
2026-07-08 15:35:40,311 [INFO] Successful:       1
2026-07-08 15:35:40,311 [INFO] Failed:           0
2026-07-08 15:35:40,311 [INFO] Success rate:     100.0%
2026-07-08 15:35:40,311 [INFO] Total duration:   0.34s
2026-07-08 15:35:40,311 [INFO] Rate:             2.95 files/sec
2026-07-08 15:35:40,312 [INFO]                   10,608 files/hour
2026-07-08 15:35:40,312 [INFO] Target:           40,000 files/hour
2026-07-08 15:35:40,312 [INFO] Target met:       NO
2026-07-08 15:35:40,312 [INFO] 
By template:
2026-07-08 15:35:40,312 [INFO]   vat_enterprise: 1/1 (avg 43.13ms)
2026-07-08 15:35:40,312 [INFO] ======================================================================

2026-07-08 15:35:40,313 [INFO]   Detailed report: C:\Users\vishm\Downloads\SmartAI_Bill (3)\SmartAI_Bill\logs\stats_20260708_153540.json
2026-07-08 15:35:40,314 [INFO] 

2026-07-08 15:35:40,314 [INFO]   CREATING OUTPUT ZIP
2026-07-08 15:35:40,314 [INFO]                                                                       
2026-07-08 15:35:40,314 [INFO] 
Zipping 1 PDFs in batches of 1500
2026-07-08 15:35:40,340 [INFO]   OK: SLT_BILLS_vat_enterprise_0001_20260708_153540.zip (1 PDFs, 0.3 MB)
2026-07-08 15:35:40,341 [INFO] Created 1 ZIP file(s)
2026-07-08 15:35:40,341 [INFO] 
  Total ZIPs created: 1
2026-07-08 15:35:40,341 [INFO]   ZIP output folder: C:\Users\vishm\Downloads\SmartAI_Bill (3)\SmartAI_Bill\output\zips
2026-07-08 15:35:40,341 [INFO] 
  Processing complete

