2026-07-08 12:53:06,983 [INFO]                                                                       
2026-07-08 12:53:06,984 [INFO]   SLT BILL GENERATOR
2026-07-08 12:53:06,984 [INFO]                                                                       
2026-07-08 12:53:06,984 [INFO]   Inbound folder:  C:\Users\vishm\Downloads\SmartAI_Bill (3)\SmartAI_Bill\data\inbound
2026-07-08 12:53:06,984 [INFO]   Files found:     2
2026-07-08 12:53:06,984 [INFO]   Workers:         7
2026-07-08 12:53:06,984 [INFO]   ZIP batch size:  1500
2026-07-08 12:53:06,985 [INFO]   Log file:        C:\Users\vishm\Downloads\SmartAI_Bill (3)\SmartAI_Bill\logs\slt_bills_20260708_125306.log
2026-07-08 12:53:06,986 [INFO]                                                                       
2026-07-08 12:53:08,269 [INFO] Filtering files for template: vat_enterprise
2026-07-08 12:53:08,281 [INFO]   Matched: 1 | Skipped: 1 | Errors: 0
2026-07-08 12:53:08,281 [INFO] 
  Generating 1 'vat_enterprise' bills

2026-07-08 12:53:08,283 [INFO]   Temp PDF dir: C:\Users\vishm\AppData\Local\Temp\slt_bills_955o084f

2026-07-08 12:53:08,283 [INFO] Starting: 1 files, 7 workers
2026-07-08 12:53:08,617 [INFO]     Progress: 1/1 (100%)
2026-07-08 12:53:08,654 [INFO]   Round 1: 1 success, 0 failed in 0.4s (9707/hr)
2026-07-08 12:53:08,658 [INFO] 
Batch complete: 1 success, 0 failed in 0.4s (9590/hr)
2026-07-08 12:53:08,659 [INFO] 
======================================================================
2026-07-08 12:53:08,659 [INFO] PROCESSING SUMMARY
2026-07-08 12:53:08,659 [INFO] ======================================================================
2026-07-08 12:53:08,659 [INFO] Total files:      1
2026-07-08 12:53:08,659 [INFO] Successful:       1
2026-07-08 12:53:08,659 [INFO] Failed:           0
2026-07-08 12:53:08,659 [INFO] Success rate:     100.0%
2026-07-08 12:53:08,659 [INFO] Total duration:   0.38s
2026-07-08 12:53:08,659 [INFO] Rate:             2.66 files/sec
2026-07-08 12:53:08,660 [INFO]                   9,580 files/hour
2026-07-08 12:53:08,660 [INFO] Target:           40,000 files/hour
2026-07-08 12:53:08,660 [INFO] Target met:       NO
2026-07-08 12:53:08,660 [INFO] 
By template:
2026-07-08 12:53:08,660 [INFO]   vat_enterprise: 1/1 (avg 60.42ms)
2026-07-08 12:53:08,660 [INFO] ======================================================================

2026-07-08 12:53:08,661 [INFO]   Detailed report: C:\Users\vishm\Downloads\SmartAI_Bill (3)\SmartAI_Bill\logs\stats_20260708_125308.json
2026-07-08 12:53:08,661 [INFO] 

2026-07-08 12:53:08,662 [INFO]   CREATING OUTPUT ZIP
2026-07-08 12:53:08,662 [INFO]                                                                       
2026-07-08 12:53:08,662 [INFO] 
Zipping 1 PDFs in batches of 1500
2026-07-08 12:53:08,692 [INFO]   OK: SLT_BILLS_vat_enterprise_0001_20260708_125308.zip (1 PDFs, 0.3 MB)
2026-07-08 12:53:08,693 [INFO] Created 1 ZIP file(s)
2026-07-08 12:53:08,693 [INFO] 
  Total ZIPs created: 1
2026-07-08 12:53:08,694 [INFO]   ZIP output folder: C:\Users\vishm\Downloads\SmartAI_Bill (3)\SmartAI_Bill\output\zips
2026-07-08 12:53:08,694 [INFO] 
  Processing complete

