2026-07-08 12:39:39,875 [INFO]                                                                       
2026-07-08 12:39:39,875 [INFO]   SLT BILL GENERATOR
2026-07-08 12:39:39,875 [INFO]                                                                       
2026-07-08 12:39:39,876 [INFO]   Inbound folder:  C:\Users\vishm\Downloads\SmartAI_Bill (3)\SmartAI_Bill\data\inbound
2026-07-08 12:39:39,876 [INFO]   Files found:     2
2026-07-08 12:39:39,876 [INFO]   Workers:         7
2026-07-08 12:39:39,876 [INFO]   ZIP batch size:  1500
2026-07-08 12:39:39,876 [INFO]   Log file:        C:\Users\vishm\Downloads\SmartAI_Bill (3)\SmartAI_Bill\logs\slt_bills_20260708_123939.log
2026-07-08 12:39:39,878 [INFO]                                                                       
2026-07-08 12:39:41,391 [INFO] Filtering files for template: vat_enterprise
2026-07-08 12:39:41,410 [INFO]   Matched: 1 | Skipped: 1 | Errors: 0
2026-07-08 12:39:41,410 [INFO] 
  Generating 1 'vat_enterprise' bills

2026-07-08 12:39:41,412 [INFO]   Temp PDF dir: C:\Users\vishm\AppData\Local\Temp\slt_bills_x70qleed

2026-07-08 12:39:41,412 [INFO] Starting: 1 files, 7 workers
2026-07-08 12:39:41,765 [INFO]     Progress: 0/1 (0%)
2026-07-08 12:39:41,801 [INFO]   Round 1: 0 success, 1 failed in 0.4s (9258/hr)
2026-07-08 12:39:41,801 [INFO] 
  RETRY 1/3: 1 failed files
2026-07-08 12:39:42,110 [INFO]     Progress: 0/1 (0%)
2026-07-08 12:39:42,140 [INFO]   Retry 1: 0 recovered, 1 still failing
2026-07-08 12:39:42,141 [INFO] 
  RETRY 2/3: 1 failed files
2026-07-08 12:39:42,441 [INFO]     Progress: 0/1 (0%)
2026-07-08 12:39:42,479 [INFO]   Retry 2: 0 recovered, 1 still failing
2026-07-08 12:39:42,480 [INFO] 
Batch complete: 0 success, 1 failed in 1.1s (3372/hr)
2026-07-08 12:39:42,480 [INFO]   1 file(s) failed after 3 attempts
2026-07-08 12:39:42,480 [INFO]     FAILED: 520326_1-1-02-1-LKR-101-1-BILL-NONRED_1.7: KeyError: 'line_hline_hline_hline_hline_h'
2026-07-08 12:39:42,480 [INFO] 
======================================================================
2026-07-08 12:39:42,480 [INFO] PROCESSING SUMMARY
2026-07-08 12:39:42,481 [INFO] ======================================================================
2026-07-08 12:39:42,481 [INFO] Total files:      1
2026-07-08 12:39:42,481 [INFO] Successful:       0
2026-07-08 12:39:42,481 [INFO] Failed:           1
2026-07-08 12:39:42,481 [INFO] Success rate:     0.0%
2026-07-08 12:39:42,481 [INFO] Total duration:   1.07s
2026-07-08 12:39:42,481 [INFO] Rate:             0.94 files/sec
2026-07-08 12:39:42,482 [INFO]                   3,370 files/hour
2026-07-08 12:39:42,482 [INFO] Target:           40,000 files/hour
2026-07-08 12:39:42,482 [INFO] Target met:       NO
2026-07-08 12:39:42,482 [INFO] 
By template:
2026-07-08 12:39:42,482 [INFO]   vat_enterprise: 0/1 (avg 6.36ms)
2026-07-08 12:39:42,482 [INFO] ======================================================================

2026-07-08 12:39:42,483 [INFO]   Detailed report: C:\Users\vishm\Downloads\SmartAI_Bill (3)\SmartAI_Bill\logs\stats_20260708_123942.json
2026-07-08 12:39:42,483 [INFO] 

2026-07-08 12:39:42,483 [INFO]   CREATING OUTPUT ZIP
2026-07-08 12:39:42,483 [INFO]                                                                       
2026-07-08 12:39:42,484 [INFO] No PDFs found to zip
2026-07-08 12:39:42,484 [INFO] 
  Total ZIPs created: 0
2026-07-08 12:39:42,485 [INFO]   ZIP output folder: C:\Users\vishm\Downloads\SmartAI_Bill (3)\SmartAI_Bill\output\zips
2026-07-08 12:39:42,485 [INFO] 
  Processing complete

