2026-07-07 23:28:24,791 [INFO]                                                                       
2026-07-07 23:28:24,791 [INFO]   SLT BILL GENERATOR
2026-07-07 23:28:24,791 [INFO]                                                                       
2026-07-07 23:28:24,792 [INFO]   Inbound folder:  C:\Users\vishm\Downloads\SmartAI_Bill (3)\SmartAI_Bill\data\inbound
2026-07-07 23:28:24,792 [INFO]   Files found:     3
2026-07-07 23:28:24,792 [INFO]   Workers:         7
2026-07-07 23:28:24,792 [INFO]   ZIP batch size:  1500
2026-07-07 23:28:24,792 [INFO]   Log file:        C:\Users\vishm\Downloads\SmartAI_Bill (3)\SmartAI_Bill\logs\slt_bills_20260707_232824.log
2026-07-07 23:28:24,793 [INFO]                                                                       
2026-07-07 23:28:27,187 [INFO] Filtering files for template: summary_statement
2026-07-07 23:28:27,188 [INFO]   Matched: 1 | Skipped: 2 | Errors: 0
2026-07-07 23:28:27,188 [INFO] 
  Generating 1 'summary_statement' bills

2026-07-07 23:28:27,190 [INFO]   Temp PDF dir: C:\Users\vishm\AppData\Local\Temp\slt_bills_76l73lyr

2026-07-07 23:28:27,190 [INFO] Starting: 1 files, 7 workers
2026-07-07 23:28:28,921 [INFO]     Progress: 1/1 (100%)
2026-07-07 23:28:28,957 [INFO]   Round 1: 1 success, 0 failed in 1.8s (2037/hr)
2026-07-07 23:28:28,958 [INFO] 
Batch complete: 1 success, 0 failed in 1.8s (2036/hr)
2026-07-07 23:28:28,958 [INFO] 
======================================================================
2026-07-07 23:28:28,959 [INFO] PROCESSING SUMMARY
2026-07-07 23:28:28,959 [INFO] ======================================================================
2026-07-07 23:28:28,959 [INFO] Total files:      1
2026-07-07 23:28:28,959 [INFO] Successful:       1
2026-07-07 23:28:28,959 [INFO] Failed:           0
2026-07-07 23:28:28,959 [INFO] Success rate:     100.0%
2026-07-07 23:28:28,959 [INFO] Total duration:   1.77s
2026-07-07 23:28:28,959 [INFO] Rate:             0.57 files/sec
2026-07-07 23:28:28,960 [INFO]                   2,036 files/hour
2026-07-07 23:28:28,960 [INFO] Target:           40,000 files/hour
2026-07-07 23:28:28,960 [INFO] Target met:       NO
2026-07-07 23:28:28,960 [INFO] 
By template:
2026-07-07 23:28:28,960 [INFO]   summary_statement: 1/1 (avg 1360.62ms)
2026-07-07 23:28:28,960 [INFO] ======================================================================

2026-07-07 23:28:28,962 [INFO]   Detailed report: C:\Users\vishm\Downloads\SmartAI_Bill (3)\SmartAI_Bill\logs\stats_20260707_232828.json
2026-07-07 23:28:28,962 [INFO] 

2026-07-07 23:28:28,962 [INFO]   CREATING OUTPUT ZIP
2026-07-07 23:28:28,962 [INFO]                                                                       
2026-07-07 23:28:28,962 [INFO] 
Zipping 1 PDFs in batches of 1500
2026-07-07 23:28:28,979 [INFO]   OK: SLT_BILLS_summary_statement_0001_20260707_232828.zip (1 PDFs, 0.1 MB)
2026-07-07 23:28:28,980 [INFO] Created 1 ZIP file(s)
2026-07-07 23:28:28,980 [INFO] 
  Total ZIPs created: 1
2026-07-07 23:28:28,981 [INFO]   ZIP output folder: C:\Users\vishm\Downloads\SmartAI_Bill (3)\SmartAI_Bill\output\zips
2026-07-07 23:28:28,981 [INFO] 
  Processing complete

