2026-07-08 12:26:50,983 [INFO]                                                                       
2026-07-08 12:26:50,983 [INFO]   SLT BILL GENERATOR
2026-07-08 12:26:50,983 [INFO]                                                                       
2026-07-08 12:26:50,983 [INFO]   Inbound folder:  C:\Users\vishm\Downloads\SmartAI_Bill (3)\SmartAI_Bill\data\inbound
2026-07-08 12:26:50,983 [INFO]   Files found:     2
2026-07-08 12:26:50,984 [INFO]   Workers:         7
2026-07-08 12:26:50,984 [INFO]   ZIP batch size:  1500
2026-07-08 12:26:50,984 [INFO]   Log file:        C:\Users\vishm\Downloads\SmartAI_Bill (3)\SmartAI_Bill\logs\slt_bills_20260708_122650.log
2026-07-08 12:26:50,985 [INFO]                                                                       
2026-07-08 12:26:52,350 [INFO] Filtering files for template: vat_enterprise
2026-07-08 12:26:52,367 [INFO]   Matched: 1 | Skipped: 1 | Errors: 0
2026-07-08 12:26:52,367 [INFO] 
  Generating 1 'vat_enterprise' bills

2026-07-08 12:26:52,369 [INFO]   Temp PDF dir: C:\Users\vishm\AppData\Local\Temp\slt_bills_m0m90vt0

2026-07-08 12:26:52,369 [INFO] Starting: 1 files, 7 workers
2026-07-08 12:26:52,677 [INFO]     Progress: 1/1 (100%)
2026-07-08 12:26:52,706 [INFO]   Round 1: 1 success, 0 failed in 0.3s (10693/hr)
2026-07-08 12:26:52,710 [INFO] 
Batch complete: 1 success, 0 failed in 0.3s (10590/hr)
2026-07-08 12:26:52,710 [INFO] 
======================================================================
2026-07-08 12:26:52,710 [INFO] PROCESSING SUMMARY
2026-07-08 12:26:52,710 [INFO] ======================================================================
2026-07-08 12:26:52,710 [INFO] Total files:      1
2026-07-08 12:26:52,710 [INFO] Successful:       1
2026-07-08 12:26:52,710 [INFO] Failed:           0
2026-07-08 12:26:52,710 [INFO] Success rate:     100.0%
2026-07-08 12:26:52,710 [INFO] Total duration:   0.34s
2026-07-08 12:26:52,710 [INFO] Rate:             2.94 files/sec
2026-07-08 12:26:52,711 [INFO]                   10,577 files/hour
2026-07-08 12:26:52,711 [INFO] Target:           40,000 files/hour
2026-07-08 12:26:52,711 [INFO] Target met:       NO
2026-07-08 12:26:52,711 [INFO] 
By template:
2026-07-08 12:26:52,711 [INFO]   vat_enterprise: 1/1 (avg 73.4ms)
2026-07-08 12:26:52,711 [INFO] ======================================================================

2026-07-08 12:26:52,712 [INFO]   Detailed report: C:\Users\vishm\Downloads\SmartAI_Bill (3)\SmartAI_Bill\logs\stats_20260708_122652.json
2026-07-08 12:26:52,712 [INFO] 

2026-07-08 12:26:52,712 [INFO]   CREATING OUTPUT ZIP
2026-07-08 12:26:52,712 [INFO]                                                                       
2026-07-08 12:26:52,712 [INFO] 
Zipping 1 PDFs in batches of 1500
2026-07-08 12:26:52,741 [INFO]   OK: SLT_BILLS_vat_enterprise_0001_20260708_122652.zip (1 PDFs, 0.3 MB)
2026-07-08 12:26:52,742 [INFO] Created 1 ZIP file(s)
2026-07-08 12:26:52,742 [INFO] 
  Total ZIPs created: 1
2026-07-08 12:26:52,742 [INFO]   ZIP output folder: C:\Users\vishm\Downloads\SmartAI_Bill (3)\SmartAI_Bill\output\zips
2026-07-08 12:26:52,743 [INFO] 
  Processing complete

