2026-07-08 16:43:03,011 [INFO]                                                                       
2026-07-08 16:43:03,011 [INFO]   SLT BILL GENERATOR
2026-07-08 16:43:03,011 [INFO]                                                                       
2026-07-08 16:43:03,012 [INFO]   Inbound folder:  C:\Users\vishm\Downloads\SmartAI_Bill (3)\SmartAI_Bill\data\inbound
2026-07-08 16:43:03,012 [INFO]   Files found:     2
2026-07-08 16:43:03,012 [INFO]   Workers:         7
2026-07-08 16:43:03,012 [INFO]   ZIP batch size:  1500
2026-07-08 16:43:03,012 [INFO]   Log file:        C:\Users\vishm\Downloads\SmartAI_Bill (3)\SmartAI_Bill\logs\slt_bills_20260708_164303.log
2026-07-08 16:43:03,014 [INFO]                                                                       
2026-07-08 16:43:04,378 [INFO] Filtering files for template: vat_enterprise
2026-07-08 16:43:04,379 [INFO]   Matched: 1 | Skipped: 1 | Errors: 0
2026-07-08 16:43:04,380 [INFO] 
  Generating 1 'vat_enterprise' bills

2026-07-08 16:43:04,382 [INFO]   Temp PDF dir: C:\Users\vishm\AppData\Local\Temp\slt_bills_8id0b8mk

2026-07-08 16:43:04,382 [INFO] Starting: 1 files, 7 workers
2026-07-08 16:43:04,773 [INFO]     Progress: 0/1 (0%)
2026-07-08 16:43:04,806 [INFO]   Round 1: 0 success, 1 failed in 0.4s (8496/hr)
2026-07-08 16:43:04,806 [INFO] 
  RETRY 1/3: 1 failed files
2026-07-08 16:43:05,089 [INFO]     Progress: 0/1 (0%)
2026-07-08 16:43:05,113 [INFO]   Retry 1: 0 recovered, 1 still failing
2026-07-08 16:43:05,113 [INFO] 
  RETRY 2/3: 1 failed files
2026-07-08 16:43:05,371 [INFO]     Progress: 0/1 (0%)
2026-07-08 16:43:05,398 [INFO]   Retry 2: 0 recovered, 1 still failing
2026-07-08 16:43:05,399 [INFO] 
Batch complete: 0 success, 1 failed in 1.0s (3539/hr)
2026-07-08 16:43:05,400 [INFO]   1 file(s) failed after 3 attempts
2026-07-08 16:43:05,400 [INFO]     FAILED: 520326_1-1-02-1-LKR-101-1-BILL-NONRED_1.7: ValueError: could not convert string to float: ''
2026-07-08 16:43:05,400 [INFO] 
======================================================================
2026-07-08 16:43:05,400 [INFO] PROCESSING SUMMARY
2026-07-08 16:43:05,400 [INFO] ======================================================================
2026-07-08 16:43:05,400 [INFO] Total files:      1
2026-07-08 16:43:05,400 [INFO] Successful:       0
2026-07-08 16:43:05,400 [INFO] Failed:           1
2026-07-08 16:43:05,401 [INFO] Success rate:     0.0%
2026-07-08 16:43:05,401 [INFO] Total duration:   1.02s
2026-07-08 16:43:05,401 [INFO] Rate:             0.98 files/sec
2026-07-08 16:43:05,401 [INFO]                   3,537 files/hour
2026-07-08 16:43:05,401 [INFO] Target:           40,000 files/hour
2026-07-08 16:43:05,401 [INFO] Target met:       NO
2026-07-08 16:43:05,401 [INFO] 
By template:
2026-07-08 16:43:05,401 [INFO]   vat_enterprise: 0/1 (avg 4.15ms)
2026-07-08 16:43:05,402 [INFO] ======================================================================

2026-07-08 16:43:05,402 [INFO]   Detailed report: C:\Users\vishm\Downloads\SmartAI_Bill (3)\SmartAI_Bill\logs\stats_20260708_164305.json
2026-07-08 16:43:05,403 [INFO] 

2026-07-08 16:43:05,403 [INFO]   CREATING OUTPUT ZIP
2026-07-08 16:43:05,403 [INFO]                                                                       
2026-07-08 16:43:05,403 [INFO] No PDFs found to zip
2026-07-08 16:43:05,403 [INFO] 
  Total ZIPs created: 0
2026-07-08 16:43:05,403 [INFO]   ZIP output folder: C:\Users\vishm\Downloads\SmartAI_Bill (3)\SmartAI_Bill\output\zips
2026-07-08 16:43:05,403 [INFO] 
  Processing complete

