2026-07-08 12:11:04,120 [INFO]                                                                       
2026-07-08 12:11:04,120 [INFO]   SLT BILL GENERATOR
2026-07-08 12:11:04,120 [INFO]                                                                       
2026-07-08 12:11:04,121 [INFO]   Inbound folder:  C:\Users\vishm\Downloads\SmartAI_Bill (3)\SmartAI_Bill\data\inbound
2026-07-08 12:11:04,121 [INFO]   Files found:     2
2026-07-08 12:11:04,121 [INFO]   Workers:         7
2026-07-08 12:11:04,121 [INFO]   ZIP batch size:  1500
2026-07-08 12:11:04,121 [INFO]   Log file:        C:\Users\vishm\Downloads\SmartAI_Bill (3)\SmartAI_Bill\logs\slt_bills_20260708_121104.log
2026-07-08 12:11:04,122 [INFO]                                                                       
2026-07-08 12:11:05,504 [INFO] Filtering files for template: vat_enterprise
2026-07-08 12:11:05,521 [INFO]   Matched: 1 | Skipped: 1 | Errors: 0
2026-07-08 12:11:05,521 [INFO] 
  Generating 1 'vat_enterprise' bills

2026-07-08 12:11:05,523 [INFO]   Temp PDF dir: C:\Users\vishm\AppData\Local\Temp\slt_bills_whs2ga1h

2026-07-08 12:11:05,524 [INFO] Starting: 1 files, 7 workers
2026-07-08 12:11:05,796 [INFO]     Progress: 1/1 (100%)
2026-07-08 12:11:05,854 [INFO]   Round 1: 1 success, 0 failed in 0.3s (10922/hr)
2026-07-08 12:11:05,857 [INFO] 
Batch complete: 1 success, 0 failed in 0.3s (10804/hr)
2026-07-08 12:11:05,863 [INFO] 
======================================================================
2026-07-08 12:11:05,864 [INFO] PROCESSING SUMMARY
2026-07-08 12:11:05,864 [INFO] ======================================================================
2026-07-08 12:11:05,864 [INFO] Total files:      1
2026-07-08 12:11:05,865 [INFO] Successful:       1
2026-07-08 12:11:05,865 [INFO] Failed:           0
2026-07-08 12:11:05,865 [INFO] Success rate:     100.0%
2026-07-08 12:11:05,866 [INFO] Total duration:   0.34s
2026-07-08 12:11:05,866 [INFO] Rate:             2.95 files/sec
2026-07-08 12:11:05,866 [INFO]                   10,617 files/hour
2026-07-08 12:11:05,866 [INFO] Target:           40,000 files/hour
2026-07-08 12:11:05,866 [INFO] Target met:       NO
2026-07-08 12:11:05,866 [INFO] 
By template:
2026-07-08 12:11:05,867 [INFO]   vat_enterprise: 1/1 (avg 48.88ms)
2026-07-08 12:11:05,867 [INFO] ======================================================================

2026-07-08 12:11:05,868 [INFO]   Detailed report: C:\Users\vishm\Downloads\SmartAI_Bill (3)\SmartAI_Bill\logs\stats_20260708_121105.json
2026-07-08 12:11:05,868 [INFO] 

2026-07-08 12:11:05,868 [INFO]   CREATING OUTPUT ZIP
2026-07-08 12:11:05,868 [INFO]                                                                       
2026-07-08 12:11:05,868 [INFO] 
Zipping 1 PDFs in batches of 1500
2026-07-08 12:11:05,894 [INFO]   OK: SLT_BILLS_vat_enterprise_0001_20260708_121105.zip (1 PDFs, 0.3 MB)
2026-07-08 12:11:05,894 [INFO] Created 1 ZIP file(s)
2026-07-08 12:11:05,895 [INFO] 
  Total ZIPs created: 1
2026-07-08 12:11:05,895 [INFO]   ZIP output folder: C:\Users\vishm\Downloads\SmartAI_Bill (3)\SmartAI_Bill\output\zips
2026-07-08 12:11:05,895 [INFO] 
  Processing complete

