2026-07-08 13:37:08,669 [INFO]                                                                       
2026-07-08 13:37:08,670 [INFO]   SLT BILL GENERATOR
2026-07-08 13:37:08,670 [INFO]                                                                       
2026-07-08 13:37:08,670 [INFO]   Inbound folder:  C:\Users\vishm\Downloads\SmartAI_Bill (3)\SmartAI_Bill\data\inbound
2026-07-08 13:37:08,670 [INFO]   Files found:     2
2026-07-08 13:37:08,670 [INFO]   Workers:         7
2026-07-08 13:37:08,670 [INFO]   ZIP batch size:  1500
2026-07-08 13:37:08,671 [INFO]   Log file:        C:\Users\vishm\Downloads\SmartAI_Bill (3)\SmartAI_Bill\logs\slt_bills_20260708_133708.log
2026-07-08 13:37:08,672 [INFO]                                                                       
2026-07-08 13:37:10,412 [INFO] Filtering files for template: vat_enterprise
2026-07-08 13:37:10,431 [INFO]   Matched: 1 | Skipped: 1 | Errors: 0
2026-07-08 13:37:10,431 [INFO] 
  Generating 1 'vat_enterprise' bills

2026-07-08 13:37:10,434 [INFO]   Temp PDF dir: C:\Users\vishm\AppData\Local\Temp\slt_bills_w71zfr0w

2026-07-08 13:37:10,434 [INFO] Starting: 1 files, 7 workers
2026-07-08 13:37:10,755 [INFO]     Progress: 1/1 (100%)
2026-07-08 13:37:10,782 [INFO]   Round 1: 1 success, 0 failed in 0.3s (10336/hr)
2026-07-08 13:37:10,785 [INFO] 
Batch complete: 1 success, 0 failed in 0.4s (10247/hr)
2026-07-08 13:37:10,786 [INFO] 
======================================================================
2026-07-08 13:37:10,786 [INFO] PROCESSING SUMMARY
2026-07-08 13:37:10,786 [INFO] ======================================================================
2026-07-08 13:37:10,786 [INFO] Total files:      1
2026-07-08 13:37:10,786 [INFO] Successful:       1
2026-07-08 13:37:10,786 [INFO] Failed:           0
2026-07-08 13:37:10,786 [INFO] Success rate:     100.0%
2026-07-08 13:37:10,786 [INFO] Total duration:   0.35s
2026-07-08 13:37:10,786 [INFO] Rate:             2.84 files/sec
2026-07-08 13:37:10,787 [INFO]                   10,234 files/hour
2026-07-08 13:37:10,787 [INFO] Target:           40,000 files/hour
2026-07-08 13:37:10,787 [INFO] Target met:       NO
2026-07-08 13:37:10,787 [INFO] 
By template:
2026-07-08 13:37:10,787 [INFO]   vat_enterprise: 1/1 (avg 55.42ms)
2026-07-08 13:37:10,787 [INFO] ======================================================================

2026-07-08 13:37:10,788 [INFO]   Detailed report: C:\Users\vishm\Downloads\SmartAI_Bill (3)\SmartAI_Bill\logs\stats_20260708_133710.json
2026-07-08 13:37:10,788 [INFO] 

2026-07-08 13:37:10,788 [INFO]   CREATING OUTPUT ZIP
2026-07-08 13:37:10,788 [INFO]                                                                       
2026-07-08 13:37:10,789 [INFO] 
Zipping 1 PDFs in batches of 1500
2026-07-08 13:37:10,814 [INFO]   OK: SLT_BILLS_vat_enterprise_0001_20260708_133710.zip (1 PDFs, 0.3 MB)
2026-07-08 13:37:10,814 [INFO] Created 1 ZIP file(s)
2026-07-08 13:37:10,815 [INFO] 
  Total ZIPs created: 1
2026-07-08 13:37:10,815 [INFO]   ZIP output folder: C:\Users\vishm\Downloads\SmartAI_Bill (3)\SmartAI_Bill\output\zips
2026-07-08 13:37:10,815 [INFO] 
  Processing complete

