2026-07-08 12:40:39,685 [INFO]                                                                       
2026-07-08 12:40:39,685 [INFO]   SLT BILL GENERATOR
2026-07-08 12:40:39,685 [INFO]                                                                       
2026-07-08 12:40:39,686 [INFO]   Inbound folder:  C:\Users\vishm\Downloads\SmartAI_Bill (3)\SmartAI_Bill\data\inbound
2026-07-08 12:40:39,686 [INFO]   Files found:     2
2026-07-08 12:40:39,686 [INFO]   Workers:         7
2026-07-08 12:40:39,686 [INFO]   ZIP batch size:  1500
2026-07-08 12:40:39,686 [INFO]   Log file:        C:\Users\vishm\Downloads\SmartAI_Bill (3)\SmartAI_Bill\logs\slt_bills_20260708_124039.log
2026-07-08 12:40:39,687 [INFO]                                                                       
2026-07-08 12:40:41,367 [INFO] Filtering files for template: vat_enterprise
2026-07-08 12:40:41,367 [INFO]   Matched: 1 | Skipped: 1 | Errors: 0
2026-07-08 12:40:41,367 [INFO] 
  Generating 1 'vat_enterprise' bills

2026-07-08 12:40:41,369 [INFO]   Temp PDF dir: C:\Users\vishm\AppData\Local\Temp\slt_bills_5n19pm3u

2026-07-08 12:40:41,369 [INFO] Starting: 1 files, 7 workers
2026-07-08 12:40:41,685 [INFO]     Progress: 0/1 (0%)
2026-07-08 12:40:41,712 [INFO]   Round 1: 0 success, 1 failed in 0.3s (10492/hr)
2026-07-08 12:40:41,712 [INFO] 
  RETRY 1/3: 1 failed files
2026-07-08 12:40:42,001 [INFO]     Progress: 0/1 (0%)
2026-07-08 12:40:42,030 [INFO]   Retry 1: 0 recovered, 1 still failing
2026-07-08 12:40:42,030 [INFO] 
  RETRY 2/3: 1 failed files
2026-07-08 12:40:42,307 [INFO]     Progress: 0/1 (0%)
2026-07-08 12:40:42,333 [INFO]   Retry 2: 0 recovered, 1 still failing
2026-07-08 12:40:42,334 [INFO] 
Batch complete: 0 success, 1 failed in 1.0s (3730/hr)
2026-07-08 12:40:42,334 [INFO]   1 file(s) failed after 3 attempts
2026-07-08 12:40:42,334 [INFO]     FAILED: 520326_1-1-02-1-LKR-101-1-BILL-NONRED_1.7: KeyError: 'line_hline_hline_hline_hline_h'
2026-07-08 12:40:42,335 [INFO] 
======================================================================
2026-07-08 12:40:42,335 [INFO] PROCESSING SUMMARY
2026-07-08 12:40:42,335 [INFO] ======================================================================
2026-07-08 12:40:42,335 [INFO] Total files:      1
2026-07-08 12:40:42,335 [INFO] Successful:       0
2026-07-08 12:40:42,335 [INFO] Failed:           1
2026-07-08 12:40:42,335 [INFO] Success rate:     0.0%
2026-07-08 12:40:42,335 [INFO] Total duration:   0.97s
2026-07-08 12:40:42,336 [INFO] Rate:             1.04 files/sec
2026-07-08 12:40:42,336 [INFO]                   3,728 files/hour
2026-07-08 12:40:42,336 [INFO] Target:           40,000 files/hour
2026-07-08 12:40:42,336 [INFO] Target met:       NO
2026-07-08 12:40:42,336 [INFO] 
By template:
2026-07-08 12:40:42,336 [INFO]   vat_enterprise: 0/1 (avg 3.65ms)
2026-07-08 12:40:42,336 [INFO] ======================================================================

2026-07-08 12:40:42,338 [INFO]   Detailed report: C:\Users\vishm\Downloads\SmartAI_Bill (3)\SmartAI_Bill\logs\stats_20260708_124042.json
2026-07-08 12:40:42,338 [INFO] 

2026-07-08 12:40:42,338 [INFO]   CREATING OUTPUT ZIP
2026-07-08 12:40:42,338 [INFO]                                                                       
2026-07-08 12:40:42,338 [INFO] No PDFs found to zip
2026-07-08 12:40:42,339 [INFO] 
  Total ZIPs created: 0
2026-07-08 12:40:42,339 [INFO]   ZIP output folder: C:\Users\vishm\Downloads\SmartAI_Bill (3)\SmartAI_Bill\output\zips
2026-07-08 12:40:42,339 [INFO] 
  Processing complete

