2026-07-08 11:42:34,804 [INFO]                                                                       
2026-07-08 11:42:34,804 [INFO]   SLT BILL GENERATOR
2026-07-08 11:42:34,804 [INFO]                                                                       
2026-07-08 11:42:34,804 [INFO]   Inbound folder:  C:\Users\vishm\Downloads\SmartAI_Bill (3)\SmartAI_Bill\data\inbound
2026-07-08 11:42:34,804 [INFO]   Files found:     2
2026-07-08 11:42:34,805 [INFO]   Workers:         7
2026-07-08 11:42:34,805 [INFO]   ZIP batch size:  1500
2026-07-08 11:42:34,805 [INFO]   Log file:        C:\Users\vishm\Downloads\SmartAI_Bill (3)\SmartAI_Bill\logs\slt_bills_20260708_114234.log
2026-07-08 11:42:34,806 [INFO]                                                                       
2026-07-08 11:42:36,168 [INFO] Filtering files for template: vat_enterprise
2026-07-08 11:42:36,193 [INFO]   Matched: 1 | Skipped: 1 | Errors: 0
2026-07-08 11:42:36,193 [INFO] 
  Generating 1 'vat_enterprise' bills

2026-07-08 11:42:36,196 [INFO]   Temp PDF dir: C:\Users\vishm\AppData\Local\Temp\slt_bills_5pwihfdu

2026-07-08 11:42:36,196 [INFO] Starting: 1 files, 7 workers
2026-07-08 11:42:36,477 [INFO]     Progress: 1/1 (100%)
2026-07-08 11:42:36,505 [INFO]   Round 1: 1 success, 0 failed in 0.3s (11648/hr)
2026-07-08 11:42:36,508 [INFO] 
Batch complete: 1 success, 0 failed in 0.3s (11545/hr)
2026-07-08 11:42:36,508 [INFO] 
======================================================================
2026-07-08 11:42:36,508 [INFO] PROCESSING SUMMARY
2026-07-08 11:42:36,508 [INFO] ======================================================================
2026-07-08 11:42:36,509 [INFO] Total files:      1
2026-07-08 11:42:36,509 [INFO] Successful:       1
2026-07-08 11:42:36,509 [INFO] Failed:           0
2026-07-08 11:42:36,509 [INFO] Success rate:     100.0%
2026-07-08 11:42:36,509 [INFO] Total duration:   0.31s
2026-07-08 11:42:36,509 [INFO] Rate:             3.2 files/sec
2026-07-08 11:42:36,509 [INFO]                   11,528 files/hour
2026-07-08 11:42:36,510 [INFO] Target:           40,000 files/hour
2026-07-08 11:42:36,510 [INFO] Target met:       NO
2026-07-08 11:42:36,510 [INFO] 
By template:
2026-07-08 11:42:36,510 [INFO]   vat_enterprise: 1/1 (avg 48.04ms)
2026-07-08 11:42:36,510 [INFO] ======================================================================

2026-07-08 11:42:36,511 [INFO]   Detailed report: C:\Users\vishm\Downloads\SmartAI_Bill (3)\SmartAI_Bill\logs\stats_20260708_114236.json
2026-07-08 11:42:36,512 [INFO] 

2026-07-08 11:42:36,512 [INFO]   CREATING OUTPUT ZIP
2026-07-08 11:42:36,512 [INFO]                                                                       
2026-07-08 11:42:36,512 [INFO] 
Zipping 1 PDFs in batches of 1500
2026-07-08 11:42:36,536 [INFO]   OK: SLT_BILLS_vat_enterprise_0001_20260708_114236.zip (1 PDFs, 0.3 MB)
2026-07-08 11:42:36,537 [INFO] Created 1 ZIP file(s)
2026-07-08 11:42:36,537 [INFO] 
  Total ZIPs created: 1
2026-07-08 11:42:36,537 [INFO]   ZIP output folder: C:\Users\vishm\Downloads\SmartAI_Bill (3)\SmartAI_Bill\output\zips
2026-07-08 11:42:36,538 [INFO] 
  Processing complete

