2026-07-08 11:32:24,319 [INFO]                                                                       
2026-07-08 11:32:24,320 [INFO]   SLT BILL GENERATOR
2026-07-08 11:32:24,320 [INFO]                                                                       
2026-07-08 11:32:24,320 [INFO]   Inbound folder:  C:\Users\vishm\Downloads\SmartAI_Bill (3)\SmartAI_Bill\data\inbound
2026-07-08 11:32:24,320 [INFO]   Files found:     2
2026-07-08 11:32:24,320 [INFO]   Workers:         7
2026-07-08 11:32:24,320 [INFO]   ZIP batch size:  1500
2026-07-08 11:32:24,320 [INFO]   Log file:        C:\Users\vishm\Downloads\SmartAI_Bill (3)\SmartAI_Bill\logs\slt_bills_20260708_113224.log
2026-07-08 11:32:24,321 [INFO]                                                                       
2026-07-08 11:32:27,084 [INFO] Filtering files for template: vat_enterprise
2026-07-08 11:32:27,100 [INFO]   Matched: 1 | Skipped: 1 | Errors: 0
2026-07-08 11:32:27,100 [INFO] 
  Generating 1 'vat_enterprise' bills

2026-07-08 11:32:27,101 [INFO]   Temp PDF dir: C:\Users\vishm\AppData\Local\Temp\slt_bills_3ifxgxas

2026-07-08 11:32:27,102 [INFO] Starting: 1 files, 7 workers
2026-07-08 11:32:27,372 [INFO]     Progress: 1/1 (100%)
2026-07-08 11:32:27,401 [INFO]   Round 1: 1 success, 0 failed in 0.3s (12038/hr)
2026-07-08 11:32:27,404 [INFO] 
Batch complete: 1 success, 0 failed in 0.3s (11909/hr)
2026-07-08 11:32:27,404 [INFO] 
======================================================================
2026-07-08 11:32:27,404 [INFO] PROCESSING SUMMARY
2026-07-08 11:32:27,405 [INFO] ======================================================================
2026-07-08 11:32:27,405 [INFO] Total files:      1
2026-07-08 11:32:27,405 [INFO] Successful:       1
2026-07-08 11:32:27,405 [INFO] Failed:           0
2026-07-08 11:32:27,405 [INFO] Success rate:     100.0%
2026-07-08 11:32:27,405 [INFO] Total duration:   0.3s
2026-07-08 11:32:27,405 [INFO] Rate:             3.3 files/sec
2026-07-08 11:32:27,405 [INFO]                   11,893 files/hour
2026-07-08 11:32:27,406 [INFO] Target:           40,000 files/hour
2026-07-08 11:32:27,406 [INFO] Target met:       NO
2026-07-08 11:32:27,406 [INFO] 
By template:
2026-07-08 11:32:27,406 [INFO]   vat_enterprise: 1/1 (avg 47.34ms)
2026-07-08 11:32:27,406 [INFO] ======================================================================

2026-07-08 11:32:27,407 [INFO]   Detailed report: C:\Users\vishm\Downloads\SmartAI_Bill (3)\SmartAI_Bill\logs\stats_20260708_113227.json
2026-07-08 11:32:27,407 [INFO] 

2026-07-08 11:32:27,408 [INFO]   CREATING OUTPUT ZIP
2026-07-08 11:32:27,408 [INFO]                                                                       
2026-07-08 11:32:27,408 [INFO] 
Zipping 1 PDFs in batches of 1500
2026-07-08 11:32:27,433 [INFO]   OK: SLT_BILLS_vat_enterprise_0001_20260708_113227.zip (1 PDFs, 0.3 MB)
2026-07-08 11:32:27,434 [INFO] Created 1 ZIP file(s)
2026-07-08 11:32:27,434 [INFO] 
  Total ZIPs created: 1
2026-07-08 11:32:27,434 [INFO]   ZIP output folder: C:\Users\vishm\Downloads\SmartAI_Bill (3)\SmartAI_Bill\output\zips
2026-07-08 11:32:27,434 [INFO] 
  Processing complete

