2026-07-08 12:27:29,775 [INFO]                                                                       
2026-07-08 12:27:29,775 [INFO]   SLT BILL GENERATOR
2026-07-08 12:27:29,775 [INFO]                                                                       
2026-07-08 12:27:29,775 [INFO]   Inbound folder:  C:\Users\vishm\Downloads\SmartAI_Bill (3)\SmartAI_Bill\data\inbound
2026-07-08 12:27:29,775 [INFO]   Files found:     2
2026-07-08 12:27:29,776 [INFO]   Workers:         7
2026-07-08 12:27:29,776 [INFO]   ZIP batch size:  1500
2026-07-08 12:27:29,776 [INFO]   Log file:        C:\Users\vishm\Downloads\SmartAI_Bill (3)\SmartAI_Bill\logs\slt_bills_20260708_122729.log
2026-07-08 12:27:29,777 [INFO]                                                                       
2026-07-08 12:27:31,081 [INFO] Filtering files for template: vat_enterprise
2026-07-08 12:27:31,099 [INFO]   Matched: 1 | Skipped: 1 | Errors: 0
2026-07-08 12:27:31,099 [INFO] 
  Generating 1 'vat_enterprise' bills

2026-07-08 12:27:31,101 [INFO]   Temp PDF dir: C:\Users\vishm\AppData\Local\Temp\slt_bills__wigfs4d

2026-07-08 12:27:31,101 [INFO] Starting: 1 files, 7 workers
2026-07-08 12:27:31,398 [INFO]     Progress: 1/1 (100%)
2026-07-08 12:27:31,429 [INFO]   Round 1: 1 success, 0 failed in 0.3s (10988/hr)
2026-07-08 12:27:31,432 [INFO] 
Batch complete: 1 success, 0 failed in 0.3s (10877/hr)
2026-07-08 12:27:31,433 [INFO] 
======================================================================
2026-07-08 12:27:31,433 [INFO] PROCESSING SUMMARY
2026-07-08 12:27:31,433 [INFO] ======================================================================
2026-07-08 12:27:31,433 [INFO] Total files:      1
2026-07-08 12:27:31,433 [INFO] Successful:       1
2026-07-08 12:27:31,433 [INFO] Failed:           0
2026-07-08 12:27:31,433 [INFO] Success rate:     100.0%
2026-07-08 12:27:31,433 [INFO] Total duration:   0.33s
2026-07-08 12:27:31,433 [INFO] Rate:             3.02 files/sec
2026-07-08 12:27:31,434 [INFO]                   10,865 files/hour
2026-07-08 12:27:31,434 [INFO] Target:           40,000 files/hour
2026-07-08 12:27:31,434 [INFO] Target met:       NO
2026-07-08 12:27:31,434 [INFO] 
By template:
2026-07-08 12:27:31,434 [INFO]   vat_enterprise: 1/1 (avg 55.93ms)
2026-07-08 12:27:31,434 [INFO] ======================================================================

2026-07-08 12:27:31,435 [INFO]   Detailed report: C:\Users\vishm\Downloads\SmartAI_Bill (3)\SmartAI_Bill\logs\stats_20260708_122731.json
2026-07-08 12:27:31,435 [INFO] 

2026-07-08 12:27:31,435 [INFO]   CREATING OUTPUT ZIP
2026-07-08 12:27:31,436 [INFO]                                                                       
2026-07-08 12:27:31,436 [INFO] 
Zipping 1 PDFs in batches of 1500
2026-07-08 12:27:31,460 [INFO]   OK: SLT_BILLS_vat_enterprise_0001_20260708_122731.zip (1 PDFs, 0.3 MB)
2026-07-08 12:27:31,460 [INFO] Created 1 ZIP file(s)
2026-07-08 12:27:31,461 [INFO] 
  Total ZIPs created: 1
2026-07-08 12:27:31,461 [INFO]   ZIP output folder: C:\Users\vishm\Downloads\SmartAI_Bill (3)\SmartAI_Bill\output\zips
2026-07-08 12:27:31,461 [INFO] 
  Processing complete

