2026-07-08 08:56:58,261 [INFO]                                                                       
2026-07-08 08:56:58,261 [INFO]   SLT BILL GENERATOR
2026-07-08 08:56:58,262 [INFO]                                                                       
2026-07-08 08:56:58,263 [INFO]   Inbound folder:  C:\Users\vishm\Downloads\SmartAI_Bill (3)\SmartAI_Bill\data\inbound
2026-07-08 08:56:58,263 [INFO]   Files found:     2
2026-07-08 08:56:58,263 [INFO]   Workers:         7
2026-07-08 08:56:58,264 [INFO]   ZIP batch size:  1500
2026-07-08 08:56:58,264 [INFO]   Log file:        C:\Users\vishm\Downloads\SmartAI_Bill (3)\SmartAI_Bill\logs\slt_bills_20260708_085658.log
2026-07-08 08:56:58,266 [INFO]                                                                       
2026-07-08 08:56:59,711 [INFO] Filtering files for template: usd_open_item
2026-07-08 08:56:59,769 [INFO]   Matched: 1 | Skipped: 1 | Errors: 0
2026-07-08 08:56:59,771 [INFO] 
  Generating 1 'usd_open_item' bills

2026-07-08 08:56:59,788 [INFO]   Temp PDF dir: C:\Users\vishm\AppData\Local\Temp\slt_bills_pinu8fij

2026-07-08 08:56:59,788 [INFO] Starting: 1 files, 7 workers
2026-07-08 08:57:00,166 [INFO]     Progress: 1/1 (100%)
2026-07-08 08:57:00,195 [INFO]   Round 1: 1 success, 0 failed in 0.4s (8846/hr)
2026-07-08 08:57:00,199 [INFO] 
Batch complete: 1 success, 0 failed in 0.4s (8771/hr)
2026-07-08 08:57:00,199 [INFO] 
======================================================================
2026-07-08 08:57:00,199 [INFO] PROCESSING SUMMARY
2026-07-08 08:57:00,199 [INFO] ======================================================================
2026-07-08 08:57:00,199 [INFO] Total files:      1
2026-07-08 08:57:00,200 [INFO] Successful:       1
2026-07-08 08:57:00,200 [INFO] Failed:           0
2026-07-08 08:57:00,200 [INFO] Success rate:     100.0%
2026-07-08 08:57:00,200 [INFO] Total duration:   0.41s
2026-07-08 08:57:00,200 [INFO] Rate:             2.43 files/sec
2026-07-08 08:57:00,200 [INFO]                   8,759 files/hour
2026-07-08 08:57:00,200 [INFO] Target:           40,000 files/hour
2026-07-08 08:57:00,201 [INFO] Target met:       NO
2026-07-08 08:57:00,201 [INFO] 
By template:
2026-07-08 08:57:00,201 [INFO]   usd_open_item: 1/1 (avg 34.56ms)
2026-07-08 08:57:00,201 [INFO] ======================================================================

2026-07-08 08:57:00,202 [INFO]   Detailed report: C:\Users\vishm\Downloads\SmartAI_Bill (3)\SmartAI_Bill\logs\stats_20260708_085700.json
2026-07-08 08:57:00,202 [INFO] 

2026-07-08 08:57:00,203 [INFO]   CREATING OUTPUT ZIP
2026-07-08 08:57:00,203 [INFO]                                                                       
2026-07-08 08:57:00,203 [INFO] 
Zipping 1 PDFs in batches of 1500
2026-07-08 08:57:00,239 [INFO]   OK: SLT_BILLS_usd_open_item_0001_20260708_085700.zip (1 PDFs, 0.2 MB)
2026-07-08 08:57:00,240 [INFO] Created 1 ZIP file(s)
2026-07-08 08:57:00,240 [INFO] 
  Total ZIPs created: 1
2026-07-08 08:57:00,240 [INFO]   ZIP output folder: C:\Users\vishm\Downloads\SmartAI_Bill (3)\SmartAI_Bill\output\zips
2026-07-08 08:57:00,240 [INFO] 
  Processing complete

