2026-07-08 12:13:53,324 [INFO]                                                                       
2026-07-08 12:13:53,324 [INFO]   SLT BILL GENERATOR
2026-07-08 12:13:53,324 [INFO]                                                                       
2026-07-08 12:13:53,325 [INFO]   Inbound folder:  C:\Users\vishm\Downloads\SmartAI_Bill (3)\SmartAI_Bill\data\inbound
2026-07-08 12:13:53,325 [INFO]   Files found:     2
2026-07-08 12:13:53,325 [INFO]   Workers:         7
2026-07-08 12:13:53,325 [INFO]   ZIP batch size:  1500
2026-07-08 12:13:53,325 [INFO]   Log file:        C:\Users\vishm\Downloads\SmartAI_Bill (3)\SmartAI_Bill\logs\slt_bills_20260708_121353.log
2026-07-08 12:13:53,327 [INFO]                                                                       
2026-07-08 12:13:55,199 [INFO] Filtering files for template: vat_enterprise
2026-07-08 12:13:55,211 [INFO]   Matched: 1 | Skipped: 1 | Errors: 0
2026-07-08 12:13:55,211 [INFO] 
  Generating 1 'vat_enterprise' bills

2026-07-08 12:13:55,213 [INFO]   Temp PDF dir: C:\Users\vishm\AppData\Local\Temp\slt_bills_kh3x94m5

2026-07-08 12:13:55,214 [INFO] Starting: 1 files, 7 workers
2026-07-08 12:13:55,491 [INFO]     Progress: 1/1 (100%)
2026-07-08 12:13:55,518 [INFO]   Round 1: 1 success, 0 failed in 0.3s (11864/hr)
2026-07-08 12:13:55,521 [INFO] 
Batch complete: 1 success, 0 failed in 0.3s (11744/hr)
2026-07-08 12:13:55,521 [INFO] 
======================================================================
2026-07-08 12:13:55,521 [INFO] PROCESSING SUMMARY
2026-07-08 12:13:55,521 [INFO] ======================================================================
2026-07-08 12:13:55,521 [INFO] Total files:      1
2026-07-08 12:13:55,521 [INFO] Successful:       1
2026-07-08 12:13:55,521 [INFO] Failed:           0
2026-07-08 12:13:55,522 [INFO] Success rate:     100.0%
2026-07-08 12:13:55,522 [INFO] Total duration:   0.31s
2026-07-08 12:13:55,522 [INFO] Rate:             3.26 files/sec
2026-07-08 12:13:55,522 [INFO]                   11,728 files/hour
2026-07-08 12:13:55,522 [INFO] Target:           40,000 files/hour
2026-07-08 12:13:55,522 [INFO] Target met:       NO
2026-07-08 12:13:55,522 [INFO] 
By template:
2026-07-08 12:13:55,522 [INFO]   vat_enterprise: 1/1 (avg 48.92ms)
2026-07-08 12:13:55,522 [INFO] ======================================================================

2026-07-08 12:13:55,525 [INFO]   Detailed report: C:\Users\vishm\Downloads\SmartAI_Bill (3)\SmartAI_Bill\logs\stats_20260708_121355.json
2026-07-08 12:13:55,525 [INFO] 

2026-07-08 12:13:55,525 [INFO]   CREATING OUTPUT ZIP
2026-07-08 12:13:55,525 [INFO]                                                                       
2026-07-08 12:13:55,526 [INFO] 
Zipping 1 PDFs in batches of 1500
2026-07-08 12:13:55,547 [INFO]   OK: SLT_BILLS_vat_enterprise_0001_20260708_121355.zip (1 PDFs, 0.3 MB)
2026-07-08 12:13:55,548 [INFO] Created 1 ZIP file(s)
2026-07-08 12:13:55,548 [INFO] 
  Total ZIPs created: 1
2026-07-08 12:13:55,548 [INFO]   ZIP output folder: C:\Users\vishm\Downloads\SmartAI_Bill (3)\SmartAI_Bill\output\zips
2026-07-08 12:13:55,548 [INFO] 
  Processing complete

