2026-07-08 13:46:33,006 [INFO]                                                                       
2026-07-08 13:46:33,006 [INFO]   SLT BILL GENERATOR
2026-07-08 13:46:33,007 [INFO]                                                                       
2026-07-08 13:46:33,007 [INFO]   Inbound folder:  C:\Users\vishm\Downloads\SmartAI_Bill (3)\SmartAI_Bill\data\inbound
2026-07-08 13:46:33,007 [INFO]   Files found:     2
2026-07-08 13:46:33,007 [INFO]   Workers:         7
2026-07-08 13:46:33,007 [INFO]   ZIP batch size:  1500
2026-07-08 13:46:33,007 [INFO]   Log file:        C:\Users\vishm\Downloads\SmartAI_Bill (3)\SmartAI_Bill\logs\slt_bills_20260708_134633.log
2026-07-08 13:46:33,009 [INFO]                                                                       
2026-07-08 13:46:34,238 [INFO] Filtering files for template: vat_enterprise
2026-07-08 13:46:34,249 [INFO]   Matched: 1 | Skipped: 1 | Errors: 0
2026-07-08 13:46:34,249 [INFO] 
  Generating 1 'vat_enterprise' bills

2026-07-08 13:46:34,251 [INFO]   Temp PDF dir: C:\Users\vishm\AppData\Local\Temp\slt_bills_1a44k18e

2026-07-08 13:46:34,252 [INFO] Starting: 1 files, 7 workers
2026-07-08 13:46:34,570 [INFO]     Progress: 1/1 (100%)
2026-07-08 13:46:34,602 [INFO]   Round 1: 1 success, 0 failed in 0.4s (10270/hr)
2026-07-08 13:46:34,606 [INFO] 
Batch complete: 1 success, 0 failed in 0.4s (10173/hr)
2026-07-08 13:46:34,606 [INFO] 
======================================================================
2026-07-08 13:46:34,606 [INFO] PROCESSING SUMMARY
2026-07-08 13:46:34,606 [INFO] ======================================================================
2026-07-08 13:46:34,606 [INFO] Total files:      1
2026-07-08 13:46:34,606 [INFO] Successful:       1
2026-07-08 13:46:34,607 [INFO] Failed:           0
2026-07-08 13:46:34,607 [INFO] Success rate:     100.0%
2026-07-08 13:46:34,607 [INFO] Total duration:   0.35s
2026-07-08 13:46:34,607 [INFO] Rate:             2.82 files/sec
2026-07-08 13:46:34,607 [INFO]                   10,159 files/hour
2026-07-08 13:46:34,607 [INFO] Target:           40,000 files/hour
2026-07-08 13:46:34,607 [INFO] Target met:       NO
2026-07-08 13:46:34,607 [INFO] 
By template:
2026-07-08 13:46:34,608 [INFO]   vat_enterprise: 1/1 (avg 57.59ms)
2026-07-08 13:46:34,608 [INFO] ======================================================================

2026-07-08 13:46:34,609 [INFO]   Detailed report: C:\Users\vishm\Downloads\SmartAI_Bill (3)\SmartAI_Bill\logs\stats_20260708_134634.json
2026-07-08 13:46:34,609 [INFO] 

2026-07-08 13:46:34,609 [INFO]   CREATING OUTPUT ZIP
2026-07-08 13:46:34,609 [INFO]                                                                       
2026-07-08 13:46:34,609 [INFO] 
Zipping 1 PDFs in batches of 1500
2026-07-08 13:46:34,633 [INFO]   OK: SLT_BILLS_vat_enterprise_0001_20260708_134634.zip (1 PDFs, 0.3 MB)
2026-07-08 13:46:34,634 [INFO] Created 1 ZIP file(s)
2026-07-08 13:46:34,634 [INFO] 
  Total ZIPs created: 1
2026-07-08 13:46:34,634 [INFO]   ZIP output folder: C:\Users\vishm\Downloads\SmartAI_Bill (3)\SmartAI_Bill\output\zips
2026-07-08 13:46:34,634 [INFO] 
  Processing complete

