2026-07-08 08:44:23,713 [INFO]                                                                       
2026-07-08 08:44:23,714 [INFO]   SLT BILL GENERATOR
2026-07-08 08:44:23,714 [INFO]                                                                       
2026-07-08 08:44:23,714 [INFO]   Inbound folder:  C:\Users\vishm\Downloads\SmartAI_Bill (3)\SmartAI_Bill\data\inbound
2026-07-08 08:44:23,715 [INFO]   Files found:     2
2026-07-08 08:44:23,715 [INFO]   Workers:         7
2026-07-08 08:44:23,715 [INFO]   ZIP batch size:  1500
2026-07-08 08:44:23,715 [INFO]   Log file:        C:\Users\vishm\Downloads\SmartAI_Bill (3)\SmartAI_Bill\logs\slt_bills_20260708_084423.log
2026-07-08 08:44:23,717 [INFO]                                                                       
2026-07-08 08:44:25,466 [INFO] Filtering files for template: usd_open_item
2026-07-08 08:44:25,467 [INFO]   Matched: 1 | Skipped: 1 | Errors: 0
2026-07-08 08:44:25,467 [INFO] 
  Generating 1 'usd_open_item' bills

2026-07-08 08:44:25,469 [INFO]   Temp PDF dir: C:\Users\vishm\AppData\Local\Temp\slt_bills_73_7ozd6

2026-07-08 08:44:25,469 [INFO] Starting: 1 files, 7 workers
2026-07-08 08:44:25,909 [INFO]     Progress: 0/1 (0%)
2026-07-08 08:44:25,935 [INFO]   Round 1: 0 success, 1 failed in 0.5s (7740/hr)
2026-07-08 08:44:25,935 [INFO] 
  RETRY 1/3: 1 failed files
2026-07-08 08:44:26,317 [INFO]     Progress: 0/1 (0%)
2026-07-08 08:44:26,342 [INFO]   Retry 1: 0 recovered, 1 still failing
2026-07-08 08:44:26,342 [INFO] 
  RETRY 2/3: 1 failed files
2026-07-08 08:44:26,685 [INFO]     Progress: 0/1 (0%)
2026-07-08 08:44:26,709 [INFO]   Retry 2: 0 recovered, 1 still failing
2026-07-08 08:44:26,710 [INFO] 
Batch complete: 0 success, 1 failed in 1.2s (2901/hr)
2026-07-08 08:44:26,711 [INFO]   1 file(s) failed after 3 attempts
2026-07-08 08:44:26,711 [INFO]     FAILED: 521662_4-21-02-1-USD-103-00-BILL-NONRED_1.1: FileNotFoundError: File not found: C:\Users\vishm\AppData\Local\Temp\slt_bills_73_7ozd6\SLT20eBill-0049204763.pdf
2026-07-08 08:44:26,711 [INFO] 
======================================================================
2026-07-08 08:44:26,711 [INFO] PROCESSING SUMMARY
2026-07-08 08:44:26,711 [INFO] ======================================================================
2026-07-08 08:44:26,711 [INFO] Total files:      1
2026-07-08 08:44:26,712 [INFO] Successful:       0
2026-07-08 08:44:26,712 [INFO] Failed:           1
2026-07-08 08:44:26,712 [INFO] Success rate:     0.0%
2026-07-08 08:44:26,712 [INFO] Total duration:   1.24s
2026-07-08 08:44:26,712 [INFO] Rate:             0.81 files/sec
2026-07-08 08:44:26,712 [INFO]                   2,900 files/hour
2026-07-08 08:44:26,712 [INFO] Target:           40,000 files/hour
2026-07-08 08:44:26,713 [INFO] Target met:       NO
2026-07-08 08:44:26,713 [INFO] 
By template:
2026-07-08 08:44:26,713 [INFO]   usd_open_item: 0/1 (avg 12.37ms)
2026-07-08 08:44:26,713 [INFO] ======================================================================

2026-07-08 08:44:26,715 [INFO]   Detailed report: C:\Users\vishm\Downloads\SmartAI_Bill (3)\SmartAI_Bill\logs\stats_20260708_084426.json
2026-07-08 08:44:26,715 [INFO] 

2026-07-08 08:44:26,715 [INFO]   CREATING OUTPUT ZIP
2026-07-08 08:44:26,715 [INFO]                                                                       
2026-07-08 08:44:26,716 [INFO] No PDFs found to zip
2026-07-08 08:44:26,716 [INFO] 
  Total ZIPs created: 0
2026-07-08 08:44:26,716 [INFO]   ZIP output folder: C:\Users\vishm\Downloads\SmartAI_Bill (3)\SmartAI_Bill\output\zips
2026-07-08 08:44:26,716 [INFO] 
  Processing complete

