2026-07-08 15:47:14,227 [INFO]                                                                       
2026-07-08 15:47:14,228 [INFO]   SLT BILL GENERATOR
2026-07-08 15:47:14,228 [INFO]                                                                       
2026-07-08 15:47:14,228 [INFO]   Inbound folder:  C:\Users\vishm\Downloads\SmartAI_Bill (3)\SmartAI_Bill\data\inbound
2026-07-08 15:47:14,228 [INFO]   Files found:     2
2026-07-08 15:47:14,228 [INFO]   Workers:         7
2026-07-08 15:47:14,228 [INFO]   ZIP batch size:  1500
2026-07-08 15:47:14,229 [INFO]   Log file:        C:\Users\vishm\Downloads\SmartAI_Bill (3)\SmartAI_Bill\logs\slt_bills_20260708_154714.log
2026-07-08 15:47:14,230 [INFO]                                                                       
2026-07-08 15:47:15,512 [INFO] Filtering files for template: vat_enterprise
2026-07-08 15:47:15,529 [INFO]   Matched: 1 | Skipped: 1 | Errors: 0
2026-07-08 15:47:15,530 [INFO] 
  Generating 1 'vat_enterprise' bills

2026-07-08 15:47:15,532 [INFO]   Temp PDF dir: C:\Users\vishm\AppData\Local\Temp\slt_bills_1271_j1u

2026-07-08 15:47:15,532 [INFO] Starting: 1 files, 7 workers
2026-07-08 15:47:15,824 [INFO]     Progress: 1/1 (100%)
2026-07-08 15:47:15,850 [INFO]   Round 1: 1 success, 0 failed in 0.3s (11328/hr)
2026-07-08 15:47:15,854 [INFO] 
Batch complete: 1 success, 0 failed in 0.3s (11195/hr)
2026-07-08 15:47:15,854 [INFO] 
======================================================================
2026-07-08 15:47:15,854 [INFO] PROCESSING SUMMARY
2026-07-08 15:47:15,854 [INFO] ======================================================================
2026-07-08 15:47:15,855 [INFO] Total files:      1
2026-07-08 15:47:15,855 [INFO] Successful:       1
2026-07-08 15:47:15,855 [INFO] Failed:           0
2026-07-08 15:47:15,855 [INFO] Success rate:     100.0%
2026-07-08 15:47:15,855 [INFO] Total duration:   0.32s
2026-07-08 15:47:15,855 [INFO] Rate:             3.1 files/sec
2026-07-08 15:47:15,855 [INFO]                   11,177 files/hour
2026-07-08 15:47:15,856 [INFO] Target:           40,000 files/hour
2026-07-08 15:47:15,856 [INFO] Target met:       NO
2026-07-08 15:47:15,856 [INFO] 
By template:
2026-07-08 15:47:15,856 [INFO]   vat_enterprise: 1/1 (avg 39.21ms)
2026-07-08 15:47:15,856 [INFO] ======================================================================

2026-07-08 15:47:15,858 [INFO]   Detailed report: C:\Users\vishm\Downloads\SmartAI_Bill (3)\SmartAI_Bill\logs\stats_20260708_154715.json
2026-07-08 15:47:15,858 [INFO] 

2026-07-08 15:47:15,858 [INFO]   CREATING OUTPUT ZIP
2026-07-08 15:47:15,858 [INFO]                                                                       
2026-07-08 15:47:15,859 [INFO] 
Zipping 1 PDFs in batches of 1500
2026-07-08 15:47:15,884 [INFO]   OK: SLT_BILLS_vat_enterprise_0001_20260708_154715.zip (1 PDFs, 0.3 MB)
2026-07-08 15:47:15,884 [INFO] Created 1 ZIP file(s)
2026-07-08 15:47:15,885 [INFO] 
  Total ZIPs created: 1
2026-07-08 15:47:15,885 [INFO]   ZIP output folder: C:\Users\vishm\Downloads\SmartAI_Bill (3)\SmartAI_Bill\output\zips
2026-07-08 15:47:15,885 [INFO] 
  Processing complete

