2026-07-08 13:35:38,463 [INFO]                                                                       
2026-07-08 13:35:38,464 [INFO]   SLT BILL GENERATOR
2026-07-08 13:35:38,464 [INFO]                                                                       
2026-07-08 13:35:38,464 [INFO]   Inbound folder:  C:\Users\vishm\Downloads\SmartAI_Bill (3)\SmartAI_Bill\data\inbound
2026-07-08 13:35:38,464 [INFO]   Files found:     2
2026-07-08 13:35:38,464 [INFO]   Workers:         7
2026-07-08 13:35:38,465 [INFO]   ZIP batch size:  1500
2026-07-08 13:35:38,465 [INFO]   Log file:        C:\Users\vishm\Downloads\SmartAI_Bill (3)\SmartAI_Bill\logs\slt_bills_20260708_133538.log
2026-07-08 13:35:38,465 [INFO]                                                                       
2026-07-08 13:35:39,782 [INFO] Filtering files for template: vat_enterprise
2026-07-08 13:35:39,802 [INFO]   Matched: 1 | Skipped: 1 | Errors: 0
2026-07-08 13:35:39,802 [INFO] 
  Generating 1 'vat_enterprise' bills

2026-07-08 13:35:39,804 [INFO]   Temp PDF dir: C:\Users\vishm\AppData\Local\Temp\slt_bills_sjb0qfvp

2026-07-08 13:35:39,805 [INFO] Starting: 1 files, 7 workers
2026-07-08 13:35:40,134 [INFO]     Progress: 1/1 (100%)
2026-07-08 13:35:40,165 [INFO]   Round 1: 1 success, 0 failed in 0.4s (10001/hr)
2026-07-08 13:35:40,168 [INFO] 
Batch complete: 1 success, 0 failed in 0.4s (9926/hr)
2026-07-08 13:35:40,168 [INFO] 
======================================================================
2026-07-08 13:35:40,168 [INFO] PROCESSING SUMMARY
2026-07-08 13:35:40,168 [INFO] ======================================================================
2026-07-08 13:35:40,168 [INFO] Total files:      1
2026-07-08 13:35:40,168 [INFO] Successful:       1
2026-07-08 13:35:40,169 [INFO] Failed:           0
2026-07-08 13:35:40,169 [INFO] Success rate:     100.0%
2026-07-08 13:35:40,169 [INFO] Total duration:   0.36s
2026-07-08 13:35:40,169 [INFO] Rate:             2.75 files/sec
2026-07-08 13:35:40,169 [INFO]                   9,913 files/hour
2026-07-08 13:35:40,169 [INFO] Target:           40,000 files/hour
2026-07-08 13:35:40,169 [INFO] Target met:       NO
2026-07-08 13:35:40,169 [INFO] 
By template:
2026-07-08 13:35:40,170 [INFO]   vat_enterprise: 1/1 (avg 78.27ms)
2026-07-08 13:35:40,170 [INFO] ======================================================================

2026-07-08 13:35:40,170 [INFO]   Detailed report: C:\Users\vishm\Downloads\SmartAI_Bill (3)\SmartAI_Bill\logs\stats_20260708_133540.json
2026-07-08 13:35:40,171 [INFO] 

2026-07-08 13:35:40,171 [INFO]   CREATING OUTPUT ZIP
2026-07-08 13:35:40,171 [INFO]                                                                       
2026-07-08 13:35:40,171 [INFO] 
Zipping 1 PDFs in batches of 1500
2026-07-08 13:35:40,195 [INFO]   OK: SLT_BILLS_vat_enterprise_0001_20260708_133540.zip (1 PDFs, 0.3 MB)
2026-07-08 13:35:40,196 [INFO] Created 1 ZIP file(s)
2026-07-08 13:35:40,196 [INFO] 
  Total ZIPs created: 1
2026-07-08 13:35:40,196 [INFO]   ZIP output folder: C:\Users\vishm\Downloads\SmartAI_Bill (3)\SmartAI_Bill\output\zips
2026-07-08 13:35:40,197 [INFO] 
  Processing complete

