2026-07-08 12:09:52,410 [INFO]                                                                       
2026-07-08 12:09:52,410 [INFO]   SLT BILL GENERATOR
2026-07-08 12:09:52,410 [INFO]                                                                       
2026-07-08 12:09:52,410 [INFO]   Inbound folder:  C:\Users\vishm\Downloads\SmartAI_Bill (3)\SmartAI_Bill\data\inbound
2026-07-08 12:09:52,410 [INFO]   Files found:     2
2026-07-08 12:09:52,410 [INFO]   Workers:         7
2026-07-08 12:09:52,410 [INFO]   ZIP batch size:  1500
2026-07-08 12:09:52,411 [INFO]   Log file:        C:\Users\vishm\Downloads\SmartAI_Bill (3)\SmartAI_Bill\logs\slt_bills_20260708_120952.log
2026-07-08 12:09:52,412 [INFO]                                                                       
2026-07-08 12:09:53,905 [INFO] Filtering files for template: vat_enterprise
2026-07-08 12:09:53,922 [INFO]   Matched: 1 | Skipped: 1 | Errors: 0
2026-07-08 12:09:53,922 [INFO] 
  Generating 1 'vat_enterprise' bills

2026-07-08 12:09:53,925 [INFO]   Temp PDF dir: C:\Users\vishm\AppData\Local\Temp\slt_bills_ifbevo6s

2026-07-08 12:09:53,925 [INFO] Starting: 1 files, 7 workers
2026-07-08 12:09:54,230 [INFO]     Progress: 1/1 (100%)
2026-07-08 12:09:54,263 [INFO]   Round 1: 1 success, 0 failed in 0.3s (10672/hr)
2026-07-08 12:09:54,266 [INFO] 
Batch complete: 1 success, 0 failed in 0.3s (10563/hr)
2026-07-08 12:09:54,266 [INFO] 
======================================================================
2026-07-08 12:09:54,266 [INFO] PROCESSING SUMMARY
2026-07-08 12:09:54,266 [INFO] ======================================================================
2026-07-08 12:09:54,267 [INFO] Total files:      1
2026-07-08 12:09:54,267 [INFO] Successful:       1
2026-07-08 12:09:54,267 [INFO] Failed:           0
2026-07-08 12:09:54,267 [INFO] Success rate:     100.0%
2026-07-08 12:09:54,267 [INFO] Total duration:   0.34s
2026-07-08 12:09:54,267 [INFO] Rate:             2.93 files/sec
2026-07-08 12:09:54,267 [INFO]                   10,545 files/hour
2026-07-08 12:09:54,267 [INFO] Target:           40,000 files/hour
2026-07-08 12:09:54,267 [INFO] Target met:       NO
2026-07-08 12:09:54,267 [INFO] 
By template:
2026-07-08 12:09:54,267 [INFO]   vat_enterprise: 1/1 (avg 52.23ms)
2026-07-08 12:09:54,268 [INFO] ======================================================================

2026-07-08 12:09:54,269 [INFO]   Detailed report: C:\Users\vishm\Downloads\SmartAI_Bill (3)\SmartAI_Bill\logs\stats_20260708_120954.json
2026-07-08 12:09:54,269 [INFO] 

2026-07-08 12:09:54,269 [INFO]   CREATING OUTPUT ZIP
2026-07-08 12:09:54,269 [INFO]                                                                       
2026-07-08 12:09:54,270 [INFO] 
Zipping 1 PDFs in batches of 1500
2026-07-08 12:09:54,295 [INFO]   OK: SLT_BILLS_vat_enterprise_0001_20260708_120954.zip (1 PDFs, 0.3 MB)
2026-07-08 12:09:54,296 [INFO] Created 1 ZIP file(s)
2026-07-08 12:09:54,296 [INFO] 
  Total ZIPs created: 1
2026-07-08 12:09:54,296 [INFO]   ZIP output folder: C:\Users\vishm\Downloads\SmartAI_Bill (3)\SmartAI_Bill\output\zips
2026-07-08 12:09:54,296 [INFO] 
  Processing complete

