2026-07-08 09:53:25,285 [INFO]                                                                       
2026-07-08 09:53:25,285 [INFO]   SLT BILL GENERATOR
2026-07-08 09:53:25,285 [INFO]                                                                       
2026-07-08 09:53:25,286 [INFO]   Inbound folder:  C:\Users\vishm\Downloads\SmartAI_Bill (3)\SmartAI_Bill\data\inbound
2026-07-08 09:53:25,286 [INFO]   Files found:     2
2026-07-08 09:53:25,286 [INFO]   Workers:         7
2026-07-08 09:53:25,286 [INFO]   ZIP batch size:  1500
2026-07-08 09:53:25,286 [INFO]   Log file:        C:\Users\vishm\Downloads\SmartAI_Bill (3)\SmartAI_Bill\logs\slt_bills_20260708_095325.log
2026-07-08 09:53:25,288 [INFO]                                                                       
2026-07-08 09:53:26,591 [INFO] Filtering files for template: usd_open_item
2026-07-08 09:53:26,617 [INFO]   Matched: 1 | Skipped: 1 | Errors: 0
2026-07-08 09:53:26,618 [INFO] 
  Generating 1 'usd_open_item' bills

2026-07-08 09:53:26,620 [INFO]   Temp PDF dir: C:\Users\vishm\AppData\Local\Temp\slt_bills_vl8hpnuy

2026-07-08 09:53:26,620 [INFO] Starting: 1 files, 7 workers
2026-07-08 09:53:27,121 [INFO]     Progress: 1/1 (100%)
2026-07-08 09:53:27,164 [INFO]   Round 1: 1 success, 0 failed in 0.5s (6631/hr)
2026-07-08 09:53:27,168 [INFO] 
Batch complete: 1 success, 0 failed in 0.5s (6581/hr)
2026-07-08 09:53:27,168 [INFO] 
======================================================================
2026-07-08 09:53:27,168 [INFO] PROCESSING SUMMARY
2026-07-08 09:53:27,168 [INFO] ======================================================================
2026-07-08 09:53:27,169 [INFO] Total files:      1
2026-07-08 09:53:27,169 [INFO] Successful:       1
2026-07-08 09:53:27,169 [INFO] Failed:           0
2026-07-08 09:53:27,169 [INFO] Success rate:     100.0%
2026-07-08 09:53:27,169 [INFO] Total duration:   0.55s
2026-07-08 09:53:27,169 [INFO] Rate:             1.83 files/sec
2026-07-08 09:53:27,169 [INFO]                   6,573 files/hour
2026-07-08 09:53:27,170 [INFO] Target:           40,000 files/hour
2026-07-08 09:53:27,170 [INFO] Target met:       NO
2026-07-08 09:53:27,170 [INFO] 
By template:
2026-07-08 09:53:27,170 [INFO]   usd_open_item: 1/1 (avg 82.03ms)
2026-07-08 09:53:27,170 [INFO] ======================================================================

2026-07-08 09:53:27,172 [INFO]   Detailed report: C:\Users\vishm\Downloads\SmartAI_Bill (3)\SmartAI_Bill\logs\stats_20260708_095327.json
2026-07-08 09:53:27,172 [INFO] 

2026-07-08 09:53:27,172 [INFO]   CREATING OUTPUT ZIP
2026-07-08 09:53:27,172 [INFO]                                                                       
2026-07-08 09:53:27,173 [INFO] 
Zipping 1 PDFs in batches of 1500
2026-07-08 09:53:27,259 [INFO]   OK: SLT_BILLS_usd_open_item_0001_20260708_095327.zip (1 PDFs, 0.2 MB)
2026-07-08 09:53:27,260 [INFO] Created 1 ZIP file(s)
2026-07-08 09:53:27,260 [INFO] 
  Total ZIPs created: 1
2026-07-08 09:53:27,260 [INFO]   ZIP output folder: C:\Users\vishm\Downloads\SmartAI_Bill (3)\SmartAI_Bill\output\zips
2026-07-08 09:53:27,260 [INFO] 
  Processing complete

