2026-07-08 16:18:11,730 [INFO]                                                                       
2026-07-08 16:18:11,730 [INFO]   SLT BILL GENERATOR
2026-07-08 16:18:11,730 [INFO]                                                                       
2026-07-08 16:18:11,731 [INFO]   Inbound folder:  C:\Users\vishm\Downloads\SmartAI_Bill (3)\SmartAI_Bill\data\inbound
2026-07-08 16:18:11,731 [INFO]   Files found:     2
2026-07-08 16:18:11,731 [INFO]   Workers:         7
2026-07-08 16:18:11,731 [INFO]   ZIP batch size:  1500
2026-07-08 16:18:11,731 [INFO]   Log file:        C:\Users\vishm\Downloads\SmartAI_Bill (3)\SmartAI_Bill\logs\slt_bills_20260708_161811.log
2026-07-08 16:18:11,733 [INFO]                                                                       
2026-07-08 16:18:13,622 [INFO] Filtering files for template: vat_enterprise
2026-07-08 16:18:13,623 [INFO]   Matched: 1 | Skipped: 1 | Errors: 0
2026-07-08 16:18:13,623 [INFO] 
  Generating 1 'vat_enterprise' bills

2026-07-08 16:18:13,624 [INFO]   Temp PDF dir: C:\Users\vishm\AppData\Local\Temp\slt_bills__umc86ep

2026-07-08 16:18:13,625 [INFO] Starting: 1 files, 7 workers
2026-07-08 16:18:13,901 [INFO]     Progress: 0/1 (0%)
2026-07-08 16:18:13,928 [INFO]   Round 1: 0 success, 1 failed in 0.3s (11870/hr)
2026-07-08 16:18:13,928 [INFO] 
  RETRY 1/3: 1 failed files
2026-07-08 16:18:14,201 [INFO]     Progress: 0/1 (0%)
2026-07-08 16:18:14,227 [INFO]   Retry 1: 0 recovered, 1 still failing
2026-07-08 16:18:14,227 [INFO] 
  RETRY 2/3: 1 failed files
2026-07-08 16:18:14,497 [INFO]     Progress: 0/1 (0%)
2026-07-08 16:18:14,524 [INFO]   Retry 2: 0 recovered, 1 still failing
2026-07-08 16:18:14,525 [INFO] 
Batch complete: 0 success, 1 failed in 0.9s (4000/hr)
2026-07-08 16:18:14,525 [INFO]   1 file(s) failed after 3 attempts
2026-07-08 16:18:14,525 [INFO]     FAILED: 520326_1-1-02-1-LKR-101-1-BILL-NONRED_1.7: AttributeError: 'VATEnterpriseRenderer' object has no attribute 'add_page'
2026-07-08 16:18:14,525 [INFO] 
======================================================================
2026-07-08 16:18:14,525 [INFO] PROCESSING SUMMARY
2026-07-08 16:18:14,525 [INFO] ======================================================================
2026-07-08 16:18:14,526 [INFO] Total files:      1
2026-07-08 16:18:14,526 [INFO] Successful:       0
2026-07-08 16:18:14,526 [INFO] Failed:           1
2026-07-08 16:18:14,526 [INFO] Success rate:     0.0%
2026-07-08 16:18:14,526 [INFO] Total duration:   0.9s
2026-07-08 16:18:14,526 [INFO] Rate:             1.11 files/sec
2026-07-08 16:18:14,526 [INFO]                   3,997 files/hour
2026-07-08 16:18:14,526 [INFO] Target:           40,000 files/hour
2026-07-08 16:18:14,527 [INFO] Target met:       NO
2026-07-08 16:18:14,527 [INFO] 
By template:
2026-07-08 16:18:14,527 [INFO]   vat_enterprise: 0/1 (avg 4.11ms)
2026-07-08 16:18:14,527 [INFO] ======================================================================

2026-07-08 16:18:14,528 [INFO]   Detailed report: C:\Users\vishm\Downloads\SmartAI_Bill (3)\SmartAI_Bill\logs\stats_20260708_161814.json
2026-07-08 16:18:14,528 [INFO] 

2026-07-08 16:18:14,528 [INFO]   CREATING OUTPUT ZIP
2026-07-08 16:18:14,528 [INFO]                                                                       
2026-07-08 16:18:14,528 [INFO] No PDFs found to zip
2026-07-08 16:18:14,528 [INFO] 
  Total ZIPs created: 0
2026-07-08 16:18:14,529 [INFO]   ZIP output folder: C:\Users\vishm\Downloads\SmartAI_Bill (3)\SmartAI_Bill\output\zips
2026-07-08 16:18:14,529 [INFO] 
  Processing complete

