2026-07-08 13:43:54,027 [INFO]                                                                       
2026-07-08 13:43:54,027 [INFO]   SLT BILL GENERATOR
2026-07-08 13:43:54,027 [INFO]                                                                       
2026-07-08 13:43:54,028 [INFO]   Inbound folder:  C:\Users\vishm\Downloads\SmartAI_Bill (3)\SmartAI_Bill\data\inbound
2026-07-08 13:43:54,028 [INFO]   Files found:     2
2026-07-08 13:43:54,028 [INFO]   Workers:         7
2026-07-08 13:43:54,028 [INFO]   ZIP batch size:  1500
2026-07-08 13:43:54,028 [INFO]   Log file:        C:\Users\vishm\Downloads\SmartAI_Bill (3)\SmartAI_Bill\logs\slt_bills_20260708_134354.log
2026-07-08 13:43:54,030 [INFO]                                                                       
2026-07-08 13:43:55,291 [INFO] Filtering files for template: vat_enterprise
2026-07-08 13:43:55,308 [INFO]   Matched: 1 | Skipped: 1 | Errors: 0
2026-07-08 13:43:55,308 [INFO] 
  Generating 1 'vat_enterprise' bills

2026-07-08 13:43:55,310 [INFO]   Temp PDF dir: C:\Users\vishm\AppData\Local\Temp\slt_bills_1wc2uq49

2026-07-08 13:43:55,311 [INFO] Starting: 1 files, 7 workers
2026-07-08 13:43:55,627 [INFO]     Progress: 1/1 (100%)
2026-07-08 13:43:55,660 [INFO]   Round 1: 1 success, 0 failed in 0.3s (10305/hr)
2026-07-08 13:43:55,664 [INFO] 
Batch complete: 1 success, 0 failed in 0.4s (10195/hr)
2026-07-08 13:43:55,664 [INFO] 
======================================================================
2026-07-08 13:43:55,664 [INFO] PROCESSING SUMMARY
2026-07-08 13:43:55,664 [INFO] ======================================================================
2026-07-08 13:43:55,665 [INFO] Total files:      1
2026-07-08 13:43:55,665 [INFO] Successful:       1
2026-07-08 13:43:55,665 [INFO] Failed:           0
2026-07-08 13:43:55,665 [INFO] Success rate:     100.0%
2026-07-08 13:43:55,665 [INFO] Total duration:   0.35s
2026-07-08 13:43:55,665 [INFO] Rate:             2.83 files/sec
2026-07-08 13:43:55,665 [INFO]                   10,181 files/hour
2026-07-08 13:43:55,665 [INFO] Target:           40,000 files/hour
2026-07-08 13:43:55,666 [INFO] Target met:       NO
2026-07-08 13:43:55,666 [INFO] 
By template:
2026-07-08 13:43:55,666 [INFO]   vat_enterprise: 1/1 (avg 58.64ms)
2026-07-08 13:43:55,666 [INFO] ======================================================================

2026-07-08 13:43:55,667 [INFO]   Detailed report: C:\Users\vishm\Downloads\SmartAI_Bill (3)\SmartAI_Bill\logs\stats_20260708_134355.json
2026-07-08 13:43:55,667 [INFO] 

2026-07-08 13:43:55,667 [INFO]   CREATING OUTPUT ZIP
2026-07-08 13:43:55,667 [INFO]                                                                       
2026-07-08 13:43:55,667 [INFO] 
Zipping 1 PDFs in batches of 1500
2026-07-08 13:43:55,692 [INFO]   OK: SLT_BILLS_vat_enterprise_0001_20260708_134355.zip (1 PDFs, 0.3 MB)
2026-07-08 13:43:55,693 [INFO] Created 1 ZIP file(s)
2026-07-08 13:43:55,693 [INFO] 
  Total ZIPs created: 1
2026-07-08 13:43:55,693 [INFO]   ZIP output folder: C:\Users\vishm\Downloads\SmartAI_Bill (3)\SmartAI_Bill\output\zips
2026-07-08 13:43:55,693 [INFO] 
  Processing complete

