2026-07-07 23:28:07,082 [INFO]                                                                       
2026-07-07 23:28:07,082 [INFO]   SLT BILL GENERATOR
2026-07-07 23:28:07,082 [INFO]                                                                       
2026-07-07 23:28:07,083 [INFO]   Inbound folder:  C:\Users\vishm\Downloads\SmartAI_Bill (3)\SmartAI_Bill\data\inbound
2026-07-07 23:28:07,083 [INFO]   Files found:     6
2026-07-07 23:28:07,083 [INFO]   Workers:         7
2026-07-07 23:28:07,083 [INFO]   ZIP batch size:  1500
2026-07-07 23:28:07,083 [INFO]   Log file:        C:\Users\vishm\Downloads\SmartAI_Bill (3)\SmartAI_Bill\logs\slt_bills_20260707_232807.log
2026-07-07 23:28:07,083 [INFO]                                                                       
2026-07-07 23:28:09,058 [INFO] Filtering files for template: nonvat_enterprise
2026-07-07 23:28:09,060 [INFO]   Matched: 1 | Skipped: 5 | Errors: 0
2026-07-07 23:28:09,060 [INFO] 
  Generating 1 'nonvat_enterprise' bills

2026-07-07 23:28:09,062 [INFO]   Temp PDF dir: C:\Users\vishm\AppData\Local\Temp\slt_bills_q1r7lbm_

2026-07-07 23:28:09,062 [INFO] Starting: 1 files, 7 workers
2026-07-07 23:28:09,442 [INFO]     Progress: 1/1 (100%)
2026-07-07 23:28:09,477 [INFO]   Round 1: 1 success, 0 failed in 0.4s (8672/hr)
2026-07-07 23:28:09,479 [INFO] 
Batch complete: 1 success, 0 failed in 0.4s (8645/hr)
2026-07-07 23:28:09,479 [INFO] 
======================================================================
2026-07-07 23:28:09,479 [INFO] PROCESSING SUMMARY
2026-07-07 23:28:09,479 [INFO] ======================================================================
2026-07-07 23:28:09,479 [INFO] Total files:      1
2026-07-07 23:28:09,479 [INFO] Successful:       1
2026-07-07 23:28:09,480 [INFO] Failed:           0
2026-07-07 23:28:09,480 [INFO] Success rate:     100.0%
2026-07-07 23:28:09,480 [INFO] Total duration:   0.42s
2026-07-07 23:28:09,480 [INFO] Rate:             2.4 files/sec
2026-07-07 23:28:09,480 [INFO]                   8,638 files/hour
2026-07-07 23:28:09,480 [INFO] Target:           40,000 files/hour
2026-07-07 23:28:09,480 [INFO] Target met:       NO
2026-07-07 23:28:09,480 [INFO] 
By template:
2026-07-07 23:28:09,480 [INFO]   nonvat_enterprise: 1/1 (avg 72.83ms)
2026-07-07 23:28:09,480 [INFO] ======================================================================

2026-07-07 23:28:09,482 [INFO]   Detailed report: C:\Users\vishm\Downloads\SmartAI_Bill (3)\SmartAI_Bill\logs\stats_20260707_232809.json
2026-07-07 23:28:09,482 [INFO] 

2026-07-07 23:28:09,482 [INFO]   CREATING OUTPUT ZIP
2026-07-07 23:28:09,482 [INFO]                                                                       
2026-07-07 23:28:09,482 [INFO] 
Zipping 1 PDFs in batches of 1500
2026-07-07 23:28:09,511 [INFO]   OK: SLT_BILLS_nonvat_enterprise_0001_20260707_232809.zip (1 PDFs, 0.3 MB)
2026-07-07 23:28:09,512 [INFO] Created 1 ZIP file(s)
2026-07-07 23:28:09,512 [INFO] 
  Total ZIPs created: 1
2026-07-07 23:28:09,512 [INFO]   ZIP output folder: C:\Users\vishm\Downloads\SmartAI_Bill (3)\SmartAI_Bill\output\zips
2026-07-07 23:28:09,512 [INFO] 
  Processing complete

