2026-07-08 09:43:53,052 [INFO]                                                                       
2026-07-08 09:43:53,052 [INFO]   SLT BILL GENERATOR
2026-07-08 09:43:53,052 [INFO]                                                                       
2026-07-08 09:43:53,052 [INFO]   Inbound folder:  C:\Users\vishm\Downloads\SmartAI_Bill (3)\SmartAI_Bill\data\inbound
2026-07-08 09:43:53,053 [INFO]   Files found:     2
2026-07-08 09:43:53,053 [INFO]   Workers:         7
2026-07-08 09:43:53,053 [INFO]   ZIP batch size:  1500
2026-07-08 09:43:53,053 [INFO]   Log file:        C:\Users\vishm\Downloads\SmartAI_Bill (3)\SmartAI_Bill\logs\slt_bills_20260708_094353.log
2026-07-08 09:43:53,054 [INFO]                                                                       
2026-07-08 09:43:54,307 [INFO] Filtering files for template: usd_open_item
2026-07-08 09:43:54,335 [INFO]   Matched: 1 | Skipped: 1 | Errors: 0
2026-07-08 09:43:54,335 [INFO] 
  Generating 1 'usd_open_item' bills

2026-07-08 09:43:54,337 [INFO]   Temp PDF dir: C:\Users\vishm\AppData\Local\Temp\slt_bills_whx32dl6

2026-07-08 09:43:54,338 [INFO] Starting: 1 files, 7 workers
2026-07-08 09:43:54,815 [INFO]     Progress: 1/1 (100%)
2026-07-08 09:43:54,863 [INFO]   Round 1: 1 success, 0 failed in 0.5s (6861/hr)
2026-07-08 09:43:54,867 [INFO] 
Batch complete: 1 success, 0 failed in 0.5s (6804/hr)
2026-07-08 09:43:54,867 [INFO] 
======================================================================
2026-07-08 09:43:54,868 [INFO] PROCESSING SUMMARY
2026-07-08 09:43:54,868 [INFO] ======================================================================
2026-07-08 09:43:54,868 [INFO] Total files:      1
2026-07-08 09:43:54,868 [INFO] Successful:       1
2026-07-08 09:43:54,868 [INFO] Failed:           0
2026-07-08 09:43:54,868 [INFO] Success rate:     100.0%
2026-07-08 09:43:54,869 [INFO] Total duration:   0.53s
2026-07-08 09:43:54,869 [INFO] Rate:             1.89 files/sec
2026-07-08 09:43:54,869 [INFO]                   6,797 files/hour
2026-07-08 09:43:54,869 [INFO] Target:           40,000 files/hour
2026-07-08 09:43:54,869 [INFO] Target met:       NO
2026-07-08 09:43:54,869 [INFO] 
By template:
2026-07-08 09:43:54,870 [INFO]   usd_open_item: 1/1 (avg 61.96ms)
2026-07-08 09:43:54,870 [INFO] ======================================================================

2026-07-08 09:43:54,871 [INFO]   Detailed report: C:\Users\vishm\Downloads\SmartAI_Bill (3)\SmartAI_Bill\logs\stats_20260708_094354.json
2026-07-08 09:43:54,871 [INFO] 

2026-07-08 09:43:54,871 [INFO]   CREATING OUTPUT ZIP
2026-07-08 09:43:54,871 [INFO]                                                                       
2026-07-08 09:43:54,872 [INFO] 
Zipping 1 PDFs in batches of 1500
2026-07-08 09:43:54,908 [INFO]   OK: SLT_BILLS_usd_open_item_0001_20260708_094354.zip (1 PDFs, 0.2 MB)
2026-07-08 09:43:54,909 [INFO] Created 1 ZIP file(s)
2026-07-08 09:43:54,909 [INFO] 
  Total ZIPs created: 1
2026-07-08 09:43:54,910 [INFO]   ZIP output folder: C:\Users\vishm\Downloads\SmartAI_Bill (3)\SmartAI_Bill\output\zips
2026-07-08 09:43:54,910 [INFO] 
  Processing complete

