2026-07-08 14:48:08,463 [INFO]                                                                       
2026-07-08 14:48:08,463 [INFO]   SLT BILL GENERATOR
2026-07-08 14:48:08,463 [INFO]                                                                       
2026-07-08 14:48:08,463 [INFO]   Inbound folder:  C:\Users\vishm\Downloads\SmartAI_Bill (3)\SmartAI_Bill\data\inbound
2026-07-08 14:48:08,463 [INFO]   Files found:     2
2026-07-08 14:48:08,464 [INFO]   Workers:         7
2026-07-08 14:48:08,464 [INFO]   ZIP batch size:  1500
2026-07-08 14:48:08,464 [INFO]   Log file:        C:\Users\vishm\Downloads\SmartAI_Bill (3)\SmartAI_Bill\logs\slt_bills_20260708_144808.log
2026-07-08 14:48:08,466 [INFO]                                                                       
2026-07-08 14:48:10,082 [INFO] Filtering files for template: vat_enterprise
2026-07-08 14:48:10,099 [INFO]   Matched: 1 | Skipped: 1 | Errors: 0
2026-07-08 14:48:10,099 [INFO] 
  Generating 1 'vat_enterprise' bills

2026-07-08 14:48:10,101 [INFO]   Temp PDF dir: C:\Users\vishm\AppData\Local\Temp\slt_bills_0bsgha7x

2026-07-08 14:48:10,101 [INFO] Starting: 1 files, 7 workers
2026-07-08 14:48:10,449 [INFO]     Progress: 1/1 (100%)
2026-07-08 14:48:10,480 [INFO]   Round 1: 1 success, 0 failed in 0.4s (9510/hr)
2026-07-08 14:48:10,483 [INFO] 
Batch complete: 1 success, 0 failed in 0.4s (9439/hr)
2026-07-08 14:48:10,483 [INFO] 
======================================================================
2026-07-08 14:48:10,483 [INFO] PROCESSING SUMMARY
2026-07-08 14:48:10,483 [INFO] ======================================================================
2026-07-08 14:48:10,483 [INFO] Total files:      1
2026-07-08 14:48:10,484 [INFO] Successful:       1
2026-07-08 14:48:10,484 [INFO] Failed:           0
2026-07-08 14:48:10,484 [INFO] Success rate:     100.0%
2026-07-08 14:48:10,484 [INFO] Total duration:   0.38s
2026-07-08 14:48:10,484 [INFO] Rate:             2.62 files/sec
2026-07-08 14:48:10,484 [INFO]                   9,430 files/hour
2026-07-08 14:48:10,484 [INFO] Target:           40,000 files/hour
2026-07-08 14:48:10,484 [INFO] Target met:       NO
2026-07-08 14:48:10,484 [INFO] 
By template:
2026-07-08 14:48:10,485 [INFO]   vat_enterprise: 1/1 (avg 43.7ms)
2026-07-08 14:48:10,485 [INFO] ======================================================================

2026-07-08 14:48:10,485 [INFO]   Detailed report: C:\Users\vishm\Downloads\SmartAI_Bill (3)\SmartAI_Bill\logs\stats_20260708_144810.json
2026-07-08 14:48:10,486 [INFO] 

2026-07-08 14:48:10,486 [INFO]   CREATING OUTPUT ZIP
2026-07-08 14:48:10,486 [INFO]                                                                       
2026-07-08 14:48:10,486 [INFO] 
Zipping 1 PDFs in batches of 1500
2026-07-08 14:48:10,516 [INFO]   OK: SLT_BILLS_vat_enterprise_0001_20260708_144810.zip (1 PDFs, 0.3 MB)
2026-07-08 14:48:10,517 [INFO] Created 1 ZIP file(s)
2026-07-08 14:48:10,517 [INFO] 
  Total ZIPs created: 1
2026-07-08 14:48:10,517 [INFO]   ZIP output folder: C:\Users\vishm\Downloads\SmartAI_Bill (3)\SmartAI_Bill\output\zips
2026-07-08 14:48:10,517 [INFO] 
  Processing complete

