2026-07-08 12:16:04,419 [INFO]                                                                       
2026-07-08 12:16:04,420 [INFO]   SLT BILL GENERATOR
2026-07-08 12:16:04,420 [INFO]                                                                       
2026-07-08 12:16:04,420 [INFO]   Inbound folder:  C:\Users\vishm\Downloads\SmartAI_Bill (3)\SmartAI_Bill\data\inbound
2026-07-08 12:16:04,420 [INFO]   Files found:     2
2026-07-08 12:16:04,420 [INFO]   Workers:         7
2026-07-08 12:16:04,420 [INFO]   ZIP batch size:  1500
2026-07-08 12:16:04,421 [INFO]   Log file:        C:\Users\vishm\Downloads\SmartAI_Bill (3)\SmartAI_Bill\logs\slt_bills_20260708_121604.log
2026-07-08 12:16:04,422 [INFO]                                                                       
2026-07-08 12:16:06,196 [INFO] Filtering files for template: vat_enterprise
2026-07-08 12:16:06,213 [INFO]   Matched: 1 | Skipped: 1 | Errors: 0
2026-07-08 12:16:06,213 [INFO] 
  Generating 1 'vat_enterprise' bills

2026-07-08 12:16:06,215 [INFO]   Temp PDF dir: C:\Users\vishm\AppData\Local\Temp\slt_bills_48cyp5x_

2026-07-08 12:16:06,215 [INFO] Starting: 1 files, 7 workers
2026-07-08 12:16:06,518 [INFO]     Progress: 1/1 (100%)
2026-07-08 12:16:06,549 [INFO]   Round 1: 1 success, 0 failed in 0.3s (10802/hr)
2026-07-08 12:16:06,552 [INFO] 
Batch complete: 1 success, 0 failed in 0.3s (10701/hr)
2026-07-08 12:16:06,552 [INFO] 
======================================================================
2026-07-08 12:16:06,552 [INFO] PROCESSING SUMMARY
2026-07-08 12:16:06,552 [INFO] ======================================================================
2026-07-08 12:16:06,553 [INFO] Total files:      1
2026-07-08 12:16:06,553 [INFO] Successful:       1
2026-07-08 12:16:06,553 [INFO] Failed:           0
2026-07-08 12:16:06,553 [INFO] Success rate:     100.0%
2026-07-08 12:16:06,553 [INFO] Total duration:   0.34s
2026-07-08 12:16:06,553 [INFO] Rate:             2.97 files/sec
2026-07-08 12:16:06,553 [INFO]                   10,687 files/hour
2026-07-08 12:16:06,553 [INFO] Target:           40,000 files/hour
2026-07-08 12:16:06,553 [INFO] Target met:       NO
2026-07-08 12:16:06,554 [INFO] 
By template:
2026-07-08 12:16:06,554 [INFO]   vat_enterprise: 1/1 (avg 51.55ms)
2026-07-08 12:16:06,554 [INFO] ======================================================================

2026-07-08 12:16:06,555 [INFO]   Detailed report: C:\Users\vishm\Downloads\SmartAI_Bill (3)\SmartAI_Bill\logs\stats_20260708_121606.json
2026-07-08 12:16:06,555 [INFO] 

2026-07-08 12:16:06,555 [INFO]   CREATING OUTPUT ZIP
2026-07-08 12:16:06,555 [INFO]                                                                       
2026-07-08 12:16:06,556 [INFO] 
Zipping 1 PDFs in batches of 1500
2026-07-08 12:16:06,580 [INFO]   OK: SLT_BILLS_vat_enterprise_0001_20260708_121606.zip (1 PDFs, 0.3 MB)
2026-07-08 12:16:06,581 [INFO] Created 1 ZIP file(s)
2026-07-08 12:16:06,581 [INFO] 
  Total ZIPs created: 1
2026-07-08 12:16:06,581 [INFO]   ZIP output folder: C:\Users\vishm\Downloads\SmartAI_Bill (3)\SmartAI_Bill\output\zips
2026-07-08 12:16:06,581 [INFO] 
  Processing complete

