2026-07-08 08:55:47,472 [INFO]                                                                       
2026-07-08 08:55:47,472 [INFO]   SLT BILL GENERATOR
2026-07-08 08:55:47,473 [INFO]                                                                       
2026-07-08 08:55:47,473 [INFO]   Inbound folder:  C:\Users\vishm\Downloads\SmartAI_Bill (3)\SmartAI_Bill\data\inbound
2026-07-08 08:55:47,473 [INFO]   Files found:     2
2026-07-08 08:55:47,473 [INFO]   Workers:         7
2026-07-08 08:55:47,474 [INFO]   ZIP batch size:  1500
2026-07-08 08:55:47,474 [INFO]   Log file:        C:\Users\vishm\Downloads\SmartAI_Bill (3)\SmartAI_Bill\logs\slt_bills_20260708_085547.log
2026-07-08 08:55:47,476 [INFO]                                                                       
2026-07-08 08:55:49,222 [INFO] Filtering files for template: usd_open_item
2026-07-08 08:55:49,250 [INFO]   Matched: 1 | Skipped: 1 | Errors: 0
2026-07-08 08:55:49,250 [INFO] 
  Generating 1 'usd_open_item' bills

2026-07-08 08:55:49,253 [INFO]   Temp PDF dir: C:\Users\vishm\AppData\Local\Temp\slt_bills_lt8ji8u9

2026-07-08 08:55:49,253 [INFO] Starting: 1 files, 7 workers
2026-07-08 08:55:49,716 [INFO]     Progress: 1/1 (100%)
2026-07-08 08:55:49,748 [INFO]   Round 1: 1 success, 0 failed in 0.5s (7274/hr)
2026-07-08 08:55:49,753 [INFO] 
Batch complete: 1 success, 0 failed in 0.5s (7202/hr)
2026-07-08 08:55:49,753 [INFO] 
======================================================================
2026-07-08 08:55:49,753 [INFO] PROCESSING SUMMARY
2026-07-08 08:55:49,753 [INFO] ======================================================================
2026-07-08 08:55:49,754 [INFO] Total files:      1
2026-07-08 08:55:49,754 [INFO] Successful:       1
2026-07-08 08:55:49,754 [INFO] Failed:           0
2026-07-08 08:55:49,754 [INFO] Success rate:     100.0%
2026-07-08 08:55:49,754 [INFO] Total duration:   0.5s
2026-07-08 08:55:49,755 [INFO] Rate:             2.0 files/sec
2026-07-08 08:55:49,755 [INFO]                   7,196 files/hour
2026-07-08 08:55:49,755 [INFO] Target:           40,000 files/hour
2026-07-08 08:55:49,755 [INFO] Target met:       NO
2026-07-08 08:55:49,755 [INFO] 
By template:
2026-07-08 08:55:49,755 [INFO]   usd_open_item: 1/1 (avg 59.97ms)
2026-07-08 08:55:49,755 [INFO] ======================================================================

2026-07-08 08:55:49,756 [INFO]   Detailed report: C:\Users\vishm\Downloads\SmartAI_Bill (3)\SmartAI_Bill\logs\stats_20260708_085549.json
2026-07-08 08:55:49,757 [INFO] 

2026-07-08 08:55:49,757 [INFO]   CREATING OUTPUT ZIP
2026-07-08 08:55:49,757 [INFO]                                                                       
2026-07-08 08:55:49,757 [INFO] 
Zipping 1 PDFs in batches of 1500
2026-07-08 08:55:49,804 [INFO]   OK: SLT_BILLS_usd_open_item_0001_20260708_085549.zip (1 PDFs, 0.2 MB)
2026-07-08 08:55:49,806 [INFO] Created 1 ZIP file(s)
2026-07-08 08:55:49,813 [INFO] 
  Total ZIPs created: 1
2026-07-08 08:55:49,813 [INFO]   ZIP output folder: C:\Users\vishm\Downloads\SmartAI_Bill (3)\SmartAI_Bill\output\zips
2026-07-08 08:55:49,813 [INFO] 
  Processing complete

