2026-07-08 13:57:14,133 [INFO]                                                                       
2026-07-08 13:57:14,133 [INFO]   SLT BILL GENERATOR
2026-07-08 13:57:14,133 [INFO]                                                                       
2026-07-08 13:57:14,133 [INFO]   Inbound folder:  C:\Users\vishm\Downloads\SmartAI_Bill (3)\SmartAI_Bill\data\inbound
2026-07-08 13:57:14,133 [INFO]   Files found:     2
2026-07-08 13:57:14,134 [INFO]   Workers:         7
2026-07-08 13:57:14,134 [INFO]   ZIP batch size:  1500
2026-07-08 13:57:14,134 [INFO]   Log file:        C:\Users\vishm\Downloads\SmartAI_Bill (3)\SmartAI_Bill\logs\slt_bills_20260708_135714.log
2026-07-08 13:57:14,135 [INFO]                                                                       
2026-07-08 13:57:15,309 [INFO] Filtering files for template: vat_enterprise
2026-07-08 13:57:15,327 [INFO]   Matched: 1 | Skipped: 1 | Errors: 0
2026-07-08 13:57:15,327 [INFO] 
  Generating 1 'vat_enterprise' bills

2026-07-08 13:57:15,329 [INFO]   Temp PDF dir: C:\Users\vishm\AppData\Local\Temp\slt_bills_ceeruv1w

2026-07-08 13:57:15,329 [INFO] Starting: 1 files, 7 workers
2026-07-08 13:57:15,640 [INFO]     Progress: 1/1 (100%)
2026-07-08 13:57:15,670 [INFO]   Round 1: 1 success, 0 failed in 0.3s (10585/hr)
2026-07-08 13:57:15,673 [INFO] 
Batch complete: 1 success, 0 failed in 0.3s (10491/hr)
2026-07-08 13:57:15,673 [INFO] 
======================================================================
2026-07-08 13:57:15,673 [INFO] PROCESSING SUMMARY
2026-07-08 13:57:15,673 [INFO] ======================================================================
2026-07-08 13:57:15,673 [INFO] Total files:      1
2026-07-08 13:57:15,674 [INFO] Successful:       1
2026-07-08 13:57:15,674 [INFO] Failed:           0
2026-07-08 13:57:15,674 [INFO] Success rate:     100.0%
2026-07-08 13:57:15,674 [INFO] Total duration:   0.34s
2026-07-08 13:57:15,674 [INFO] Rate:             2.91 files/sec
2026-07-08 13:57:15,674 [INFO]                   10,475 files/hour
2026-07-08 13:57:15,674 [INFO] Target:           40,000 files/hour
2026-07-08 13:57:15,674 [INFO] Target met:       NO
2026-07-08 13:57:15,674 [INFO] 
By template:
2026-07-08 13:57:15,674 [INFO]   vat_enterprise: 1/1 (avg 61.69ms)
2026-07-08 13:57:15,674 [INFO] ======================================================================

2026-07-08 13:57:15,676 [INFO]   Detailed report: C:\Users\vishm\Downloads\SmartAI_Bill (3)\SmartAI_Bill\logs\stats_20260708_135715.json
2026-07-08 13:57:15,676 [INFO] 

2026-07-08 13:57:15,676 [INFO]   CREATING OUTPUT ZIP
2026-07-08 13:57:15,676 [INFO]                                                                       
2026-07-08 13:57:15,676 [INFO] 
Zipping 1 PDFs in batches of 1500
2026-07-08 13:57:15,700 [INFO]   OK: SLT_BILLS_vat_enterprise_0001_20260708_135715.zip (1 PDFs, 0.3 MB)
2026-07-08 13:57:15,701 [INFO] Created 1 ZIP file(s)
2026-07-08 13:57:15,701 [INFO] 
  Total ZIPs created: 1
2026-07-08 13:57:15,701 [INFO]   ZIP output folder: C:\Users\vishm\Downloads\SmartAI_Bill (3)\SmartAI_Bill\output\zips
2026-07-08 13:57:15,702 [INFO] 
  Processing complete

