2026-07-08 11:40:13,434 [INFO]                                                                       
2026-07-08 11:40:13,434 [INFO]   SLT BILL GENERATOR
2026-07-08 11:40:13,434 [INFO]                                                                       
2026-07-08 11:40:13,434 [INFO]   Inbound folder:  C:\Users\vishm\Downloads\SmartAI_Bill (3)\SmartAI_Bill\data\inbound
2026-07-08 11:40:13,434 [INFO]   Files found:     2
2026-07-08 11:40:13,435 [INFO]   Workers:         7
2026-07-08 11:40:13,435 [INFO]   ZIP batch size:  1500
2026-07-08 11:40:13,435 [INFO]   Log file:        C:\Users\vishm\Downloads\SmartAI_Bill (3)\SmartAI_Bill\logs\slt_bills_20260708_114013.log
2026-07-08 11:40:13,436 [INFO]                                                                       
2026-07-08 11:40:14,764 [INFO] Filtering files for template: vat_enterprise
2026-07-08 11:40:14,781 [INFO]   Matched: 1 | Skipped: 1 | Errors: 0
2026-07-08 11:40:14,781 [INFO] 
  Generating 1 'vat_enterprise' bills

2026-07-08 11:40:14,783 [INFO]   Temp PDF dir: C:\Users\vishm\AppData\Local\Temp\slt_bills_l18fbugw

2026-07-08 11:40:14,783 [INFO] Starting: 1 files, 7 workers
2026-07-08 11:40:15,060 [INFO]     Progress: 1/1 (100%)
2026-07-08 11:40:15,088 [INFO]   Round 1: 1 success, 0 failed in 0.3s (11816/hr)
2026-07-08 11:40:15,092 [INFO] 
Batch complete: 1 success, 0 failed in 0.3s (11685/hr)
2026-07-08 11:40:15,092 [INFO] 
======================================================================
2026-07-08 11:40:15,092 [INFO] PROCESSING SUMMARY
2026-07-08 11:40:15,092 [INFO] ======================================================================
2026-07-08 11:40:15,092 [INFO] Total files:      1
2026-07-08 11:40:15,092 [INFO] Successful:       1
2026-07-08 11:40:15,093 [INFO] Failed:           0
2026-07-08 11:40:15,093 [INFO] Success rate:     100.0%
2026-07-08 11:40:15,093 [INFO] Total duration:   0.31s
2026-07-08 11:40:15,093 [INFO] Rate:             3.24 files/sec
2026-07-08 11:40:15,093 [INFO]                   11,668 files/hour
2026-07-08 11:40:15,093 [INFO] Target:           40,000 files/hour
2026-07-08 11:40:15,093 [INFO] Target met:       NO
2026-07-08 11:40:15,093 [INFO] 
By template:
2026-07-08 11:40:15,093 [INFO]   vat_enterprise: 1/1 (avg 54.17ms)
2026-07-08 11:40:15,094 [INFO] ======================================================================

2026-07-08 11:40:15,095 [INFO]   Detailed report: C:\Users\vishm\Downloads\SmartAI_Bill (3)\SmartAI_Bill\logs\stats_20260708_114015.json
2026-07-08 11:40:15,095 [INFO] 

2026-07-08 11:40:15,095 [INFO]   CREATING OUTPUT ZIP
2026-07-08 11:40:15,095 [INFO]                                                                       
2026-07-08 11:40:15,095 [INFO] 
Zipping 1 PDFs in batches of 1500
2026-07-08 11:40:15,128 [INFO]   OK: SLT_BILLS_vat_enterprise_0001_20260708_114015.zip (1 PDFs, 0.3 MB)
2026-07-08 11:40:15,144 [INFO] Created 1 ZIP file(s)
2026-07-08 11:40:15,152 [INFO] 
  Total ZIPs created: 1
2026-07-08 11:40:15,153 [INFO]   ZIP output folder: C:\Users\vishm\Downloads\SmartAI_Bill (3)\SmartAI_Bill\output\zips
2026-07-08 11:40:15,153 [INFO] 
  Processing complete

