2026-07-08 11:24:05,010 [INFO]                                                                       
2026-07-08 11:24:05,010 [INFO]   SLT BILL GENERATOR
2026-07-08 11:24:05,010 [INFO]                                                                       
2026-07-08 11:24:05,011 [INFO]   Inbound folder:  C:\Users\vishm\Downloads\SmartAI_Bill (3)\SmartAI_Bill\data\inbound
2026-07-08 11:24:05,011 [INFO]   Files found:     2
2026-07-08 11:24:05,011 [INFO]   Workers:         7
2026-07-08 11:24:05,011 [INFO]   ZIP batch size:  1500
2026-07-08 11:24:05,011 [INFO]   Log file:        C:\Users\vishm\Downloads\SmartAI_Bill (3)\SmartAI_Bill\logs\slt_bills_20260708_112405.log
2026-07-08 11:24:05,012 [INFO]                                                                       
2026-07-08 11:24:21,181 [INFO] Filtering files for template: vat_enterprise
2026-07-08 11:24:21,197 [INFO]   Matched: 1 | Skipped: 1 | Errors: 0
2026-07-08 11:24:21,197 [INFO] 
  Generating 1 'vat_enterprise' bills

2026-07-08 11:24:21,199 [INFO]   Temp PDF dir: C:\Users\vishm\AppData\Local\Temp\slt_bills_dzonq9u_

2026-07-08 11:24:21,199 [INFO] Starting: 1 files, 7 workers
2026-07-08 11:24:21,422 [INFO]     Progress: 0/1 (0%)
2026-07-08 11:24:21,444 [INFO]   Round 1: 0 success, 1 failed in 0.2s (14719/hr)
2026-07-08 11:24:21,444 [INFO] 
  RETRY 1/3: 1 failed files
2026-07-08 11:24:21,658 [INFO]     Progress: 0/1 (0%)
2026-07-08 11:24:21,682 [INFO]   Retry 1: 0 recovered, 1 still failing
2026-07-08 11:24:21,683 [INFO] 
  RETRY 2/3: 1 failed files
2026-07-08 11:24:21,898 [INFO]     Progress: 0/1 (0%)
2026-07-08 11:24:21,921 [INFO]   Retry 2: 0 recovered, 1 still failing
2026-07-08 11:24:21,922 [INFO] 
Batch complete: 0 success, 1 failed in 0.7s (4982/hr)
2026-07-08 11:24:21,922 [INFO]   1 file(s) failed after 3 attempts
2026-07-08 11:24:21,922 [INFO]     FAILED: 520326_1-1-02-1-LKR-101-1-BILL-NONRED_1.7: FileNotFoundError: [Errno 2] No such file or directory: 'C:\\Users\\vishm\\Downloads\\SmartAI_Bill (3)\\SmartAI_Bill\\templates\\vat_enterprise\\vat_layout.pdf'
2026-07-08 11:24:21,923 [INFO] 
======================================================================
2026-07-08 11:24:21,923 [INFO] PROCESSING SUMMARY
2026-07-08 11:24:21,923 [INFO] ======================================================================
2026-07-08 11:24:21,923 [INFO] Total files:      1
2026-07-08 11:24:21,923 [INFO] Successful:       0
2026-07-08 11:24:21,923 [INFO] Failed:           1
2026-07-08 11:24:21,923 [INFO] Success rate:     0.0%
2026-07-08 11:24:21,923 [INFO] Total duration:   0.72s
2026-07-08 11:24:21,923 [INFO] Rate:             1.38 files/sec
2026-07-08 11:24:21,924 [INFO]                   4,977 files/hour
2026-07-08 11:24:21,924 [INFO] Target:           40,000 files/hour
2026-07-08 11:24:21,924 [INFO] Target met:       NO
2026-07-08 11:24:21,924 [INFO] 
By template:
2026-07-08 11:24:21,924 [INFO]   vat_enterprise: 0/1 (avg 1.0ms)
2026-07-08 11:24:21,924 [INFO] ======================================================================

2026-07-08 11:24:21,925 [INFO]   Detailed report: C:\Users\vishm\Downloads\SmartAI_Bill (3)\SmartAI_Bill\logs\stats_20260708_112421.json
2026-07-08 11:24:21,925 [INFO] 

2026-07-08 11:24:21,925 [INFO]   CREATING OUTPUT ZIP
2026-07-08 11:24:21,925 [INFO]                                                                       
2026-07-08 11:24:21,925 [INFO] No PDFs found to zip
2026-07-08 11:24:21,925 [INFO] 
  Total ZIPs created: 0
2026-07-08 11:24:21,925 [INFO]   ZIP output folder: C:\Users\vishm\Downloads\SmartAI_Bill (3)\SmartAI_Bill\output\zips
2026-07-08 11:24:21,926 [INFO] 
  Processing complete

