2026-07-08 13:53:41,454 [INFO]                                                                       
2026-07-08 13:53:41,454 [INFO]   SLT BILL GENERATOR
2026-07-08 13:53:41,454 [INFO]                                                                       
2026-07-08 13:53:41,455 [INFO]   Inbound folder:  C:\Users\vishm\Downloads\SmartAI_Bill (3)\SmartAI_Bill\data\inbound
2026-07-08 13:53:41,455 [INFO]   Files found:     2
2026-07-08 13:53:41,455 [INFO]   Workers:         7
2026-07-08 13:53:41,455 [INFO]   ZIP batch size:  1500
2026-07-08 13:53:41,455 [INFO]   Log file:        C:\Users\vishm\Downloads\SmartAI_Bill (3)\SmartAI_Bill\logs\slt_bills_20260708_135341.log
2026-07-08 13:53:41,456 [INFO]                                                                       
2026-07-08 13:53:42,811 [INFO] Filtering files for template: vat_enterprise
2026-07-08 13:53:42,828 [INFO]   Matched: 1 | Skipped: 1 | Errors: 0
2026-07-08 13:53:42,829 [INFO] 
  Generating 1 'vat_enterprise' bills

2026-07-08 13:53:42,831 [INFO]   Temp PDF dir: C:\Users\vishm\AppData\Local\Temp\slt_bills_mz13rvno

2026-07-08 13:53:42,832 [INFO] Starting: 1 files, 7 workers
2026-07-08 13:53:43,174 [INFO]     Progress: 1/1 (100%)
2026-07-08 13:53:43,201 [INFO]   Round 1: 1 success, 0 failed in 0.4s (9765/hr)
2026-07-08 13:53:43,204 [INFO] 
Batch complete: 1 success, 0 failed in 0.4s (9686/hr)
2026-07-08 13:53:43,204 [INFO] 
======================================================================
2026-07-08 13:53:43,204 [INFO] PROCESSING SUMMARY
2026-07-08 13:53:43,205 [INFO] ======================================================================
2026-07-08 13:53:43,205 [INFO] Total files:      1
2026-07-08 13:53:43,205 [INFO] Successful:       1
2026-07-08 13:53:43,205 [INFO] Failed:           0
2026-07-08 13:53:43,205 [INFO] Success rate:     100.0%
2026-07-08 13:53:43,205 [INFO] Total duration:   0.37s
2026-07-08 13:53:43,205 [INFO] Rate:             2.69 files/sec
2026-07-08 13:53:43,205 [INFO]                   9,669 files/hour
2026-07-08 13:53:43,206 [INFO] Target:           40,000 files/hour
2026-07-08 13:53:43,206 [INFO] Target met:       NO
2026-07-08 13:53:43,206 [INFO] 
By template:
2026-07-08 13:53:43,206 [INFO]   vat_enterprise: 1/1 (avg 55.26ms)
2026-07-08 13:53:43,206 [INFO] ======================================================================

2026-07-08 13:53:43,207 [INFO]   Detailed report: C:\Users\vishm\Downloads\SmartAI_Bill (3)\SmartAI_Bill\logs\stats_20260708_135343.json
2026-07-08 13:53:43,207 [INFO] 

2026-07-08 13:53:43,207 [INFO]   CREATING OUTPUT ZIP
2026-07-08 13:53:43,208 [INFO]                                                                       
2026-07-08 13:53:43,208 [INFO] 
Zipping 1 PDFs in batches of 1500
2026-07-08 13:53:43,232 [INFO]   OK: SLT_BILLS_vat_enterprise_0001_20260708_135343.zip (1 PDFs, 0.3 MB)
2026-07-08 13:53:43,233 [INFO] Created 1 ZIP file(s)
2026-07-08 13:53:43,233 [INFO] 
  Total ZIPs created: 1
2026-07-08 13:53:43,233 [INFO]   ZIP output folder: C:\Users\vishm\Downloads\SmartAI_Bill (3)\SmartAI_Bill\output\zips
2026-07-08 13:53:43,233 [INFO] 
  Processing complete

