2026-07-08 14:15:03,055 [INFO]                                                                       
2026-07-08 14:15:03,055 [INFO]   SLT BILL GENERATOR
2026-07-08 14:15:03,056 [INFO]                                                                       
2026-07-08 14:15:03,056 [INFO]   Inbound folder:  C:\Users\vishm\Downloads\SmartAI_Bill (3)\SmartAI_Bill\data\inbound
2026-07-08 14:15:03,056 [INFO]   Files found:     2
2026-07-08 14:15:03,056 [INFO]   Workers:         7
2026-07-08 14:15:03,056 [INFO]   ZIP batch size:  1500
2026-07-08 14:15:03,056 [INFO]   Log file:        C:\Users\vishm\Downloads\SmartAI_Bill (3)\SmartAI_Bill\logs\slt_bills_20260708_141503.log
2026-07-08 14:15:03,058 [INFO]                                                                       
2026-07-08 14:15:04,719 [INFO] Filtering files for template: vat_enterprise
2026-07-08 14:15:04,735 [INFO]   Matched: 1 | Skipped: 1 | Errors: 0
2026-07-08 14:15:04,735 [INFO] 
  Generating 1 'vat_enterprise' bills

2026-07-08 14:15:04,737 [INFO]   Temp PDF dir: C:\Users\vishm\AppData\Local\Temp\slt_bills_daxqehk1

2026-07-08 14:15:04,737 [INFO] Starting: 1 files, 7 workers
2026-07-08 14:15:05,070 [INFO]     Progress: 1/1 (100%)
2026-07-08 14:15:05,098 [INFO]   Round 1: 1 success, 0 failed in 0.4s (9996/hr)
2026-07-08 14:15:05,100 [INFO] 
Batch complete: 1 success, 0 failed in 0.4s (9915/hr)
2026-07-08 14:15:05,101 [INFO] 
======================================================================
2026-07-08 14:15:05,101 [INFO] PROCESSING SUMMARY
2026-07-08 14:15:05,101 [INFO] ======================================================================
2026-07-08 14:15:05,101 [INFO] Total files:      1
2026-07-08 14:15:05,101 [INFO] Successful:       1
2026-07-08 14:15:05,101 [INFO] Failed:           0
2026-07-08 14:15:05,101 [INFO] Success rate:     100.0%
2026-07-08 14:15:05,102 [INFO] Total duration:   0.36s
2026-07-08 14:15:05,102 [INFO] Rate:             2.75 files/sec
2026-07-08 14:15:05,102 [INFO]                   9,905 files/hour
2026-07-08 14:15:05,102 [INFO] Target:           40,000 files/hour
2026-07-08 14:15:05,102 [INFO] Target met:       NO
2026-07-08 14:15:05,102 [INFO] 
By template:
2026-07-08 14:15:05,102 [INFO]   vat_enterprise: 1/1 (avg 55.9ms)
2026-07-08 14:15:05,102 [INFO] ======================================================================

2026-07-08 14:15:05,103 [INFO]   Detailed report: C:\Users\vishm\Downloads\SmartAI_Bill (3)\SmartAI_Bill\logs\stats_20260708_141505.json
2026-07-08 14:15:05,103 [INFO] 

2026-07-08 14:15:05,104 [INFO]   CREATING OUTPUT ZIP
2026-07-08 14:15:05,104 [INFO]                                                                       
2026-07-08 14:15:05,104 [INFO] 
Zipping 1 PDFs in batches of 1500
2026-07-08 14:15:05,129 [INFO]   OK: SLT_BILLS_vat_enterprise_0001_20260708_141505.zip (1 PDFs, 0.3 MB)
2026-07-08 14:15:05,130 [INFO] Created 1 ZIP file(s)
2026-07-08 14:15:05,130 [INFO] 
  Total ZIPs created: 1
2026-07-08 14:15:05,130 [INFO]   ZIP output folder: C:\Users\vishm\Downloads\SmartAI_Bill (3)\SmartAI_Bill\output\zips
2026-07-08 14:15:05,130 [INFO] 
  Processing complete

