2026-07-08 12:18:05,380 [INFO]                                                                       
2026-07-08 12:18:05,380 [INFO]   SLT BILL GENERATOR
2026-07-08 12:18:05,380 [INFO]                                                                       
2026-07-08 12:18:05,381 [INFO]   Inbound folder:  C:\Users\vishm\Downloads\SmartAI_Bill (3)\SmartAI_Bill\data\inbound
2026-07-08 12:18:05,381 [INFO]   Files found:     2
2026-07-08 12:18:05,381 [INFO]   Workers:         7
2026-07-08 12:18:05,381 [INFO]   ZIP batch size:  1500
2026-07-08 12:18:05,381 [INFO]   Log file:        C:\Users\vishm\Downloads\SmartAI_Bill (3)\SmartAI_Bill\logs\slt_bills_20260708_121805.log
2026-07-08 12:18:05,383 [INFO]                                                                       
2026-07-08 12:18:06,732 [INFO] Filtering files for template: vat_enterprise
2026-07-08 12:18:06,751 [INFO]   Matched: 1 | Skipped: 1 | Errors: 0
2026-07-08 12:18:06,751 [INFO] 
  Generating 1 'vat_enterprise' bills

2026-07-08 12:18:06,753 [INFO]   Temp PDF dir: C:\Users\vishm\AppData\Local\Temp\slt_bills_fvp81kpp

2026-07-08 12:18:06,753 [INFO] Starting: 1 files, 7 workers
2026-07-08 12:18:07,026 [INFO]     Progress: 1/1 (100%)
2026-07-08 12:18:07,053 [INFO]   Round 1: 1 success, 0 failed in 0.3s (12030/hr)
2026-07-08 12:18:07,057 [INFO] 
Batch complete: 1 success, 0 failed in 0.3s (11876/hr)
2026-07-08 12:18:07,057 [INFO] 
======================================================================
2026-07-08 12:18:07,057 [INFO] PROCESSING SUMMARY
2026-07-08 12:18:07,057 [INFO] ======================================================================
2026-07-08 12:18:07,057 [INFO] Total files:      1
2026-07-08 12:18:07,057 [INFO] Successful:       1
2026-07-08 12:18:07,058 [INFO] Failed:           0
2026-07-08 12:18:07,058 [INFO] Success rate:     100.0%
2026-07-08 12:18:07,058 [INFO] Total duration:   0.3s
2026-07-08 12:18:07,058 [INFO] Rate:             3.29 files/sec
2026-07-08 12:18:07,058 [INFO]                   11,858 files/hour
2026-07-08 12:18:07,058 [INFO] Target:           40,000 files/hour
2026-07-08 12:18:07,058 [INFO] Target met:       NO
2026-07-08 12:18:07,058 [INFO] 
By template:
2026-07-08 12:18:07,058 [INFO]   vat_enterprise: 1/1 (avg 50.41ms)
2026-07-08 12:18:07,058 [INFO] ======================================================================

2026-07-08 12:18:07,060 [INFO]   Detailed report: C:\Users\vishm\Downloads\SmartAI_Bill (3)\SmartAI_Bill\logs\stats_20260708_121807.json
2026-07-08 12:18:07,060 [INFO] 

2026-07-08 12:18:07,060 [INFO]   CREATING OUTPUT ZIP
2026-07-08 12:18:07,060 [INFO]                                                                       
2026-07-08 12:18:07,060 [INFO] 
Zipping 1 PDFs in batches of 1500
2026-07-08 12:18:07,116 [INFO]   OK: SLT_BILLS_vat_enterprise_0001_20260708_121807.zip (1 PDFs, 0.3 MB)
2026-07-08 12:18:07,124 [INFO] Created 1 ZIP file(s)
2026-07-08 12:18:07,124 [INFO] 
  Total ZIPs created: 1
2026-07-08 12:18:07,124 [INFO]   ZIP output folder: C:\Users\vishm\Downloads\SmartAI_Bill (3)\SmartAI_Bill\output\zips
2026-07-08 12:18:07,124 [INFO] 
  Processing complete

