2026-07-08 11:58:23,148 [INFO]                                                                       
2026-07-08 11:58:23,148 [INFO]   SLT BILL GENERATOR
2026-07-08 11:58:23,148 [INFO]                                                                       
2026-07-08 11:58:23,149 [INFO]   Inbound folder:  C:\Users\vishm\Downloads\SmartAI_Bill (3)\SmartAI_Bill\data\inbound
2026-07-08 11:58:23,149 [INFO]   Files found:     2
2026-07-08 11:58:23,149 [INFO]   Workers:         7
2026-07-08 11:58:23,149 [INFO]   ZIP batch size:  1500
2026-07-08 11:58:23,149 [INFO]   Log file:        C:\Users\vishm\Downloads\SmartAI_Bill (3)\SmartAI_Bill\logs\slt_bills_20260708_115823.log
2026-07-08 11:58:23,151 [INFO]                                                                       
2026-07-08 11:58:24,680 [INFO] Filtering files for template: vat_enterprise
2026-07-08 11:58:24,697 [INFO]   Matched: 1 | Skipped: 1 | Errors: 0
2026-07-08 11:58:24,697 [INFO] 
  Generating 1 'vat_enterprise' bills

2026-07-08 11:58:24,699 [INFO]   Temp PDF dir: C:\Users\vishm\AppData\Local\Temp\slt_bills_f7n5eoia

2026-07-08 11:58:24,700 [INFO] Starting: 1 files, 7 workers
2026-07-08 11:58:25,004 [INFO]     Progress: 1/1 (100%)
2026-07-08 11:58:25,034 [INFO]   Round 1: 1 success, 0 failed in 0.3s (10755/hr)
2026-07-08 11:58:25,038 [INFO] 
Batch complete: 1 success, 0 failed in 0.3s (10654/hr)
2026-07-08 11:58:25,038 [INFO] 
======================================================================
2026-07-08 11:58:25,038 [INFO] PROCESSING SUMMARY
2026-07-08 11:58:25,038 [INFO] ======================================================================
2026-07-08 11:58:25,038 [INFO] Total files:      1
2026-07-08 11:58:25,038 [INFO] Successful:       1
2026-07-08 11:58:25,039 [INFO] Failed:           0
2026-07-08 11:58:25,039 [INFO] Success rate:     100.0%
2026-07-08 11:58:25,039 [INFO] Total duration:   0.34s
2026-07-08 11:58:25,039 [INFO] Rate:             2.96 files/sec
2026-07-08 11:58:25,039 [INFO]                   10,639 files/hour
2026-07-08 11:58:25,039 [INFO] Target:           40,000 files/hour
2026-07-08 11:58:25,039 [INFO] Target met:       NO
2026-07-08 11:58:25,039 [INFO] 
By template:
2026-07-08 11:58:25,039 [INFO]   vat_enterprise: 1/1 (avg 59.84ms)
2026-07-08 11:58:25,040 [INFO] ======================================================================

2026-07-08 11:58:25,041 [INFO]   Detailed report: C:\Users\vishm\Downloads\SmartAI_Bill (3)\SmartAI_Bill\logs\stats_20260708_115825.json
2026-07-08 11:58:25,041 [INFO] 

2026-07-08 11:58:25,041 [INFO]   CREATING OUTPUT ZIP
2026-07-08 11:58:25,041 [INFO]                                                                       
2026-07-08 11:58:25,041 [INFO] 
Zipping 1 PDFs in batches of 1500
2026-07-08 11:58:25,069 [INFO]   OK: SLT_BILLS_vat_enterprise_0001_20260708_115825.zip (1 PDFs, 0.3 MB)
2026-07-08 11:58:25,070 [INFO] Created 1 ZIP file(s)
2026-07-08 11:58:25,070 [INFO] 
  Total ZIPs created: 1
2026-07-08 11:58:25,070 [INFO]   ZIP output folder: C:\Users\vishm\Downloads\SmartAI_Bill (3)\SmartAI_Bill\output\zips
2026-07-08 11:58:25,070 [INFO] 
  Processing complete

