2026-07-08 12:35:17,049 [INFO]                                                                       
2026-07-08 12:35:17,049 [INFO]   SLT BILL GENERATOR
2026-07-08 12:35:17,049 [INFO]                                                                       
2026-07-08 12:35:17,050 [INFO]   Inbound folder:  C:\Users\vishm\Downloads\SmartAI_Bill (3)\SmartAI_Bill\data\inbound
2026-07-08 12:35:17,050 [INFO]   Files found:     2
2026-07-08 12:35:17,050 [INFO]   Workers:         7
2026-07-08 12:35:17,050 [INFO]   ZIP batch size:  1500
2026-07-08 12:35:17,050 [INFO]   Log file:        C:\Users\vishm\Downloads\SmartAI_Bill (3)\SmartAI_Bill\logs\slt_bills_20260708_123517.log
2026-07-08 12:35:17,050 [INFO]                                                                       
2026-07-08 12:35:18,732 [INFO] Filtering files for template: vat_enterprise
2026-07-08 12:35:18,752 [INFO]   Matched: 1 | Skipped: 1 | Errors: 0
2026-07-08 12:35:18,752 [INFO] 
  Generating 1 'vat_enterprise' bills

2026-07-08 12:35:18,754 [INFO]   Temp PDF dir: C:\Users\vishm\AppData\Local\Temp\slt_bills_0giafb77

2026-07-08 12:35:18,754 [INFO] Starting: 1 files, 7 workers
2026-07-08 12:35:19,127 [INFO]     Progress: 1/1 (100%)
2026-07-08 12:35:19,157 [INFO]   Round 1: 1 success, 0 failed in 0.4s (8943/hr)
2026-07-08 12:35:19,160 [INFO] 
Batch complete: 1 success, 0 failed in 0.4s (8870/hr)
2026-07-08 12:35:19,160 [INFO] 
======================================================================
2026-07-08 12:35:19,160 [INFO] PROCESSING SUMMARY
2026-07-08 12:35:19,160 [INFO] ======================================================================
2026-07-08 12:35:19,161 [INFO] Total files:      1
2026-07-08 12:35:19,161 [INFO] Successful:       1
2026-07-08 12:35:19,161 [INFO] Failed:           0
2026-07-08 12:35:19,161 [INFO] Success rate:     100.0%
2026-07-08 12:35:19,161 [INFO] Total duration:   0.41s
2026-07-08 12:35:19,161 [INFO] Rate:             2.46 files/sec
2026-07-08 12:35:19,161 [INFO]                   8,861 files/hour
2026-07-08 12:35:19,161 [INFO] Target:           40,000 files/hour
2026-07-08 12:35:19,161 [INFO] Target met:       NO
2026-07-08 12:35:19,162 [INFO] 
By template:
2026-07-08 12:35:19,162 [INFO]   vat_enterprise: 1/1 (avg 85.41ms)
2026-07-08 12:35:19,162 [INFO] ======================================================================

2026-07-08 12:35:19,163 [INFO]   Detailed report: C:\Users\vishm\Downloads\SmartAI_Bill (3)\SmartAI_Bill\logs\stats_20260708_123519.json
2026-07-08 12:35:19,163 [INFO] 

2026-07-08 12:35:19,163 [INFO]   CREATING OUTPUT ZIP
2026-07-08 12:35:19,163 [INFO]                                                                       
2026-07-08 12:35:19,164 [INFO] 
Zipping 1 PDFs in batches of 1500
2026-07-08 12:35:19,189 [INFO]   OK: SLT_BILLS_vat_enterprise_0001_20260708_123519.zip (1 PDFs, 0.3 MB)
2026-07-08 12:35:19,190 [INFO] Created 1 ZIP file(s)
2026-07-08 12:35:19,190 [INFO] 
  Total ZIPs created: 1
2026-07-08 12:35:19,190 [INFO]   ZIP output folder: C:\Users\vishm\Downloads\SmartAI_Bill (3)\SmartAI_Bill\output\zips
2026-07-08 12:35:19,191 [INFO] 
  Processing complete

