2026-07-08 13:38:42,586 [INFO]                                                                       
2026-07-08 13:38:42,586 [INFO]   SLT BILL GENERATOR
2026-07-08 13:38:42,586 [INFO]                                                                       
2026-07-08 13:38:42,586 [INFO]   Inbound folder:  C:\Users\vishm\Downloads\SmartAI_Bill (3)\SmartAI_Bill\data\inbound
2026-07-08 13:38:42,586 [INFO]   Files found:     2
2026-07-08 13:38:42,586 [INFO]   Workers:         7
2026-07-08 13:38:42,587 [INFO]   ZIP batch size:  1500
2026-07-08 13:38:42,587 [INFO]   Log file:        C:\Users\vishm\Downloads\SmartAI_Bill (3)\SmartAI_Bill\logs\slt_bills_20260708_133842.log
2026-07-08 13:38:42,588 [INFO]                                                                       
2026-07-08 13:38:47,353 [INFO] Filtering files for template: vat_enterprise
2026-07-08 13:38:47,364 [INFO]   Matched: 1 | Skipped: 1 | Errors: 0
2026-07-08 13:38:47,364 [INFO] 
  Generating 1 'vat_enterprise' bills

2026-07-08 13:38:47,366 [INFO]   Temp PDF dir: C:\Users\vishm\AppData\Local\Temp\slt_bills_wrxor0hj

2026-07-08 13:38:47,366 [INFO] Starting: 1 files, 7 workers
2026-07-08 13:38:47,681 [INFO]     Progress: 1/1 (100%)
2026-07-08 13:38:47,709 [INFO]   Round 1: 1 success, 0 failed in 0.3s (10521/hr)
2026-07-08 13:38:47,712 [INFO] 
Batch complete: 1 success, 0 failed in 0.3s (10425/hr)
2026-07-08 13:38:47,712 [INFO] 
======================================================================
2026-07-08 13:38:47,712 [INFO] PROCESSING SUMMARY
2026-07-08 13:38:47,713 [INFO] ======================================================================
2026-07-08 13:38:47,713 [INFO] Total files:      1
2026-07-08 13:38:47,713 [INFO] Successful:       1
2026-07-08 13:38:47,713 [INFO] Failed:           0
2026-07-08 13:38:47,713 [INFO] Success rate:     100.0%
2026-07-08 13:38:47,713 [INFO] Total duration:   0.35s
2026-07-08 13:38:47,713 [INFO] Rate:             2.89 files/sec
2026-07-08 13:38:47,713 [INFO]                   10,412 files/hour
2026-07-08 13:38:47,714 [INFO] Target:           40,000 files/hour
2026-07-08 13:38:47,714 [INFO] Target met:       NO
2026-07-08 13:38:47,714 [INFO] 
By template:
2026-07-08 13:38:47,714 [INFO]   vat_enterprise: 1/1 (avg 54.76ms)
2026-07-08 13:38:47,714 [INFO] ======================================================================

2026-07-08 13:38:47,715 [INFO]   Detailed report: C:\Users\vishm\Downloads\SmartAI_Bill (3)\SmartAI_Bill\logs\stats_20260708_133847.json
2026-07-08 13:38:47,715 [INFO] 

2026-07-08 13:38:47,716 [INFO]   CREATING OUTPUT ZIP
2026-07-08 13:38:47,716 [INFO]                                                                       
2026-07-08 13:38:47,716 [INFO] 
Zipping 1 PDFs in batches of 1500
2026-07-08 13:38:47,743 [INFO]   OK: SLT_BILLS_vat_enterprise_0001_20260708_133847.zip (1 PDFs, 0.3 MB)
2026-07-08 13:38:47,744 [INFO] Created 1 ZIP file(s)
2026-07-08 13:38:47,744 [INFO] 
  Total ZIPs created: 1
2026-07-08 13:38:47,744 [INFO]   ZIP output folder: C:\Users\vishm\Downloads\SmartAI_Bill (3)\SmartAI_Bill\output\zips
2026-07-08 13:38:47,744 [INFO] 
  Processing complete

