2026-07-08 09:40:01,256 [INFO]                                                                       
2026-07-08 09:40:01,257 [INFO]   SLT BILL GENERATOR
2026-07-08 09:40:01,257 [INFO]                                                                       
2026-07-08 09:40:01,257 [INFO]   Inbound folder:  C:\Users\vishm\Downloads\SmartAI_Bill (3)\SmartAI_Bill\data\inbound
2026-07-08 09:40:01,257 [INFO]   Files found:     2
2026-07-08 09:40:01,257 [INFO]   Workers:         7
2026-07-08 09:40:01,257 [INFO]   ZIP batch size:  1500
2026-07-08 09:40:01,257 [INFO]   Log file:        C:\Users\vishm\Downloads\SmartAI_Bill (3)\SmartAI_Bill\logs\slt_bills_20260708_094001.log
2026-07-08 09:40:01,259 [INFO]                                                                       
2026-07-08 09:40:02,787 [INFO] Filtering files for template: usd_open_item
2026-07-08 09:40:02,815 [INFO]   Matched: 1 | Skipped: 1 | Errors: 0
2026-07-08 09:40:02,815 [INFO] 
  Generating 1 'usd_open_item' bills

2026-07-08 09:40:02,819 [INFO]   Temp PDF dir: C:\Users\vishm\AppData\Local\Temp\slt_bills_ykoil36p

2026-07-08 09:40:02,819 [INFO] Starting: 1 files, 7 workers
2026-07-08 09:40:03,273 [INFO]     Progress: 1/1 (100%)
2026-07-08 09:40:03,304 [INFO]   Round 1: 1 success, 0 failed in 0.5s (7417/hr)
2026-07-08 09:40:03,308 [INFO] 
Batch complete: 1 success, 0 failed in 0.5s (7364/hr)
2026-07-08 09:40:03,308 [INFO] 
======================================================================
2026-07-08 09:40:03,308 [INFO] PROCESSING SUMMARY
2026-07-08 09:40:03,308 [INFO] ======================================================================
2026-07-08 09:40:03,309 [INFO] Total files:      1
2026-07-08 09:40:03,309 [INFO] Successful:       1
2026-07-08 09:40:03,309 [INFO] Failed:           0
2026-07-08 09:40:03,309 [INFO] Success rate:     100.0%
2026-07-08 09:40:03,309 [INFO] Total duration:   0.49s
2026-07-08 09:40:03,309 [INFO] Rate:             2.04 files/sec
2026-07-08 09:40:03,309 [INFO]                   7,358 files/hour
2026-07-08 09:40:03,309 [INFO] Target:           40,000 files/hour
2026-07-08 09:40:03,309 [INFO] Target met:       NO
2026-07-08 09:40:03,309 [INFO] 
By template:
2026-07-08 09:40:03,309 [INFO]   usd_open_item: 1/1 (avg 44.21ms)
2026-07-08 09:40:03,309 [INFO] ======================================================================

2026-07-08 09:40:03,310 [INFO]   Detailed report: C:\Users\vishm\Downloads\SmartAI_Bill (3)\SmartAI_Bill\logs\stats_20260708_094003.json
2026-07-08 09:40:03,310 [INFO] 

2026-07-08 09:40:03,310 [INFO]   CREATING OUTPUT ZIP
2026-07-08 09:40:03,311 [INFO]                                                                       
2026-07-08 09:40:03,311 [INFO] 
Zipping 1 PDFs in batches of 1500
2026-07-08 09:40:03,342 [INFO]   OK: SLT_BILLS_usd_open_item_0001_20260708_094003.zip (1 PDFs, 0.2 MB)
2026-07-08 09:40:03,343 [INFO] Created 1 ZIP file(s)
2026-07-08 09:40:03,343 [INFO] 
  Total ZIPs created: 1
2026-07-08 09:40:03,343 [INFO]   ZIP output folder: C:\Users\vishm\Downloads\SmartAI_Bill (3)\SmartAI_Bill\output\zips
2026-07-08 09:40:03,343 [INFO] 
  Processing complete

