2026-07-08 14:40:01,862 [INFO]                                                                       
2026-07-08 14:40:01,862 [INFO]   SLT BILL GENERATOR
2026-07-08 14:40:01,862 [INFO]                                                                       
2026-07-08 14:40:01,862 [INFO]   Inbound folder:  C:\Users\vishm\Downloads\SmartAI_Bill (3)\SmartAI_Bill\data\inbound
2026-07-08 14:40:01,862 [INFO]   Files found:     2
2026-07-08 14:40:01,862 [INFO]   Workers:         7
2026-07-08 14:40:01,863 [INFO]   ZIP batch size:  1500
2026-07-08 14:40:01,863 [INFO]   Log file:        C:\Users\vishm\Downloads\SmartAI_Bill (3)\SmartAI_Bill\logs\slt_bills_20260708_144001.log
2026-07-08 14:40:01,864 [INFO]                                                                       
2026-07-08 14:40:02,809 [INFO] Filtering files for template: vat_enterprise
2026-07-08 14:40:02,821 [INFO]   Matched: 1 | Skipped: 1 | Errors: 0
2026-07-08 14:40:02,821 [INFO] 
  Generating 1 'vat_enterprise' bills

2026-07-08 14:40:02,823 [INFO]   Temp PDF dir: C:\Users\vishm\AppData\Local\Temp\slt_bills_g2sljhyi

2026-07-08 14:40:02,824 [INFO] Starting: 1 files, 7 workers
2026-07-08 14:40:03,130 [INFO]     Progress: 1/1 (100%)
2026-07-08 14:40:03,159 [INFO]   Round 1: 1 success, 0 failed in 0.3s (10741/hr)
2026-07-08 14:40:03,162 [INFO] 
Batch complete: 1 success, 0 failed in 0.3s (10654/hr)
2026-07-08 14:40:03,162 [INFO] 
======================================================================
2026-07-08 14:40:03,162 [INFO] PROCESSING SUMMARY
2026-07-08 14:40:03,162 [INFO] ======================================================================
2026-07-08 14:40:03,162 [INFO] Total files:      1
2026-07-08 14:40:03,162 [INFO] Successful:       1
2026-07-08 14:40:03,162 [INFO] Failed:           0
2026-07-08 14:40:03,163 [INFO] Success rate:     100.0%
2026-07-08 14:40:03,163 [INFO] Total duration:   0.34s
2026-07-08 14:40:03,163 [INFO] Rate:             2.96 files/sec
2026-07-08 14:40:03,163 [INFO]                   10,643 files/hour
2026-07-08 14:40:03,163 [INFO] Target:           40,000 files/hour
2026-07-08 14:40:03,163 [INFO] Target met:       NO
2026-07-08 14:40:03,163 [INFO] 
By template:
2026-07-08 14:40:03,164 [INFO]   vat_enterprise: 1/1 (avg 55.24ms)
2026-07-08 14:40:03,164 [INFO] ======================================================================

2026-07-08 14:40:03,164 [INFO]   Detailed report: C:\Users\vishm\Downloads\SmartAI_Bill (3)\SmartAI_Bill\logs\stats_20260708_144003.json
2026-07-08 14:40:03,165 [INFO] 

2026-07-08 14:40:03,165 [INFO]   CREATING OUTPUT ZIP
2026-07-08 14:40:03,165 [INFO]                                                                       
2026-07-08 14:40:03,165 [INFO] 
Zipping 1 PDFs in batches of 1500
2026-07-08 14:40:03,190 [INFO]   OK: SLT_BILLS_vat_enterprise_0001_20260708_144003.zip (1 PDFs, 0.3 MB)
2026-07-08 14:40:03,191 [INFO] Created 1 ZIP file(s)
2026-07-08 14:40:03,193 [INFO] 
  Total ZIPs created: 1
2026-07-08 14:40:03,228 [INFO]   ZIP output folder: C:\Users\vishm\Downloads\SmartAI_Bill (3)\SmartAI_Bill\output\zips
2026-07-08 14:40:03,233 [INFO] 
  Processing complete

