2026-07-08 12:29:18,578 [INFO]                                                                       
2026-07-08 12:29:18,578 [INFO]   SLT BILL GENERATOR
2026-07-08 12:29:18,578 [INFO]                                                                       
2026-07-08 12:29:18,578 [INFO]   Inbound folder:  C:\Users\vishm\Downloads\SmartAI_Bill (3)\SmartAI_Bill\data\inbound
2026-07-08 12:29:18,578 [INFO]   Files found:     2
2026-07-08 12:29:18,578 [INFO]   Workers:         7
2026-07-08 12:29:18,578 [INFO]   ZIP batch size:  1500
2026-07-08 12:29:18,579 [INFO]   Log file:        C:\Users\vishm\Downloads\SmartAI_Bill (3)\SmartAI_Bill\logs\slt_bills_20260708_122918.log
2026-07-08 12:29:18,580 [INFO]                                                                       
2026-07-08 12:29:20,091 [INFO] Filtering files for template: vat_enterprise
2026-07-08 12:29:20,108 [INFO]   Matched: 1 | Skipped: 1 | Errors: 0
2026-07-08 12:29:20,108 [INFO] 
  Generating 1 'vat_enterprise' bills

2026-07-08 12:29:20,110 [INFO]   Temp PDF dir: C:\Users\vishm\AppData\Local\Temp\slt_bills_1waqw0h3

2026-07-08 12:29:20,110 [INFO] Starting: 1 files, 7 workers
2026-07-08 12:29:20,397 [INFO]     Progress: 1/1 (100%)
2026-07-08 12:29:20,432 [INFO]   Round 1: 1 success, 0 failed in 0.3s (11200/hr)
2026-07-08 12:29:20,435 [INFO] 
Batch complete: 1 success, 0 failed in 0.3s (11084/hr)
2026-07-08 12:29:20,435 [INFO] 
======================================================================
2026-07-08 12:29:20,436 [INFO] PROCESSING SUMMARY
2026-07-08 12:29:20,436 [INFO] ======================================================================
2026-07-08 12:29:20,436 [INFO] Total files:      1
2026-07-08 12:29:20,436 [INFO] Successful:       1
2026-07-08 12:29:20,436 [INFO] Failed:           0
2026-07-08 12:29:20,436 [INFO] Success rate:     100.0%
2026-07-08 12:29:20,436 [INFO] Total duration:   0.33s
2026-07-08 12:29:20,436 [INFO] Rate:             3.07 files/sec
2026-07-08 12:29:20,436 [INFO]                   11,069 files/hour
2026-07-08 12:29:20,437 [INFO] Target:           40,000 files/hour
2026-07-08 12:29:20,437 [INFO] Target met:       NO
2026-07-08 12:29:20,437 [INFO] 
By template:
2026-07-08 12:29:20,437 [INFO]   vat_enterprise: 1/1 (avg 54.26ms)
2026-07-08 12:29:20,437 [INFO] ======================================================================

2026-07-08 12:29:20,438 [INFO]   Detailed report: C:\Users\vishm\Downloads\SmartAI_Bill (3)\SmartAI_Bill\logs\stats_20260708_122920.json
2026-07-08 12:29:20,438 [INFO] 

2026-07-08 12:29:20,438 [INFO]   CREATING OUTPUT ZIP
2026-07-08 12:29:20,438 [INFO]                                                                       
2026-07-08 12:29:20,439 [INFO] 
Zipping 1 PDFs in batches of 1500
2026-07-08 12:29:20,462 [INFO]   OK: SLT_BILLS_vat_enterprise_0001_20260708_122920.zip (1 PDFs, 0.3 MB)
2026-07-08 12:29:20,463 [INFO] Created 1 ZIP file(s)
2026-07-08 12:29:20,464 [INFO] 
  Total ZIPs created: 1
2026-07-08 12:29:20,464 [INFO]   ZIP output folder: C:\Users\vishm\Downloads\SmartAI_Bill (3)\SmartAI_Bill\output\zips
2026-07-08 12:29:20,464 [INFO] 
  Processing complete

