2026-07-08 14:32:52,798 [INFO]                                                                       
2026-07-08 14:32:52,798 [INFO]   SLT BILL GENERATOR
2026-07-08 14:32:52,798 [INFO]                                                                       
2026-07-08 14:32:52,798 [INFO]   Inbound folder:  C:\Users\vishm\Downloads\SmartAI_Bill (3)\SmartAI_Bill\data\inbound
2026-07-08 14:32:52,798 [INFO]   Files found:     2
2026-07-08 14:32:52,798 [INFO]   Workers:         7
2026-07-08 14:32:52,799 [INFO]   ZIP batch size:  1500
2026-07-08 14:32:52,799 [INFO]   Log file:        C:\Users\vishm\Downloads\SmartAI_Bill (3)\SmartAI_Bill\logs\slt_bills_20260708_143252.log
2026-07-08 14:32:52,800 [INFO]                                                                       
2026-07-08 14:32:53,827 [INFO] Filtering files for template: vat_enterprise
2026-07-08 14:32:53,846 [INFO]   Matched: 1 | Skipped: 1 | Errors: 0
2026-07-08 14:32:53,847 [INFO] 
  Generating 1 'vat_enterprise' bills

2026-07-08 14:32:53,849 [INFO]   Temp PDF dir: C:\Users\vishm\AppData\Local\Temp\slt_bills_d5rg8bho

2026-07-08 14:32:53,849 [INFO] Starting: 1 files, 7 workers
2026-07-08 14:32:54,221 [INFO]     Progress: 1/1 (100%)
2026-07-08 14:32:54,250 [INFO]   Round 1: 1 success, 0 failed in 0.4s (8988/hr)
2026-07-08 14:32:54,253 [INFO] 
Batch complete: 1 success, 0 failed in 0.4s (8920/hr)
2026-07-08 14:32:54,253 [INFO] 
======================================================================
2026-07-08 14:32:54,253 [INFO] PROCESSING SUMMARY
2026-07-08 14:32:54,254 [INFO] ======================================================================
2026-07-08 14:32:54,254 [INFO] Total files:      1
2026-07-08 14:32:54,254 [INFO] Successful:       1
2026-07-08 14:32:54,254 [INFO] Failed:           0
2026-07-08 14:32:54,254 [INFO] Success rate:     100.0%
2026-07-08 14:32:54,254 [INFO] Total duration:   0.4s
2026-07-08 14:32:54,254 [INFO] Rate:             2.48 files/sec
2026-07-08 14:32:54,254 [INFO]                   8,910 files/hour
2026-07-08 14:32:54,254 [INFO] Target:           40,000 files/hour
2026-07-08 14:32:54,255 [INFO] Target met:       NO
2026-07-08 14:32:54,255 [INFO] 
By template:
2026-07-08 14:32:54,255 [INFO]   vat_enterprise: 1/1 (avg 67.75ms)
2026-07-08 14:32:54,255 [INFO] ======================================================================

2026-07-08 14:32:54,257 [INFO]   Detailed report: C:\Users\vishm\Downloads\SmartAI_Bill (3)\SmartAI_Bill\logs\stats_20260708_143254.json
2026-07-08 14:32:54,258 [INFO] 

2026-07-08 14:32:54,258 [INFO]   CREATING OUTPUT ZIP
2026-07-08 14:32:54,258 [INFO]                                                                       
2026-07-08 14:32:54,258 [INFO] 
Zipping 1 PDFs in batches of 1500
2026-07-08 14:32:54,282 [INFO]   OK: SLT_BILLS_vat_enterprise_0001_20260708_143254.zip (1 PDFs, 0.3 MB)
2026-07-08 14:32:54,283 [INFO] Created 1 ZIP file(s)
2026-07-08 14:32:54,283 [INFO] 
  Total ZIPs created: 1
2026-07-08 14:32:54,284 [INFO]   ZIP output folder: C:\Users\vishm\Downloads\SmartAI_Bill (3)\SmartAI_Bill\output\zips
2026-07-08 14:32:54,284 [INFO] 
  Processing complete

