2026-07-08 11:26:42,859 [INFO]                                                                       
2026-07-08 11:26:42,859 [INFO]   SLT BILL GENERATOR
2026-07-08 11:26:42,860 [INFO]                                                                       
2026-07-08 11:26:42,860 [INFO]   Inbound folder:  C:\Users\vishm\Downloads\SmartAI_Bill (3)\SmartAI_Bill\data\inbound
2026-07-08 11:26:42,860 [INFO]   Files found:     2
2026-07-08 11:26:42,860 [INFO]   Workers:         7
2026-07-08 11:26:42,860 [INFO]   ZIP batch size:  1500
2026-07-08 11:26:42,860 [INFO]   Log file:        C:\Users\vishm\Downloads\SmartAI_Bill (3)\SmartAI_Bill\logs\slt_bills_20260708_112642.log
2026-07-08 11:26:42,862 [INFO]                                                                       
2026-07-08 11:26:45,037 [INFO] Filtering files for template: vat_enterprise
2026-07-08 11:26:45,038 [INFO]   Matched: 1 | Skipped: 1 | Errors: 0
2026-07-08 11:26:45,038 [INFO] 
  Generating 1 'vat_enterprise' bills

2026-07-08 11:26:45,040 [INFO]   Temp PDF dir: C:\Users\vishm\AppData\Local\Temp\slt_bills_bu82_f69

2026-07-08 11:26:45,040 [INFO] Starting: 1 files, 7 workers
2026-07-08 11:26:45,328 [INFO]     Progress: 1/1 (100%)
2026-07-08 11:26:45,353 [INFO]   Round 1: 1 success, 0 failed in 0.3s (11504/hr)
2026-07-08 11:26:45,355 [INFO] 
Batch complete: 1 success, 0 failed in 0.3s (11448/hr)
2026-07-08 11:26:45,355 [INFO] 
======================================================================
2026-07-08 11:26:45,355 [INFO] PROCESSING SUMMARY
2026-07-08 11:26:45,355 [INFO] ======================================================================
2026-07-08 11:26:45,356 [INFO] Total files:      1
2026-07-08 11:26:45,356 [INFO] Successful:       1
2026-07-08 11:26:45,356 [INFO] Failed:           0
2026-07-08 11:26:45,356 [INFO] Success rate:     100.0%
2026-07-08 11:26:45,356 [INFO] Total duration:   0.31s
2026-07-08 11:26:45,356 [INFO] Rate:             3.18 files/sec
2026-07-08 11:26:45,356 [INFO]                   11,432 files/hour
2026-07-08 11:26:45,357 [INFO] Target:           40,000 files/hour
2026-07-08 11:26:45,357 [INFO] Target met:       NO
2026-07-08 11:26:45,357 [INFO] 
By template:
2026-07-08 11:26:45,357 [INFO]   vat_enterprise: 1/1 (avg 61.26ms)
2026-07-08 11:26:45,357 [INFO] ======================================================================

2026-07-08 11:26:45,358 [INFO]   Detailed report: C:\Users\vishm\Downloads\SmartAI_Bill (3)\SmartAI_Bill\logs\stats_20260708_112645.json
2026-07-08 11:26:45,358 [INFO] 

2026-07-08 11:26:45,358 [INFO]   CREATING OUTPUT ZIP
2026-07-08 11:26:45,358 [INFO]                                                                       
2026-07-08 11:26:45,359 [INFO] 
Zipping 1 PDFs in batches of 1500
2026-07-08 11:26:45,381 [INFO]   OK: SLT_BILLS_vat_enterprise_0001_20260708_112645.zip (1 PDFs, 0.3 MB)
2026-07-08 11:26:45,382 [INFO] Created 1 ZIP file(s)
2026-07-08 11:26:45,382 [INFO] 
  Total ZIPs created: 1
2026-07-08 11:26:45,382 [INFO]   ZIP output folder: C:\Users\vishm\Downloads\SmartAI_Bill (3)\SmartAI_Bill\output\zips
2026-07-08 11:26:45,382 [INFO] 
  Processing complete

