2026-07-08 15:29:49,015 [INFO]                                                                       
2026-07-08 15:29:49,015 [INFO]   SLT BILL GENERATOR
2026-07-08 15:29:49,016 [INFO]                                                                       
2026-07-08 15:29:49,016 [INFO]   Inbound folder:  C:\Users\vishm\Downloads\SmartAI_Bill (3)\SmartAI_Bill\data\inbound
2026-07-08 15:29:49,016 [INFO]   Files found:     2
2026-07-08 15:29:49,016 [INFO]   Workers:         7
2026-07-08 15:29:49,016 [INFO]   ZIP batch size:  1500
2026-07-08 15:29:49,016 [INFO]   Log file:        C:\Users\vishm\Downloads\SmartAI_Bill (3)\SmartAI_Bill\logs\slt_bills_20260708_152949.log
2026-07-08 15:29:49,017 [INFO]                                                                       
2026-07-08 15:29:50,238 [INFO] Filtering files for template: vat_enterprise
2026-07-08 15:29:50,258 [INFO]   Matched: 1 | Skipped: 1 | Errors: 0
2026-07-08 15:29:50,258 [INFO] 
  Generating 1 'vat_enterprise' bills

2026-07-08 15:29:50,260 [INFO]   Temp PDF dir: C:\Users\vishm\AppData\Local\Temp\slt_bills_zv1u35b3

2026-07-08 15:29:50,261 [INFO] Starting: 1 files, 7 workers
2026-07-08 15:29:50,599 [INFO]     Progress: 1/1 (100%)
2026-07-08 15:29:50,632 [INFO]   Round 1: 1 success, 0 failed in 0.4s (9707/hr)
2026-07-08 15:29:50,635 [INFO] 
Batch complete: 1 success, 0 failed in 0.4s (9625/hr)
2026-07-08 15:29:50,635 [INFO] 
======================================================================
2026-07-08 15:29:50,635 [INFO] PROCESSING SUMMARY
2026-07-08 15:29:50,635 [INFO] ======================================================================
2026-07-08 15:29:50,635 [INFO] Total files:      1
2026-07-08 15:29:50,635 [INFO] Successful:       1
2026-07-08 15:29:50,635 [INFO] Failed:           0
2026-07-08 15:29:50,636 [INFO] Success rate:     100.0%
2026-07-08 15:29:50,636 [INFO] Total duration:   0.37s
2026-07-08 15:29:50,636 [INFO] Rate:             2.67 files/sec
2026-07-08 15:29:50,636 [INFO]                   9,615 files/hour
2026-07-08 15:29:50,636 [INFO] Target:           40,000 files/hour
2026-07-08 15:29:50,636 [INFO] Target met:       NO
2026-07-08 15:29:50,636 [INFO] 
By template:
2026-07-08 15:29:50,636 [INFO]   vat_enterprise: 1/1 (avg 39.82ms)
2026-07-08 15:29:50,636 [INFO] ======================================================================

2026-07-08 15:29:50,637 [INFO]   Detailed report: C:\Users\vishm\Downloads\SmartAI_Bill (3)\SmartAI_Bill\logs\stats_20260708_152950.json
2026-07-08 15:29:50,637 [INFO] 

2026-07-08 15:29:50,637 [INFO]   CREATING OUTPUT ZIP
2026-07-08 15:29:50,637 [INFO]                                                                       
2026-07-08 15:29:50,638 [INFO] 
Zipping 1 PDFs in batches of 1500
2026-07-08 15:29:50,666 [INFO]   OK: SLT_BILLS_vat_enterprise_0001_20260708_152950.zip (1 PDFs, 0.3 MB)
2026-07-08 15:29:50,666 [INFO] Created 1 ZIP file(s)
2026-07-08 15:29:50,667 [INFO] 
  Total ZIPs created: 1
2026-07-08 15:29:50,667 [INFO]   ZIP output folder: C:\Users\vishm\Downloads\SmartAI_Bill (3)\SmartAI_Bill\output\zips
2026-07-08 15:29:50,667 [INFO] 
  Processing complete

