2026-07-08 13:42:38,541 [INFO]                                                                       
2026-07-08 13:42:38,542 [INFO]   SLT BILL GENERATOR
2026-07-08 13:42:38,542 [INFO]                                                                       
2026-07-08 13:42:38,542 [INFO]   Inbound folder:  C:\Users\vishm\Downloads\SmartAI_Bill (3)\SmartAI_Bill\data\inbound
2026-07-08 13:42:38,542 [INFO]   Files found:     2
2026-07-08 13:42:38,542 [INFO]   Workers:         7
2026-07-08 13:42:38,542 [INFO]   ZIP batch size:  1500
2026-07-08 13:42:38,543 [INFO]   Log file:        C:\Users\vishm\Downloads\SmartAI_Bill (3)\SmartAI_Bill\logs\slt_bills_20260708_134238.log
2026-07-08 13:42:38,544 [INFO]                                                                       
2026-07-08 13:42:40,046 [INFO] Filtering files for template: vat_enterprise
2026-07-08 13:42:40,063 [INFO]   Matched: 1 | Skipped: 1 | Errors: 0
2026-07-08 13:42:40,063 [INFO] 
  Generating 1 'vat_enterprise' bills

2026-07-08 13:42:40,065 [INFO]   Temp PDF dir: C:\Users\vishm\AppData\Local\Temp\slt_bills_c5jmt11y

2026-07-08 13:42:40,065 [INFO] Starting: 1 files, 7 workers
2026-07-08 13:42:40,402 [INFO]     Progress: 1/1 (100%)
2026-07-08 13:42:40,439 [INFO]   Round 1: 1 success, 0 failed in 0.4s (9641/hr)
2026-07-08 13:42:40,445 [INFO] 
Batch complete: 1 success, 0 failed in 0.4s (9482/hr)
2026-07-08 13:42:40,446 [INFO] 
======================================================================
2026-07-08 13:42:40,446 [INFO] PROCESSING SUMMARY
2026-07-08 13:42:40,446 [INFO] ======================================================================
2026-07-08 13:42:40,446 [INFO] Total files:      1
2026-07-08 13:42:40,447 [INFO] Successful:       1
2026-07-08 13:42:40,447 [INFO] Failed:           0
2026-07-08 13:42:40,447 [INFO] Success rate:     100.0%
2026-07-08 13:42:40,447 [INFO] Total duration:   0.38s
2026-07-08 13:42:40,447 [INFO] Rate:             2.63 files/sec
2026-07-08 13:42:40,447 [INFO]                   9,467 files/hour
2026-07-08 13:42:40,447 [INFO] Target:           40,000 files/hour
2026-07-08 13:42:40,447 [INFO] Target met:       NO
2026-07-08 13:42:40,447 [INFO] 
By template:
2026-07-08 13:42:40,448 [INFO]   vat_enterprise: 1/1 (avg 58.76ms)
2026-07-08 13:42:40,448 [INFO] ======================================================================

2026-07-08 13:42:40,449 [INFO]   Detailed report: C:\Users\vishm\Downloads\SmartAI_Bill (3)\SmartAI_Bill\logs\stats_20260708_134240.json
2026-07-08 13:42:40,449 [INFO] 

2026-07-08 13:42:40,449 [INFO]   CREATING OUTPUT ZIP
2026-07-08 13:42:40,449 [INFO]                                                                       
2026-07-08 13:42:40,450 [INFO] 
Zipping 1 PDFs in batches of 1500
2026-07-08 13:42:40,485 [INFO]   OK: SLT_BILLS_vat_enterprise_0001_20260708_134240.zip (1 PDFs, 0.3 MB)
2026-07-08 13:42:40,486 [INFO] Created 1 ZIP file(s)
2026-07-08 13:42:40,486 [INFO] 
  Total ZIPs created: 1
2026-07-08 13:42:40,486 [INFO]   ZIP output folder: C:\Users\vishm\Downloads\SmartAI_Bill (3)\SmartAI_Bill\output\zips
2026-07-08 13:42:40,487 [INFO] 
  Processing complete

