2026-07-08 11:41:39,508 [INFO]                                                                       
2026-07-08 11:41:39,508 [INFO]   SLT BILL GENERATOR
2026-07-08 11:41:39,508 [INFO]                                                                       
2026-07-08 11:41:39,509 [INFO]   Inbound folder:  C:\Users\vishm\Downloads\SmartAI_Bill (3)\SmartAI_Bill\data\inbound
2026-07-08 11:41:39,509 [INFO]   Files found:     2
2026-07-08 11:41:39,509 [INFO]   Workers:         7
2026-07-08 11:41:39,509 [INFO]   ZIP batch size:  1500
2026-07-08 11:41:39,509 [INFO]   Log file:        C:\Users\vishm\Downloads\SmartAI_Bill (3)\SmartAI_Bill\logs\slt_bills_20260708_114139.log
2026-07-08 11:41:39,511 [INFO]                                                                       
2026-07-08 11:41:41,067 [INFO] Filtering files for template: vat_enterprise
2026-07-08 11:41:41,079 [INFO]   Matched: 1 | Skipped: 1 | Errors: 0
2026-07-08 11:41:41,079 [INFO] 
  Generating 1 'vat_enterprise' bills

2026-07-08 11:41:41,081 [INFO]   Temp PDF dir: C:\Users\vishm\AppData\Local\Temp\slt_bills__vdudisi

2026-07-08 11:41:41,081 [INFO] Starting: 1 files, 7 workers
2026-07-08 11:41:41,368 [INFO]     Progress: 1/1 (100%)
2026-07-08 11:41:41,403 [INFO]   Round 1: 1 success, 0 failed in 0.3s (11199/hr)
2026-07-08 11:41:41,406 [INFO] 
Batch complete: 1 success, 0 failed in 0.3s (11091/hr)
2026-07-08 11:41:41,406 [INFO] 
======================================================================
2026-07-08 11:41:41,406 [INFO] PROCESSING SUMMARY
2026-07-08 11:41:41,406 [INFO] ======================================================================
2026-07-08 11:41:41,407 [INFO] Total files:      1
2026-07-08 11:41:41,407 [INFO] Successful:       1
2026-07-08 11:41:41,407 [INFO] Failed:           0
2026-07-08 11:41:41,407 [INFO] Success rate:     100.0%
2026-07-08 11:41:41,407 [INFO] Total duration:   0.33s
2026-07-08 11:41:41,407 [INFO] Rate:             3.08 files/sec
2026-07-08 11:41:41,407 [INFO]                   11,075 files/hour
2026-07-08 11:41:41,408 [INFO] Target:           40,000 files/hour
2026-07-08 11:41:41,408 [INFO] Target met:       NO
2026-07-08 11:41:41,408 [INFO] 
By template:
2026-07-08 11:41:41,408 [INFO]   vat_enterprise: 1/1 (avg 54.98ms)
2026-07-08 11:41:41,408 [INFO] ======================================================================

2026-07-08 11:41:41,409 [INFO]   Detailed report: C:\Users\vishm\Downloads\SmartAI_Bill (3)\SmartAI_Bill\logs\stats_20260708_114141.json
2026-07-08 11:41:41,409 [INFO] 

2026-07-08 11:41:41,409 [INFO]   CREATING OUTPUT ZIP
2026-07-08 11:41:41,409 [INFO]                                                                       
2026-07-08 11:41:41,409 [INFO] 
Zipping 1 PDFs in batches of 1500
2026-07-08 11:41:41,437 [INFO]   OK: SLT_BILLS_vat_enterprise_0001_20260708_114141.zip (1 PDFs, 0.3 MB)
2026-07-08 11:41:41,438 [INFO] Created 1 ZIP file(s)
2026-07-08 11:41:41,438 [INFO] 
  Total ZIPs created: 1
2026-07-08 11:41:41,439 [INFO]   ZIP output folder: C:\Users\vishm\Downloads\SmartAI_Bill (3)\SmartAI_Bill\output\zips
2026-07-08 11:41:41,439 [INFO] 
  Processing complete

