2026-07-08 15:39:34,109 [INFO]                                                                       
2026-07-08 15:39:34,109 [INFO]   SLT BILL GENERATOR
2026-07-08 15:39:34,109 [INFO]                                                                       
2026-07-08 15:39:34,109 [INFO]   Inbound folder:  C:\Users\vishm\Downloads\SmartAI_Bill (3)\SmartAI_Bill\data\inbound
2026-07-08 15:39:34,110 [INFO]   Files found:     2
2026-07-08 15:39:34,110 [INFO]   Workers:         7
2026-07-08 15:39:34,110 [INFO]   ZIP batch size:  1500
2026-07-08 15:39:34,110 [INFO]   Log file:        C:\Users\vishm\Downloads\SmartAI_Bill (3)\SmartAI_Bill\logs\slt_bills_20260708_153934.log
2026-07-08 15:39:34,112 [INFO]                                                                       
2026-07-08 15:39:35,287 [INFO] Filtering files for template: vat_enterprise
2026-07-08 15:39:35,304 [INFO]   Matched: 1 | Skipped: 1 | Errors: 0
2026-07-08 15:39:35,304 [INFO] 
  Generating 1 'vat_enterprise' bills

2026-07-08 15:39:35,306 [INFO]   Temp PDF dir: C:\Users\vishm\AppData\Local\Temp\slt_bills_nf_8104a

2026-07-08 15:39:35,306 [INFO] Starting: 1 files, 7 workers
2026-07-08 15:39:35,597 [INFO]     Progress: 1/1 (100%)
2026-07-08 15:39:35,624 [INFO]   Round 1: 1 success, 0 failed in 0.3s (11333/hr)
2026-07-08 15:39:35,627 [INFO] 
Batch complete: 1 success, 0 failed in 0.3s (11227/hr)
2026-07-08 15:39:35,627 [INFO] 
======================================================================
2026-07-08 15:39:35,627 [INFO] PROCESSING SUMMARY
2026-07-08 15:39:35,627 [INFO] ======================================================================
2026-07-08 15:39:35,627 [INFO] Total files:      1
2026-07-08 15:39:35,628 [INFO] Successful:       1
2026-07-08 15:39:35,628 [INFO] Failed:           0
2026-07-08 15:39:35,628 [INFO] Success rate:     100.0%
2026-07-08 15:39:35,628 [INFO] Total duration:   0.32s
2026-07-08 15:39:35,628 [INFO] Rate:             3.11 files/sec
2026-07-08 15:39:35,628 [INFO]                   11,214 files/hour
2026-07-08 15:39:35,628 [INFO] Target:           40,000 files/hour
2026-07-08 15:39:35,629 [INFO] Target met:       NO
2026-07-08 15:39:35,629 [INFO] 
By template:
2026-07-08 15:39:35,629 [INFO]   vat_enterprise: 1/1 (avg 40.53ms)
2026-07-08 15:39:35,629 [INFO] ======================================================================

2026-07-08 15:39:35,630 [INFO]   Detailed report: C:\Users\vishm\Downloads\SmartAI_Bill (3)\SmartAI_Bill\logs\stats_20260708_153935.json
2026-07-08 15:39:35,630 [INFO] 

2026-07-08 15:39:35,630 [INFO]   CREATING OUTPUT ZIP
2026-07-08 15:39:35,630 [INFO]                                                                       
2026-07-08 15:39:35,631 [INFO] 
Zipping 1 PDFs in batches of 1500
2026-07-08 15:39:35,655 [INFO]   OK: SLT_BILLS_vat_enterprise_0001_20260708_153935.zip (1 PDFs, 0.3 MB)
2026-07-08 15:39:35,656 [INFO] Created 1 ZIP file(s)
2026-07-08 15:39:35,656 [INFO] 
  Total ZIPs created: 1
2026-07-08 15:39:35,656 [INFO]   ZIP output folder: C:\Users\vishm\Downloads\SmartAI_Bill (3)\SmartAI_Bill\output\zips
2026-07-08 15:39:35,656 [INFO] 
  Processing complete

