2026-07-08 12:42:55,870 [INFO]                                                                       
2026-07-08 12:42:55,870 [INFO]   SLT BILL GENERATOR
2026-07-08 12:42:55,870 [INFO]                                                                       
2026-07-08 12:42:55,870 [INFO]   Inbound folder:  C:\Users\vishm\Downloads\SmartAI_Bill (3)\SmartAI_Bill\data\inbound
2026-07-08 12:42:55,870 [INFO]   Files found:     2
2026-07-08 12:42:55,870 [INFO]   Workers:         7
2026-07-08 12:42:55,870 [INFO]   ZIP batch size:  1500
2026-07-08 12:42:55,871 [INFO]   Log file:        C:\Users\vishm\Downloads\SmartAI_Bill (3)\SmartAI_Bill\logs\slt_bills_20260708_124255.log
2026-07-08 12:42:55,872 [INFO]                                                                       
2026-07-08 12:42:57,628 [INFO] Filtering files for template: vat_enterprise
2026-07-08 12:42:57,629 [INFO]   Matched: 1 | Skipped: 1 | Errors: 0
2026-07-08 12:42:57,629 [INFO] 
  Generating 1 'vat_enterprise' bills

2026-07-08 12:42:57,631 [INFO]   Temp PDF dir: C:\Users\vishm\AppData\Local\Temp\slt_bills_zn_im8n0

2026-07-08 12:42:57,631 [INFO] Starting: 1 files, 7 workers
2026-07-08 12:42:57,992 [INFO]     Progress: 1/1 (100%)
2026-07-08 12:42:58,029 [INFO]   Round 1: 1 success, 0 failed in 0.4s (9048/hr)
2026-07-08 12:42:58,033 [INFO] 
Batch complete: 1 success, 0 failed in 0.4s (8966/hr)
2026-07-08 12:42:58,033 [INFO] 
======================================================================
2026-07-08 12:42:58,033 [INFO] PROCESSING SUMMARY
2026-07-08 12:42:58,034 [INFO] ======================================================================
2026-07-08 12:42:58,034 [INFO] Total files:      1
2026-07-08 12:42:58,034 [INFO] Successful:       1
2026-07-08 12:42:58,034 [INFO] Failed:           0
2026-07-08 12:42:58,034 [INFO] Success rate:     100.0%
2026-07-08 12:42:58,034 [INFO] Total duration:   0.4s
2026-07-08 12:42:58,034 [INFO] Rate:             2.49 files/sec
2026-07-08 12:42:58,034 [INFO]                   8,957 files/hour
2026-07-08 12:42:58,034 [INFO] Target:           40,000 files/hour
2026-07-08 12:42:58,035 [INFO] Target met:       NO
2026-07-08 12:42:58,035 [INFO] 
By template:
2026-07-08 12:42:58,035 [INFO]   vat_enterprise: 1/1 (avg 59.64ms)
2026-07-08 12:42:58,035 [INFO] ======================================================================

2026-07-08 12:42:58,036 [INFO]   Detailed report: C:\Users\vishm\Downloads\SmartAI_Bill (3)\SmartAI_Bill\logs\stats_20260708_124258.json
2026-07-08 12:42:58,036 [INFO] 

2026-07-08 12:42:58,036 [INFO]   CREATING OUTPUT ZIP
2026-07-08 12:42:58,036 [INFO]                                                                       
2026-07-08 12:42:58,037 [INFO] 
Zipping 1 PDFs in batches of 1500
2026-07-08 12:42:58,065 [INFO]   OK: SLT_BILLS_vat_enterprise_0001_20260708_124258.zip (1 PDFs, 0.3 MB)
2026-07-08 12:42:58,065 [INFO] Created 1 ZIP file(s)
2026-07-08 12:42:58,066 [INFO] 
  Total ZIPs created: 1
2026-07-08 12:42:58,066 [INFO]   ZIP output folder: C:\Users\vishm\Downloads\SmartAI_Bill (3)\SmartAI_Bill\output\zips
2026-07-08 12:42:58,066 [INFO] 
  Processing complete

