2026-07-08 12:46:02,673 [INFO]                                                                       
2026-07-08 12:46:02,674 [INFO]   SLT BILL GENERATOR
2026-07-08 12:46:02,674 [INFO]                                                                       
2026-07-08 12:46:02,674 [INFO]   Inbound folder:  C:\Users\vishm\Downloads\SmartAI_Bill (3)\SmartAI_Bill\data\inbound
2026-07-08 12:46:02,674 [INFO]   Files found:     2
2026-07-08 12:46:02,674 [INFO]   Workers:         7
2026-07-08 12:46:02,674 [INFO]   ZIP batch size:  1500
2026-07-08 12:46:02,675 [INFO]   Log file:        C:\Users\vishm\Downloads\SmartAI_Bill (3)\SmartAI_Bill\logs\slt_bills_20260708_124602.log
2026-07-08 12:46:02,676 [INFO]                                                                       
2026-07-08 12:46:04,119 [INFO] Filtering files for template: vat_enterprise
2026-07-08 12:46:04,132 [INFO]   Matched: 1 | Skipped: 1 | Errors: 0
2026-07-08 12:46:04,132 [INFO] 
  Generating 1 'vat_enterprise' bills

2026-07-08 12:46:04,133 [INFO]   Temp PDF dir: C:\Users\vishm\AppData\Local\Temp\slt_bills_xk8t661y

2026-07-08 12:46:04,134 [INFO] Starting: 1 files, 7 workers
2026-07-08 12:46:04,498 [INFO]     Progress: 1/1 (100%)
2026-07-08 12:46:04,534 [INFO]   Round 1: 1 success, 0 failed in 0.4s (8994/hr)
2026-07-08 12:46:04,538 [INFO] 
Batch complete: 1 success, 0 failed in 0.4s (8917/hr)
2026-07-08 12:46:04,538 [INFO] 
======================================================================
2026-07-08 12:46:04,538 [INFO] PROCESSING SUMMARY
2026-07-08 12:46:04,538 [INFO] ======================================================================
2026-07-08 12:46:04,538 [INFO] Total files:      1
2026-07-08 12:46:04,538 [INFO] Successful:       1
2026-07-08 12:46:04,538 [INFO] Failed:           0
2026-07-08 12:46:04,539 [INFO] Success rate:     100.0%
2026-07-08 12:46:04,539 [INFO] Total duration:   0.4s
2026-07-08 12:46:04,539 [INFO] Rate:             2.47 files/sec
2026-07-08 12:46:04,539 [INFO]                   8,908 files/hour
2026-07-08 12:46:04,539 [INFO] Target:           40,000 files/hour
2026-07-08 12:46:04,539 [INFO] Target met:       NO
2026-07-08 12:46:04,539 [INFO] 
By template:
2026-07-08 12:46:04,540 [INFO]   vat_enterprise: 1/1 (avg 68.75ms)
2026-07-08 12:46:04,540 [INFO] ======================================================================

2026-07-08 12:46:04,541 [INFO]   Detailed report: C:\Users\vishm\Downloads\SmartAI_Bill (3)\SmartAI_Bill\logs\stats_20260708_124604.json
2026-07-08 12:46:04,542 [INFO] 

2026-07-08 12:46:04,542 [INFO]   CREATING OUTPUT ZIP
2026-07-08 12:46:04,542 [INFO]                                                                       
2026-07-08 12:46:04,542 [INFO] 
Zipping 1 PDFs in batches of 1500
2026-07-08 12:46:04,576 [INFO]   OK: SLT_BILLS_vat_enterprise_0001_20260708_124604.zip (1 PDFs, 0.3 MB)
2026-07-08 12:46:04,601 [INFO] Created 1 ZIP file(s)
2026-07-08 12:46:04,605 [INFO] 
  Total ZIPs created: 1
2026-07-08 12:46:04,618 [INFO]   ZIP output folder: C:\Users\vishm\Downloads\SmartAI_Bill (3)\SmartAI_Bill\output\zips
2026-07-08 12:46:04,618 [INFO] 
  Processing complete

