2026-07-08 16:32:38,744 [INFO]                                                                       
2026-07-08 16:32:38,745 [INFO]   SLT BILL GENERATOR
2026-07-08 16:32:38,745 [INFO]                                                                       
2026-07-08 16:32:38,745 [INFO]   Inbound folder:  C:\Users\vishm\Downloads\SmartAI_Bill (3)\SmartAI_Bill\data\inbound
2026-07-08 16:32:38,745 [INFO]   Files found:     2
2026-07-08 16:32:38,745 [INFO]   Workers:         7
2026-07-08 16:32:38,745 [INFO]   ZIP batch size:  1500
2026-07-08 16:32:38,745 [INFO]   Log file:        C:\Users\vishm\Downloads\SmartAI_Bill (3)\SmartAI_Bill\logs\slt_bills_20260708_163238.log
2026-07-08 16:32:38,747 [INFO]                                                                       
2026-07-08 16:32:40,359 [INFO] Filtering files for template: vat_enterprise
2026-07-08 16:32:40,377 [INFO]   Matched: 1 | Skipped: 1 | Errors: 0
2026-07-08 16:32:40,377 [INFO] 
  Generating 1 'vat_enterprise' bills

2026-07-08 16:32:40,379 [INFO]   Temp PDF dir: C:\Users\vishm\AppData\Local\Temp\slt_bills_7z5g5_ka

2026-07-08 16:32:40,379 [INFO] Starting: 1 files, 7 workers
2026-07-08 16:32:40,712 [INFO]     Progress: 1/1 (100%)
2026-07-08 16:32:40,740 [INFO]   Round 1: 1 success, 0 failed in 0.4s (9982/hr)
2026-07-08 16:32:40,744 [INFO] 
Batch complete: 1 success, 0 failed in 0.4s (9882/hr)
2026-07-08 16:32:40,744 [INFO] 
======================================================================
2026-07-08 16:32:40,744 [INFO] PROCESSING SUMMARY
2026-07-08 16:32:40,744 [INFO] ======================================================================
2026-07-08 16:32:40,745 [INFO] Total files:      1
2026-07-08 16:32:40,745 [INFO] Successful:       1
2026-07-08 16:32:40,745 [INFO] Failed:           0
2026-07-08 16:32:40,745 [INFO] Success rate:     100.0%
2026-07-08 16:32:40,745 [INFO] Total duration:   0.36s
2026-07-08 16:32:40,745 [INFO] Rate:             2.74 files/sec
2026-07-08 16:32:40,745 [INFO]                   9,867 files/hour
2026-07-08 16:32:40,745 [INFO] Target:           40,000 files/hour
2026-07-08 16:32:40,745 [INFO] Target met:       NO
2026-07-08 16:32:40,745 [INFO] 
By template:
2026-07-08 16:32:40,746 [INFO]   vat_enterprise: 1/1 (avg 60.32ms)
2026-07-08 16:32:40,746 [INFO] ======================================================================

2026-07-08 16:32:40,747 [INFO]   Detailed report: C:\Users\vishm\Downloads\SmartAI_Bill (3)\SmartAI_Bill\logs\stats_20260708_163240.json
2026-07-08 16:32:40,747 [INFO] 

2026-07-08 16:32:40,747 [INFO]   CREATING OUTPUT ZIP
2026-07-08 16:32:40,747 [INFO]                                                                       
2026-07-08 16:32:40,747 [INFO] 
Zipping 1 PDFs in batches of 1500
2026-07-08 16:32:40,819 [INFO]   OK: SLT_BILLS_vat_enterprise_0001_20260708_163240.zip (1 PDFs, 0.3 MB)
2026-07-08 16:32:40,819 [INFO] Created 1 ZIP file(s)
2026-07-08 16:32:40,819 [INFO] 
  Total ZIPs created: 1
2026-07-08 16:32:40,820 [INFO]   ZIP output folder: C:\Users\vishm\Downloads\SmartAI_Bill (3)\SmartAI_Bill\output\zips
2026-07-08 16:32:40,820 [INFO] 
  Processing complete

