2026-07-08 14:08:26,047 [INFO]                                                                       
2026-07-08 14:08:26,047 [INFO]   SLT BILL GENERATOR
2026-07-08 14:08:26,047 [INFO]                                                                       
2026-07-08 14:08:26,048 [INFO]   Inbound folder:  C:\Users\vishm\Downloads\SmartAI_Bill (3)\SmartAI_Bill\data\inbound
2026-07-08 14:08:26,048 [INFO]   Files found:     2
2026-07-08 14:08:26,048 [INFO]   Workers:         7
2026-07-08 14:08:26,048 [INFO]   ZIP batch size:  1500
2026-07-08 14:08:26,048 [INFO]   Log file:        C:\Users\vishm\Downloads\SmartAI_Bill (3)\SmartAI_Bill\logs\slt_bills_20260708_140826.log
2026-07-08 14:08:26,050 [INFO]                                                                       
2026-07-08 14:08:27,398 [INFO] Filtering files for template: vat_enterprise
2026-07-08 14:08:27,416 [INFO]   Matched: 1 | Skipped: 1 | Errors: 0
2026-07-08 14:08:27,416 [INFO] 
  Generating 1 'vat_enterprise' bills

2026-07-08 14:08:27,418 [INFO]   Temp PDF dir: C:\Users\vishm\AppData\Local\Temp\slt_bills_1kjd3qb2

2026-07-08 14:08:27,418 [INFO] Starting: 1 files, 7 workers
2026-07-08 14:08:27,729 [INFO]     Progress: 1/1 (100%)
2026-07-08 14:08:27,759 [INFO]   Round 1: 1 success, 0 failed in 0.3s (10578/hr)
2026-07-08 14:08:27,762 [INFO] 
Batch complete: 1 success, 0 failed in 0.3s (10468/hr)
2026-07-08 14:08:27,762 [INFO] 
======================================================================
2026-07-08 14:08:27,763 [INFO] PROCESSING SUMMARY
2026-07-08 14:08:27,763 [INFO] ======================================================================
2026-07-08 14:08:27,763 [INFO] Total files:      1
2026-07-08 14:08:27,763 [INFO] Successful:       1
2026-07-08 14:08:27,763 [INFO] Failed:           0
2026-07-08 14:08:27,763 [INFO] Success rate:     100.0%
2026-07-08 14:08:27,763 [INFO] Total duration:   0.34s
2026-07-08 14:08:27,764 [INFO] Rate:             2.9 files/sec
2026-07-08 14:08:27,764 [INFO]                   10,452 files/hour
2026-07-08 14:08:27,764 [INFO] Target:           40,000 files/hour
2026-07-08 14:08:27,764 [INFO] Target met:       NO
2026-07-08 14:08:27,764 [INFO] 
By template:
2026-07-08 14:08:27,764 [INFO]   vat_enterprise: 1/1 (avg 56.03ms)
2026-07-08 14:08:27,764 [INFO] ======================================================================

2026-07-08 14:08:27,766 [INFO]   Detailed report: C:\Users\vishm\Downloads\SmartAI_Bill (3)\SmartAI_Bill\logs\stats_20260708_140827.json
2026-07-08 14:08:27,766 [INFO] 

2026-07-08 14:08:27,766 [INFO]   CREATING OUTPUT ZIP
2026-07-08 14:08:27,766 [INFO]                                                                       
2026-07-08 14:08:27,766 [INFO] 
Zipping 1 PDFs in batches of 1500
2026-07-08 14:08:27,792 [INFO]   OK: SLT_BILLS_vat_enterprise_0001_20260708_140827.zip (1 PDFs, 0.3 MB)
2026-07-08 14:08:27,793 [INFO] Created 1 ZIP file(s)
2026-07-08 14:08:27,793 [INFO] 
  Total ZIPs created: 1
2026-07-08 14:08:27,793 [INFO]   ZIP output folder: C:\Users\vishm\Downloads\SmartAI_Bill (3)\SmartAI_Bill\output\zips
2026-07-08 14:08:27,793 [INFO] 
  Processing complete

