2026-07-08 16:35:30,187 [INFO]                                                                       
2026-07-08 16:35:30,187 [INFO]   SLT BILL GENERATOR
2026-07-08 16:35:30,187 [INFO]                                                                       
2026-07-08 16:35:30,187 [INFO]   Inbound folder:  C:\Users\vishm\Downloads\SmartAI_Bill (3)\SmartAI_Bill\data\inbound
2026-07-08 16:35:30,187 [INFO]   Files found:     2
2026-07-08 16:35:30,187 [INFO]   Workers:         7
2026-07-08 16:35:30,188 [INFO]   ZIP batch size:  1500
2026-07-08 16:35:30,188 [INFO]   Log file:        C:\Users\vishm\Downloads\SmartAI_Bill (3)\SmartAI_Bill\logs\slt_bills_20260708_163530.log
2026-07-08 16:35:30,189 [INFO]                                                                       
2026-07-08 16:35:31,271 [INFO] Filtering files for template: vat_enterprise
2026-07-08 16:35:31,288 [INFO]   Matched: 1 | Skipped: 1 | Errors: 0
2026-07-08 16:35:31,288 [INFO] 
  Generating 1 'vat_enterprise' bills

2026-07-08 16:35:31,290 [INFO]   Temp PDF dir: C:\Users\vishm\AppData\Local\Temp\slt_bills_hnrrlg5t

2026-07-08 16:35:31,290 [INFO] Starting: 1 files, 7 workers
2026-07-08 16:35:31,597 [INFO]     Progress: 1/1 (100%)
2026-07-08 16:35:31,625 [INFO]   Round 1: 1 success, 0 failed in 0.3s (10766/hr)
2026-07-08 16:35:31,629 [INFO] 
Batch complete: 1 success, 0 failed in 0.3s (10637/hr)
2026-07-08 16:35:31,630 [INFO] 
======================================================================
2026-07-08 16:35:31,630 [INFO] PROCESSING SUMMARY
2026-07-08 16:35:31,630 [INFO] ======================================================================
2026-07-08 16:35:31,630 [INFO] Total files:      1
2026-07-08 16:35:31,630 [INFO] Successful:       1
2026-07-08 16:35:31,630 [INFO] Failed:           0
2026-07-08 16:35:31,630 [INFO] Success rate:     100.0%
2026-07-08 16:35:31,630 [INFO] Total duration:   0.34s
2026-07-08 16:35:31,630 [INFO] Rate:             2.95 files/sec
2026-07-08 16:35:31,630 [INFO]                   10,618 files/hour
2026-07-08 16:35:31,630 [INFO] Target:           40,000 files/hour
2026-07-08 16:35:31,631 [INFO] Target met:       NO
2026-07-08 16:35:31,631 [INFO] 
By template:
2026-07-08 16:35:31,631 [INFO]   vat_enterprise: 1/1 (avg 55.56ms)
2026-07-08 16:35:31,631 [INFO] ======================================================================

2026-07-08 16:35:31,632 [INFO]   Detailed report: C:\Users\vishm\Downloads\SmartAI_Bill (3)\SmartAI_Bill\logs\stats_20260708_163531.json
2026-07-08 16:35:31,632 [INFO] 

2026-07-08 16:35:31,632 [INFO]   CREATING OUTPUT ZIP
2026-07-08 16:35:31,632 [INFO]                                                                       
2026-07-08 16:35:31,632 [INFO] 
Zipping 1 PDFs in batches of 1500
2026-07-08 16:35:31,706 [INFO]   OK: SLT_BILLS_vat_enterprise_0001_20260708_163531.zip (1 PDFs, 0.3 MB)
2026-07-08 16:35:31,707 [INFO] Created 1 ZIP file(s)
2026-07-08 16:35:31,707 [INFO] 
  Total ZIPs created: 1
2026-07-08 16:35:31,707 [INFO]   ZIP output folder: C:\Users\vishm\Downloads\SmartAI_Bill (3)\SmartAI_Bill\output\zips
2026-07-08 16:35:31,707 [INFO] 
  Processing complete

