2026-07-08 15:38:59,613 [INFO]                                                                       
2026-07-08 15:38:59,613 [INFO]   SLT BILL GENERATOR
2026-07-08 15:38:59,613 [INFO]                                                                       
2026-07-08 15:38:59,614 [INFO]   Inbound folder:  C:\Users\vishm\Downloads\SmartAI_Bill (3)\SmartAI_Bill\data\inbound
2026-07-08 15:38:59,614 [INFO]   Files found:     2
2026-07-08 15:38:59,614 [INFO]   Workers:         7
2026-07-08 15:38:59,614 [INFO]   ZIP batch size:  1500
2026-07-08 15:38:59,614 [INFO]   Log file:        C:\Users\vishm\Downloads\SmartAI_Bill (3)\SmartAI_Bill\logs\slt_bills_20260708_153859.log
2026-07-08 15:38:59,616 [INFO]                                                                       
2026-07-08 15:39:00,880 [INFO] Filtering files for template: vat_enterprise
2026-07-08 15:39:00,897 [INFO]   Matched: 1 | Skipped: 1 | Errors: 0
2026-07-08 15:39:00,898 [INFO] 
  Generating 1 'vat_enterprise' bills

2026-07-08 15:39:00,899 [INFO]   Temp PDF dir: C:\Users\vishm\AppData\Local\Temp\slt_bills_im2h4hlh

2026-07-08 15:39:00,900 [INFO] Starting: 1 files, 7 workers
2026-07-08 15:39:01,198 [INFO]     Progress: 1/1 (100%)
2026-07-08 15:39:01,228 [INFO]   Round 1: 1 success, 0 failed in 0.3s (10953/hr)
2026-07-08 15:39:01,231 [INFO] 
Batch complete: 1 success, 0 failed in 0.3s (10855/hr)
2026-07-08 15:39:01,232 [INFO] 
======================================================================
2026-07-08 15:39:01,232 [INFO] PROCESSING SUMMARY
2026-07-08 15:39:01,232 [INFO] ======================================================================
2026-07-08 15:39:01,232 [INFO] Total files:      1
2026-07-08 15:39:01,232 [INFO] Successful:       1
2026-07-08 15:39:01,232 [INFO] Failed:           0
2026-07-08 15:39:01,232 [INFO] Success rate:     100.0%
2026-07-08 15:39:01,233 [INFO] Total duration:   0.33s
2026-07-08 15:39:01,233 [INFO] Rate:             3.01 files/sec
2026-07-08 15:39:01,233 [INFO]                   10,841 files/hour
2026-07-08 15:39:01,233 [INFO] Target:           40,000 files/hour
2026-07-08 15:39:01,233 [INFO] Target met:       NO
2026-07-08 15:39:01,233 [INFO] 
By template:
2026-07-08 15:39:01,234 [INFO]   vat_enterprise: 1/1 (avg 40.34ms)
2026-07-08 15:39:01,234 [INFO] ======================================================================

2026-07-08 15:39:01,235 [INFO]   Detailed report: C:\Users\vishm\Downloads\SmartAI_Bill (3)\SmartAI_Bill\logs\stats_20260708_153901.json
2026-07-08 15:39:01,235 [INFO] 

2026-07-08 15:39:01,235 [INFO]   CREATING OUTPUT ZIP
2026-07-08 15:39:01,235 [INFO]                                                                       
2026-07-08 15:39:01,236 [INFO] 
Zipping 1 PDFs in batches of 1500
2026-07-08 15:39:01,263 [INFO]   OK: SLT_BILLS_vat_enterprise_0001_20260708_153901.zip (1 PDFs, 0.3 MB)
2026-07-08 15:39:01,264 [INFO] Created 1 ZIP file(s)
2026-07-08 15:39:01,264 [INFO] 
  Total ZIPs created: 1
2026-07-08 15:39:01,265 [INFO]   ZIP output folder: C:\Users\vishm\Downloads\SmartAI_Bill (3)\SmartAI_Bill\output\zips
2026-07-08 15:39:01,265 [INFO] 
  Processing complete

