2026-07-08 11:44:14,868 [INFO]                                                                       
2026-07-08 11:44:14,869 [INFO]   SLT BILL GENERATOR
2026-07-08 11:44:14,869 [INFO]                                                                       
2026-07-08 11:44:14,869 [INFO]   Inbound folder:  C:\Users\vishm\Downloads\SmartAI_Bill (3)\SmartAI_Bill\data\inbound
2026-07-08 11:44:14,869 [INFO]   Files found:     2
2026-07-08 11:44:14,869 [INFO]   Workers:         7
2026-07-08 11:44:14,869 [INFO]   ZIP batch size:  1500
2026-07-08 11:44:14,869 [INFO]   Log file:        C:\Users\vishm\Downloads\SmartAI_Bill (3)\SmartAI_Bill\logs\slt_bills_20260708_114414.log
2026-07-08 11:44:14,871 [INFO]                                                                       
2026-07-08 11:44:16,142 [INFO] Filtering files for template: vat_enterprise
2026-07-08 11:44:16,161 [INFO]   Matched: 1 | Skipped: 1 | Errors: 0
2026-07-08 11:44:16,162 [INFO] 
  Generating 1 'vat_enterprise' bills

2026-07-08 11:44:16,164 [INFO]   Temp PDF dir: C:\Users\vishm\AppData\Local\Temp\slt_bills_rfye_n74

2026-07-08 11:44:16,164 [INFO] Starting: 1 files, 7 workers
2026-07-08 11:44:16,446 [INFO]     Progress: 1/1 (100%)
2026-07-08 11:44:16,477 [INFO]   Round 1: 1 success, 0 failed in 0.3s (11507/hr)
2026-07-08 11:44:16,480 [INFO] 
Batch complete: 1 success, 0 failed in 0.3s (11384/hr)
2026-07-08 11:44:16,480 [INFO] 
======================================================================
2026-07-08 11:44:16,481 [INFO] PROCESSING SUMMARY
2026-07-08 11:44:16,481 [INFO] ======================================================================
2026-07-08 11:44:16,481 [INFO] Total files:      1
2026-07-08 11:44:16,481 [INFO] Successful:       1
2026-07-08 11:44:16,481 [INFO] Failed:           0
2026-07-08 11:44:16,481 [INFO] Success rate:     100.0%
2026-07-08 11:44:16,481 [INFO] Total duration:   0.32s
2026-07-08 11:44:16,481 [INFO] Rate:             3.16 files/sec
2026-07-08 11:44:16,481 [INFO]                   11,368 files/hour
2026-07-08 11:44:16,482 [INFO] Target:           40,000 files/hour
2026-07-08 11:44:16,482 [INFO] Target met:       NO
2026-07-08 11:44:16,482 [INFO] 
By template:
2026-07-08 11:44:16,482 [INFO]   vat_enterprise: 1/1 (avg 48.35ms)
2026-07-08 11:44:16,482 [INFO] ======================================================================

2026-07-08 11:44:16,483 [INFO]   Detailed report: C:\Users\vishm\Downloads\SmartAI_Bill (3)\SmartAI_Bill\logs\stats_20260708_114416.json
2026-07-08 11:44:16,483 [INFO] 

2026-07-08 11:44:16,483 [INFO]   CREATING OUTPUT ZIP
2026-07-08 11:44:16,483 [INFO]                                                                       
2026-07-08 11:44:16,483 [INFO] 
Zipping 1 PDFs in batches of 1500
2026-07-08 11:44:16,511 [INFO]   OK: SLT_BILLS_vat_enterprise_0001_20260708_114416.zip (1 PDFs, 0.3 MB)
2026-07-08 11:44:16,512 [INFO] Created 1 ZIP file(s)
2026-07-08 11:44:16,512 [INFO] 
  Total ZIPs created: 1
2026-07-08 11:44:16,512 [INFO]   ZIP output folder: C:\Users\vishm\Downloads\SmartAI_Bill (3)\SmartAI_Bill\output\zips
2026-07-08 11:44:16,512 [INFO] 
  Processing complete

