2026-07-07 23:48:38,293 [INFO]                                                                       
2026-07-07 23:48:38,293 [INFO]   SLT BILL GENERATOR
2026-07-07 23:48:38,293 [INFO]                                                                       
2026-07-07 23:48:38,294 [INFO]   Inbound folder:  C:\Users\vishm\Downloads\SmartAI_Bill (3)\SmartAI_Bill\data\inbound
2026-07-07 23:48:38,294 [INFO]   Files found:     3
2026-07-07 23:48:38,294 [INFO]   Workers:         7
2026-07-07 23:48:38,294 [INFO]   ZIP batch size:  1500
2026-07-07 23:48:38,294 [INFO]   Log file:        C:\Users\vishm\Downloads\SmartAI_Bill (3)\SmartAI_Bill\logs\slt_bills_20260707_234838.log
2026-07-07 23:48:38,294 [INFO]                                                                       
2026-07-07 23:48:40,372 [INFO] Filtering files for template: nonvat_creditnote
2026-07-07 23:48:40,375 [INFO]   Matched: 1 | Skipped: 2 | Errors: 0
2026-07-07 23:48:40,376 [INFO] 
  Generating 1 'nonvat_creditnote' bills

2026-07-07 23:48:40,378 [INFO]   Temp PDF dir: C:\Users\vishm\AppData\Local\Temp\slt_bills_xz23mkeu

2026-07-07 23:48:40,378 [INFO] Starting: 1 files, 7 workers
2026-07-07 23:48:40,683 [INFO]     Progress: 1/1 (100%)
2026-07-07 23:48:40,715 [INFO]   Round 1: 1 success, 0 failed in 0.3s (10685/hr)
2026-07-07 23:48:40,719 [INFO] 
Batch complete: 1 success, 0 failed in 0.3s (10568/hr)
2026-07-07 23:48:40,719 [INFO] 
======================================================================
2026-07-07 23:48:40,719 [INFO] PROCESSING SUMMARY
2026-07-07 23:48:40,720 [INFO] ======================================================================
2026-07-07 23:48:40,720 [INFO] Total files:      1
2026-07-07 23:48:40,720 [INFO] Successful:       1
2026-07-07 23:48:40,720 [INFO] Failed:           0
2026-07-07 23:48:40,720 [INFO] Success rate:     100.0%
2026-07-07 23:48:40,720 [INFO] Total duration:   0.34s
2026-07-07 23:48:40,720 [INFO] Rate:             2.93 files/sec
2026-07-07 23:48:40,720 [INFO]                   10,553 files/hour
2026-07-07 23:48:40,720 [INFO] Target:           40,000 files/hour
2026-07-07 23:48:40,721 [INFO] Target met:       NO
2026-07-07 23:48:40,721 [INFO] 
By template:
2026-07-07 23:48:40,721 [INFO]   nonvat_creditnote: 1/1 (avg 28.93ms)
2026-07-07 23:48:40,721 [INFO] ======================================================================

2026-07-07 23:48:40,722 [INFO]   Detailed report: C:\Users\vishm\Downloads\SmartAI_Bill (3)\SmartAI_Bill\logs\stats_20260707_234840.json
2026-07-07 23:48:40,722 [INFO] 

2026-07-07 23:48:40,722 [INFO]   CREATING OUTPUT ZIP
2026-07-07 23:48:40,722 [INFO]                                                                       
2026-07-07 23:48:40,723 [INFO] 
Zipping 1 PDFs in batches of 1500
2026-07-07 23:48:40,742 [INFO]   OK: SLT_BILLS_nonvat_creditnote_0001_20260707_234840.zip (1 PDFs, 0.2 MB)
2026-07-07 23:48:40,743 [INFO] Created 1 ZIP file(s)
2026-07-07 23:48:40,743 [INFO] 
  Total ZIPs created: 1
2026-07-07 23:48:40,744 [INFO]   ZIP output folder: C:\Users\vishm\Downloads\SmartAI_Bill (3)\SmartAI_Bill\output\zips
2026-07-07 23:48:40,744 [INFO] 
  Processing complete

