2026-07-07 23:27:58,753 [INFO]                                                                       
2026-07-07 23:27:58,753 [INFO]   SLT BILL GENERATOR
2026-07-07 23:27:58,753 [INFO]                                                                       
2026-07-07 23:27:58,754 [INFO]   Inbound folder:  C:\Users\vishm\Downloads\SmartAI_Bill (3)\SmartAI_Bill\data\inbound
2026-07-07 23:27:58,754 [INFO]   Files found:     7
2026-07-07 23:27:58,754 [INFO]   Workers:         7
2026-07-07 23:27:58,754 [INFO]   ZIP batch size:  1500
2026-07-07 23:27:58,754 [INFO]   Log file:        C:\Users\vishm\Downloads\SmartAI_Bill (3)\SmartAI_Bill\logs\slt_bills_20260707_232758.log
2026-07-07 23:27:58,755 [INFO]                                                                       
2026-07-07 23:28:00,630 [INFO] Filtering files for template: nonvat_home
2026-07-07 23:28:00,633 [INFO]   Matched: 1 | Skipped: 6 | Errors: 0
2026-07-07 23:28:00,633 [INFO] 
  Generating 1 'nonvat_home' bills

2026-07-07 23:28:00,635 [INFO]   Temp PDF dir: C:\Users\vishm\AppData\Local\Temp\slt_bills_r8eqrav0

2026-07-07 23:28:00,636 [INFO] Starting: 1 files, 7 workers
2026-07-07 23:28:01,148 [INFO]     Progress: 1/1 (100%)
2026-07-07 23:28:01,183 [INFO]   Round 1: 1 success, 0 failed in 0.5s (6578/hr)
2026-07-07 23:28:01,184 [INFO] 
Batch complete: 1 success, 0 failed in 0.5s (6565/hr)
2026-07-07 23:28:01,184 [INFO] 
======================================================================
2026-07-07 23:28:01,185 [INFO] PROCESSING SUMMARY
2026-07-07 23:28:01,185 [INFO] ======================================================================
2026-07-07 23:28:01,185 [INFO] Total files:      1
2026-07-07 23:28:01,185 [INFO] Successful:       1
2026-07-07 23:28:01,185 [INFO] Failed:           0
2026-07-07 23:28:01,185 [INFO] Success rate:     100.0%
2026-07-07 23:28:01,185 [INFO] Total duration:   0.55s
2026-07-07 23:28:01,186 [INFO] Rate:             1.82 files/sec
2026-07-07 23:28:01,186 [INFO]                   6,561 files/hour
2026-07-07 23:28:01,186 [INFO] Target:           40,000 files/hour
2026-07-07 23:28:01,186 [INFO] Target met:       NO
2026-07-07 23:28:01,186 [INFO] 
By template:
2026-07-07 23:28:01,186 [INFO]   nonvat_home: 1/1 (avg 141.74ms)
2026-07-07 23:28:01,186 [INFO] ======================================================================

2026-07-07 23:28:01,187 [INFO]   Detailed report: C:\Users\vishm\Downloads\SmartAI_Bill (3)\SmartAI_Bill\logs\stats_20260707_232801.json
2026-07-07 23:28:01,187 [INFO] 

2026-07-07 23:28:01,188 [INFO]   CREATING OUTPUT ZIP
2026-07-07 23:28:01,188 [INFO]                                                                       
2026-07-07 23:28:01,188 [INFO] 
Zipping 1 PDFs in batches of 1500
2026-07-07 23:28:01,219 [INFO]   OK: SLT_BILLS_nonvat_home_0001_20260707_232801.zip (1 PDFs, 0.3 MB)
2026-07-07 23:28:01,220 [INFO] Created 1 ZIP file(s)
2026-07-07 23:28:01,220 [INFO] 
  Total ZIPs created: 1
2026-07-07 23:28:01,220 [INFO]   ZIP output folder: C:\Users\vishm\Downloads\SmartAI_Bill (3)\SmartAI_Bill\output\zips
2026-07-07 23:28:01,220 [INFO] 
  Processing complete

