2026-07-08 12:09:10,690 [INFO]                                                                       
2026-07-08 12:09:10,690 [INFO]   SLT BILL GENERATOR
2026-07-08 12:09:10,690 [INFO]                                                                       
2026-07-08 12:09:10,691 [INFO]   Inbound folder:  C:\Users\vishm\Downloads\SmartAI_Bill (3)\SmartAI_Bill\data\inbound
2026-07-08 12:09:10,691 [INFO]   Files found:     2
2026-07-08 12:09:10,691 [INFO]   Workers:         7
2026-07-08 12:09:10,691 [INFO]   ZIP batch size:  1500
2026-07-08 12:09:10,691 [INFO]   Log file:        C:\Users\vishm\Downloads\SmartAI_Bill (3)\SmartAI_Bill\logs\slt_bills_20260708_120910.log
2026-07-08 12:09:10,693 [INFO]                                                                       
2026-07-08 12:09:18,240 [INFO] Filtering files for template: vat_enterprise
2026-07-08 12:09:18,258 [INFO]   Matched: 1 | Skipped: 1 | Errors: 0
2026-07-08 12:09:18,258 [INFO] 
  Generating 1 'vat_enterprise' bills

2026-07-08 12:09:18,260 [INFO]   Temp PDF dir: C:\Users\vishm\AppData\Local\Temp\slt_bills_atg4crlo

2026-07-08 12:09:18,260 [INFO] Starting: 1 files, 7 workers
2026-07-08 12:09:18,538 [INFO]     Progress: 1/1 (100%)
2026-07-08 12:09:18,565 [INFO]   Round 1: 1 success, 0 failed in 0.3s (11826/hr)
2026-07-08 12:09:18,568 [INFO] 
Batch complete: 1 success, 0 failed in 0.3s (11700/hr)
2026-07-08 12:09:18,569 [INFO] 
======================================================================
2026-07-08 12:09:18,569 [INFO] PROCESSING SUMMARY
2026-07-08 12:09:18,569 [INFO] ======================================================================
2026-07-08 12:09:18,569 [INFO] Total files:      1
2026-07-08 12:09:18,569 [INFO] Successful:       1
2026-07-08 12:09:18,569 [INFO] Failed:           0
2026-07-08 12:09:18,569 [INFO] Success rate:     100.0%
2026-07-08 12:09:18,569 [INFO] Total duration:   0.31s
2026-07-08 12:09:18,569 [INFO] Rate:             3.25 files/sec
2026-07-08 12:09:18,569 [INFO]                   11,685 files/hour
2026-07-08 12:09:18,570 [INFO] Target:           40,000 files/hour
2026-07-08 12:09:18,570 [INFO] Target met:       NO
2026-07-08 12:09:18,570 [INFO] 
By template:
2026-07-08 12:09:18,570 [INFO]   vat_enterprise: 1/1 (avg 49.5ms)
2026-07-08 12:09:18,570 [INFO] ======================================================================

2026-07-08 12:09:18,571 [INFO]   Detailed report: C:\Users\vishm\Downloads\SmartAI_Bill (3)\SmartAI_Bill\logs\stats_20260708_120918.json
2026-07-08 12:09:18,571 [INFO] 

2026-07-08 12:09:18,571 [INFO]   CREATING OUTPUT ZIP
2026-07-08 12:09:18,571 [INFO]                                                                       
2026-07-08 12:09:18,571 [INFO] 
Zipping 1 PDFs in batches of 1500
2026-07-08 12:09:18,597 [INFO]   OK: SLT_BILLS_vat_enterprise_0001_20260708_120918.zip (1 PDFs, 0.3 MB)
2026-07-08 12:09:18,633 [INFO] Created 1 ZIP file(s)
2026-07-08 12:09:18,640 [INFO] 
  Total ZIPs created: 1
2026-07-08 12:09:18,640 [INFO]   ZIP output folder: C:\Users\vishm\Downloads\SmartAI_Bill (3)\SmartAI_Bill\output\zips
2026-07-08 12:09:18,640 [INFO] 
  Processing complete

