2026-07-08 16:30:09,529 [INFO]                                                                       
2026-07-08 16:30:09,530 [INFO]   SLT BILL GENERATOR
2026-07-08 16:30:09,530 [INFO]                                                                       
2026-07-08 16:30:09,530 [INFO]   Inbound folder:  C:\Users\vishm\Downloads\SmartAI_Bill (3)\SmartAI_Bill\data\inbound
2026-07-08 16:30:09,530 [INFO]   Files found:     2
2026-07-08 16:30:09,531 [INFO]   Workers:         7
2026-07-08 16:30:09,531 [INFO]   ZIP batch size:  1500
2026-07-08 16:30:09,531 [INFO]   Log file:        C:\Users\vishm\Downloads\SmartAI_Bill (3)\SmartAI_Bill\logs\slt_bills_20260708_163009.log
2026-07-08 16:30:09,533 [INFO]                                                                       
2026-07-08 16:30:11,097 [INFO] Filtering files for template: vat_enterprise
2026-07-08 16:30:11,114 [INFO]   Matched: 1 | Skipped: 1 | Errors: 0
2026-07-08 16:30:11,114 [INFO] 
  Generating 1 'vat_enterprise' bills

2026-07-08 16:30:11,116 [INFO]   Temp PDF dir: C:\Users\vishm\AppData\Local\Temp\slt_bills_zwoia7b0

2026-07-08 16:30:11,117 [INFO] Starting: 1 files, 7 workers
2026-07-08 16:30:11,503 [INFO]     Progress: 1/1 (100%)
2026-07-08 16:30:11,552 [INFO]   Round 1: 1 success, 0 failed in 0.4s (8280/hr)
2026-07-08 16:30:11,555 [INFO] 
Batch complete: 1 success, 0 failed in 0.4s (8211/hr)
2026-07-08 16:30:11,556 [INFO] 
======================================================================
2026-07-08 16:30:11,556 [INFO] PROCESSING SUMMARY
2026-07-08 16:30:11,556 [INFO] ======================================================================
2026-07-08 16:30:11,556 [INFO] Total files:      1
2026-07-08 16:30:11,556 [INFO] Successful:       1
2026-07-08 16:30:11,556 [INFO] Failed:           0
2026-07-08 16:30:11,556 [INFO] Success rate:     100.0%
2026-07-08 16:30:11,557 [INFO] Total duration:   0.44s
2026-07-08 16:30:11,557 [INFO] Rate:             2.28 files/sec
2026-07-08 16:30:11,557 [INFO]                   8,202 files/hour
2026-07-08 16:30:11,557 [INFO] Target:           40,000 files/hour
2026-07-08 16:30:11,557 [INFO] Target met:       NO
2026-07-08 16:30:11,557 [INFO] 
By template:
2026-07-08 16:30:11,557 [INFO]   vat_enterprise: 1/1 (avg 111.99ms)
2026-07-08 16:30:11,557 [INFO] ======================================================================

2026-07-08 16:30:11,559 [INFO]   Detailed report: C:\Users\vishm\Downloads\SmartAI_Bill (3)\SmartAI_Bill\logs\stats_20260708_163011.json
2026-07-08 16:30:11,559 [INFO] 

2026-07-08 16:30:11,559 [INFO]   CREATING OUTPUT ZIP
2026-07-08 16:30:11,560 [INFO]                                                                       
2026-07-08 16:30:11,560 [INFO] 
Zipping 1 PDFs in batches of 1500
2026-07-08 16:30:11,656 [INFO]   OK: SLT_BILLS_vat_enterprise_0001_20260708_163011.zip (1 PDFs, 0.3 MB)
2026-07-08 16:30:11,657 [INFO] Created 1 ZIP file(s)
2026-07-08 16:30:11,657 [INFO] 
  Total ZIPs created: 1
2026-07-08 16:30:11,657 [INFO]   ZIP output folder: C:\Users\vishm\Downloads\SmartAI_Bill (3)\SmartAI_Bill\output\zips
2026-07-08 16:30:11,657 [INFO] 
  Processing complete

