2026-07-08 11:40:54,967 [INFO]                                                                       
2026-07-08 11:40:54,968 [INFO]   SLT BILL GENERATOR
2026-07-08 11:40:54,968 [INFO]                                                                       
2026-07-08 11:40:54,968 [INFO]   Inbound folder:  C:\Users\vishm\Downloads\SmartAI_Bill (3)\SmartAI_Bill\data\inbound
2026-07-08 11:40:54,968 [INFO]   Files found:     2
2026-07-08 11:40:54,968 [INFO]   Workers:         7
2026-07-08 11:40:54,968 [INFO]   ZIP batch size:  1500
2026-07-08 11:40:54,968 [INFO]   Log file:        C:\Users\vishm\Downloads\SmartAI_Bill (3)\SmartAI_Bill\logs\slt_bills_20260708_114054.log
2026-07-08 11:40:54,970 [INFO]                                                                       
2026-07-08 11:40:56,139 [INFO] Filtering files for template: vat_enterprise
2026-07-08 11:40:56,159 [INFO]   Matched: 1 | Skipped: 1 | Errors: 0
2026-07-08 11:40:56,160 [INFO] 
  Generating 1 'vat_enterprise' bills

2026-07-08 11:40:56,162 [INFO]   Temp PDF dir: C:\Users\vishm\AppData\Local\Temp\slt_bills_gxczo7r8

2026-07-08 11:40:56,162 [INFO] Starting: 1 files, 7 workers
2026-07-08 11:40:56,434 [INFO]     Progress: 1/1 (100%)
2026-07-08 11:40:56,461 [INFO]   Round 1: 1 success, 0 failed in 0.3s (12022/hr)
2026-07-08 11:40:56,464 [INFO] 
Batch complete: 1 success, 0 failed in 0.3s (11899/hr)
2026-07-08 11:40:56,465 [INFO] 
======================================================================
2026-07-08 11:40:56,465 [INFO] PROCESSING SUMMARY
2026-07-08 11:40:56,465 [INFO] ======================================================================
2026-07-08 11:40:56,465 [INFO] Total files:      1
2026-07-08 11:40:56,465 [INFO] Successful:       1
2026-07-08 11:40:56,465 [INFO] Failed:           0
2026-07-08 11:40:56,465 [INFO] Success rate:     100.0%
2026-07-08 11:40:56,466 [INFO] Total duration:   0.3s
2026-07-08 11:40:56,466 [INFO] Rate:             3.3 files/sec
2026-07-08 11:40:56,466 [INFO]                   11,885 files/hour
2026-07-08 11:40:56,466 [INFO] Target:           40,000 files/hour
2026-07-08 11:40:56,466 [INFO] Target met:       NO
2026-07-08 11:40:56,466 [INFO] 
By template:
2026-07-08 11:40:56,466 [INFO]   vat_enterprise: 1/1 (avg 49.08ms)
2026-07-08 11:40:56,466 [INFO] ======================================================================

2026-07-08 11:40:56,467 [INFO]   Detailed report: C:\Users\vishm\Downloads\SmartAI_Bill (3)\SmartAI_Bill\logs\stats_20260708_114056.json
2026-07-08 11:40:56,468 [INFO] 

2026-07-08 11:40:56,468 [INFO]   CREATING OUTPUT ZIP
2026-07-08 11:40:56,468 [INFO]                                                                       
2026-07-08 11:40:56,468 [INFO] 
Zipping 1 PDFs in batches of 1500
2026-07-08 11:40:56,493 [INFO]   OK: SLT_BILLS_vat_enterprise_0001_20260708_114056.zip (1 PDFs, 0.3 MB)
2026-07-08 11:40:56,494 [INFO] Created 1 ZIP file(s)
2026-07-08 11:40:56,494 [INFO] 
  Total ZIPs created: 1
2026-07-08 11:40:56,494 [INFO]   ZIP output folder: C:\Users\vishm\Downloads\SmartAI_Bill (3)\SmartAI_Bill\output\zips
2026-07-08 11:40:56,494 [INFO] 
  Processing complete

