2026-07-08 08:41:26,811 [INFO]                                                                       
2026-07-08 08:41:26,811 [INFO]   SLT BILL GENERATOR
2026-07-08 08:41:26,812 [INFO]                                                                       
2026-07-08 08:41:26,812 [INFO]   Inbound folder:  C:\Users\vishm\Downloads\SmartAI_Bill (3)\SmartAI_Bill\data\inbound
2026-07-08 08:41:26,812 [INFO]   Files found:     2
2026-07-08 08:41:26,812 [INFO]   Workers:         7
2026-07-08 08:41:26,812 [INFO]   ZIP batch size:  1500
2026-07-08 08:41:26,813 [INFO]   Log file:        C:\Users\vishm\Downloads\SmartAI_Bill (3)\SmartAI_Bill\logs\slt_bills_20260708_084126.log
2026-07-08 08:41:26,813 [INFO]                                                                       
2026-07-08 08:41:28,946 [INFO] Filtering files for template: usd_open_item
2026-07-08 08:41:28,993 [INFO]   Matched: 1 | Skipped: 1 | Errors: 0
2026-07-08 08:41:28,993 [INFO] 
  Generating 1 'usd_open_item' bills

2026-07-08 08:41:28,995 [INFO]   Temp PDF dir: C:\Users\vishm\AppData\Local\Temp\slt_bills_uu3mb5gr

2026-07-08 08:41:28,996 [INFO] Starting: 1 files, 7 workers
2026-07-08 08:41:29,402 [INFO]     Progress: 0/1 (0%)
2026-07-08 08:41:29,432 [INFO]   Round 1: 0 success, 1 failed in 0.4s (8252/hr)
2026-07-08 08:41:29,432 [INFO] 
  RETRY 1/3: 1 failed files
2026-07-08 08:41:29,863 [INFO]     Progress: 0/1 (0%)
2026-07-08 08:41:29,894 [INFO]   Retry 1: 0 recovered, 1 still failing
2026-07-08 08:41:29,895 [INFO] 
  RETRY 2/3: 1 failed files
2026-07-08 08:41:30,233 [INFO]     Progress: 0/1 (0%)
2026-07-08 08:41:30,270 [INFO]   Retry 2: 0 recovered, 1 still failing
2026-07-08 08:41:30,271 [INFO] 
Batch complete: 0 success, 1 failed in 1.3s (2822/hr)
2026-07-08 08:41:30,271 [INFO]   1 file(s) failed after 3 attempts
2026-07-08 08:41:30,272 [INFO]     FAILED: 521662_4-21-02-1-USD-103-00-BILL-NONRED_1.1: AttributeError: 'str' object has no attribute 'get'
2026-07-08 08:41:30,272 [INFO] 
======================================================================
2026-07-08 08:41:30,272 [INFO] PROCESSING SUMMARY
2026-07-08 08:41:30,272 [INFO] ======================================================================
2026-07-08 08:41:30,272 [INFO] Total files:      1
2026-07-08 08:41:30,272 [INFO] Successful:       0
2026-07-08 08:41:30,273 [INFO] Failed:           1
2026-07-08 08:41:30,273 [INFO] Success rate:     0.0%
2026-07-08 08:41:30,273 [INFO] Total duration:   1.28s
2026-07-08 08:41:30,273 [INFO] Rate:             0.78 files/sec
2026-07-08 08:41:30,273 [INFO]                   2,821 files/hour
2026-07-08 08:41:30,273 [INFO] Target:           40,000 files/hour
2026-07-08 08:41:30,273 [INFO] Target met:       NO
2026-07-08 08:41:30,274 [INFO] 
By template:
2026-07-08 08:41:30,274 [INFO]   usd_open_item: 0/1 (avg 17.55ms)
2026-07-08 08:41:30,274 [INFO] ======================================================================

2026-07-08 08:41:30,275 [INFO]   Detailed report: C:\Users\vishm\Downloads\SmartAI_Bill (3)\SmartAI_Bill\logs\stats_20260708_084130.json
2026-07-08 08:41:30,275 [INFO] 

2026-07-08 08:41:30,276 [INFO]   CREATING OUTPUT ZIP
2026-07-08 08:41:30,276 [INFO]                                                                       
2026-07-08 08:41:30,276 [INFO] No PDFs found to zip
2026-07-08 08:41:30,276 [INFO] 
  Total ZIPs created: 0
2026-07-08 08:41:30,276 [INFO]   ZIP output folder: C:\Users\vishm\Downloads\SmartAI_Bill (3)\SmartAI_Bill\output\zips
2026-07-08 08:41:30,277 [INFO] 
  Processing complete

