2026-07-08 15:04:27,367 [INFO]                                                                       
2026-07-08 15:04:27,368 [INFO]   SLT BILL GENERATOR
2026-07-08 15:04:27,368 [INFO]                                                                       
2026-07-08 15:04:27,368 [INFO]   Inbound folder:  C:\Users\vishm\Downloads\SmartAI_Bill (3)\SmartAI_Bill\data\inbound
2026-07-08 15:04:27,368 [INFO]   Files found:     2
2026-07-08 15:04:27,368 [INFO]   Workers:         7
2026-07-08 15:04:27,368 [INFO]   ZIP batch size:  1500
2026-07-08 15:04:27,368 [INFO]   Log file:        C:\Users\vishm\Downloads\SmartAI_Bill (3)\SmartAI_Bill\logs\slt_bills_20260708_150427.log
2026-07-08 15:04:27,370 [INFO]                                                                       
2026-07-08 15:04:29,936 [INFO] Filtering files for template: vat_enterprise
2026-07-08 15:04:29,953 [INFO]   Matched: 1 | Skipped: 1 | Errors: 0
2026-07-08 15:04:29,953 [INFO] 
  Generating 1 'vat_enterprise' bills

2026-07-08 15:04:29,955 [INFO]   Temp PDF dir: C:\Users\vishm\AppData\Local\Temp\slt_bills_gip1wu3l

2026-07-08 15:04:29,955 [INFO] Starting: 1 files, 7 workers
2026-07-08 15:04:30,250 [INFO]     Progress: 1/1 (100%)
2026-07-08 15:04:30,277 [INFO]   Round 1: 1 success, 0 failed in 0.3s (11195/hr)
2026-07-08 15:04:30,280 [INFO] 
Batch complete: 1 success, 0 failed in 0.3s (11086/hr)
2026-07-08 15:04:30,281 [INFO] 
======================================================================
2026-07-08 15:04:30,281 [INFO] PROCESSING SUMMARY
2026-07-08 15:04:30,281 [INFO] ======================================================================
2026-07-08 15:04:30,281 [INFO] Total files:      1
2026-07-08 15:04:30,281 [INFO] Successful:       1
2026-07-08 15:04:30,281 [INFO] Failed:           0
2026-07-08 15:04:30,281 [INFO] Success rate:     100.0%
2026-07-08 15:04:30,281 [INFO] Total duration:   0.33s
2026-07-08 15:04:30,281 [INFO] Rate:             3.08 files/sec
2026-07-08 15:04:30,281 [INFO]                   11,071 files/hour
2026-07-08 15:04:30,282 [INFO] Target:           40,000 files/hour
2026-07-08 15:04:30,282 [INFO] Target met:       NO
2026-07-08 15:04:30,282 [INFO] 
By template:
2026-07-08 15:04:30,282 [INFO]   vat_enterprise: 1/1 (avg 39.6ms)
2026-07-08 15:04:30,282 [INFO] ======================================================================

2026-07-08 15:04:30,283 [INFO]   Detailed report: C:\Users\vishm\Downloads\SmartAI_Bill (3)\SmartAI_Bill\logs\stats_20260708_150430.json
2026-07-08 15:04:30,283 [INFO] 

2026-07-08 15:04:30,283 [INFO]   CREATING OUTPUT ZIP
2026-07-08 15:04:30,283 [INFO]                                                                       
2026-07-08 15:04:30,284 [INFO] 
Zipping 1 PDFs in batches of 1500
2026-07-08 15:04:30,307 [INFO]   OK: SLT_BILLS_vat_enterprise_0001_20260708_150430.zip (1 PDFs, 0.3 MB)
2026-07-08 15:04:30,308 [INFO] Created 1 ZIP file(s)
2026-07-08 15:04:30,309 [INFO] 
  Total ZIPs created: 1
2026-07-08 15:04:30,309 [INFO]   ZIP output folder: C:\Users\vishm\Downloads\SmartAI_Bill (3)\SmartAI_Bill\output\zips
2026-07-08 15:04:30,309 [INFO] 
  Processing complete

