2026-07-08 15:00:53,088 [INFO]                                                                       
2026-07-08 15:00:53,088 [INFO]   SLT BILL GENERATOR
2026-07-08 15:00:53,088 [INFO]                                                                       
2026-07-08 15:00:53,088 [INFO]   Inbound folder:  C:\Users\vishm\Downloads\SmartAI_Bill (3)\SmartAI_Bill\data\inbound
2026-07-08 15:00:53,089 [INFO]   Files found:     2
2026-07-08 15:00:53,089 [INFO]   Workers:         7
2026-07-08 15:00:53,089 [INFO]   ZIP batch size:  1500
2026-07-08 15:00:53,089 [INFO]   Log file:        C:\Users\vishm\Downloads\SmartAI_Bill (3)\SmartAI_Bill\logs\slt_bills_20260708_150053.log
2026-07-08 15:00:53,089 [INFO]                                                                       
2026-07-08 15:00:54,166 [INFO] Filtering files for template: vat_enterprise
2026-07-08 15:00:54,167 [INFO]   Matched: 1 | Skipped: 1 | Errors: 0
2026-07-08 15:00:54,167 [INFO] 
  Generating 1 'vat_enterprise' bills

2026-07-08 15:00:54,169 [INFO]   Temp PDF dir: C:\Users\vishm\AppData\Local\Temp\slt_bills_n_wwuaeo

2026-07-08 15:00:54,169 [INFO] Starting: 1 files, 7 workers
2026-07-08 15:00:54,465 [INFO]     Progress: 1/1 (100%)
2026-07-08 15:00:54,494 [INFO]   Round 1: 1 success, 0 failed in 0.3s (11115/hr)
2026-07-08 15:00:54,497 [INFO] 
Batch complete: 1 success, 0 failed in 0.3s (10997/hr)
2026-07-08 15:00:54,497 [INFO] 
======================================================================
2026-07-08 15:00:54,497 [INFO] PROCESSING SUMMARY
2026-07-08 15:00:54,497 [INFO] ======================================================================
2026-07-08 15:00:54,497 [INFO] Total files:      1
2026-07-08 15:00:54,498 [INFO] Successful:       1
2026-07-08 15:00:54,498 [INFO] Failed:           0
2026-07-08 15:00:54,498 [INFO] Success rate:     100.0%
2026-07-08 15:00:54,498 [INFO] Total duration:   0.33s
2026-07-08 15:00:54,498 [INFO] Rate:             3.05 files/sec
2026-07-08 15:00:54,498 [INFO]                   10,982 files/hour
2026-07-08 15:00:54,498 [INFO] Target:           40,000 files/hour
2026-07-08 15:00:54,498 [INFO] Target met:       NO
2026-07-08 15:00:54,498 [INFO] 
By template:
2026-07-08 15:00:54,499 [INFO]   vat_enterprise: 1/1 (avg 42.57ms)
2026-07-08 15:00:54,499 [INFO] ======================================================================

2026-07-08 15:00:54,500 [INFO]   Detailed report: C:\Users\vishm\Downloads\SmartAI_Bill (3)\SmartAI_Bill\logs\stats_20260708_150054.json
2026-07-08 15:00:54,500 [INFO] 

2026-07-08 15:00:54,500 [INFO]   CREATING OUTPUT ZIP
2026-07-08 15:00:54,500 [INFO]                                                                       
2026-07-08 15:00:54,500 [INFO] 
Zipping 1 PDFs in batches of 1500
2026-07-08 15:00:54,526 [INFO]   OK: SLT_BILLS_vat_enterprise_0001_20260708_150054.zip (1 PDFs, 0.3 MB)
2026-07-08 15:00:54,527 [INFO] Created 1 ZIP file(s)
2026-07-08 15:00:54,527 [INFO] 
  Total ZIPs created: 1
2026-07-08 15:00:54,527 [INFO]   ZIP output folder: C:\Users\vishm\Downloads\SmartAI_Bill (3)\SmartAI_Bill\output\zips
2026-07-08 15:00:54,527 [INFO] 
  Processing complete

