2026-07-08 12:22:54,997 [INFO]                                                                       
2026-07-08 12:22:54,998 [INFO]   SLT BILL GENERATOR
2026-07-08 12:22:54,998 [INFO]                                                                       
2026-07-08 12:22:54,998 [INFO]   Inbound folder:  C:\Users\vishm\Downloads\SmartAI_Bill (3)\SmartAI_Bill\data\inbound
2026-07-08 12:22:54,998 [INFO]   Files found:     2
2026-07-08 12:22:54,999 [INFO]   Workers:         7
2026-07-08 12:22:54,999 [INFO]   ZIP batch size:  1500
2026-07-08 12:22:54,999 [INFO]   Log file:        C:\Users\vishm\Downloads\SmartAI_Bill (3)\SmartAI_Bill\logs\slt_bills_20260708_122254.log
2026-07-08 12:22:55,000 [INFO]                                                                       
2026-07-08 12:22:56,640 [INFO] Filtering files for template: vat_enterprise
2026-07-08 12:22:56,650 [INFO]   Matched: 1 | Skipped: 1 | Errors: 0
2026-07-08 12:22:56,650 [INFO] 
  Generating 1 'vat_enterprise' bills

2026-07-08 12:22:56,652 [INFO]   Temp PDF dir: C:\Users\vishm\AppData\Local\Temp\slt_bills_yu55m2_h

2026-07-08 12:22:56,652 [INFO] Starting: 1 files, 7 workers
2026-07-08 12:22:56,948 [INFO]     Progress: 1/1 (100%)
2026-07-08 12:22:56,973 [INFO]   Round 1: 1 success, 0 failed in 0.3s (11205/hr)
2026-07-08 12:22:56,977 [INFO] 
Batch complete: 1 success, 0 failed in 0.3s (11085/hr)
2026-07-08 12:22:56,977 [INFO] 
======================================================================
2026-07-08 12:22:56,977 [INFO] PROCESSING SUMMARY
2026-07-08 12:22:56,977 [INFO] ======================================================================
2026-07-08 12:22:56,978 [INFO] Total files:      1
2026-07-08 12:22:56,978 [INFO] Successful:       1
2026-07-08 12:22:56,978 [INFO] Failed:           0
2026-07-08 12:22:56,978 [INFO] Success rate:     100.0%
2026-07-08 12:22:56,978 [INFO] Total duration:   0.33s
2026-07-08 12:22:56,978 [INFO] Rate:             3.07 files/sec
2026-07-08 12:22:56,978 [INFO]                   11,069 files/hour
2026-07-08 12:22:56,978 [INFO] Target:           40,000 files/hour
2026-07-08 12:22:56,978 [INFO] Target met:       NO
2026-07-08 12:22:56,979 [INFO] 
By template:
2026-07-08 12:22:56,979 [INFO]   vat_enterprise: 1/1 (avg 54.67ms)
2026-07-08 12:22:56,979 [INFO] ======================================================================

2026-07-08 12:22:56,980 [INFO]   Detailed report: C:\Users\vishm\Downloads\SmartAI_Bill (3)\SmartAI_Bill\logs\stats_20260708_122256.json
2026-07-08 12:22:56,980 [INFO] 

2026-07-08 12:22:56,980 [INFO]   CREATING OUTPUT ZIP
2026-07-08 12:22:56,980 [INFO]                                                                       
2026-07-08 12:22:56,981 [INFO] 
Zipping 1 PDFs in batches of 1500
2026-07-08 12:22:57,003 [INFO]   OK: SLT_BILLS_vat_enterprise_0001_20260708_122256.zip (1 PDFs, 0.3 MB)
2026-07-08 12:22:57,004 [INFO] Created 1 ZIP file(s)
2026-07-08 12:22:57,004 [INFO] 
  Total ZIPs created: 1
2026-07-08 12:22:57,004 [INFO]   ZIP output folder: C:\Users\vishm\Downloads\SmartAI_Bill (3)\SmartAI_Bill\output\zips
2026-07-08 12:22:57,004 [INFO] 
  Processing complete

