2026-07-08 14:11:50,884 [INFO]                                                                       
2026-07-08 14:11:50,884 [INFO]   SLT BILL GENERATOR
2026-07-08 14:11:50,884 [INFO]                                                                       
2026-07-08 14:11:50,885 [INFO]   Inbound folder:  C:\Users\vishm\Downloads\SmartAI_Bill (3)\SmartAI_Bill\data\inbound
2026-07-08 14:11:50,885 [INFO]   Files found:     2
2026-07-08 14:11:50,885 [INFO]   Workers:         7
2026-07-08 14:11:50,885 [INFO]   ZIP batch size:  1500
2026-07-08 14:11:50,885 [INFO]   Log file:        C:\Users\vishm\Downloads\SmartAI_Bill (3)\SmartAI_Bill\logs\slt_bills_20260708_141150.log
2026-07-08 14:11:50,885 [INFO]                                                                       
2026-07-08 14:11:52,319 [INFO] Filtering files for template: vat_enterprise
2026-07-08 14:11:52,332 [INFO]   Matched: 1 | Skipped: 1 | Errors: 0
2026-07-08 14:11:52,332 [INFO] 
  Generating 1 'vat_enterprise' bills

2026-07-08 14:11:52,333 [INFO]   Temp PDF dir: C:\Users\vishm\AppData\Local\Temp\slt_bills_xa856kke

2026-07-08 14:11:52,334 [INFO] Starting: 1 files, 7 workers
2026-07-08 14:11:52,653 [INFO]     Progress: 1/1 (100%)
2026-07-08 14:11:52,690 [INFO]   Round 1: 1 success, 0 failed in 0.4s (10095/hr)
2026-07-08 14:11:52,694 [INFO] 
Batch complete: 1 success, 0 failed in 0.4s (9984/hr)
2026-07-08 14:11:52,694 [INFO] 
======================================================================
2026-07-08 14:11:52,695 [INFO] PROCESSING SUMMARY
2026-07-08 14:11:52,695 [INFO] ======================================================================
2026-07-08 14:11:52,695 [INFO] Total files:      1
2026-07-08 14:11:52,695 [INFO] Successful:       1
2026-07-08 14:11:52,695 [INFO] Failed:           0
2026-07-08 14:11:52,695 [INFO] Success rate:     100.0%
2026-07-08 14:11:52,695 [INFO] Total duration:   0.36s
2026-07-08 14:11:52,695 [INFO] Rate:             2.77 files/sec
2026-07-08 14:11:52,696 [INFO]                   9,975 files/hour
2026-07-08 14:11:52,696 [INFO] Target:           40,000 files/hour
2026-07-08 14:11:52,696 [INFO] Target met:       NO
2026-07-08 14:11:52,696 [INFO] 
By template:
2026-07-08 14:11:52,696 [INFO]   vat_enterprise: 1/1 (avg 62.16ms)
2026-07-08 14:11:52,696 [INFO] ======================================================================

2026-07-08 14:11:52,697 [INFO]   Detailed report: C:\Users\vishm\Downloads\SmartAI_Bill (3)\SmartAI_Bill\logs\stats_20260708_141152.json
2026-07-08 14:11:52,698 [INFO] 

2026-07-08 14:11:52,698 [INFO]   CREATING OUTPUT ZIP
2026-07-08 14:11:52,698 [INFO]                                                                       
2026-07-08 14:11:52,698 [INFO] 
Zipping 1 PDFs in batches of 1500
2026-07-08 14:11:52,727 [INFO]   OK: SLT_BILLS_vat_enterprise_0001_20260708_141152.zip (1 PDFs, 0.3 MB)
2026-07-08 14:11:52,728 [INFO] Created 1 ZIP file(s)
2026-07-08 14:11:52,728 [INFO] 
  Total ZIPs created: 1
2026-07-08 14:11:52,728 [INFO]   ZIP output folder: C:\Users\vishm\Downloads\SmartAI_Bill (3)\SmartAI_Bill\output\zips
2026-07-08 14:11:52,728 [INFO] 
  Processing complete

