2026-07-08 16:22:24,037 [INFO]                                                                       
2026-07-08 16:22:24,037 [INFO]   SLT BILL GENERATOR
2026-07-08 16:22:24,037 [INFO]                                                                       
2026-07-08 16:22:24,038 [INFO]   Inbound folder:  C:\Users\vishm\Downloads\SmartAI_Bill (3)\SmartAI_Bill\data\inbound
2026-07-08 16:22:24,038 [INFO]   Files found:     2
2026-07-08 16:22:24,038 [INFO]   Workers:         7
2026-07-08 16:22:24,038 [INFO]   ZIP batch size:  1500
2026-07-08 16:22:24,038 [INFO]   Log file:        C:\Users\vishm\Downloads\SmartAI_Bill (3)\SmartAI_Bill\logs\slt_bills_20260708_162224.log
2026-07-08 16:22:24,038 [INFO]                                                                       
2026-07-08 16:22:25,672 [INFO] Filtering files for template: vat_enterprise
2026-07-08 16:22:25,673 [INFO]   Matched: 1 | Skipped: 1 | Errors: 0
2026-07-08 16:22:25,673 [INFO] 
  Generating 1 'vat_enterprise' bills

2026-07-08 16:22:25,675 [INFO]   Temp PDF dir: C:\Users\vishm\AppData\Local\Temp\slt_bills_79bkq_ps

2026-07-08 16:22:25,676 [INFO] Starting: 1 files, 7 workers
2026-07-08 16:22:26,039 [INFO]     Progress: 1/1 (100%)
2026-07-08 16:22:26,068 [INFO]   Round 1: 1 success, 0 failed in 0.4s (9168/hr)
2026-07-08 16:22:26,073 [INFO] 
Batch complete: 1 success, 0 failed in 0.4s (9068/hr)
2026-07-08 16:22:26,073 [INFO] 
======================================================================
2026-07-08 16:22:26,073 [INFO] PROCESSING SUMMARY
2026-07-08 16:22:26,073 [INFO] ======================================================================
2026-07-08 16:22:26,073 [INFO] Total files:      1
2026-07-08 16:22:26,074 [INFO] Successful:       1
2026-07-08 16:22:26,074 [INFO] Failed:           0
2026-07-08 16:22:26,074 [INFO] Success rate:     100.0%
2026-07-08 16:22:26,074 [INFO] Total duration:   0.4s
2026-07-08 16:22:26,074 [INFO] Rate:             2.52 files/sec
2026-07-08 16:22:26,074 [INFO]                   9,058 files/hour
2026-07-08 16:22:26,074 [INFO] Target:           40,000 files/hour
2026-07-08 16:22:26,074 [INFO] Target met:       NO
2026-07-08 16:22:26,075 [INFO] 
By template:
2026-07-08 16:22:26,075 [INFO]   vat_enterprise: 1/1 (avg 60.24ms)
2026-07-08 16:22:26,075 [INFO] ======================================================================

2026-07-08 16:22:26,076 [INFO]   Detailed report: C:\Users\vishm\Downloads\SmartAI_Bill (3)\SmartAI_Bill\logs\stats_20260708_162226.json
2026-07-08 16:22:26,076 [INFO] 

2026-07-08 16:22:26,076 [INFO]   CREATING OUTPUT ZIP
2026-07-08 16:22:26,076 [INFO]                                                                       
2026-07-08 16:22:26,077 [INFO] 
Zipping 1 PDFs in batches of 1500
2026-07-08 16:22:26,167 [INFO]   OK: SLT_BILLS_vat_enterprise_0001_20260708_162226.zip (1 PDFs, 0.3 MB)
2026-07-08 16:22:26,168 [INFO] Created 1 ZIP file(s)
2026-07-08 16:22:26,168 [INFO] 
  Total ZIPs created: 1
2026-07-08 16:22:26,168 [INFO]   ZIP output folder: C:\Users\vishm\Downloads\SmartAI_Bill (3)\SmartAI_Bill\output\zips
2026-07-08 16:22:26,168 [INFO] 
  Processing complete

