2026-07-08 12:21:24,275 [INFO]                                                                       
2026-07-08 12:21:24,275 [INFO]   SLT BILL GENERATOR
2026-07-08 12:21:24,275 [INFO]                                                                       
2026-07-08 12:21:24,275 [INFO]   Inbound folder:  C:\Users\vishm\Downloads\SmartAI_Bill (3)\SmartAI_Bill\data\inbound
2026-07-08 12:21:24,275 [INFO]   Files found:     2
2026-07-08 12:21:24,276 [INFO]   Workers:         7
2026-07-08 12:21:24,276 [INFO]   ZIP batch size:  1500
2026-07-08 12:21:24,276 [INFO]   Log file:        C:\Users\vishm\Downloads\SmartAI_Bill (3)\SmartAI_Bill\logs\slt_bills_20260708_122124.log
2026-07-08 12:21:24,276 [INFO]                                                                       
2026-07-08 12:21:25,588 [INFO] Filtering files for template: vat_enterprise
2026-07-08 12:21:25,605 [INFO]   Matched: 1 | Skipped: 1 | Errors: 0
2026-07-08 12:21:25,605 [INFO] 
  Generating 1 'vat_enterprise' bills

2026-07-08 12:21:25,607 [INFO]   Temp PDF dir: C:\Users\vishm\AppData\Local\Temp\slt_bills_pf4y7142

2026-07-08 12:21:25,609 [INFO] Starting: 1 files, 7 workers
2026-07-08 12:21:25,909 [INFO]     Progress: 1/1 (100%)
2026-07-08 12:21:25,937 [INFO]   Round 1: 1 success, 0 failed in 0.3s (10986/hr)
2026-07-08 12:21:25,941 [INFO] 
Batch complete: 1 success, 0 failed in 0.3s (10878/hr)
2026-07-08 12:21:25,941 [INFO] 
======================================================================
2026-07-08 12:21:25,941 [INFO] PROCESSING SUMMARY
2026-07-08 12:21:25,941 [INFO] ======================================================================
2026-07-08 12:21:25,941 [INFO] Total files:      1
2026-07-08 12:21:25,941 [INFO] Successful:       1
2026-07-08 12:21:25,942 [INFO] Failed:           0
2026-07-08 12:21:25,942 [INFO] Success rate:     100.0%
2026-07-08 12:21:25,942 [INFO] Total duration:   0.33s
2026-07-08 12:21:25,942 [INFO] Rate:             3.02 files/sec
2026-07-08 12:21:25,942 [INFO]                   10,862 files/hour
2026-07-08 12:21:25,942 [INFO] Target:           40,000 files/hour
2026-07-08 12:21:25,942 [INFO] Target met:       NO
2026-07-08 12:21:25,942 [INFO] 
By template:
2026-07-08 12:21:25,943 [INFO]   vat_enterprise: 1/1 (avg 55.47ms)
2026-07-08 12:21:25,943 [INFO] ======================================================================

2026-07-08 12:21:25,944 [INFO]   Detailed report: C:\Users\vishm\Downloads\SmartAI_Bill (3)\SmartAI_Bill\logs\stats_20260708_122125.json
2026-07-08 12:21:25,944 [INFO] 

2026-07-08 12:21:25,945 [INFO]   CREATING OUTPUT ZIP
2026-07-08 12:21:25,945 [INFO]                                                                       
2026-07-08 12:21:25,945 [INFO] 
Zipping 1 PDFs in batches of 1500
2026-07-08 12:21:25,970 [INFO]   OK: SLT_BILLS_vat_enterprise_0001_20260708_122125.zip (1 PDFs, 0.3 MB)
2026-07-08 12:21:25,971 [INFO] Created 1 ZIP file(s)
2026-07-08 12:21:25,971 [INFO] 
  Total ZIPs created: 1
2026-07-08 12:21:25,971 [INFO]   ZIP output folder: C:\Users\vishm\Downloads\SmartAI_Bill (3)\SmartAI_Bill\output\zips
2026-07-08 12:21:25,971 [INFO] 
  Processing complete

