2026-07-08 01:11:26,776 [INFO]                                                                       
2026-07-08 01:11:26,776 [INFO]   SLT BILL GENERATOR
2026-07-08 01:11:26,776 [INFO]                                                                       
2026-07-08 01:11:26,776 [INFO]   Inbound folder:  C:\Users\vishm\Downloads\SmartAI_Bill (3)\SmartAI_Bill\data\inbound
2026-07-08 01:11:26,776 [INFO]   Files found:     2
2026-07-08 01:11:26,776 [INFO]   Workers:         7
2026-07-08 01:11:26,777 [INFO]   ZIP batch size:  1500
2026-07-08 01:11:26,777 [INFO]   Log file:        C:\Users\vishm\Downloads\SmartAI_Bill (3)\SmartAI_Bill\logs\slt_bills_20260708_011126.log
2026-07-08 01:11:26,778 [INFO]                                                                       
2026-07-08 01:11:28,735 [INFO] Filtering files for template: usd_open_item
2026-07-08 01:11:28,736 [INFO]   Matched: 1 | Skipped: 1 | Errors: 0
2026-07-08 01:11:28,736 [INFO] 
  Generating 1 'usd_open_item' bills

2026-07-08 01:11:28,738 [INFO]   Temp PDF dir: C:\Users\vishm\AppData\Local\Temp\slt_bills_3b21n5al

2026-07-08 01:11:28,738 [INFO] Starting: 1 files, 7 workers
2026-07-08 01:11:28,992 [INFO]     Progress: 0/1 (0%)
2026-07-08 01:11:29,019 [INFO]   Round 1: 0 success, 1 failed in 0.3s (12796/hr)
2026-07-08 01:11:29,019 [INFO] 
  RETRY 1/3: 1 failed files
2026-07-08 01:11:29,268 [INFO]     Progress: 0/1 (0%)
2026-07-08 01:11:29,292 [INFO]   Retry 1: 0 recovered, 1 still failing
2026-07-08 01:11:29,293 [INFO] 
  RETRY 2/3: 1 failed files
2026-07-08 01:11:29,551 [INFO]     Progress: 0/1 (0%)
2026-07-08 01:11:29,575 [INFO]   Retry 2: 0 recovered, 1 still failing
2026-07-08 01:11:29,576 [INFO] 
Batch complete: 0 success, 1 failed in 0.8s (4297/hr)
2026-07-08 01:11:29,576 [INFO]   1 file(s) failed after 3 attempts
2026-07-08 01:11:29,576 [INFO]     FAILED: 521662_4-21-02-1-USD-103-00-BILL-NONRED_1.1: AttributeError: 'USDOpenItemRenderer' object has no attribute 'save'
2026-07-08 01:11:29,576 [INFO] 
======================================================================
2026-07-08 01:11:29,576 [INFO] PROCESSING SUMMARY
2026-07-08 01:11:29,576 [INFO] ======================================================================
2026-07-08 01:11:29,577 [INFO] Total files:      1
2026-07-08 01:11:29,577 [INFO] Successful:       0
2026-07-08 01:11:29,577 [INFO] Failed:           1
2026-07-08 01:11:29,577 [INFO] Success rate:     0.0%
2026-07-08 01:11:29,577 [INFO] Total duration:   0.84s
2026-07-08 01:11:29,577 [INFO] Rate:             1.19 files/sec
2026-07-08 01:11:29,577 [INFO]                   4,294 files/hour
2026-07-08 01:11:29,577 [INFO] Target:           40,000 files/hour
2026-07-08 01:11:29,577 [INFO] Target met:       NO
2026-07-08 01:11:29,578 [INFO] 
By template:
2026-07-08 01:11:29,578 [INFO]   usd_open_item: 0/1 (avg 12.06ms)
2026-07-08 01:11:29,578 [INFO] ======================================================================

2026-07-08 01:11:29,579 [INFO]   Detailed report: C:\Users\vishm\Downloads\SmartAI_Bill (3)\SmartAI_Bill\logs\stats_20260708_011129.json
2026-07-08 01:11:29,579 [INFO] 

2026-07-08 01:11:29,579 [INFO]   CREATING OUTPUT ZIP
2026-07-08 01:11:29,579 [INFO]                                                                       
2026-07-08 01:11:29,579 [INFO] No PDFs found to zip
2026-07-08 01:11:29,579 [INFO] 
  Total ZIPs created: 0
2026-07-08 01:11:29,580 [INFO]   ZIP output folder: C:\Users\vishm\Downloads\SmartAI_Bill (3)\SmartAI_Bill\output\zips
2026-07-08 01:11:29,580 [INFO] 
  Processing complete

