2026-07-08 14:50:49,977 [INFO]                                                                       
2026-07-08 14:50:49,977 [INFO]   SLT BILL GENERATOR
2026-07-08 14:50:49,977 [INFO]                                                                       
2026-07-08 14:50:49,977 [INFO]   Inbound folder:  C:\Users\vishm\Downloads\SmartAI_Bill (3)\SmartAI_Bill\data\inbound
2026-07-08 14:50:49,977 [INFO]   Files found:     2
2026-07-08 14:50:49,977 [INFO]   Workers:         7
2026-07-08 14:50:49,978 [INFO]   ZIP batch size:  1500
2026-07-08 14:50:49,978 [INFO]   Log file:        C:\Users\vishm\Downloads\SmartAI_Bill (3)\SmartAI_Bill\logs\slt_bills_20260708_145049.log
2026-07-08 14:50:49,979 [INFO]                                                                       
2026-07-08 14:50:51,148 [INFO] Filtering files for template: vat_enterprise
2026-07-08 14:50:51,165 [INFO]   Matched: 1 | Skipped: 1 | Errors: 0
2026-07-08 14:50:51,166 [INFO] 
  Generating 1 'vat_enterprise' bills

2026-07-08 14:50:51,169 [INFO]   Temp PDF dir: C:\Users\vishm\AppData\Local\Temp\slt_bills_s7n_a2_7

2026-07-08 14:50:51,169 [INFO] Starting: 1 files, 7 workers
2026-07-08 14:50:51,468 [INFO]     Progress: 1/1 (100%)
2026-07-08 14:50:51,500 [INFO]   Round 1: 1 success, 0 failed in 0.3s (10904/hr)
2026-07-08 14:50:51,503 [INFO] 
Batch complete: 1 success, 0 failed in 0.3s (10809/hr)
2026-07-08 14:50:51,503 [INFO] 
======================================================================
2026-07-08 14:50:51,503 [INFO] PROCESSING SUMMARY
2026-07-08 14:50:51,503 [INFO] ======================================================================
2026-07-08 14:50:51,503 [INFO] Total files:      1
2026-07-08 14:50:51,503 [INFO] Successful:       1
2026-07-08 14:50:51,503 [INFO] Failed:           0
2026-07-08 14:50:51,503 [INFO] Success rate:     100.0%
2026-07-08 14:50:51,504 [INFO] Total duration:   0.33s
2026-07-08 14:50:51,504 [INFO] Rate:             3.0 files/sec
2026-07-08 14:50:51,504 [INFO]                   10,794 files/hour
2026-07-08 14:50:51,504 [INFO] Target:           40,000 files/hour
2026-07-08 14:50:51,504 [INFO] Target met:       NO
2026-07-08 14:50:51,504 [INFO] 
By template:
2026-07-08 14:50:51,504 [INFO]   vat_enterprise: 1/1 (avg 40.21ms)
2026-07-08 14:50:51,504 [INFO] ======================================================================

2026-07-08 14:50:51,505 [INFO]   Detailed report: C:\Users\vishm\Downloads\SmartAI_Bill (3)\SmartAI_Bill\logs\stats_20260708_145051.json
2026-07-08 14:50:51,506 [INFO] 

2026-07-08 14:50:51,506 [INFO]   CREATING OUTPUT ZIP
2026-07-08 14:50:51,506 [INFO]                                                                       
2026-07-08 14:50:51,506 [INFO] 
Zipping 1 PDFs in batches of 1500
2026-07-08 14:50:51,533 [INFO]   OK: SLT_BILLS_vat_enterprise_0001_20260708_145051.zip (1 PDFs, 0.3 MB)
2026-07-08 14:50:51,534 [INFO] Created 1 ZIP file(s)
2026-07-08 14:50:51,534 [INFO] 
  Total ZIPs created: 1
2026-07-08 14:50:51,534 [INFO]   ZIP output folder: C:\Users\vishm\Downloads\SmartAI_Bill (3)\SmartAI_Bill\output\zips
2026-07-08 14:50:51,534 [INFO] 
  Processing complete

