2026-07-08 08:57:32,912 [INFO]                                                                       
2026-07-08 08:57:32,912 [INFO]   SLT BILL GENERATOR
2026-07-08 08:57:32,913 [INFO]                                                                       
2026-07-08 08:57:32,913 [INFO]   Inbound folder:  C:\Users\vishm\Downloads\SmartAI_Bill (3)\SmartAI_Bill\data\inbound
2026-07-08 08:57:32,913 [INFO]   Files found:     2
2026-07-08 08:57:32,913 [INFO]   Workers:         7
2026-07-08 08:57:32,914 [INFO]   ZIP batch size:  1500
2026-07-08 08:57:32,914 [INFO]   Log file:        C:\Users\vishm\Downloads\SmartAI_Bill (3)\SmartAI_Bill\logs\slt_bills_20260708_085732.log
2026-07-08 08:57:32,914 [INFO]                                                                       
2026-07-08 08:57:34,203 [INFO] Filtering files for template: usd_open_item
2026-07-08 08:57:34,231 [INFO]   Matched: 1 | Skipped: 1 | Errors: 0
2026-07-08 08:57:34,231 [INFO] 
  Generating 1 'usd_open_item' bills

2026-07-08 08:57:34,234 [INFO]   Temp PDF dir: C:\Users\vishm\AppData\Local\Temp\slt_bills_7h_2q1md

2026-07-08 08:57:34,234 [INFO] Starting: 1 files, 7 workers
2026-07-08 08:57:34,611 [INFO]     Progress: 1/1 (100%)
2026-07-08 08:57:34,645 [INFO]   Round 1: 1 success, 0 failed in 0.4s (8764/hr)
2026-07-08 08:57:34,649 [INFO] 
Batch complete: 1 success, 0 failed in 0.4s (8666/hr)
2026-07-08 08:57:34,650 [INFO] 
======================================================================
2026-07-08 08:57:34,650 [INFO] PROCESSING SUMMARY
2026-07-08 08:57:34,650 [INFO] ======================================================================
2026-07-08 08:57:34,650 [INFO] Total files:      1
2026-07-08 08:57:34,650 [INFO] Successful:       1
2026-07-08 08:57:34,650 [INFO] Failed:           0
2026-07-08 08:57:34,651 [INFO] Success rate:     100.0%
2026-07-08 08:57:34,651 [INFO] Total duration:   0.42s
2026-07-08 08:57:34,651 [INFO] Rate:             2.4 files/sec
2026-07-08 08:57:34,651 [INFO]                   8,656 files/hour
2026-07-08 08:57:34,651 [INFO] Target:           40,000 files/hour
2026-07-08 08:57:34,651 [INFO] Target met:       NO
2026-07-08 08:57:34,652 [INFO] 
By template:
2026-07-08 08:57:34,652 [INFO]   usd_open_item: 1/1 (avg 35.96ms)
2026-07-08 08:57:34,652 [INFO] ======================================================================

2026-07-08 08:57:34,653 [INFO]   Detailed report: C:\Users\vishm\Downloads\SmartAI_Bill (3)\SmartAI_Bill\logs\stats_20260708_085734.json
2026-07-08 08:57:34,653 [INFO] 

2026-07-08 08:57:34,653 [INFO]   CREATING OUTPUT ZIP
2026-07-08 08:57:34,654 [INFO]                                                                       
2026-07-08 08:57:34,654 [INFO] 
Zipping 1 PDFs in batches of 1500
2026-07-08 08:57:34,691 [INFO]   OK: SLT_BILLS_usd_open_item_0001_20260708_085734.zip (1 PDFs, 0.2 MB)
2026-07-08 08:57:34,692 [INFO] Created 1 ZIP file(s)
2026-07-08 08:57:34,692 [INFO] 
  Total ZIPs created: 1
2026-07-08 08:57:34,692 [INFO]   ZIP output folder: C:\Users\vishm\Downloads\SmartAI_Bill (3)\SmartAI_Bill\output\zips
2026-07-08 08:57:34,693 [INFO] 
  Processing complete

