2026-07-07 23:42:13,247 [INFO]                                                                       
2026-07-07 23:42:13,247 [INFO]   SLT BILL GENERATOR
2026-07-07 23:42:13,247 [INFO]                                                                       
2026-07-07 23:42:13,248 [INFO]   Inbound folder:  C:\Users\vishm\Downloads\SmartAI_Bill (3)\SmartAI_Bill\data\inbound
2026-07-07 23:42:13,248 [INFO]   Files found:     3
2026-07-07 23:42:13,248 [INFO]   Workers:         7
2026-07-07 23:42:13,248 [INFO]   ZIP batch size:  1500
2026-07-07 23:42:13,248 [INFO]   Log file:        C:\Users\vishm\Downloads\SmartAI_Bill (3)\SmartAI_Bill\logs\slt_bills_20260707_234213.log
2026-07-07 23:42:13,249 [INFO]                                                                       
2026-07-07 23:42:16,242 [INFO] Filtering files for template: nonvat_creditnote
2026-07-07 23:42:16,257 [INFO]   Matched: 1 | Skipped: 2 | Errors: 0
2026-07-07 23:42:16,257 [INFO] 
  Generating 1 'nonvat_creditnote' bills

2026-07-07 23:42:16,259 [INFO]   Temp PDF dir: C:\Users\vishm\AppData\Local\Temp\slt_bills_5l93rox2

2026-07-07 23:42:16,260 [INFO] Starting: 1 files, 7 workers
2026-07-07 23:42:16,558 [INFO]     Progress: 1/1 (100%)
2026-07-07 23:42:16,588 [INFO]   Round 1: 1 success, 0 failed in 0.3s (10974/hr)
2026-07-07 23:42:16,589 [INFO] 
Batch complete: 1 success, 0 failed in 0.3s (10940/hr)
2026-07-07 23:42:16,589 [INFO] 
======================================================================
2026-07-07 23:42:16,589 [INFO] PROCESSING SUMMARY
2026-07-07 23:42:16,589 [INFO] ======================================================================
2026-07-07 23:42:16,590 [INFO] Total files:      1
2026-07-07 23:42:16,590 [INFO] Successful:       1
2026-07-07 23:42:16,590 [INFO] Failed:           0
2026-07-07 23:42:16,590 [INFO] Success rate:     100.0%
2026-07-07 23:42:16,590 [INFO] Total duration:   0.33s
2026-07-07 23:42:16,590 [INFO] Rate:             3.04 files/sec
2026-07-07 23:42:16,590 [INFO]                   10,929 files/hour
2026-07-07 23:42:16,591 [INFO] Target:           40,000 files/hour
2026-07-07 23:42:16,591 [INFO] Target met:       NO
2026-07-07 23:42:16,591 [INFO] 
By template:
2026-07-07 23:42:16,591 [INFO]   nonvat_creditnote: 1/1 (avg 41.6ms)
2026-07-07 23:42:16,591 [INFO] ======================================================================

2026-07-07 23:42:16,592 [INFO]   Detailed report: C:\Users\vishm\Downloads\SmartAI_Bill (3)\SmartAI_Bill\logs\stats_20260707_234216.json
2026-07-07 23:42:16,592 [INFO] 

2026-07-07 23:42:16,592 [INFO]   CREATING OUTPUT ZIP
2026-07-07 23:42:16,592 [INFO]                                                                       
2026-07-07 23:42:16,592 [INFO] 
Zipping 1 PDFs in batches of 1500
2026-07-07 23:42:16,609 [INFO]   OK: SLT_BILLS_nonvat_creditnote_0001_20260707_234216.zip (1 PDFs, 0.2 MB)
2026-07-07 23:42:16,609 [INFO] Created 1 ZIP file(s)
2026-07-07 23:42:16,610 [INFO] 
  Total ZIPs created: 1
2026-07-07 23:42:16,610 [INFO]   ZIP output folder: C:\Users\vishm\Downloads\SmartAI_Bill (3)\SmartAI_Bill\output\zips
2026-07-07 23:42:16,610 [INFO] 
  Processing complete

