2026-07-07 23:28:19,623 [INFO]                                                                       
2026-07-07 23:28:19,623 [INFO]   SLT BILL GENERATOR
2026-07-07 23:28:19,623 [INFO]                                                                       
2026-07-07 23:28:19,624 [INFO]   Inbound folder:  C:\Users\vishm\Downloads\SmartAI_Bill (3)\SmartAI_Bill\data\inbound
2026-07-07 23:28:19,624 [INFO]   Files found:     4
2026-07-07 23:28:19,624 [INFO]   Workers:         7
2026-07-07 23:28:19,624 [INFO]   ZIP batch size:  1500
2026-07-07 23:28:19,624 [INFO]   Log file:        C:\Users\vishm\Downloads\SmartAI_Bill (3)\SmartAI_Bill\logs\slt_bills_20260707_232819.log
2026-07-07 23:28:19,626 [INFO]                                                                       
2026-07-07 23:28:21,453 [INFO] Filtering files for template: subscription_ref_grouping
2026-07-07 23:28:21,454 [INFO]   Matched: 1 | Skipped: 3 | Errors: 0
2026-07-07 23:28:21,454 [INFO] 
  Generating 1 'subscription_ref_grouping' bills

2026-07-07 23:28:21,456 [INFO]   Temp PDF dir: C:\Users\vishm\AppData\Local\Temp\slt_bills_g9r372ox

2026-07-07 23:28:21,456 [INFO] Starting: 1 files, 7 workers
2026-07-07 23:28:21,856 [INFO]     Progress: 1/1 (100%)
2026-07-07 23:28:21,893 [INFO]   Round 1: 1 success, 0 failed in 0.4s (8256/hr)
2026-07-07 23:28:21,894 [INFO] 
Batch complete: 1 success, 0 failed in 0.4s (8237/hr)
2026-07-07 23:28:21,894 [INFO] 
======================================================================
2026-07-07 23:28:21,894 [INFO] PROCESSING SUMMARY
2026-07-07 23:28:21,894 [INFO] ======================================================================
2026-07-07 23:28:21,894 [INFO] Total files:      1
2026-07-07 23:28:21,894 [INFO] Successful:       1
2026-07-07 23:28:21,894 [INFO] Failed:           0
2026-07-07 23:28:21,895 [INFO] Success rate:     100.0%
2026-07-07 23:28:21,895 [INFO] Total duration:   0.44s
2026-07-07 23:28:21,895 [INFO] Rate:             2.28 files/sec
2026-07-07 23:28:21,895 [INFO]                   8,226 files/hour
2026-07-07 23:28:21,895 [INFO] Target:           40,000 files/hour
2026-07-07 23:28:21,895 [INFO] Target met:       NO
2026-07-07 23:28:21,895 [INFO] 
By template:
2026-07-07 23:28:21,895 [INFO]   subscription_ref_grouping: 1/1 (avg 75.14ms)
2026-07-07 23:28:21,895 [INFO] ======================================================================

2026-07-07 23:28:21,897 [INFO]   Detailed report: C:\Users\vishm\Downloads\SmartAI_Bill (3)\SmartAI_Bill\logs\stats_20260707_232821.json
2026-07-07 23:28:21,897 [INFO] 

2026-07-07 23:28:21,897 [INFO]   CREATING OUTPUT ZIP
2026-07-07 23:28:21,897 [INFO]                                                                       
2026-07-07 23:28:21,897 [INFO] 
Zipping 1 PDFs in batches of 1500
2026-07-07 23:28:21,925 [INFO]   OK: SLT_BILLS_subscription_ref_grouping_0001_20260707_232821.zip (1 PDFs, 0.3 MB)
2026-07-07 23:28:21,925 [INFO] Created 1 ZIP file(s)
2026-07-07 23:28:21,926 [INFO] 
  Total ZIPs created: 1
2026-07-07 23:28:21,926 [INFO]   ZIP output folder: C:\Users\vishm\Downloads\SmartAI_Bill (3)\SmartAI_Bill\output\zips
2026-07-07 23:28:21,926 [INFO] 
  Processing complete

