2026-07-08 13:01:47,184 [INFO]                                                                       
2026-07-08 13:01:47,185 [INFO]   SLT BILL GENERATOR
2026-07-08 13:01:47,185 [INFO]                                                                       
2026-07-08 13:01:47,185 [INFO]   Inbound folder:  C:\Users\vishm\Downloads\SmartAI_Bill (3)\SmartAI_Bill\data\inbound
2026-07-08 13:01:47,185 [INFO]   Files found:     2
2026-07-08 13:01:47,186 [INFO]   Workers:         7
2026-07-08 13:01:47,186 [INFO]   ZIP batch size:  1500
2026-07-08 13:01:47,187 [INFO]   Log file:        C:\Users\vishm\Downloads\SmartAI_Bill (3)\SmartAI_Bill\logs\slt_bills_20260708_130147.log
2026-07-08 13:01:47,189 [INFO]                                                                       
2026-07-08 13:01:48,761 [INFO] Filtering files for template: vat_enterprise
2026-07-08 13:01:48,773 [INFO]   Matched: 1 | Skipped: 1 | Errors: 0
2026-07-08 13:01:48,774 [INFO] 
  Generating 1 'vat_enterprise' bills

2026-07-08 13:01:48,775 [INFO]   Temp PDF dir: C:\Users\vishm\AppData\Local\Temp\slt_bills_qgh69er3

2026-07-08 13:01:48,775 [INFO] Starting: 1 files, 7 workers
2026-07-08 13:01:49,147 [INFO]     Progress: 1/1 (100%)
2026-07-08 13:01:49,180 [INFO]   Round 1: 1 success, 0 failed in 0.4s (8902/hr)
2026-07-08 13:01:49,184 [INFO] 
Batch complete: 1 success, 0 failed in 0.4s (8816/hr)
2026-07-08 13:01:49,184 [INFO] 
======================================================================
2026-07-08 13:01:49,184 [INFO] PROCESSING SUMMARY
2026-07-08 13:01:49,185 [INFO] ======================================================================
2026-07-08 13:01:49,185 [INFO] Total files:      1
2026-07-08 13:01:49,185 [INFO] Successful:       1
2026-07-08 13:01:49,185 [INFO] Failed:           0
2026-07-08 13:01:49,185 [INFO] Success rate:     100.0%
2026-07-08 13:01:49,185 [INFO] Total duration:   0.41s
2026-07-08 13:01:49,185 [INFO] Rate:             2.45 files/sec
2026-07-08 13:01:49,185 [INFO]                   8,804 files/hour
2026-07-08 13:01:49,186 [INFO] Target:           40,000 files/hour
2026-07-08 13:01:49,186 [INFO] Target met:       NO
2026-07-08 13:01:49,186 [INFO] 
By template:
2026-07-08 13:01:49,186 [INFO]   vat_enterprise: 1/1 (avg 57.91ms)
2026-07-08 13:01:49,186 [INFO] ======================================================================

2026-07-08 13:01:49,188 [INFO]   Detailed report: C:\Users\vishm\Downloads\SmartAI_Bill (3)\SmartAI_Bill\logs\stats_20260708_130149.json
2026-07-08 13:01:49,188 [INFO] 

2026-07-08 13:01:49,188 [INFO]   CREATING OUTPUT ZIP
2026-07-08 13:01:49,188 [INFO]                                                                       
2026-07-08 13:01:49,189 [INFO] 
Zipping 1 PDFs in batches of 1500
2026-07-08 13:01:49,215 [INFO]   OK: SLT_BILLS_vat_enterprise_0001_20260708_130149.zip (1 PDFs, 0.3 MB)
2026-07-08 13:01:49,216 [INFO] Created 1 ZIP file(s)
2026-07-08 13:01:49,216 [INFO] 
  Total ZIPs created: 1
2026-07-08 13:01:49,216 [INFO]   ZIP output folder: C:\Users\vishm\Downloads\SmartAI_Bill (3)\SmartAI_Bill\output\zips
2026-07-08 13:01:49,216 [INFO] 
  Processing complete

