2026-07-08 14:06:53,409 [INFO]                                                                       
2026-07-08 14:06:53,410 [INFO]   SLT BILL GENERATOR
2026-07-08 14:06:53,410 [INFO]                                                                       
2026-07-08 14:06:53,410 [INFO]   Inbound folder:  C:\Users\vishm\Downloads\SmartAI_Bill (3)\SmartAI_Bill\data\inbound
2026-07-08 14:06:53,410 [INFO]   Files found:     2
2026-07-08 14:06:53,410 [INFO]   Workers:         7
2026-07-08 14:06:53,410 [INFO]   ZIP batch size:  1500
2026-07-08 14:06:53,410 [INFO]   Log file:        C:\Users\vishm\Downloads\SmartAI_Bill (3)\SmartAI_Bill\logs\slt_bills_20260708_140653.log
2026-07-08 14:06:53,412 [INFO]                                                                       
2026-07-08 14:06:54,798 [INFO] Filtering files for template: vat_enterprise
2026-07-08 14:06:54,799 [INFO]   Matched: 1 | Skipped: 1 | Errors: 0
2026-07-08 14:06:54,799 [INFO] 
  Generating 1 'vat_enterprise' bills

2026-07-08 14:06:54,800 [INFO]   Temp PDF dir: C:\Users\vishm\AppData\Local\Temp\slt_bills_k044hg34

2026-07-08 14:06:54,801 [INFO] Starting: 1 files, 7 workers
2026-07-08 14:06:55,137 [INFO]     Progress: 1/1 (100%)
2026-07-08 14:06:55,167 [INFO]   Round 1: 1 success, 0 failed in 0.4s (9827/hr)
2026-07-08 14:06:55,170 [INFO] 
Batch complete: 1 success, 0 failed in 0.4s (9743/hr)
2026-07-08 14:06:55,170 [INFO] 
======================================================================
2026-07-08 14:06:55,171 [INFO] PROCESSING SUMMARY
2026-07-08 14:06:55,171 [INFO] ======================================================================
2026-07-08 14:06:55,171 [INFO] Total files:      1
2026-07-08 14:06:55,171 [INFO] Successful:       1
2026-07-08 14:06:55,171 [INFO] Failed:           0
2026-07-08 14:06:55,171 [INFO] Success rate:     100.0%
2026-07-08 14:06:55,171 [INFO] Total duration:   0.37s
2026-07-08 14:06:55,172 [INFO] Rate:             2.7 files/sec
2026-07-08 14:06:55,172 [INFO]                   9,733 files/hour
2026-07-08 14:06:55,172 [INFO] Target:           40,000 files/hour
2026-07-08 14:06:55,172 [INFO] Target met:       NO
2026-07-08 14:06:55,172 [INFO] 
By template:
2026-07-08 14:06:55,172 [INFO]   vat_enterprise: 1/1 (avg 54.86ms)
2026-07-08 14:06:55,172 [INFO] ======================================================================

2026-07-08 14:06:55,173 [INFO]   Detailed report: C:\Users\vishm\Downloads\SmartAI_Bill (3)\SmartAI_Bill\logs\stats_20260708_140655.json
2026-07-08 14:06:55,174 [INFO] 

2026-07-08 14:06:55,174 [INFO]   CREATING OUTPUT ZIP
2026-07-08 14:06:55,174 [INFO]                                                                       
2026-07-08 14:06:55,174 [INFO] 
Zipping 1 PDFs in batches of 1500
2026-07-08 14:06:55,203 [INFO]   OK: SLT_BILLS_vat_enterprise_0001_20260708_140655.zip (1 PDFs, 0.3 MB)
2026-07-08 14:06:55,203 [INFO] Created 1 ZIP file(s)
2026-07-08 14:06:55,204 [INFO] 
  Total ZIPs created: 1
2026-07-08 14:06:55,204 [INFO]   ZIP output folder: C:\Users\vishm\Downloads\SmartAI_Bill (3)\SmartAI_Bill\output\zips
2026-07-08 14:06:55,204 [INFO] 
  Processing complete

