2026-07-08 15:49:03,013 [INFO]                                                                       
2026-07-08 15:49:03,013 [INFO]   SLT BILL GENERATOR
2026-07-08 15:49:03,013 [INFO]                                                                       
2026-07-08 15:49:03,014 [INFO]   Inbound folder:  C:\Users\vishm\Downloads\SmartAI_Bill (3)\SmartAI_Bill\data\inbound
2026-07-08 15:49:03,014 [INFO]   Files found:     2
2026-07-08 15:49:03,014 [INFO]   Workers:         7
2026-07-08 15:49:03,014 [INFO]   ZIP batch size:  1500
2026-07-08 15:49:03,014 [INFO]   Log file:        C:\Users\vishm\Downloads\SmartAI_Bill (3)\SmartAI_Bill\logs\slt_bills_20260708_154903.log
2026-07-08 15:49:03,016 [INFO]                                                                       
2026-07-08 15:49:04,122 [INFO] Filtering files for template: vat_enterprise
2026-07-08 15:49:04,141 [INFO]   Matched: 1 | Skipped: 1 | Errors: 0
2026-07-08 15:49:04,141 [INFO] 
  Generating 1 'vat_enterprise' bills

2026-07-08 15:49:04,143 [INFO]   Temp PDF dir: C:\Users\vishm\AppData\Local\Temp\slt_bills_zamb0n21

2026-07-08 15:49:04,143 [INFO] Starting: 1 files, 7 workers
2026-07-08 15:49:04,530 [INFO]     Progress: 1/1 (100%)
2026-07-08 15:49:04,560 [INFO]   Round 1: 1 success, 0 failed in 0.4s (8652/hr)
2026-07-08 15:49:04,563 [INFO] 
Batch complete: 1 success, 0 failed in 0.4s (8572/hr)
2026-07-08 15:49:04,564 [INFO] 
======================================================================
2026-07-08 15:49:04,564 [INFO] PROCESSING SUMMARY
2026-07-08 15:49:04,564 [INFO] ======================================================================
2026-07-08 15:49:04,564 [INFO] Total files:      1
2026-07-08 15:49:04,564 [INFO] Successful:       1
2026-07-08 15:49:04,565 [INFO] Failed:           0
2026-07-08 15:49:04,565 [INFO] Success rate:     100.0%
2026-07-08 15:49:04,565 [INFO] Total duration:   0.42s
2026-07-08 15:49:04,565 [INFO] Rate:             2.38 files/sec
2026-07-08 15:49:04,565 [INFO]                   8,564 files/hour
2026-07-08 15:49:04,565 [INFO] Target:           40,000 files/hour
2026-07-08 15:49:04,565 [INFO] Target met:       NO
2026-07-08 15:49:04,565 [INFO] 
By template:
2026-07-08 15:49:04,565 [INFO]   vat_enterprise: 1/1 (avg 51.39ms)
2026-07-08 15:49:04,566 [INFO] ======================================================================

2026-07-08 15:49:04,567 [INFO]   Detailed report: C:\Users\vishm\Downloads\SmartAI_Bill (3)\SmartAI_Bill\logs\stats_20260708_154904.json
2026-07-08 15:49:04,567 [INFO] 

2026-07-08 15:49:04,567 [INFO]   CREATING OUTPUT ZIP
2026-07-08 15:49:04,567 [INFO]                                                                       
2026-07-08 15:49:04,568 [INFO] 
Zipping 1 PDFs in batches of 1500
2026-07-08 15:49:04,592 [INFO]   OK: SLT_BILLS_vat_enterprise_0001_20260708_154904.zip (1 PDFs, 0.3 MB)
2026-07-08 15:49:04,593 [INFO] Created 1 ZIP file(s)
2026-07-08 15:49:04,593 [INFO] 
  Total ZIPs created: 1
2026-07-08 15:49:04,594 [INFO]   ZIP output folder: C:\Users\vishm\Downloads\SmartAI_Bill (3)\SmartAI_Bill\output\zips
2026-07-08 15:49:04,594 [INFO] 
  Processing complete

