2026-07-08 13:56:33,603 [INFO]                                                                       
2026-07-08 13:56:33,603 [INFO]   SLT BILL GENERATOR
2026-07-08 13:56:33,603 [INFO]                                                                       
2026-07-08 13:56:33,603 [INFO]   Inbound folder:  C:\Users\vishm\Downloads\SmartAI_Bill (3)\SmartAI_Bill\data\inbound
2026-07-08 13:56:33,603 [INFO]   Files found:     2
2026-07-08 13:56:33,603 [INFO]   Workers:         7
2026-07-08 13:56:33,604 [INFO]   ZIP batch size:  1500
2026-07-08 13:56:33,604 [INFO]   Log file:        C:\Users\vishm\Downloads\SmartAI_Bill (3)\SmartAI_Bill\logs\slt_bills_20260708_135633.log
2026-07-08 13:56:33,605 [INFO]                                                                       
2026-07-08 13:56:34,845 [INFO] Filtering files for template: vat_enterprise
2026-07-08 13:56:34,862 [INFO]   Matched: 1 | Skipped: 1 | Errors: 0
2026-07-08 13:56:34,863 [INFO] 
  Generating 1 'vat_enterprise' bills

2026-07-08 13:56:34,865 [INFO]   Temp PDF dir: C:\Users\vishm\AppData\Local\Temp\slt_bills_f66epxjc

2026-07-08 13:56:34,865 [INFO] Starting: 1 files, 7 workers
2026-07-08 13:56:35,185 [INFO]     Progress: 1/1 (100%)
2026-07-08 13:56:35,217 [INFO]   Round 1: 1 success, 0 failed in 0.4s (10249/hr)
2026-07-08 13:56:35,220 [INFO] 
Batch complete: 1 success, 0 failed in 0.4s (10149/hr)
2026-07-08 13:56:35,221 [INFO] 
======================================================================
2026-07-08 13:56:35,221 [INFO] PROCESSING SUMMARY
2026-07-08 13:56:35,221 [INFO] ======================================================================
2026-07-08 13:56:35,221 [INFO] Total files:      1
2026-07-08 13:56:35,221 [INFO] Successful:       1
2026-07-08 13:56:35,221 [INFO] Failed:           0
2026-07-08 13:56:35,222 [INFO] Success rate:     100.0%
2026-07-08 13:56:35,222 [INFO] Total duration:   0.36s
2026-07-08 13:56:35,222 [INFO] Rate:             2.81 files/sec
2026-07-08 13:56:35,222 [INFO]                   10,132 files/hour
2026-07-08 13:56:35,222 [INFO] Target:           40,000 files/hour
2026-07-08 13:56:35,222 [INFO] Target met:       NO
2026-07-08 13:56:35,222 [INFO] 
By template:
2026-07-08 13:56:35,223 [INFO]   vat_enterprise: 1/1 (avg 62.01ms)
2026-07-08 13:56:35,223 [INFO] ======================================================================

2026-07-08 13:56:35,224 [INFO]   Detailed report: C:\Users\vishm\Downloads\SmartAI_Bill (3)\SmartAI_Bill\logs\stats_20260708_135635.json
2026-07-08 13:56:35,224 [INFO] 

2026-07-08 13:56:35,224 [INFO]   CREATING OUTPUT ZIP
2026-07-08 13:56:35,224 [INFO]                                                                       
2026-07-08 13:56:35,225 [INFO] 
Zipping 1 PDFs in batches of 1500
2026-07-08 13:56:35,251 [INFO]   OK: SLT_BILLS_vat_enterprise_0001_20260708_135635.zip (1 PDFs, 0.3 MB)
2026-07-08 13:56:35,251 [INFO] Created 1 ZIP file(s)
2026-07-08 13:56:35,252 [INFO] 
  Total ZIPs created: 1
2026-07-08 13:56:35,252 [INFO]   ZIP output folder: C:\Users\vishm\Downloads\SmartAI_Bill (3)\SmartAI_Bill\output\zips
2026-07-08 13:56:35,252 [INFO] 
  Processing complete

