2026-07-08 11:47:17,655 [INFO]                                                                       
2026-07-08 11:47:17,656 [INFO]   SLT BILL GENERATOR
2026-07-08 11:47:17,656 [INFO]                                                                       
2026-07-08 11:47:17,656 [INFO]   Inbound folder:  C:\Users\vishm\Downloads\SmartAI_Bill (3)\SmartAI_Bill\data\inbound
2026-07-08 11:47:17,656 [INFO]   Files found:     2
2026-07-08 11:47:17,656 [INFO]   Workers:         7
2026-07-08 11:47:17,657 [INFO]   ZIP batch size:  1500
2026-07-08 11:47:17,657 [INFO]   Log file:        C:\Users\vishm\Downloads\SmartAI_Bill (3)\SmartAI_Bill\logs\slt_bills_20260708_114717.log
2026-07-08 11:47:17,658 [INFO]                                                                       
2026-07-08 11:47:19,032 [INFO] Filtering files for template: vat_enterprise
2026-07-08 11:47:19,049 [INFO]   Matched: 1 | Skipped: 1 | Errors: 0
2026-07-08 11:47:19,049 [INFO] 
  Generating 1 'vat_enterprise' bills

2026-07-08 11:47:19,051 [INFO]   Temp PDF dir: C:\Users\vishm\AppData\Local\Temp\slt_bills_2pkru1ia

2026-07-08 11:47:19,051 [INFO] Starting: 1 files, 7 workers
2026-07-08 11:47:19,323 [INFO]     Progress: 1/1 (100%)
2026-07-08 11:47:19,353 [INFO]   Round 1: 1 success, 0 failed in 0.3s (11929/hr)
2026-07-08 11:47:19,356 [INFO] 
Batch complete: 1 success, 0 failed in 0.3s (11812/hr)
2026-07-08 11:47:19,357 [INFO] 
======================================================================
2026-07-08 11:47:19,357 [INFO] PROCESSING SUMMARY
2026-07-08 11:47:19,357 [INFO] ======================================================================
2026-07-08 11:47:19,357 [INFO] Total files:      1
2026-07-08 11:47:19,357 [INFO] Successful:       1
2026-07-08 11:47:19,357 [INFO] Failed:           0
2026-07-08 11:47:19,358 [INFO] Success rate:     100.0%
2026-07-08 11:47:19,358 [INFO] Total duration:   0.31s
2026-07-08 11:47:19,358 [INFO] Rate:             3.27 files/sec
2026-07-08 11:47:19,358 [INFO]                   11,782 files/hour
2026-07-08 11:47:19,358 [INFO] Target:           40,000 files/hour
2026-07-08 11:47:19,358 [INFO] Target met:       NO
2026-07-08 11:47:19,358 [INFO] 
By template:
2026-07-08 11:47:19,359 [INFO]   vat_enterprise: 1/1 (avg 49.31ms)
2026-07-08 11:47:19,359 [INFO] ======================================================================

2026-07-08 11:47:19,360 [INFO]   Detailed report: C:\Users\vishm\Downloads\SmartAI_Bill (3)\SmartAI_Bill\logs\stats_20260708_114719.json
2026-07-08 11:47:19,360 [INFO] 

2026-07-08 11:47:19,360 [INFO]   CREATING OUTPUT ZIP
2026-07-08 11:47:19,360 [INFO]                                                                       
2026-07-08 11:47:19,360 [INFO] 
Zipping 1 PDFs in batches of 1500
2026-07-08 11:47:19,385 [INFO]   OK: SLT_BILLS_vat_enterprise_0001_20260708_114719.zip (1 PDFs, 0.3 MB)
2026-07-08 11:47:19,386 [INFO] Created 1 ZIP file(s)
2026-07-08 11:47:19,386 [INFO] 
  Total ZIPs created: 1
2026-07-08 11:47:19,386 [INFO]   ZIP output folder: C:\Users\vishm\Downloads\SmartAI_Bill (3)\SmartAI_Bill\output\zips
2026-07-08 11:47:19,387 [INFO] 
  Processing complete

