2026-07-08 13:44:31,582 [INFO]                                                                       
2026-07-08 13:44:31,582 [INFO]   SLT BILL GENERATOR
2026-07-08 13:44:31,582 [INFO]                                                                       
2026-07-08 13:44:31,583 [INFO]   Inbound folder:  C:\Users\vishm\Downloads\SmartAI_Bill (3)\SmartAI_Bill\data\inbound
2026-07-08 13:44:31,583 [INFO]   Files found:     2
2026-07-08 13:44:31,583 [INFO]   Workers:         7
2026-07-08 13:44:31,583 [INFO]   ZIP batch size:  1500
2026-07-08 13:44:31,583 [INFO]   Log file:        C:\Users\vishm\Downloads\SmartAI_Bill (3)\SmartAI_Bill\logs\slt_bills_20260708_134431.log
2026-07-08 13:44:31,584 [INFO]                                                                       
2026-07-08 13:44:32,929 [INFO] Filtering files for template: vat_enterprise
2026-07-08 13:44:32,946 [INFO]   Matched: 1 | Skipped: 1 | Errors: 0
2026-07-08 13:44:32,947 [INFO] 
  Generating 1 'vat_enterprise' bills

2026-07-08 13:44:32,949 [INFO]   Temp PDF dir: C:\Users\vishm\AppData\Local\Temp\slt_bills_bo0hrscp

2026-07-08 13:44:32,949 [INFO] Starting: 1 files, 7 workers
2026-07-08 13:44:33,282 [INFO]     Progress: 1/1 (100%)
2026-07-08 13:44:33,310 [INFO]   Round 1: 1 success, 0 failed in 0.4s (9984/hr)
2026-07-08 13:44:33,313 [INFO] 
Batch complete: 1 success, 0 failed in 0.4s (9899/hr)
2026-07-08 13:44:33,313 [INFO] 
======================================================================
2026-07-08 13:44:33,313 [INFO] PROCESSING SUMMARY
2026-07-08 13:44:33,313 [INFO] ======================================================================
2026-07-08 13:44:33,313 [INFO] Total files:      1
2026-07-08 13:44:33,313 [INFO] Successful:       1
2026-07-08 13:44:33,314 [INFO] Failed:           0
2026-07-08 13:44:33,314 [INFO] Success rate:     100.0%
2026-07-08 13:44:33,314 [INFO] Total duration:   0.36s
2026-07-08 13:44:33,314 [INFO] Rate:             2.75 files/sec
2026-07-08 13:44:33,314 [INFO]                   9,888 files/hour
2026-07-08 13:44:33,314 [INFO] Target:           40,000 files/hour
2026-07-08 13:44:33,314 [INFO] Target met:       NO
2026-07-08 13:44:33,314 [INFO] 
By template:
2026-07-08 13:44:33,314 [INFO]   vat_enterprise: 1/1 (avg 65.2ms)
2026-07-08 13:44:33,314 [INFO] ======================================================================

2026-07-08 13:44:33,316 [INFO]   Detailed report: C:\Users\vishm\Downloads\SmartAI_Bill (3)\SmartAI_Bill\logs\stats_20260708_134433.json
2026-07-08 13:44:33,316 [INFO] 

2026-07-08 13:44:33,316 [INFO]   CREATING OUTPUT ZIP
2026-07-08 13:44:33,316 [INFO]                                                                       
2026-07-08 13:44:33,317 [INFO] 
Zipping 1 PDFs in batches of 1500
2026-07-08 13:44:33,343 [INFO]   OK: SLT_BILLS_vat_enterprise_0001_20260708_134433.zip (1 PDFs, 0.3 MB)
2026-07-08 13:44:33,344 [INFO] Created 1 ZIP file(s)
2026-07-08 13:44:33,344 [INFO] 
  Total ZIPs created: 1
2026-07-08 13:44:33,345 [INFO]   ZIP output folder: C:\Users\vishm\Downloads\SmartAI_Bill (3)\SmartAI_Bill\output\zips
2026-07-08 13:44:33,345 [INFO] 
  Processing complete

