2026-07-08 12:19:39,814 [INFO]                                                                       
2026-07-08 12:19:39,815 [INFO]   SLT BILL GENERATOR
2026-07-08 12:19:39,815 [INFO]                                                                       
2026-07-08 12:19:39,815 [INFO]   Inbound folder:  C:\Users\vishm\Downloads\SmartAI_Bill (3)\SmartAI_Bill\data\inbound
2026-07-08 12:19:39,815 [INFO]   Files found:     2
2026-07-08 12:19:39,815 [INFO]   Workers:         7
2026-07-08 12:19:39,815 [INFO]   ZIP batch size:  1500
2026-07-08 12:19:39,816 [INFO]   Log file:        C:\Users\vishm\Downloads\SmartAI_Bill (3)\SmartAI_Bill\logs\slt_bills_20260708_121939.log
2026-07-08 12:19:39,816 [INFO]                                                                       
2026-07-08 12:19:41,173 [INFO] Filtering files for template: vat_enterprise
2026-07-08 12:19:41,191 [INFO]   Matched: 1 | Skipped: 1 | Errors: 0
2026-07-08 12:19:41,191 [INFO] 
  Generating 1 'vat_enterprise' bills

2026-07-08 12:19:41,193 [INFO]   Temp PDF dir: C:\Users\vishm\AppData\Local\Temp\slt_bills_evfq5pa4

2026-07-08 12:19:41,194 [INFO] Starting: 1 files, 7 workers
2026-07-08 12:19:41,479 [INFO]     Progress: 1/1 (100%)
2026-07-08 12:19:41,508 [INFO]   Round 1: 1 success, 0 failed in 0.3s (11478/hr)
2026-07-08 12:19:41,511 [INFO] 
Batch complete: 1 success, 0 failed in 0.3s (11363/hr)
2026-07-08 12:19:41,511 [INFO] 
======================================================================
2026-07-08 12:19:41,511 [INFO] PROCESSING SUMMARY
2026-07-08 12:19:41,511 [INFO] ======================================================================
2026-07-08 12:19:41,511 [INFO] Total files:      1
2026-07-08 12:19:41,511 [INFO] Successful:       1
2026-07-08 12:19:41,512 [INFO] Failed:           0
2026-07-08 12:19:41,512 [INFO] Success rate:     100.0%
2026-07-08 12:19:41,512 [INFO] Total duration:   0.32s
2026-07-08 12:19:41,512 [INFO] Rate:             3.15 files/sec
2026-07-08 12:19:41,512 [INFO]                   11,343 files/hour
2026-07-08 12:19:41,512 [INFO] Target:           40,000 files/hour
2026-07-08 12:19:41,512 [INFO] Target met:       NO
2026-07-08 12:19:41,512 [INFO] 
By template:
2026-07-08 12:19:41,513 [INFO]   vat_enterprise: 1/1 (avg 50.17ms)
2026-07-08 12:19:41,513 [INFO] ======================================================================

2026-07-08 12:19:41,514 [INFO]   Detailed report: C:\Users\vishm\Downloads\SmartAI_Bill (3)\SmartAI_Bill\logs\stats_20260708_121941.json
2026-07-08 12:19:41,514 [INFO] 

2026-07-08 12:19:41,514 [INFO]   CREATING OUTPUT ZIP
2026-07-08 12:19:41,514 [INFO]                                                                       
2026-07-08 12:19:41,514 [INFO] 
Zipping 1 PDFs in batches of 1500
2026-07-08 12:19:41,538 [INFO]   OK: SLT_BILLS_vat_enterprise_0001_20260708_121941.zip (1 PDFs, 0.3 MB)
2026-07-08 12:19:41,538 [INFO] Created 1 ZIP file(s)
2026-07-08 12:19:41,539 [INFO] 
  Total ZIPs created: 1
2026-07-08 12:19:41,539 [INFO]   ZIP output folder: C:\Users\vishm\Downloads\SmartAI_Bill (3)\SmartAI_Bill\output\zips
2026-07-08 12:19:41,539 [INFO] 
  Processing complete

