2026-07-08 01:15:20,952 [INFO]                                                                       
2026-07-08 01:15:20,953 [INFO]   SLT BILL GENERATOR
2026-07-08 01:15:20,953 [INFO]                                                                       
2026-07-08 01:15:20,953 [INFO]   Inbound folder:  C:\Users\vishm\Downloads\SmartAI_Bill (3)\SmartAI_Bill\data\inbound
2026-07-08 01:15:20,953 [INFO]   Files found:     2
2026-07-08 01:15:20,953 [INFO]   Workers:         7
2026-07-08 01:15:20,953 [INFO]   ZIP batch size:  1500
2026-07-08 01:15:20,953 [INFO]   Log file:        C:\Users\vishm\Downloads\SmartAI_Bill (3)\SmartAI_Bill\logs\slt_bills_20260708_011520.log
2026-07-08 01:15:20,954 [INFO]                                                                       
2026-07-08 01:15:22,352 [INFO] Filtering files for template: usd_open_item
2026-07-08 01:15:22,354 [INFO]   Matched: 1 | Skipped: 1 | Errors: 0
2026-07-08 01:15:22,354 [INFO] 
  Generating 1 'usd_open_item' bills

2026-07-08 01:15:22,356 [INFO]   Temp PDF dir: C:\Users\vishm\AppData\Local\Temp\slt_bills_ig1xmd2a

2026-07-08 01:15:22,356 [INFO] Starting: 1 files, 7 workers
2026-07-08 01:15:22,611 [INFO]     Progress: 0/1 (0%)
2026-07-08 01:15:22,637 [INFO]   Round 1: 0 success, 1 failed in 0.3s (12824/hr)
2026-07-08 01:15:22,637 [INFO] 
  RETRY 1/3: 1 failed files
2026-07-08 01:15:22,925 [INFO]     Progress: 0/1 (0%)
2026-07-08 01:15:22,951 [INFO]   Retry 1: 0 recovered, 1 still failing
2026-07-08 01:15:22,951 [INFO] 
  RETRY 2/3: 1 failed files
2026-07-08 01:15:23,216 [INFO]     Progress: 0/1 (0%)
2026-07-08 01:15:23,247 [INFO]   Retry 2: 0 recovered, 1 still failing
2026-07-08 01:15:23,261 [INFO] 
Batch complete: 0 success, 1 failed in 0.9s (3978/hr)
2026-07-08 01:15:23,271 [INFO]   1 file(s) failed after 3 attempts
2026-07-08 01:15:23,272 [INFO]     FAILED: 521662_4-21-02-1-USD-103-00-BILL-NONRED_1.1: TypeError: USDOpenItemRenderer.save() missing 1 required positional argument: 'output_path'
2026-07-08 01:15:23,273 [INFO] 
======================================================================
2026-07-08 01:15:23,276 [INFO] PROCESSING SUMMARY
2026-07-08 01:15:23,302 [INFO] ======================================================================
2026-07-08 01:15:23,303 [INFO] Total files:      1
2026-07-08 01:15:23,303 [INFO] Successful:       0
2026-07-08 01:15:23,304 [INFO] Failed:           1
2026-07-08 01:15:23,304 [INFO] Success rate:     0.0%
2026-07-08 01:15:23,304 [INFO] Total duration:   0.92s
2026-07-08 01:15:23,304 [INFO] Rate:             1.09 files/sec
2026-07-08 01:15:23,304 [INFO]                   3,926 files/hour
2026-07-08 01:15:23,304 [INFO] Target:           40,000 files/hour
2026-07-08 01:15:23,304 [INFO] Target met:       NO
2026-07-08 01:15:23,304 [INFO] 
By template:
2026-07-08 01:15:23,305 [INFO]   usd_open_item: 0/1 (avg 14.19ms)
2026-07-08 01:15:23,305 [INFO] ======================================================================

2026-07-08 01:15:23,306 [INFO]   Detailed report: C:\Users\vishm\Downloads\SmartAI_Bill (3)\SmartAI_Bill\logs\stats_20260708_011523.json
2026-07-08 01:15:23,306 [INFO] 

2026-07-08 01:15:23,306 [INFO]   CREATING OUTPUT ZIP
2026-07-08 01:15:23,306 [INFO]                                                                       
2026-07-08 01:15:23,307 [INFO] No PDFs found to zip
2026-07-08 01:15:23,307 [INFO] 
  Total ZIPs created: 0
2026-07-08 01:15:23,307 [INFO]   ZIP output folder: C:\Users\vishm\Downloads\SmartAI_Bill (3)\SmartAI_Bill\output\zips
2026-07-08 01:15:23,307 [INFO] 
  Processing complete

