2026-07-08 11:35:26,221 [INFO]                                                                       
2026-07-08 11:35:26,221 [INFO]   SLT BILL GENERATOR
2026-07-08 11:35:26,221 [INFO]                                                                       
2026-07-08 11:35:26,221 [INFO]   Inbound folder:  C:\Users\vishm\Downloads\SmartAI_Bill (3)\SmartAI_Bill\data\inbound
2026-07-08 11:35:26,221 [INFO]   Files found:     2
2026-07-08 11:35:26,221 [INFO]   Workers:         7
2026-07-08 11:35:26,221 [INFO]   ZIP batch size:  1500
2026-07-08 11:35:26,221 [INFO]   Log file:        C:\Users\vishm\Downloads\SmartAI_Bill (3)\SmartAI_Bill\logs\slt_bills_20260708_113526.log
2026-07-08 11:35:26,223 [INFO]                                                                       
2026-07-08 11:35:28,036 [INFO] Filtering files for template: vat_enterprise
2026-07-08 11:35:28,054 [INFO]   Matched: 1 | Skipped: 1 | Errors: 0
2026-07-08 11:35:28,054 [INFO] 
  Generating 1 'vat_enterprise' bills

2026-07-08 11:35:28,055 [INFO]   Temp PDF dir: C:\Users\vishm\AppData\Local\Temp\slt_bills_s7svs2ro

2026-07-08 11:35:28,056 [INFO] Starting: 1 files, 7 workers
2026-07-08 11:35:28,346 [INFO]     Progress: 1/1 (100%)
2026-07-08 11:35:28,380 [INFO]   Round 1: 1 success, 0 failed in 0.3s (11111/hr)
2026-07-08 11:35:28,384 [INFO] 
Batch complete: 1 success, 0 failed in 0.3s (10979/hr)
2026-07-08 11:35:28,384 [INFO] 
======================================================================
2026-07-08 11:35:28,384 [INFO] PROCESSING SUMMARY
2026-07-08 11:35:28,384 [INFO] ======================================================================
2026-07-08 11:35:28,385 [INFO] Total files:      1
2026-07-08 11:35:28,385 [INFO] Successful:       1
2026-07-08 11:35:28,385 [INFO] Failed:           0
2026-07-08 11:35:28,385 [INFO] Success rate:     100.0%
2026-07-08 11:35:28,385 [INFO] Total duration:   0.33s
2026-07-08 11:35:28,385 [INFO] Rate:             3.05 files/sec
2026-07-08 11:35:28,385 [INFO]                   10,963 files/hour
2026-07-08 11:35:28,385 [INFO] Target:           40,000 files/hour
2026-07-08 11:35:28,386 [INFO] Target met:       NO
2026-07-08 11:35:28,386 [INFO] 
By template:
2026-07-08 11:35:28,386 [INFO]   vat_enterprise: 1/1 (avg 56.35ms)
2026-07-08 11:35:28,386 [INFO] ======================================================================

2026-07-08 11:35:28,387 [INFO]   Detailed report: C:\Users\vishm\Downloads\SmartAI_Bill (3)\SmartAI_Bill\logs\stats_20260708_113528.json
2026-07-08 11:35:28,387 [INFO] 

2026-07-08 11:35:28,388 [INFO]   CREATING OUTPUT ZIP
2026-07-08 11:35:28,388 [INFO]                                                                       
2026-07-08 11:35:28,388 [INFO] 
Zipping 1 PDFs in batches of 1500
2026-07-08 11:35:28,413 [INFO]   OK: SLT_BILLS_vat_enterprise_0001_20260708_113528.zip (1 PDFs, 0.3 MB)
2026-07-08 11:35:28,414 [INFO] Created 1 ZIP file(s)
2026-07-08 11:35:28,415 [INFO] 
  Total ZIPs created: 1
2026-07-08 11:35:28,415 [INFO]   ZIP output folder: C:\Users\vishm\Downloads\SmartAI_Bill (3)\SmartAI_Bill\output\zips
2026-07-08 11:35:28,415 [INFO] 
  Processing complete

