2026-07-08 12:53:52,438 [INFO]                                                                       
2026-07-08 12:53:52,438 [INFO]   SLT BILL GENERATOR
2026-07-08 12:53:52,439 [INFO]                                                                       
2026-07-08 12:53:52,439 [INFO]   Inbound folder:  C:\Users\vishm\Downloads\SmartAI_Bill (3)\SmartAI_Bill\data\inbound
2026-07-08 12:53:52,439 [INFO]   Files found:     2
2026-07-08 12:53:52,439 [INFO]   Workers:         7
2026-07-08 12:53:52,439 [INFO]   ZIP batch size:  1500
2026-07-08 12:53:52,439 [INFO]   Log file:        C:\Users\vishm\Downloads\SmartAI_Bill (3)\SmartAI_Bill\logs\slt_bills_20260708_125352.log
2026-07-08 12:53:52,441 [INFO]                                                                       
2026-07-08 12:53:53,870 [INFO] Filtering files for template: vat_enterprise
2026-07-08 12:53:53,888 [INFO]   Matched: 1 | Skipped: 1 | Errors: 0
2026-07-08 12:53:53,888 [INFO] 
  Generating 1 'vat_enterprise' bills

2026-07-08 12:53:53,890 [INFO]   Temp PDF dir: C:\Users\vishm\AppData\Local\Temp\slt_bills_gaerc8ds

2026-07-08 12:53:53,891 [INFO] Starting: 1 files, 7 workers
2026-07-08 12:53:54,237 [INFO]     Progress: 1/1 (100%)
2026-07-08 12:53:54,284 [INFO]   Round 1: 1 success, 0 failed in 0.4s (9153/hr)
2026-07-08 12:53:54,287 [INFO] 
Batch complete: 1 success, 0 failed in 0.4s (9080/hr)
2026-07-08 12:53:54,288 [INFO] 
======================================================================
2026-07-08 12:53:54,288 [INFO] PROCESSING SUMMARY
2026-07-08 12:53:54,288 [INFO] ======================================================================
2026-07-08 12:53:54,288 [INFO] Total files:      1
2026-07-08 12:53:54,288 [INFO] Successful:       1
2026-07-08 12:53:54,288 [INFO] Failed:           0
2026-07-08 12:53:54,288 [INFO] Success rate:     100.0%
2026-07-08 12:53:54,288 [INFO] Total duration:   0.4s
2026-07-08 12:53:54,289 [INFO] Rate:             2.52 files/sec
2026-07-08 12:53:54,289 [INFO]                   9,071 files/hour
2026-07-08 12:53:54,289 [INFO] Target:           40,000 files/hour
2026-07-08 12:53:54,289 [INFO] Target met:       NO
2026-07-08 12:53:54,289 [INFO] 
By template:
2026-07-08 12:53:54,289 [INFO]   vat_enterprise: 1/1 (avg 64.18ms)
2026-07-08 12:53:54,289 [INFO] ======================================================================

2026-07-08 12:53:54,290 [INFO]   Detailed report: C:\Users\vishm\Downloads\SmartAI_Bill (3)\SmartAI_Bill\logs\stats_20260708_125354.json
2026-07-08 12:53:54,291 [INFO] 

2026-07-08 12:53:54,291 [INFO]   CREATING OUTPUT ZIP
2026-07-08 12:53:54,291 [INFO]                                                                       
2026-07-08 12:53:54,291 [INFO] 
Zipping 1 PDFs in batches of 1500
2026-07-08 12:53:54,325 [INFO]   OK: SLT_BILLS_vat_enterprise_0001_20260708_125354.zip (1 PDFs, 0.3 MB)
2026-07-08 12:53:54,326 [INFO] Created 1 ZIP file(s)
2026-07-08 12:53:54,326 [INFO] 
  Total ZIPs created: 1
2026-07-08 12:53:54,326 [INFO]   ZIP output folder: C:\Users\vishm\Downloads\SmartAI_Bill (3)\SmartAI_Bill\output\zips
2026-07-08 12:53:54,326 [INFO] 
  Processing complete

