2026-07-08 15:47:49,424 [INFO]                                                                       
2026-07-08 15:47:49,424 [INFO]   SLT BILL GENERATOR
2026-07-08 15:47:49,424 [INFO]                                                                       
2026-07-08 15:47:49,424 [INFO]   Inbound folder:  C:\Users\vishm\Downloads\SmartAI_Bill (3)\SmartAI_Bill\data\inbound
2026-07-08 15:47:49,425 [INFO]   Files found:     2
2026-07-08 15:47:49,425 [INFO]   Workers:         7
2026-07-08 15:47:49,425 [INFO]   ZIP batch size:  1500
2026-07-08 15:47:49,425 [INFO]   Log file:        C:\Users\vishm\Downloads\SmartAI_Bill (3)\SmartAI_Bill\logs\slt_bills_20260708_154749.log
2026-07-08 15:47:49,426 [INFO]                                                                       
2026-07-08 15:47:51,121 [INFO] Filtering files for template: vat_enterprise
2026-07-08 15:47:51,137 [INFO]   Matched: 1 | Skipped: 1 | Errors: 0
2026-07-08 15:47:51,137 [INFO] 
  Generating 1 'vat_enterprise' bills

2026-07-08 15:47:51,139 [INFO]   Temp PDF dir: C:\Users\vishm\AppData\Local\Temp\slt_bills_vz9udgxt

2026-07-08 15:47:51,139 [INFO] Starting: 1 files, 7 workers
2026-07-08 15:47:51,479 [INFO]     Progress: 1/1 (100%)
2026-07-08 15:47:51,507 [INFO]   Round 1: 1 success, 0 failed in 0.4s (9781/hr)
2026-07-08 15:47:51,511 [INFO] 
Batch complete: 1 success, 0 failed in 0.4s (9691/hr)
2026-07-08 15:47:51,511 [INFO] 
======================================================================
2026-07-08 15:47:51,511 [INFO] PROCESSING SUMMARY
2026-07-08 15:47:51,511 [INFO] ======================================================================
2026-07-08 15:47:51,511 [INFO] Total files:      1
2026-07-08 15:47:51,511 [INFO] Successful:       1
2026-07-08 15:47:51,512 [INFO] Failed:           0
2026-07-08 15:47:51,512 [INFO] Success rate:     100.0%
2026-07-08 15:47:51,512 [INFO] Total duration:   0.37s
2026-07-08 15:47:51,512 [INFO] Rate:             2.69 files/sec
2026-07-08 15:47:51,512 [INFO]                   9,680 files/hour
2026-07-08 15:47:51,512 [INFO] Target:           40,000 files/hour
2026-07-08 15:47:51,512 [INFO] Target met:       NO
2026-07-08 15:47:51,513 [INFO] 
By template:
2026-07-08 15:47:51,513 [INFO]   vat_enterprise: 1/1 (avg 41.42ms)
2026-07-08 15:47:51,513 [INFO] ======================================================================

2026-07-08 15:47:51,514 [INFO]   Detailed report: C:\Users\vishm\Downloads\SmartAI_Bill (3)\SmartAI_Bill\logs\stats_20260708_154751.json
2026-07-08 15:47:51,514 [INFO] 

2026-07-08 15:47:51,514 [INFO]   CREATING OUTPUT ZIP
2026-07-08 15:47:51,514 [INFO]                                                                       
2026-07-08 15:47:51,514 [INFO] 
Zipping 1 PDFs in batches of 1500
2026-07-08 15:47:51,538 [INFO]   OK: SLT_BILLS_vat_enterprise_0001_20260708_154751.zip (1 PDFs, 0.3 MB)
2026-07-08 15:47:51,539 [INFO] Created 1 ZIP file(s)
2026-07-08 15:47:51,539 [INFO] 
  Total ZIPs created: 1
2026-07-08 15:47:51,540 [INFO]   ZIP output folder: C:\Users\vishm\Downloads\SmartAI_Bill (3)\SmartAI_Bill\output\zips
2026-07-08 15:47:51,540 [INFO] 
  Processing complete

