2026-07-08 15:48:19,851 [INFO]                                                                       
2026-07-08 15:48:19,851 [INFO]   SLT BILL GENERATOR
2026-07-08 15:48:19,851 [INFO]                                                                       
2026-07-08 15:48:19,852 [INFO]   Inbound folder:  C:\Users\vishm\Downloads\SmartAI_Bill (3)\SmartAI_Bill\data\inbound
2026-07-08 15:48:19,852 [INFO]   Files found:     2
2026-07-08 15:48:19,852 [INFO]   Workers:         7
2026-07-08 15:48:19,852 [INFO]   ZIP batch size:  1500
2026-07-08 15:48:19,852 [INFO]   Log file:        C:\Users\vishm\Downloads\SmartAI_Bill (3)\SmartAI_Bill\logs\slt_bills_20260708_154819.log
2026-07-08 15:48:19,853 [INFO]                                                                       
2026-07-08 15:48:21,122 [INFO] Filtering files for template: vat_enterprise
2026-07-08 15:48:21,138 [INFO]   Matched: 1 | Skipped: 1 | Errors: 0
2026-07-08 15:48:21,139 [INFO] 
  Generating 1 'vat_enterprise' bills

2026-07-08 15:48:21,141 [INFO]   Temp PDF dir: C:\Users\vishm\AppData\Local\Temp\slt_bills_69kvenpa

2026-07-08 15:48:21,141 [INFO] Starting: 1 files, 7 workers
2026-07-08 15:48:21,470 [INFO]     Progress: 1/1 (100%)
2026-07-08 15:48:21,501 [INFO]   Round 1: 1 success, 0 failed in 0.4s (10025/hr)
2026-07-08 15:48:21,504 [INFO] 
Batch complete: 1 success, 0 failed in 0.4s (9947/hr)
2026-07-08 15:48:21,504 [INFO] 
======================================================================
2026-07-08 15:48:21,504 [INFO] PROCESSING SUMMARY
2026-07-08 15:48:21,504 [INFO] ======================================================================
2026-07-08 15:48:21,504 [INFO] Total files:      1
2026-07-08 15:48:21,504 [INFO] Successful:       1
2026-07-08 15:48:21,504 [INFO] Failed:           0
2026-07-08 15:48:21,504 [INFO] Success rate:     100.0%
2026-07-08 15:48:21,505 [INFO] Total duration:   0.36s
2026-07-08 15:48:21,505 [INFO] Rate:             2.76 files/sec
2026-07-08 15:48:21,505 [INFO]                   9,936 files/hour
2026-07-08 15:48:21,505 [INFO] Target:           40,000 files/hour
2026-07-08 15:48:21,505 [INFO] Target met:       NO
2026-07-08 15:48:21,505 [INFO] 
By template:
2026-07-08 15:48:21,505 [INFO]   vat_enterprise: 1/1 (avg 41.79ms)
2026-07-08 15:48:21,505 [INFO] ======================================================================

2026-07-08 15:48:21,506 [INFO]   Detailed report: C:\Users\vishm\Downloads\SmartAI_Bill (3)\SmartAI_Bill\logs\stats_20260708_154821.json
2026-07-08 15:48:21,507 [INFO] 

2026-07-08 15:48:21,507 [INFO]   CREATING OUTPUT ZIP
2026-07-08 15:48:21,507 [INFO]                                                                       
2026-07-08 15:48:21,507 [INFO] 
Zipping 1 PDFs in batches of 1500
2026-07-08 15:48:21,536 [INFO]   OK: SLT_BILLS_vat_enterprise_0001_20260708_154821.zip (1 PDFs, 0.3 MB)
2026-07-08 15:48:21,537 [INFO] Created 1 ZIP file(s)
2026-07-08 15:48:21,537 [INFO] 
  Total ZIPs created: 1
2026-07-08 15:48:21,537 [INFO]   ZIP output folder: C:\Users\vishm\Downloads\SmartAI_Bill (3)\SmartAI_Bill\output\zips
2026-07-08 15:48:21,537 [INFO] 
  Processing complete

