2026-07-08 11:43:30,472 [INFO]                                                                       
2026-07-08 11:43:30,472 [INFO]   SLT BILL GENERATOR
2026-07-08 11:43:30,472 [INFO]                                                                       
2026-07-08 11:43:30,473 [INFO]   Inbound folder:  C:\Users\vishm\Downloads\SmartAI_Bill (3)\SmartAI_Bill\data\inbound
2026-07-08 11:43:30,473 [INFO]   Files found:     2
2026-07-08 11:43:30,473 [INFO]   Workers:         7
2026-07-08 11:43:30,473 [INFO]   ZIP batch size:  1500
2026-07-08 11:43:30,473 [INFO]   Log file:        C:\Users\vishm\Downloads\SmartAI_Bill (3)\SmartAI_Bill\logs\slt_bills_20260708_114330.log
2026-07-08 11:43:30,474 [INFO]                                                                       
2026-07-08 11:43:31,918 [INFO] Filtering files for template: vat_enterprise
2026-07-08 11:43:31,935 [INFO]   Matched: 1 | Skipped: 1 | Errors: 0
2026-07-08 11:43:31,935 [INFO] 
  Generating 1 'vat_enterprise' bills

2026-07-08 11:43:31,937 [INFO]   Temp PDF dir: C:\Users\vishm\AppData\Local\Temp\slt_bills_c8erznsj

2026-07-08 11:43:31,937 [INFO] Starting: 1 files, 7 workers
2026-07-08 11:43:32,236 [INFO]     Progress: 1/1 (100%)
2026-07-08 11:43:32,265 [INFO]   Round 1: 1 success, 0 failed in 0.3s (10986/hr)
2026-07-08 11:43:32,269 [INFO] 
Batch complete: 1 success, 0 failed in 0.3s (10857/hr)
2026-07-08 11:43:32,269 [INFO] 
======================================================================
2026-07-08 11:43:32,269 [INFO] PROCESSING SUMMARY
2026-07-08 11:43:32,269 [INFO] ======================================================================
2026-07-08 11:43:32,269 [INFO] Total files:      1
2026-07-08 11:43:32,269 [INFO] Successful:       1
2026-07-08 11:43:32,269 [INFO] Failed:           0
2026-07-08 11:43:32,270 [INFO] Success rate:     100.0%
2026-07-08 11:43:32,271 [INFO] Total duration:   0.33s
2026-07-08 11:43:32,271 [INFO] Rate:             3.01 files/sec
2026-07-08 11:43:32,272 [INFO]                   10,846 files/hour
2026-07-08 11:43:32,272 [INFO] Target:           40,000 files/hour
2026-07-08 11:43:32,272 [INFO] Target met:       NO
2026-07-08 11:43:32,272 [INFO] 
By template:
2026-07-08 11:43:32,272 [INFO]   vat_enterprise: 1/1 (avg 52.0ms)
2026-07-08 11:43:32,272 [INFO] ======================================================================

2026-07-08 11:43:32,273 [INFO]   Detailed report: C:\Users\vishm\Downloads\SmartAI_Bill (3)\SmartAI_Bill\logs\stats_20260708_114332.json
2026-07-08 11:43:32,274 [INFO] 

2026-07-08 11:43:32,274 [INFO]   CREATING OUTPUT ZIP
2026-07-08 11:43:32,274 [INFO]                                                                       
2026-07-08 11:43:32,274 [INFO] 
Zipping 1 PDFs in batches of 1500
2026-07-08 11:43:32,304 [INFO]   OK: SLT_BILLS_vat_enterprise_0001_20260708_114332.zip (1 PDFs, 0.3 MB)
2026-07-08 11:43:32,304 [INFO] Created 1 ZIP file(s)
2026-07-08 11:43:32,305 [INFO] 
  Total ZIPs created: 1
2026-07-08 11:43:32,305 [INFO]   ZIP output folder: C:\Users\vishm\Downloads\SmartAI_Bill (3)\SmartAI_Bill\output\zips
2026-07-08 11:43:32,305 [INFO] 
  Processing complete

