2026-07-08 15:21:26,444 [INFO]                                                                       
2026-07-08 15:21:26,444 [INFO]   SLT BILL GENERATOR
2026-07-08 15:21:26,445 [INFO]                                                                       
2026-07-08 15:21:26,445 [INFO]   Inbound folder:  C:\Users\vishm\Downloads\SmartAI_Bill (3)\SmartAI_Bill\data\inbound
2026-07-08 15:21:26,445 [INFO]   Files found:     2
2026-07-08 15:21:26,445 [INFO]   Workers:         7
2026-07-08 15:21:26,445 [INFO]   ZIP batch size:  1500
2026-07-08 15:21:26,445 [INFO]   Log file:        C:\Users\vishm\Downloads\SmartAI_Bill (3)\SmartAI_Bill\logs\slt_bills_20260708_152126.log
2026-07-08 15:21:26,447 [INFO]                                                                       
2026-07-08 15:21:27,720 [INFO] Filtering files for template: vat_enterprise
2026-07-08 15:21:27,733 [INFO]   Matched: 1 | Skipped: 1 | Errors: 0
2026-07-08 15:21:27,733 [INFO] 
  Generating 1 'vat_enterprise' bills

2026-07-08 15:21:27,735 [INFO]   Temp PDF dir: C:\Users\vishm\AppData\Local\Temp\slt_bills_mm5bwr_0

2026-07-08 15:21:27,735 [INFO] Starting: 1 files, 7 workers
2026-07-08 15:21:28,027 [INFO]     Progress: 1/1 (100%)
2026-07-08 15:21:28,056 [INFO]   Round 1: 1 success, 0 failed in 0.3s (11233/hr)
2026-07-08 15:21:28,059 [INFO] 
Batch complete: 1 success, 0 failed in 0.3s (11124/hr)
2026-07-08 15:21:28,059 [INFO] 
======================================================================
2026-07-08 15:21:28,059 [INFO] PROCESSING SUMMARY
2026-07-08 15:21:28,059 [INFO] ======================================================================
2026-07-08 15:21:28,059 [INFO] Total files:      1
2026-07-08 15:21:28,059 [INFO] Successful:       1
2026-07-08 15:21:28,059 [INFO] Failed:           0
2026-07-08 15:21:28,059 [INFO] Success rate:     100.0%
2026-07-08 15:21:28,060 [INFO] Total duration:   0.32s
2026-07-08 15:21:28,060 [INFO] Rate:             3.09 files/sec
2026-07-08 15:21:28,060 [INFO]                   11,113 files/hour
2026-07-08 15:21:28,060 [INFO] Target:           40,000 files/hour
2026-07-08 15:21:28,060 [INFO] Target met:       NO
2026-07-08 15:21:28,060 [INFO] 
By template:
2026-07-08 15:21:28,060 [INFO]   vat_enterprise: 1/1 (avg 39.13ms)
2026-07-08 15:21:28,061 [INFO] ======================================================================

2026-07-08 15:21:28,062 [INFO]   Detailed report: C:\Users\vishm\Downloads\SmartAI_Bill (3)\SmartAI_Bill\logs\stats_20260708_152128.json
2026-07-08 15:21:28,062 [INFO] 

2026-07-08 15:21:28,062 [INFO]   CREATING OUTPUT ZIP
2026-07-08 15:21:28,062 [INFO]                                                                       
2026-07-08 15:21:28,062 [INFO] 
Zipping 1 PDFs in batches of 1500
2026-07-08 15:21:28,088 [INFO]   OK: SLT_BILLS_vat_enterprise_0001_20260708_152128.zip (1 PDFs, 0.3 MB)
2026-07-08 15:21:28,089 [INFO] Created 1 ZIP file(s)
2026-07-08 15:21:28,089 [INFO] 
  Total ZIPs created: 1
2026-07-08 15:21:28,089 [INFO]   ZIP output folder: C:\Users\vishm\Downloads\SmartAI_Bill (3)\SmartAI_Bill\output\zips
2026-07-08 15:21:28,089 [INFO] 
  Processing complete

