2026-07-08 15:46:22,950 [INFO]                                                                       
2026-07-08 15:46:22,950 [INFO]   SLT BILL GENERATOR
2026-07-08 15:46:22,951 [INFO]                                                                       
2026-07-08 15:46:22,951 [INFO]   Inbound folder:  C:\Users\vishm\Downloads\SmartAI_Bill (3)\SmartAI_Bill\data\inbound
2026-07-08 15:46:22,951 [INFO]   Files found:     2
2026-07-08 15:46:22,951 [INFO]   Workers:         7
2026-07-08 15:46:22,951 [INFO]   ZIP batch size:  1500
2026-07-08 15:46:22,951 [INFO]   Log file:        C:\Users\vishm\Downloads\SmartAI_Bill (3)\SmartAI_Bill\logs\slt_bills_20260708_154622.log
2026-07-08 15:46:22,953 [INFO]                                                                       
2026-07-08 15:46:24,513 [INFO] Filtering files for template: vat_enterprise
2026-07-08 15:46:24,530 [INFO]   Matched: 1 | Skipped: 1 | Errors: 0
2026-07-08 15:46:24,531 [INFO] 
  Generating 1 'vat_enterprise' bills

2026-07-08 15:46:24,533 [INFO]   Temp PDF dir: C:\Users\vishm\AppData\Local\Temp\slt_bills_acun5xu3

2026-07-08 15:46:24,533 [INFO] Starting: 1 files, 7 workers
2026-07-08 15:46:24,920 [INFO]     Progress: 1/1 (100%)
2026-07-08 15:46:24,960 [INFO]   Round 1: 1 success, 0 failed in 0.4s (8421/hr)
2026-07-08 15:46:24,964 [INFO] 
Batch complete: 1 success, 0 failed in 0.4s (8346/hr)
2026-07-08 15:46:24,965 [INFO] 
======================================================================
2026-07-08 15:46:24,965 [INFO] PROCESSING SUMMARY
2026-07-08 15:46:24,965 [INFO] ======================================================================
2026-07-08 15:46:24,965 [INFO] Total files:      1
2026-07-08 15:46:24,965 [INFO] Successful:       1
2026-07-08 15:46:24,966 [INFO] Failed:           0
2026-07-08 15:46:24,966 [INFO] Success rate:     100.0%
2026-07-08 15:46:24,966 [INFO] Total duration:   0.43s
2026-07-08 15:46:24,966 [INFO] Rate:             2.32 files/sec
2026-07-08 15:46:24,966 [INFO]                   8,337 files/hour
2026-07-08 15:46:24,967 [INFO] Target:           40,000 files/hour
2026-07-08 15:46:24,967 [INFO] Target met:       NO
2026-07-08 15:46:24,967 [INFO] 
By template:
2026-07-08 15:46:24,967 [INFO]   vat_enterprise: 1/1 (avg 68.89ms)
2026-07-08 15:46:24,967 [INFO] ======================================================================

2026-07-08 15:46:24,969 [INFO]   Detailed report: C:\Users\vishm\Downloads\SmartAI_Bill (3)\SmartAI_Bill\logs\stats_20260708_154624.json
2026-07-08 15:46:24,969 [INFO] 

2026-07-08 15:46:24,969 [INFO]   CREATING OUTPUT ZIP
2026-07-08 15:46:24,969 [INFO]                                                                       
2026-07-08 15:46:24,970 [INFO] 
Zipping 1 PDFs in batches of 1500
2026-07-08 15:46:25,003 [INFO]   OK: SLT_BILLS_vat_enterprise_0001_20260708_154624.zip (1 PDFs, 0.3 MB)
2026-07-08 15:46:25,004 [INFO] Created 1 ZIP file(s)
2026-07-08 15:46:25,004 [INFO] 
  Total ZIPs created: 1
2026-07-08 15:46:25,004 [INFO]   ZIP output folder: C:\Users\vishm\Downloads\SmartAI_Bill (3)\SmartAI_Bill\output\zips
2026-07-08 15:46:25,004 [INFO] 
  Processing complete

