2026-07-08 15:14:45,975 [INFO]                                                                       
2026-07-08 15:14:45,975 [INFO]   SLT BILL GENERATOR
2026-07-08 15:14:45,975 [INFO]                                                                       
2026-07-08 15:14:45,975 [INFO]   Inbound folder:  C:\Users\vishm\Downloads\SmartAI_Bill (3)\SmartAI_Bill\data\inbound
2026-07-08 15:14:45,976 [INFO]   Files found:     2
2026-07-08 15:14:45,976 [INFO]   Workers:         7
2026-07-08 15:14:45,976 [INFO]   ZIP batch size:  1500
2026-07-08 15:14:45,976 [INFO]   Log file:        C:\Users\vishm\Downloads\SmartAI_Bill (3)\SmartAI_Bill\logs\slt_bills_20260708_151445.log
2026-07-08 15:14:45,977 [INFO]                                                                       
2026-07-08 15:14:47,757 [INFO] Filtering files for template: vat_enterprise
2026-07-08 15:14:47,769 [INFO]   Matched: 1 | Skipped: 1 | Errors: 0
2026-07-08 15:14:47,769 [INFO] 
  Generating 1 'vat_enterprise' bills

2026-07-08 15:14:47,771 [INFO]   Temp PDF dir: C:\Users\vishm\AppData\Local\Temp\slt_bills_2u2pp5d9

2026-07-08 15:14:47,771 [INFO] Starting: 1 files, 7 workers
2026-07-08 15:14:48,141 [INFO]     Progress: 1/1 (100%)
2026-07-08 15:14:48,171 [INFO]   Round 1: 1 success, 0 failed in 0.4s (9000/hr)
2026-07-08 15:14:48,175 [INFO] 
Batch complete: 1 success, 0 failed in 0.4s (8931/hr)
2026-07-08 15:14:48,175 [INFO] 
======================================================================
2026-07-08 15:14:48,175 [INFO] PROCESSING SUMMARY
2026-07-08 15:14:48,175 [INFO] ======================================================================
2026-07-08 15:14:48,175 [INFO] Total files:      1
2026-07-08 15:14:48,175 [INFO] Successful:       1
2026-07-08 15:14:48,175 [INFO] Failed:           0
2026-07-08 15:14:48,175 [INFO] Success rate:     100.0%
2026-07-08 15:14:48,176 [INFO] Total duration:   0.4s
2026-07-08 15:14:48,176 [INFO] Rate:             2.48 files/sec
2026-07-08 15:14:48,176 [INFO]                   8,923 files/hour
2026-07-08 15:14:48,176 [INFO] Target:           40,000 files/hour
2026-07-08 15:14:48,176 [INFO] Target met:       NO
2026-07-08 15:14:48,176 [INFO] 
By template:
2026-07-08 15:14:48,176 [INFO]   vat_enterprise: 1/1 (avg 41.39ms)
2026-07-08 15:14:48,176 [INFO] ======================================================================

2026-07-08 15:14:48,177 [INFO]   Detailed report: C:\Users\vishm\Downloads\SmartAI_Bill (3)\SmartAI_Bill\logs\stats_20260708_151448.json
2026-07-08 15:14:48,177 [INFO] 

2026-07-08 15:14:48,177 [INFO]   CREATING OUTPUT ZIP
2026-07-08 15:14:48,177 [INFO]                                                                       
2026-07-08 15:14:48,178 [INFO] 
Zipping 1 PDFs in batches of 1500
2026-07-08 15:14:48,200 [INFO]   OK: SLT_BILLS_vat_enterprise_0001_20260708_151448.zip (1 PDFs, 0.3 MB)
2026-07-08 15:14:48,201 [INFO] Created 1 ZIP file(s)
2026-07-08 15:14:48,201 [INFO] 
  Total ZIPs created: 1
2026-07-08 15:14:48,201 [INFO]   ZIP output folder: C:\Users\vishm\Downloads\SmartAI_Bill (3)\SmartAI_Bill\output\zips
2026-07-08 15:14:48,201 [INFO] 
  Processing complete

